INFO: [HLS 200-10] Running 'C:/Xilinx/Vivado/2018.2/bin/unwrapped/win64.o/vivado_hls.exe'
INFO: [HLS 200-10] For user 'sahil' on host 'dell' (Windows NT_amd64 version 6.2) on Wed Mar 27 16:01:08 +0530 2024
INFO: [HLS 200-10] In directory 'C:/Users/sahil/Downloads/CS-577-Course-Project'
INFO: [HLS 200-10] Opening project 'C:/Users/sahil/Downloads/CS-577-Course-Project/Demo'.
INFO: [HLS 200-10] Opening solution 'C:/Users/sahil/Downloads/CS-577-Course-Project/Demo/solution1'.
INFO: [SYN 201-201] Setting up clock 'default' with a period of 10ns.
INFO: [HLS 200-10] Setting target device to 'xa7a12tcsg325-1q'
INFO: [SIM 211-2] *************** CSIM start ***************
INFO: [SIM 211-4] CSIM will launch GCC as the compiler.
make: 'csim.exe' is up to date.
@E Simulation failed: SIGSEGV.
ERROR: [SIM 211-100] CSim failed with errors.
INFO: [SIM 211-3] *************** CSIM finish ***************
4
    while executing
"source C:/Users/sahil/Downloads/CS-577-Course-Project/Demo/solution1/csim.tcl"
    invoked from within
"hls::main C:/Users/sahil/Downloads/CS-577-Course-Project/Demo/solution1/csim.tcl"
    ("uplevel" body line 1)
    invoked from within
"uplevel 1 hls::main {*}$args"
    (procedure "hls_proc" line 5)
    invoked from within
"hls_proc $argv"
