

================================================================
== Vivado HLS Report for 'face_classifier_c'
================================================================
* Date:           Sun Apr 21 15:45:45 2024

* Version:        2018.2 (Build 2258646 on Thu Jun 14 20:25:20 MDT 2018)
* Project:        FaceClassifier
* Solution:       solution1
* Product family: virtexu
* Target device:  xcvu190-flgb2104-1-i


================================================================
== Performance Estimates
================================================================
+ Timing (ns): 
    * Summary: 
    +--------+-------+----------+------------+
    |  Clock | Target| Estimated| Uncertainty|
    +--------+-------+----------+------------+
    |ap_clk  |  10.00|     9.033|        1.25|
    +--------+-------+----------+------------+

+ Latency (clock cycles): 
    * Summary: 
    +--------+-------------+--------+-------------+---------+
    |        Latency       |       Interval       | Pipeline|
    |   min  |     max     |   min  |     max     |   Type  |
    +--------+-------------+--------+-------------+---------+
    |  791670|  75478313311|  791670|  75478313311|   none  |
    +--------+-------------+--------+-------------+---------+

    + Detail: 
        * Instance: 
        +----------------------------------+----------------------+-----+-------------+-----+-------------+---------+
        |                                  |                      |      Latency      |      Interval     | Pipeline|
        |             Instance             |        Module        | min |     max     | min |     max     |   Type  |
        +----------------------------------+----------------------+-----+-------------+-----+-------------+---------+
        |grp_k2c_dense2_fu_2351            |k2c_dense2            |    3|  72209261320|    3|  72209261320|   none  |
        |grp_k2c_dense_fu_2374             |k2c_dense             |    3|   2943205596|    3|   2943205596|   none  |
        |grp_k2c_dense2_1_fu_2394          |k2c_dense2_1          |    3|    325050264|    3|    325050264|   none  |
        |grp_generic_tanh_float_s_fu_2415  |generic_tanh_float_s  |    1|           40|    1|           40|   none  |
        |grp_k2c_batch_norm_fu_2428        |k2c_batch_norm        |   34|          124|   34|          124|   none  |
        +----------------------------------+----------------------+-----+-------------+-----+-------------+---------+

        * Loop: 
        +------------------------+--------+--------+----------+-----------+-----------+--------+----------+
        |                        |     Latency     | Iteration|  Initiation Interval  |  Trip  |          |
        |        Loop Name       |   min  |   max  |  Latency |  achieved |   target  |  Count | Pipelined|
        +------------------------+--------+--------+----------+-----------+-----------+--------+----------+
        |- Loop 1                |  524399|  524399|         2|          -|          -|  262200|    no    |
        |- memset_dense_fwork    |  264821|  264821|         1|          -|          -|  264822|    no    |
        |- memset_dense_1_fwork  |    1099|    1099|         1|          -|          -|    1100|    no    |
        |- memset_dense_2_fwork  |      69|      69|         1|          -|          -|      70|    no    |
        |- Loop 5                |     500|    4400|  5 ~ 44  |          -|          -|     100|    no    |
        |- Loop 6                |     200|     200|         2|          -|          -|     100|    no    |
        |- Loop 7                |     200|     200|         2|          -|          -|     100|    no    |
        |- Loop 8                |      50|     440|  5 ~ 44  |          -|          -|      10|    no    |
        |- Loop 9                |      10|      10|         2|          -|          -|       5|    no    |
        |- Loop 10               |      20|      20|         2|          -|          -|      10|    no    |
        |- Loop 11               |       5|       5|         2|          1|          1|       5|    yes   |
        |- Loop 12               |      38|      38|        19|          4|          1|       6|    yes   |
        |- Loop 13               |      12|      12|         2|          -|          -|       6|    no    |
        +------------------------+--------+--------+----------+-----------+-----------+--------+----------+



================================================================
== Utilization Estimates
================================================================
* Summary: 
+---------------------+---------+-------+---------+---------+
|         Name        | BRAM_18K| DSP48E|    FF   |   LUT   |
+---------------------+---------+-------+---------+---------+
|DSP                  |        -|      -|        -|        -|
|Expression           |        -|      -|        0|      648|
|FIFO                 |        -|      -|        -|        -|
|Instance             |       19|    202|    77755|    68164|
|Memory               |     1565|      -|      256|       10|
|Multiplexer          |        -|      -|        -|     4797|
|Register             |        0|      -|     1294|       64|
+---------------------+---------+-------+---------+---------+
|Total                |     1584|    202|    79305|    73683|
+---------------------+---------+-------+---------+---------+
|Available SLR        |     2520|    600|   716160|   358080|
+---------------------+---------+-------+---------+---------+
|Utilization SLR (%)  |       62|     33|       11|       20|
+---------------------+---------+-------+---------+---------+
|Available            |     7560|   1800|  2148480|  1074240|
+---------------------+---------+-------+---------+---------+
|Utilization (%)      |       20|     11|        3|        6|
+---------------------+---------+-------+---------+---------+

+ Detail: 
    * Instance: 
    +----------------------------------+----------------------+---------+-------+-------+-------+
    |             Instance             |        Module        | BRAM_18K| DSP48E|   FF  |  LUT  |
    +----------------------------------+----------------------+---------+-------+-------+-------+
    |face_classifier_c8jQ_U156         |face_classifier_c8jQ  |        0|      7|    324|    905|
    |face_classifier_cfYi_U152         |face_classifier_cfYi  |        0|      3|    128|    138|
    |face_classifier_cfYi_U153         |face_classifier_cfYi  |        0|      3|    128|    138|
    |face_classifier_cmb6_U154         |face_classifier_cmb6  |        0|      0|    453|    801|
    |face_classifier_crcU_U151         |face_classifier_crcU  |        0|      2|    227|    214|
    |face_classifier_cudo_U155         |face_classifier_cudo  |        0|      0|     66|     66|
    |grp_generic_tanh_float_s_fu_2415  |generic_tanh_float_s  |        5|     42|   3574|   5655|
    |grp_k2c_batch_norm_fu_2428        |k2c_batch_norm        |        0|      7|   1503|   1530|
    |grp_k2c_dense_fu_2374             |k2c_dense             |        7|     47|  23257|  19301|
    |grp_k2c_dense2_fu_2351            |k2c_dense2            |        0|     47|  25112|  20387|
    |grp_k2c_dense2_1_fu_2394          |k2c_dense2_1          |        7|     44|  22983|  19029|
    +----------------------------------+----------------------+---------+-------+-------+-------+
    |Total                             |                      |       19|    202|  77755|  68164|
    +----------------------------------+----------------------+---------+-------+-------+-------+

    * DSP48: 
    N/A

    * Memory: 
    +--------------------------+----------------------+---------+-----+----+--------+-----+------+-------------+
    |          Memory          |        Module        | BRAM_18K|  FF | LUT|  Words | Bits| Banks| W*Bits*Banks|
    +--------------------------+----------------------+---------+-----+----+--------+-----+------+-------------+
    |dense_output_shape_U      |face_classifier_c2iS  |        0|  128|   5|       5|   64|     1|          320|
    |dense_1_output_shape_U    |face_classifier_c2iS  |        0|  128|   5|       5|   64|     1|          320|
    |dense_kernel_array_U      |face_classifier_c4jc  |      468|    0|   0|  262200|   32|     1|      8390400|
    |dense_fwork_U             |face_classifier_c5jm  |      471|    0|   0|  264822|   32|     1|      8474304|
    |dense_1_fwork_U           |face_classifier_c6jw  |        4|    0|   0|    1100|   32|     1|        35200|
    |dense_2_fwork_U           |face_classifier_c7jG  |        2|    0|   0|      70|   32|     1|         2240|
    |face_classifier_c_de_U    |face_classifier_cEe0  |      468|    0|   0|  262200|   32|     1|      8390400|
    |dense_output_array_U      |face_classifier_cFfa  |        7|    0|   0|    2622|   32|     1|        83904|
    |batch_normalization_1_U   |face_classifier_cFfa  |        7|    0|   0|    2622|   32|     1|        83904|
    |dense_1_output_array_U    |face_classifier_cFfa  |        7|    0|   0|    2622|   32|     1|        83904|
    |dense_1_bias_array_U      |face_classifier_cFfa  |        7|    0|   0|    2622|   32|     1|        83904|
    |batch_normalization_7_U   |face_classifier_cFfa  |        7|    0|   0|    2622|   32|     1|        83904|
    |batch_normalization_6_U   |face_classifier_cFfa  |        7|    0|   0|    2622|   32|     1|        83904|
    |batch_normalization_13_U  |face_classifier_cFfa  |        7|    0|   0|    2622|   32|     1|        83904|
    |batch_normalization_5_U   |face_classifier_cFfa  |        7|    0|   0|    2622|   32|     1|        83904|
    |batch_normalization_4_U   |face_classifier_cFfa  |        7|    0|   0|    2622|   32|     1|        83904|
    |dense_2_kernel_array_U    |face_classifier_cFfa  |        7|    0|   0|    2622|   32|     1|        83904|
    |dense_2_bias_array_U      |face_classifier_cFfa  |        7|    0|   0|    2622|   32|     1|        83904|
    |batch_normalization_9_U   |face_classifier_cHfu  |        7|    0|   0|    2622|   32|     1|        83904|
    |batch_normalization_s_U   |face_classifier_cIfE  |        7|    0|   0|    2622|   32|     1|        83904|
    |batch_normalization_10_U  |face_classifier_cJfO  |        7|    0|   0|    2622|   32|     1|        83904|
    |batch_normalization_11_U  |face_classifier_cKfY  |        7|    0|   0|    2622|   32|     1|        83904|
    |activation_1_output_s_U   |face_classifier_cLf8  |        7|    0|   0|    2622|   32|     1|        83904|
    |dropout_2_output_arr_U    |face_classifier_cLf8  |        7|    0|   0|    2622|   32|     1|        83904|
    |activation_2_output_s_U   |face_classifier_cLf8  |        7|    0|   0|    2622|   32|     1|        83904|
    |dropout_3_output_arr_U    |face_classifier_cLf8  |        7|    0|   0|    2622|   32|     1|        83904|
    |dropout_2_output_sha_U    |face_classifier_cOgC  |        4|    0|   0|       5|   64|     1|          320|
    |dropout_3_output_sha_U    |face_classifier_cOgC  |        4|    0|   0|       5|   64|     1|          320|
    |dense_2_kernel_shape_U    |face_classifier_cOgC  |        4|    0|   0|       5|   64|     1|          320|
    |dense_2_output_array_U    |face_classifier_cXh4  |        7|    0|   0|    2622|   32|     1|        83904|
    +--------------------------+----------------------+---------+-----+----+--------+-----+------+-------------+
    |Total                     |                      |     1565|  256|  10|  842857| 1120|    30|     26972224|
    +--------------------------+----------------------+---------+-----+----+--------+-----+------+-------------+

    * FIFO: 
    N/A

    * Expression: 
    +-------------------------+----------+-------+---+----+------------+------------+
    |      Variable Name      | Operation| DSP48E| FF| LUT| Bitwidth P0| Bitwidth P1|
    +-------------------------+----------+-------+---+----+------------+------------+
    |i_36_fu_2682_p2          |     +    |      0|  0|  19|          12|           1|
    |i_37_fu_2743_p2          |     +    |      0|  0|  19|          12|           1|
    |i_38_fu_2811_p2          |     +    |      0|  0|  11|           1|           3|
    |i_39_fu_2915_p2          |     +    |      0|  0|  11|           3|           1|
    |indvarinc1_fu_2587_p2    |     +    |      0|  0|  18|          11|           1|
    |indvarinc2_fu_2646_p2    |     +    |      0|  0|  15|           7|           1|
    |indvarinc_fu_2546_p2     |     +    |      0|  0|  26|          19|           1|
    |j_3_fu_2779_p2           |     +    |      0|  0|  19|          12|           1|
    |j_5_fu_2946_p2           |     +    |      0|  0|  39|          32|           1|
    |j_7_fu_2702_p2           |     +    |      0|  0|  19|          12|           1|
    |j_9_fu_2718_p2           |     +    |      0|  0|  19|          12|           1|
    |j_fu_2763_p2             |     +    |      0|  0|  19|          12|           1|
    |tmp_57_fu_2529_p2        |     +    |      0|  0|  26|          19|           1|
    |tmp_21_fu_2889_p2        |    and   |      0|  0|   2|           1|           1|
    |tmp_23_fu_2895_p2        |    and   |      0|  0|   2|           1|           1|
    |exitcond1_fu_2800_p2     |   icmp   |      0|  0|   9|           3|           3|
    |exitcond2_fu_2677_p2     |   icmp   |      0|  0|  28|          64|          64|
    |exitcond_fu_2738_p2      |   icmp   |      0|  0|  28|          64|          64|
    |notlhs1_fu_2871_p2       |   icmp   |      0|  0|  11|           8|           2|
    |notlhs_fu_2853_p2        |   icmp   |      0|  0|  11|           8|           2|
    |notrhs1_fu_2877_p2       |   icmp   |      0|  0|  20|          23|           1|
    |notrhs_fu_2859_p2        |   icmp   |      0|  0|  20|          23|           1|
    |tmp_59_fu_2540_p2        |   icmp   |      0|  0|  20|          19|          19|
    |tmp_65_fu_2557_p2        |   icmp   |      0|  0|  20|          19|          19|
    |tmp_67_fu_2598_p2        |   icmp   |      0|  0|  13|          11|          11|
    |tmp_69_fu_2657_p2        |   icmp   |      0|  0|  11|           7|           7|
    |tmp_71_fu_2697_p2        |   icmp   |      0|  0|  28|          64|          64|
    |tmp_74_fu_2713_p2        |   icmp   |      0|  0|  28|          64|          64|
    |tmp_78_fu_2758_p2        |   icmp   |      0|  0|  28|          64|          64|
    |tmp_81_fu_2774_p2        |   icmp   |      0|  0|  28|          64|          64|
    |tmp_84_fu_2909_p2        |   icmp   |      0|  0|   9|           3|           3|
    |tmp_90_fu_2940_p2        |   icmp   |      0|  0|  28|          64|          64|
    |tmp_19_fu_2865_p2        |    or    |      0|  0|   2|           1|           1|
    |tmp_20_fu_2883_p2        |    or    |      0|  0|   2|           1|           1|
    |xmax_1_fu_2901_p3        |  select  |      0|  0|  32|           1|          32|
    |ap_enable_pp0            |    xor   |      0|  0|   2|           1|           2|
    |ap_enable_pp1            |    xor   |      0|  0|   2|           1|           2|
    |ap_enable_reg_pp0_iter1  |    xor   |      0|  0|   2|           2|           1|
    |ap_enable_reg_pp1_iter1  |    xor   |      0|  0|   2|           2|           1|
    +-------------------------+----------+-------+---+----+------------+------------+
    |Total                    |          |      0|  0| 648|         747|         573|
    +-------------------------+----------+-------+---+----+------------+------------+

    * Multiplexer: 
    +----------------------------------------------+-----+-----------+-----+-----------+
    |                     Name                     | LUT | Input Size| Bits| Total Bits|
    +----------------------------------------------+-----+-----------+-----+-----------+
    |activation_1_output_s_address0                |   15|          3|   12|         36|
    |activation_2_output_s_address0                |   15|          3|   12|         36|
    |activation_3_output_shape_address0            |   21|          4|    3|         12|
    |activation_3_output_shape_address1            |   15|          3|    3|          9|
    |activation_3_output_shape_d0                  |   15|          3|   64|        192|
    |ap_NS_fsm                                     |  813|        187|    1|        187|
    |ap_enable_reg_pp0_iter1                       |   15|          3|    1|          3|
    |ap_enable_reg_pp1_iter1                       |    9|          2|    1|          2|
    |ap_enable_reg_pp1_iter4                       |    9|          2|    1|          2|
    |ap_phi_mux_i_3_phi_fu_2321_p4                 |    9|          2|    3|          6|
    |batch_normalization_10_ce0                    |    9|          2|    1|          2|
    |batch_normalization_11_ce0                    |    9|          2|    1|          2|
    |batch_normalization_13_address0               |   38|          7|   12|         84|
    |batch_normalization_13_address1               |   33|          6|   12|         72|
    |batch_normalization_13_ce0                    |   15|          3|    1|          3|
    |batch_normalization_13_d0                     |   33|          6|   32|        192|
    |batch_normalization_13_d1                     |   33|          6|   32|        192|
    |batch_normalization_1_address0                |  233|         54|   12|        648|
    |batch_normalization_1_address1                |  225|         52|   12|        624|
    |batch_normalization_1_ce0                     |   15|          3|    1|          3|
    |batch_normalization_1_d0                      |   15|          3|   32|         96|
    |batch_normalization_1_d1                      |   15|          3|   32|         96|
    |batch_normalization_1_we0                     |   15|          3|    1|          3|
    |batch_normalization_4_address0                |   38|          7|   12|         84|
    |batch_normalization_4_address1                |   33|          6|   12|         72|
    |batch_normalization_4_ce0                     |   15|          3|    1|          3|
    |batch_normalization_4_d0                      |   33|          6|   32|        192|
    |batch_normalization_4_d1                      |   33|          6|   32|        192|
    |batch_normalization_5_address0                |   38|          7|   12|         84|
    |batch_normalization_5_address1                |   33|          6|   12|         72|
    |batch_normalization_5_ce0                     |   15|          3|    1|          3|
    |batch_normalization_5_d0                      |   33|          6|   32|        192|
    |batch_normalization_5_d1                      |   33|          6|   32|        192|
    |batch_normalization_6_address0                |   38|          7|   12|         84|
    |batch_normalization_6_address1                |   33|          6|   12|         72|
    |batch_normalization_6_ce0                     |   15|          3|    1|          3|
    |batch_normalization_6_d0                      |   33|          6|   32|        192|
    |batch_normalization_6_d1                      |   33|          6|   32|        192|
    |batch_normalization_7_address0                |   44|          9|   12|        108|
    |batch_normalization_7_address1                |   38|          7|   12|         84|
    |batch_normalization_7_ce0                     |   15|          3|    1|          3|
    |batch_normalization_7_d0                      |   15|          3|   32|         96|
    |batch_normalization_7_d1                      |   15|          3|   32|         96|
    |batch_normalization_7_we0                     |   15|          3|    1|          3|
    |batch_normalization_9_ce0                     |    9|          2|    1|          2|
    |batch_normalization_s_ce0                     |    9|          2|    1|          2|
    |dense_1_bias_array_address0                   |   38|          7|   12|         84|
    |dense_1_bias_array_address1                   |   33|          6|   12|         72|
    |dense_1_bias_array_ce0                        |   15|          3|    1|          3|
    |dense_1_bias_array_d0                         |   33|          6|   32|        192|
    |dense_1_bias_array_d1                         |   33|          6|   32|        192|
    |dense_1_fwork_address0                        |   15|          3|   11|         33|
    |dense_1_fwork_ce0                             |   15|          3|    1|          3|
    |dense_1_fwork_ce1                             |    9|          2|    1|          2|
    |dense_1_fwork_d0                              |   15|          3|   32|         96|
    |dense_1_fwork_we0                             |   15|          3|    1|          3|
    |dense_1_output_array_address0                 |   41|          8|   12|         96|
    |dense_1_output_array_address1                 |   33|          6|   12|         72|
    |dense_1_output_array_ce0                      |   21|          4|    1|          4|
    |dense_1_output_array_d0                       |   15|          3|   32|         96|
    |dense_1_output_array_we0                      |   15|          3|    1|          3|
    |dense_1_output_shape_address0                 |   21|          4|    3|         12|
    |dense_1_output_shape_address1                 |   15|          3|    3|          9|
    |dense_1_output_shape_d0                       |   15|          3|   64|        192|
    |dense_2_bias_array_address0                   |   27|          5|   12|         60|
    |dense_2_bias_array_address1                   |   21|          4|   12|         48|
    |dense_2_bias_array_ce0                        |   15|          3|    1|          3|
    |dense_2_bias_array_d0                         |   21|          4|   32|        128|
    |dense_2_bias_array_d1                         |   21|          4|   32|        128|
    |dense_2_fwork_address0                        |   15|          3|    7|         21|
    |dense_2_fwork_ce0                             |   15|          3|    1|          3|
    |dense_2_fwork_ce1                             |    9|          2|    1|          2|
    |dense_2_fwork_d0                              |   15|          3|   32|         96|
    |dense_2_fwork_we0                             |   15|          3|    1|          3|
    |dense_2_kernel_array_address0                 |  145|         32|   12|        384|
    |dense_2_kernel_array_address1                 |  141|         31|   12|        372|
    |dense_2_kernel_array_ce0                      |   15|          3|    1|          3|
    |dense_2_kernel_array_d0                       |  141|         31|   32|        992|
    |dense_2_kernel_array_d1                       |  141|         31|   32|        992|
    |dense_2_kernel_shape_address0                 |   27|          5|    3|         15|
    |dense_2_kernel_shape_address1                 |   15|          3|    3|          9|
    |dense_2_kernel_shape_ce0                      |   15|          3|    1|          3|
    |dense_2_kernel_shape_d0                       |   21|          4|   64|        256|
    |dense_2_output_array_address0                 |   38|          7|   12|         84|
    |dense_2_output_array_address1                 |   33|          6|   12|         72|
    |dense_2_output_array_ce0                      |   15|          3|    1|          3|
    |dense_2_output_array_d0                       |   21|          4|   32|        128|
    |dense_2_output_array_d1                       |   21|          4|   32|        128|
    |dense_2_output_array_we0                      |   15|          3|    1|          3|
    |dense_fwork_address0                          |   15|          3|   19|         57|
    |dense_fwork_ce0                               |   15|          3|    1|          3|
    |dense_fwork_ce1                               |    9|          2|    1|          2|
    |dense_fwork_d0                                |   15|          3|   32|         96|
    |dense_fwork_we0                               |   15|          3|    1|          3|
    |dense_kernel_array_address0                   |   15|          3|   19|         57|
    |dense_kernel_array_ce0                        |   15|          3|    1|          3|
    |dense_output_array_address0                   |  229|         53|   12|        636|
    |dense_output_array_address1                   |  221|         51|   12|        612|
    |dense_output_array_ce0                        |   21|          4|    1|          4|
    |dense_output_array_d0                         |   15|          3|   32|         96|
    |dense_output_array_we0                        |   15|          3|    1|          3|
    |dense_output_shape_address0                   |   21|          4|    3|         12|
    |dense_output_shape_address1                   |   15|          3|    3|          9|
    |dense_output_shape_d0                         |   15|          3|   64|        192|
    |dropout_2_output_arr_address0                 |   15|          3|   12|         36|
    |dropout_2_output_arr_ce0                      |   15|          3|    1|          3|
    |dropout_2_output_sha_address0                 |   27|          5|    3|         15|
    |dropout_2_output_sha_address1                 |   15|          3|    3|          9|
    |dropout_2_output_sha_ce0                      |   15|          3|    1|          3|
    |dropout_2_output_sha_d0                       |   15|          3|   64|        192|
    |dropout_3_output_arr_address0                 |   15|          3|   12|         36|
    |dropout_3_output_arr_ce0                      |   15|          3|    1|          3|
    |dropout_3_output_sha_address0                 |   27|          5|    3|         15|
    |dropout_3_output_sha_address1                 |   15|          3|    3|          9|
    |dropout_3_output_sha_ce0                      |   15|          3|    1|          3|
    |dropout_3_output_sha_d0                       |   15|          3|   64|        192|
    |grp_fu_2451_opcode                            |   15|          3|    2|          6|
    |grp_fu_2451_p0                                |   15|          3|   32|         96|
    |grp_fu_2451_p1                                |   15|          3|   32|         96|
    |grp_fu_2457_p0                                |   21|          4|   32|        128|
    |grp_fu_2461_p0                                |   21|          4|   32|        128|
    |grp_generic_tanh_float_s_fu_2415_t_in         |   15|          3|   32|         96|
    |grp_k2c_batch_norm_fu_2428_beta_array_q0      |   15|          3|   32|         96|
    |grp_k2c_batch_norm_fu_2428_gamma_array_q0     |   15|          3|   32|         96|
    |grp_k2c_batch_norm_fu_2428_inputs_array_q0    |   15|          3|   32|         96|
    |grp_k2c_batch_norm_fu_2428_inputs_numel_read  |   15|          3|   64|        192|
    |grp_k2c_batch_norm_fu_2428_mean_array_q0      |   15|          3|   32|         96|
    |grp_k2c_batch_norm_fu_2428_stdev_array_q0     |   15|          3|   32|         96|
    |i_1_reg_2263                                  |    9|          2|   12|         24|
    |i_2_reg_2296                                  |    9|          2|    3|          6|
    |i_3_reg_2317                                  |    9|          2|    3|          6|
    |i_reg_2230                                    |    9|          2|   12|         24|
    |invdar1_reg_2208                              |    9|          2|   11|         22|
    |invdar2_reg_2219                              |    9|          2|    7|         14|
    |invdar_reg_2197                               |    9|          2|   19|         38|
    |j_1_reg_2274                                  |    9|          2|   12|         24|
    |j_2_reg_2285                                  |    9|          2|   12|         24|
    |j_4_reg_2340                                  |    9|          2|   32|         64|
    |j_8_reg_2252                                  |    9|          2|   12|         24|
    |j_s_reg_2241                                  |    9|          2|   12|         24|
    |sum_reg_2328                                  |    9|          2|   32|         64|
    |tmp_s_reg_2186                                |    9|          2|   19|         38|
    |xmax1_reg_2307                                |    9|          2|   32|         64|
    +----------------------------------------------+-----+-----------+-----+-----------+
    |Total                                         | 4797|       1010| 2271|      13608|
    +----------------------------------------------+-----+-----------+-----+-----------+

    * Register: 
    +-----------------------------------------------+-----+----+-----+-----------+
    |                      Name                     |  FF | LUT| Bits| Const Bits|
    +-----------------------------------------------+-----+----+-----+-----------+
    |ap_CS_fsm                                      |  186|   0|  186|          0|
    |ap_enable_reg_pp0_iter0                        |    1|   0|    1|          0|
    |ap_enable_reg_pp0_iter1                        |    1|   0|    1|          0|
    |ap_enable_reg_pp1_iter0                        |    1|   0|    1|          0|
    |ap_enable_reg_pp1_iter1                        |    1|   0|    1|          0|
    |ap_enable_reg_pp1_iter2                        |    1|   0|    1|          0|
    |ap_enable_reg_pp1_iter3                        |    1|   0|    1|          0|
    |ap_enable_reg_pp1_iter4                        |    1|   0|    1|          0|
    |batch_normalization_12                         |    2|   0|   64|         62|
    |batch_normalization_14_reg_3010                |    3|   0|   64|         61|
    |batch_normalization_15_reg_3026                |   12|   0|   12|          0|
    |batch_normalization_16_reg_3037                |   32|   0|   32|          0|
    |batch_normalization_17_reg_3032                |    1|   0|   64|         63|
    |batch_normalization_2                          |    1|   0|   64|         63|
    |batch_normalization_20_reg_3083                |    2|   0|   64|         62|
    |batch_normalization_21_reg_3099                |   12|   0|   12|          0|
    |batch_normalization_22_reg_3110                |   32|   0|   32|          0|
    |batch_normalization_23_reg_3105                |    1|   0|   64|         63|
    |batch_normalization_3                          |    3|   0|   64|         61|
    |batch_normalization_8                          |    1|   0|   64|         63|
    |dense_1_bias_numel                             |    2|   0|   64|         62|
    |dense_1_output_numel                           |    2|   0|   64|         62|
    |dense_2_bias_numel                             |    2|   0|   64|         62|
    |dense_2_kernel_ndim                            |    1|   0|   64|         63|
    |dense_2_kernel_numel                           |    4|   0|   64|         60|
    |dense_2_output_array_2_reg_3194                |    3|   0|   12|          9|
    |dense_2_output_array_5_reg_3221                |   32|   0|   32|          0|
    |dense_2_output_array_6_reg_3226                |   32|   0|   32|          0|
    |dense_2_output_array_7_reg_3231                |   32|   0|   32|          0|
    |dense_2_output_array_8_reg_3236                |   32|   0|   32|          0|
    |dense_2_output_array_9_reg_3241                |   32|   0|   32|          0|
    |dense_2_output_ndim                            |    1|   0|    1|          0|
    |dense_2_output_numel                           |    2|   0|   64|         62|
    |dense_output_numel                             |    3|   0|   64|         61|
    |exitcond1_reg_3166                             |    1|   0|    1|          0|
    |grp_generic_tanh_float_s_fu_2415_ap_start_reg  |    1|   0|    1|          0|
    |grp_k2c_batch_norm_fu_2428_ap_start_reg        |    1|   0|    1|          0|
    |grp_k2c_dense2_1_fu_2394_ap_start_reg          |    1|   0|    1|          0|
    |grp_k2c_dense2_fu_2351_ap_start_reg            |    1|   0|    1|          0|
    |grp_k2c_dense_fu_2374_ap_start_reg             |    1|   0|    1|          0|
    |i_1_reg_2263                                   |   12|   0|   12|          0|
    |i_2_reg_2296                                   |    3|   0|    3|          0|
    |i_36_reg_3021                                  |   12|   0|   12|          0|
    |i_37_reg_3094                                  |   12|   0|   12|          0|
    |i_39_reg_3189                                  |    3|   0|    3|          0|
    |i_3_reg_2317                                   |    3|   0|    3|          0|
    |i_reg_2230                                     |   12|   0|   12|          0|
    |invdar1_reg_2208                               |   11|   0|   11|          0|
    |invdar2_reg_2219                               |    7|   0|    7|          0|
    |invdar_reg_2197                                |   19|   0|   19|          0|
    |j_1_reg_2274                                   |   12|   0|   12|          0|
    |j_2_reg_2285                                   |   12|   0|   12|          0|
    |j_3_reg_3141                                   |   12|   0|   12|          0|
    |j_4_reg_2340                                   |   32|   0|   32|          0|
    |j_5_reg_3254                                   |   32|   0|   32|          0|
    |j_7_reg_3050                                   |   12|   0|   12|          0|
    |j_8_reg_2252                                   |   12|   0|   12|          0|
    |j_9_reg_3068                                   |   12|   0|   12|          0|
    |j_reg_3123                                     |   12|   0|   12|          0|
    |j_s_reg_2241                                   |   12|   0|   12|          0|
    |reg_2495                                       |    2|   0|   64|         62|
    |reg_2501                                       |    2|   0|   64|         62|
    |reg_2506                                       |   32|   0|   32|          0|
    |reg_2513                                       |   32|   0|   32|          0|
    |reg_2518                                       |   32|   0|   32|          0|
    |sum_1_reg_3215                                 |   32|   0|   32|          0|
    |sum_reg_2328                                   |   32|   0|   32|          0|
    |tmp_57_reg_2962                                |   19|   0|   19|          0|
    |tmp_58_reg_2967                                |   19|   0|   64|         45|
    |tmp_59_reg_2977                                |    1|   0|    1|          0|
    |tmp_70_reg_3042                                |   12|   0|   64|         52|
    |tmp_73_reg_3060                                |   12|   0|   64|         52|
    |tmp_77_reg_3115                                |   12|   0|   64|         52|
    |tmp_80_reg_3133                                |   12|   0|   64|         52|
    |tmp_84_reg_3185                                |    1|   0|    1|          0|
    |tmp_87_reg_3200                                |   32|   0|   32|          0|
    |tmp_88_reg_3205                                |   32|   0|   32|          0|
    |tmp_89_reg_3246                                |   64|   0|   64|          0|
    |tmp_s_reg_2186                                 |   19|   0|   19|          0|
    |xmax1_reg_2307                                 |   32|   0|   32|          0|
    |dense_2_output_array_2_reg_3194                |   64|  32|   12|          9|
    |tmp_84_reg_3185                                |   64|  32|    1|          0|
    +-----------------------------------------------+-----+----+-----+-----------+
    |Total                                          | 1294|  64| 2495|       1325|
    +-----------------------------------------------+-----+----+-----+-----------+



================================================================
== Interface
================================================================
* Summary: 
+------------------------------------+-----+-----+------------+---------------------------+--------------+
|              RTL Ports             | Dir | Bits|  Protocol  |       Source Object       |    C Type    |
+------------------------------------+-----+-----+------------+---------------------------+--------------+
|ap_clk                              |  in |    1| ap_ctrl_hs |     face_classifier_c     | return value |
|ap_rst                              |  in |    1| ap_ctrl_hs |     face_classifier_c     | return value |
|ap_start                            |  in |    1| ap_ctrl_hs |     face_classifier_c     | return value |
|ap_done                             | out |    1| ap_ctrl_hs |     face_classifier_c     | return value |
|ap_idle                             | out |    1| ap_ctrl_hs |     face_classifier_c     | return value |
|ap_ready                            | out |    1| ap_ctrl_hs |     face_classifier_c     | return value |
|dense_input_input_array_address0    | out |   12|  ap_memory |  dense_input_input_array  |     array    |
|dense_input_input_array_ce0         | out |    1|  ap_memory |  dense_input_input_array  |     array    |
|dense_input_input_array_q0          |  in |   32|  ap_memory |  dense_input_input_array  |     array    |
|dense_input_input_ndim              |  in |   64|   ap_none  |   dense_input_input_ndim  |    scalar    |
|dense_input_input_numel             |  in |   64|   ap_none  |  dense_input_input_numel  |    scalar    |
|dense_input_input_shape_address0    | out |    3|  ap_memory |  dense_input_input_shape  |     array    |
|dense_input_input_shape_ce0         | out |    1|  ap_memory |  dense_input_input_shape  |     array    |
|dense_input_input_shape_q0          |  in |   64|  ap_memory |  dense_input_input_shape  |     array    |
|activation_3_output_array_address0  | out |   12|  ap_memory | activation_3_output_array |     array    |
|activation_3_output_array_ce0       | out |    1|  ap_memory | activation_3_output_array |     array    |
|activation_3_output_array_we0       | out |    1|  ap_memory | activation_3_output_array |     array    |
|activation_3_output_array_d0        | out |   32|  ap_memory | activation_3_output_array |     array    |
|activation_3_output_ndim            | out |   64|   ap_vld   |  activation_3_output_ndim |    pointer   |
|activation_3_output_ndim_ap_vld     | out |    1|   ap_vld   |  activation_3_output_ndim |    pointer   |
|activation_3_output_numel           | out |   64|   ap_vld   | activation_3_output_numel |    pointer   |
|activation_3_output_numel_ap_vld    | out |    1|   ap_vld   | activation_3_output_numel |    pointer   |
|activation_3_output_shape_address0  | out |    3|  ap_memory | activation_3_output_shape |     array    |
|activation_3_output_shape_ce0       | out |    1|  ap_memory | activation_3_output_shape |     array    |
|activation_3_output_shape_we0       | out |    1|  ap_memory | activation_3_output_shape |     array    |
|activation_3_output_shape_d0        | out |   64|  ap_memory | activation_3_output_shape |     array    |
|activation_3_output_shape_address1  | out |    3|  ap_memory | activation_3_output_shape |     array    |
|activation_3_output_shape_ce1       | out |    1|  ap_memory | activation_3_output_shape |     array    |
|activation_3_output_shape_we1       | out |    1|  ap_memory | activation_3_output_shape |     array    |
|activation_3_output_shape_d1        | out |   64|  ap_memory | activation_3_output_shape |     array    |
+------------------------------------+-----+-----+------------+---------------------------+--------------+

