

================================================================
== Vivado HLS Report for 'k2c_bias_add'
================================================================
* Date:           Sun Apr 21 15:45:34 2024

* Version:        2018.2 (Build 2258646 on Thu Jun 14 20:25:20 MDT 2018)
* Project:        FaceClassifier
* Solution:       solution1
* Product family: virtexu
* Target device:  xcvu190-flgb2104-1-i


================================================================
== Performance Estimates
================================================================
+ Timing (ns): 
    * Summary: 
    +--------+-------+----------+------------+
    |  Clock | Target| Estimated| Uncertainty|
    +--------+-------+----------+------------+
    |ap_clk  |  10.00|     8.218|        1.25|
    +--------+-------+----------+------------+

+ Latency (clock cycles): 
    * Summary: 
    +-----+----------+-----+----------+---------+
    |     Latency    |    Interval    | Pipeline|
    | min |    max   | min |    max   |   Type  |
    +-----+----------+-----+----------+---------+
    |   10|  48129433|   10|  48129433|   none  |
    +-----+----------+-----+----------+---------+

    + Detail: 
        * Instance: 
        N/A

        * Loop: 
        +-------------+-----+----------+-----------+-----------+-----------+----------+----------+
        |             |     Latency    | Iteration |  Initiation Interval  |   Trip   |          |
        |  Loop Name  | min |    max   |  Latency  |  achieved |   target  |   Count  | Pipelined|
        +-------------+-----+----------+-----------+-----------+-----------+----------+----------+
        |- Loop 1     |    9|  48129432| 9 ~ 18356 |          -|          -| 1 ~ 2622 |    no    |
        | + Loop 1.1  |    7|     18354|          7|          -|          -| 1 ~ 2622 |    no    |
        +-------------+-----+----------+-----------+-----------+-----------+----------+----------+



================================================================
== Utilization Estimates
================================================================
* Summary: 
+---------------------+---------+-------+---------+---------+
|         Name        | BRAM_18K| DSP48E|    FF   |   LUT   |
+---------------------+---------+-------+---------+---------+
|DSP                  |        -|      -|        -|        -|
|Expression           |        -|      -|        0|      218|
|FIFO                 |        -|      -|        -|        -|
|Instance             |        -|      2|      227|      214|
|Memory               |        -|      -|        -|        -|
|Multiplexer          |        -|      -|        -|       80|
|Register             |        -|      -|      322|        -|
+---------------------+---------+-------+---------+---------+
|Total                |        0|      2|      549|      512|
+---------------------+---------+-------+---------+---------+
|Available SLR        |     2520|    600|   716160|   358080|
+---------------------+---------+-------+---------+---------+
|Utilization SLR (%)  |        0|   ~0  |    ~0   |    ~0   |
+---------------------+---------+-------+---------+---------+
|Available            |     7560|   1800|  2148480|  1074240|
+---------------------+---------+-------+---------+---------+
|Utilization (%)      |        0|   ~0  |    ~0   |    ~0   |
+---------------------+---------+-------+---------+---------+

+ Detail: 
    * Instance: 
    +--------------------------+----------------------+---------+-------+-----+-----+
    |         Instance         |        Module        | BRAM_18K| DSP48E|  FF | LUT |
    +--------------------------+----------------------+---------+-------+-----+-----+
    |face_classifier_ceOg_U33  |face_classifier_ceOg  |        0|      2|  227|  214|
    +--------------------------+----------------------+---------+-------+-----+-----+
    |Total                     |                      |        0|      2|  227|  214|
    +--------------------------+----------------------+---------+-------+-----+-----+

    * DSP48: 
    N/A

    * Memory: 
    N/A

    * FIFO: 
    N/A

    * Expression: 
    +--------------------+----------+-------+---+----+------------+------------+
    |    Variable Name   | Operation| DSP48E| FF| LUT| Bitwidth P0| Bitwidth P1|
    +--------------------+----------+-------+---+----+------------+------------+
    |i_34_fu_138_p2      |     +    |      0|  0|  71|          64|          64|
    |j_10_fu_122_p2      |     +    |      0|  0|  71|           1|          64|
    |tmp_s_fu_128_p2     |     +    |      0|  0|  20|          13|          13|
    |exitcond_fu_117_p2  |   icmp   |      0|  0|  28|          64|          64|
    |tmp_fu_104_p2       |   icmp   |      0|  0|  28|          64|          64|
    +--------------------+----------+-------+---+----+------------+------------+
    |Total               |          |      0|  0| 218|         206|         269|
    +--------------------+----------+-------+---+----+------------+------------+

    * Multiplexer: 
    +------------------+----+-----------+-----+-----------+
    |       Name       | LUT| Input Size| Bits| Total Bits|
    +------------------+----+-----------+-----+-----------+
    |A_array_address0  |  15|          3|   12|         36|
    |ap_NS_fsm         |  47|         10|    1|         10|
    |i_reg_76          |   9|          2|   64|        128|
    |j_reg_88          |   9|          2|   64|        128|
    +------------------+----+-----------+-----+-----------+
    |Total             |  80|         17|  141|        302|
    +------------------+----+-----------+-----+-----------+

    * Register: 
    +----------------------+----+----+-----+-----------+
    |         Name         | FF | LUT| Bits| Const Bits|
    +----------------------+----+----+-----+-----------+
    |A_array_addr_reg_175  |  12|   0|   12|          0|
    |A_array_load_reg_190  |  32|   0|   32|          0|
    |ap_CS_fsm             |   9|   0|    9|          0|
    |b_array_load_reg_185  |  32|   0|   32|          0|
    |i_reg_76              |  64|   0|   64|          0|
    |j_10_reg_165          |  64|   0|   64|          0|
    |j_reg_88              |  64|   0|   64|          0|
    |tmp_51_reg_195        |  32|   0|   32|          0|
    |tmp_68_reg_157        |  13|   0|   13|          0|
    +----------------------+----+----+-----+-----------+
    |Total                 | 322|   0|  322|          0|
    +----------------------+----+----+-----+-----------+



================================================================
== Interface
================================================================
* Summary: 
+------------------+-----+-----+------------+--------------+--------------+
|     RTL Ports    | Dir | Bits|  Protocol  | Source Object|    C Type    |
+------------------+-----+-----+------------+--------------+--------------+
|ap_clk            |  in |    1| ap_ctrl_hs | k2c_bias_add | return value |
|ap_rst            |  in |    1| ap_ctrl_hs | k2c_bias_add | return value |
|ap_start          |  in |    1| ap_ctrl_hs | k2c_bias_add | return value |
|ap_done           | out |    1| ap_ctrl_hs | k2c_bias_add | return value |
|ap_idle           | out |    1| ap_ctrl_hs | k2c_bias_add | return value |
|ap_ready          | out |    1| ap_ctrl_hs | k2c_bias_add | return value |
|A_array_address0  | out |   12|  ap_memory |    A_array   |     array    |
|A_array_ce0       | out |    1|  ap_memory |    A_array   |     array    |
|A_array_we0       | out |    1|  ap_memory |    A_array   |     array    |
|A_array_d0        | out |   32|  ap_memory |    A_array   |     array    |
|A_array_q0        |  in |   32|  ap_memory |    A_array   |     array    |
|A_numel_read      |  in |   64|   ap_none  | A_numel_read |    scalar    |
|b_array_address0  | out |   12|  ap_memory |    b_array   |     array    |
|b_array_ce0       | out |    1|  ap_memory |    b_array   |     array    |
|b_array_q0        |  in |   32|  ap_memory |    b_array   |     array    |
|b_numel_read      |  in |   64|   ap_none  | b_numel_read |    scalar    |
+------------------+-----+-----+------------+--------------+--------------+

