

================================================================
== Vivado HLS Report for 'k2c_dot2'
================================================================
* Date:           Sun Apr 21 15:45:38 2024

* Version:        2018.2 (Build 2258646 on Thu Jun 14 20:25:20 MDT 2018)
* Project:        FaceClassifier
* Solution:       solution1
* Product family: virtexu
* Target device:  xcvu190-flgb2104-1-i


================================================================
== Performance Estimates
================================================================
+ Timing (ns): 
    * Summary: 
    +--------+-------+----------+------------+
    |  Clock | Target| Estimated| Uncertainty|
    +--------+-------+----------+------------+
    |ap_clk  |  10.00|     8.440|        1.25|
    +--------+-------+----------+------------+

+ Latency (clock cycles): 
    * Summary: 
    +-------+-----------+-------+-----------+---------+
    |      Latency      |      Interval     | Pipeline|
    |  min  |    max    |  min  |    max    |   Type  |
    +-------+-----------+-------+-----------+---------+
    |  81246|  276920828|  81246|  276920828|   none  |
    +-------+-----------+-------+-----------+---------+

    + Detail: 
        * Instance: 
        +------------------------+-------------+-----+-----+-----+-----+---------+
        |                        |             |  Latency  |  Interval | Pipeline|
        |        Instance        |    Module   | min | max | min | max |   Type  |
        +------------------------+-------------+-----+-----+-----+-----+---------+
        |grp_k2c_idx2sub_fu_673  |k2c_idx2sub  |   70|  346|   70|  346|   none  |
        |grp_k2c_sub2idx_fu_684  |k2c_sub2idx  |    7|   91|    7|   91|   none  |
        +------------------------+-------------+-----+-----+-----+-----+---------+

        * Loop: 
        +--------------+-------+-----------+------------+-----------+-----------+------------+----------+
        |              |      Latency      |  Iteration |  Initiation Interval  |    Trip    |          |
        |   Loop Name  |  min  |    max    |   Latency  |  achieved |   target  |    Count   | Pipelined|
        +--------------+-------+-----------+------------+-----------+-----------+------------+----------+
        |- Loop 1      |      1|          2|           1|          -|          -|    1 ~ 2   |    no    |
        |- Loop 2      |      2|          2|           1|          -|          -|           2|    no    |
        |- Loop 3      |      1|          5|           2|          1|          1|    1 ~ 5   |    yes   |
        |- Loop 4      |      1|          5|           1|          1|          1|    1 ~ 5   |    yes   |
        |- Loop 5      |      1|          1|           2|          1|          1|           1|    yes   |
        |- Loop 6      |      2|          3|           3|          1|          1|    1 ~ 2   |    yes   |
        |- Loop 7      |      3|          3|           3|          1|          1|           2|    yes   |
        |- Loop 8      |     84|    1174656|  84 ~ 448  |          -|          -|  1 ~ 2622  |    no    |
        | + Loop 8.1   |      2|          6|           3|          1|          1|    1 ~ 5   |    yes   |
        |- Loop 9      |  81000|     541000|  81 ~ 541  |          -|          -|        1000|    no    |
        | + Loop 9.1   |      8|        192|   4 ~ 96   |          -|          -|           2|    no    |
        |- Loop 10     |    120|  275205120| 12 ~ 10496 |          -|          -| 10 ~ 26220 |    no    |
        | + Loop 10.1  |      9|      10493|          10|          4|          1|  1 ~ 2622  |    yes   |
        +--------------+-------+-----------+------------+-----------+-----------+------------+----------+



================================================================
== Utilization Estimates
================================================================
* Summary: 
+---------------------+---------+-------+---------+---------+
|         Name        | BRAM_18K| DSP48E|    FF   |   LUT   |
+---------------------+---------+-------+---------+---------+
|DSP                  |        -|      1|        -|        -|
|Expression           |        -|     10|        0|     1283|
|FIFO                 |        -|      -|        -|        -|
|Instance             |        -|     15|    19069|    14728|
|Memory               |        0|      -|      904|       37|
|Multiplexer          |        -|      -|        -|     1061|
|Register             |        0|      -|     1327|       32|
+---------------------+---------+-------+---------+---------+
|Total                |        0|     26|    21300|    17141|
+---------------------+---------+-------+---------+---------+
|Available SLR        |     2520|    600|   716160|   358080|
+---------------------+---------+-------+---------+---------+
|Utilization SLR (%)  |        0|      4|        2|        4|
+---------------------+---------+-------+---------+---------+
|Available            |     7560|   1800|  2148480|  1074240|
+---------------------+---------+-------+---------+---------+
|Utilization (%)      |        0|      1|    ~0   |        1|
+---------------------+---------+-------+---------+---------+

+ Detail: 
    * Instance: 
    +--------------------------+----------------------+---------+-------+-------+-------+
    |         Instance         |        Module        | BRAM_18K| DSP48E|   FF  |  LUT  |
    +--------------------------+----------------------+---------+-------+-------+-------+
    |face_classifier_ceOg_U84  |face_classifier_ceOg  |        0|      2|    227|    214|
    |face_classifier_cfYi_U85  |face_classifier_cfYi  |        0|      3|    128|    138|
    |face_classifier_cxdS_U86  |face_classifier_cxdS  |        0|      0|    779|    469|
    |grp_k2c_idx2sub_fu_673    |k2c_idx2sub           |        0|      0|  17532|  13588|
    |grp_k2c_sub2idx_fu_684    |k2c_sub2idx           |        0|     10|    403|    319|
    +--------------------------+----------------------+---------+-------+-------+-------+
    |Total                     |                      |        0|     15|  19069|  14728|
    +--------------------------+----------------------+---------+-------+-------+-------+

    * DSP48: 
    +--------------------------+----------------------+-----------+
    |         Instance         |        Module        | Expression|
    +--------------------------+----------------------+-----------+
    |face_classifier_cyd2_U87  |face_classifier_cyd2  |  i0 * i1  |
    +--------------------------+----------------------+-----------+

    * Memory: 
    +------------------------+----------------------+---------+-----+----+------+-----+------+-------------+
    |         Memory         |        Module        | BRAM_18K|  FF | LUT| Words| Bits| Banks| W*Bits*Banks|
    +------------------------+----------------------+---------+-----+----+------+-----+------+-------------+
    |dense_1_kernel_shape_U  |k2c_dot2_dense_1_wdI  |        0|  128|   5|     5|   64|     1|          320|
    |permA_U                 |k2c_dot_permA         |        0|  128|   5|     5|   64|     1|          320|
    |freeA_U                 |k2c_dot_permA         |        0|  128|   5|     5|   64|     1|          320|
    |newshpA_U               |k2c_dot_permA         |        0|  128|   5|     5|   64|     1|          320|
    |newshpB_U               |k2c_dot_permA         |        0|  128|   5|     5|   64|     1|          320|
    |Asub_U                  |k2c_dot_permA         |        0|  128|   5|     5|   64|     1|          320|
    |Bsub_U                  |k2c_dot_permA         |        0|  128|   5|     5|   64|     1|          320|
    |permB_U                 |k2c_dot_permB         |        0|    4|   1|     5|    2|     1|           10|
    |freeB_U                 |k2c_dot_permB         |        0|    4|   1|     5|    2|     1|           10|
    +------------------------+----------------------+---------+-----+----+------+-----+------+-------------+
    |Total                   |                      |        0|  904|  37|    45|  452|     9|         2260|
    +------------------------+----------------------+---------+-----+----+------+-----+------+-------------+

    * FIFO: 
    N/A

    * Expression: 
    +----------------------------------+----------+-------+---+----+------------+------------+
    |           Variable Name          | Operation| DSP48E| FF| LUT| Bitwidth P0| Bitwidth P1|
    +----------------------------------+----------+-------+---+----+------------+------------+
    |bound_fu_954_p2                   |     *    |     10|  0|  46|          64|           4|
    |count_4_fu_731_p2                 |     +    |      0|  0|  71|          64|           1|
    |count_5_fu_769_p2                 |     +    |      0|  0|  71|          64|           1|
    |i_12_fu_716_p2                    |     +    |      0|  0|  71|          64|           1|
    |i_14_fu_753_p2                    |     +    |      0|  0|   9|           2|           1|
    |i_15_cast_fu_797_p2               |     +    |      0|  0|  11|           2|           3|
    |i_15_fu_792_p2                    |     +    |      0|  0|  71|           2|          64|
    |i_17_fu_813_p2                    |     +    |      0|  0|  11|           3|           1|
    |i_18_fu_829_p2                    |     +    |      0|  0|  11|           3|           1|
    |i_19_fu_846_p2                    |     +    |      0|  0|   9|           2|           1|
    |i_20_fu_873_p2                    |     +    |      0|  0|  11|           3|           1|
    |i_21_fu_885_p2                    |     +    |      0|  0|   9|           2|           1|
    |i_22_fu_906_p2                    |     +    |      0|  0|  19|          12|           1|
    |i_23_fu_939_p2                    |     +    |      0|  0|  17|          10|           1|
    |i_24_fu_1057_p2                   |     +    |      0|  0|  71|           1|          64|
    |indvar_flatten_next_fu_1037_p2    |     +    |      0|  0|  75|           1|          68|
    |j_5_fu_966_p2                     |     +    |      0|  0|   9|           2|           1|
    |j_6_fu_1202_p2                    |     +    |      0|  0|  12|           4|           1|
    |j_fu_927_p2                       |     +    |      0|  0|  11|           3|           1|
    |k_1_fu_1137_p2                    |     +    |      0|  0|  71|          64|           1|
    |sum2_fu_1192_p2                   |     +    |      0|  0|  19|          12|          12|
    |sum9_fu_992_p2                    |     +    |      0|  0|  19|          12|          12|
    |sum_fu_1147_p2                    |     +    |      0|  0|  19|          12|          12|
    |tmp1_fu_1187_p2                   |     +    |      0|  0|  19|          12|          12|
    |tmp_11_fu_1121_p2                 |     +    |      0|  0|  20|          13|          13|
    |tmp_14_fu_1181_p2                 |     +    |      0|  0|  19|          12|          12|
    |tmp_6_fu_1026_p2                  |     +    |      0|  0|  20|          13|          13|
    |tmp_6_mid1_fu_1087_p2             |     +    |      0|  0|  20|          13|          13|
    |ap_block_state49_on_subcall_done  |    and   |      0|  0|   2|           1|           1|
    |exitcond10_fu_922_p2              |   icmp   |      0|  0|  28|          64|          64|
    |exitcond11_fu_1043_p2             |   icmp   |      0|  0|   9|           4|           4|
    |exitcond1_fu_711_p2               |   icmp   |      0|  0|  28|          64|          64|
    |exitcond2_fu_747_p2               |   icmp   |      0|  0|   9|           2|           3|
    |exitcond3_fu_835_p2               |   icmp   |      0|  0|   9|           2|           3|
    |exitcond4_fu_868_p2               |   icmp   |      0|  0|  28|          64|          64|
    |exitcond5_fu_879_p2               |   icmp   |      0|  0|   9|           2|           3|
    |exitcond6_fu_901_p2               |   icmp   |      0|  0|  13|          12|          12|
    |exitcond7_fu_808_p2               |   icmp   |      0|  0|  28|          64|          64|
    |exitcond8_fu_933_p2               |   icmp   |      0|  0|  13|          10|           6|
    |exitcond9_fu_960_p2               |   icmp   |      0|  0|   9|           2|           3|
    |exitcond_flatten_fu_1032_p2       |   icmp   |      0|  0|  49|          68|          68|
    |exitcond_fu_1132_p2               |   icmp   |      0|  0|  28|          64|          64|
    |ifzero_fu_977_p2                  |   icmp   |      0|  0|   9|           2|           3|
    |tmp_1_fu_824_p2                   |   icmp   |      0|  0|  28|          64|          64|
    |tmp_9_fu_722_p2                   |   icmp   |      0|  0|  28|          64|          64|
    |tmp_fu_759_p2                     |   icmp   |      0|  0|   8|           2|           1|
    |j9_mid2_fu_1049_p3                |  select  |      0|  0|   4|           1|           4|
    |tmp_6_mid2_fu_1093_p3             |  select  |      0|  0|  13|           1|          13|
    |tmp_7_mid2_v_v_fu_1101_p3         |  select  |      0|  0|  64|           1|          64|
    |ap_enable_pp0                     |    xor   |      0|  0|   2|           1|           2|
    |ap_enable_pp2                     |    xor   |      0|  0|   2|           1|           2|
    |ap_enable_pp3                     |    xor   |      0|  0|   2|           1|           2|
    |ap_enable_pp4                     |    xor   |      0|  0|   2|           1|           2|
    |ap_enable_pp5                     |    xor   |      0|  0|   2|           1|           2|
    |ap_enable_pp6                     |    xor   |      0|  0|   2|           1|           2|
    |ap_enable_reg_pp0_iter1           |    xor   |      0|  0|   2|           2|           1|
    |ap_enable_reg_pp2_iter1           |    xor   |      0|  0|   2|           2|           1|
    |ap_enable_reg_pp3_iter1           |    xor   |      0|  0|   2|           2|           1|
    |ap_enable_reg_pp4_iter1           |    xor   |      0|  0|   2|           2|           1|
    |ap_enable_reg_pp5_iter1           |    xor   |      0|  0|   2|           2|           1|
    |ap_enable_reg_pp6_iter1           |    xor   |      0|  0|   2|           2|           1|
    |j_4_fu_852_p2                     |    xor   |      0|  0|   2|           1|           2|
    +----------------------------------+----------+-------+---+----+------------+------------+
    |Total                             |          |     10|  0|1283|        1048|         973|
    +----------------------------------+----------+-------+---+----+------------+------------+

    * Multiplexer: 
    +---------------------------------+-----+-----------+-----+-----------+
    |               Name              | LUT | Input Size| Bits| Total Bits|
    +---------------------------------+-----+-----------+-----+-----------+
    |Ar_shape_address0                |   21|          4|    3|         12|
    |Ar_shape_ce0                     |   15|          3|    1|          3|
    |Asub_address0                    |   27|          5|    3|         15|
    |Asub_ce0                         |   21|          4|    1|          4|
    |Asub_d0                          |   15|          3|   64|        192|
    |Asub_we0                         |   15|          3|    1|          3|
    |Bsub_address0                    |   27|          5|    3|         15|
    |Bsub_ce0                         |   21|          4|    1|          4|
    |Bsub_d0                          |   15|          3|   64|        192|
    |Bsub_we0                         |   15|          3|    1|          3|
    |C_array_address0                 |   15|          3|   12|         36|
    |C_array_d0                       |   15|          3|   32|         96|
    |ap_NS_fsm                        |  209|         48|    1|         48|
    |ap_enable_reg_pp0_iter1          |   15|          3|    1|          3|
    |ap_enable_reg_pp2_iter1          |   15|          3|    1|          3|
    |ap_enable_reg_pp3_iter1          |    9|          2|    1|          2|
    |ap_enable_reg_pp3_iter2          |    9|          2|    1|          2|
    |ap_enable_reg_pp4_iter1          |    9|          2|    1|          2|
    |ap_enable_reg_pp4_iter2          |    9|          2|    1|          2|
    |ap_enable_reg_pp5_iter1          |    9|          2|    1|          2|
    |ap_enable_reg_pp5_iter2          |    9|          2|    1|          2|
    |ap_enable_reg_pp6_iter1          |    9|          2|    1|          2|
    |ap_enable_reg_pp6_iter2          |    9|          2|    1|          2|
    |ap_phi_mux_i_7_phi_fu_532_p4     |    9|          2|    2|          4|
    |ap_phi_mux_k_phi_fu_666_p4       |    9|          2|   64|        128|
    |ap_phi_mux_tmp_12_phi_fu_654_p4  |    9|          2|   32|         64|
    |count_2_fu_170                   |    9|          2|   64|        128|
    |count_fu_134                     |    9|          2|   64|        128|
    |dense_1_kernel_shape_address0    |   15|          3|    3|          9|
    |dense_1_kernel_shape_ce0         |   15|          3|    1|          3|
    |freeA_address0                   |   15|          3|    3|          9|
    |freeB_address0                   |   15|          3|    3|          9|
    |fwork_address0                   |   21|          4|   11|         44|
    |fwork_d0                         |   15|          3|   32|         96|
    |grp_k2c_idx2sub_fu_673_idx       |   15|          3|   64|        192|
    |grp_k2c_idx2sub_fu_673_ndim      |   15|          3|   64|        192|
    |grp_k2c_idx2sub_fu_673_shape_q0  |   15|          3|   64|        192|
    |grp_k2c_sub2idx_fu_684_ndim      |   15|          3|   64|        192|
    |grp_k2c_sub2idx_fu_684_shape_q0  |   15|          3|   64|        192|
    |grp_k2c_sub2idx_fu_684_sub_q0    |   15|          3|   64|        192|
    |i_10_reg_595                     |    9|          2|   10|         20|
    |i_11_reg_628                     |    9|          2|   64|        128|
    |i_1_reg_496                      |    9|          2|    2|          4|
    |i_4_reg_508                      |    9|          2|    3|          6|
    |i_5_reg_519                      |    9|          2|    3|          6|
    |i_7_reg_528                      |    9|          2|    2|          4|
    |i_8_reg_551                      |    9|          2|    3|          6|
    |i_9_reg_562                      |    9|          2|    2|          4|
    |i_reg_484                        |    9|          2|   64|        128|
    |i_s_reg_573                      |    9|          2|   12|         24|
    |indvar_flatten_reg_617           |    9|          2|   68|        136|
    |j4_reg_606                       |    9|          2|    2|          4|
    |j5_reg_584                       |    9|          2|    3|          6|
    |j9_reg_639                       |    9|          2|    4|          8|
    |j_1_reg_540                      |    9|          2|    1|          2|
    |k_reg_662                        |    9|          2|   64|        128|
    |newshpA_address0                 |   15|          3|    3|          9|
    |newshpA_ce0                      |   15|          3|    1|          3|
    |newshpB_address0                 |   15|          3|    3|          9|
    |newshpB_ce0                      |   15|          3|    1|          3|
    |permA_address0                   |   27|          5|    3|         15|
    |permA_d0                         |   15|          3|   64|        192|
    |permB_address0                   |   27|          5|    3|         15|
    |permB_d0                         |   15|          3|    2|          6|
    |tmp_12_reg_650                   |    9|          2|   32|         64|
    +---------------------------------+-----+-----------+-----+-----------+
    |Total                            | 1061|        222| 1279|       3349|
    +---------------------------------+-----+-----------+-----+-----------+

    * Register: 
    +-------------------------------------+----+----+-----+-----------+
    |                 Name                | FF | LUT| Bits| Const Bits|
    +-------------------------------------+----+----+-----+-----------+
    |Ar_numel_read_cast_reg_1245          |  12|   0|   64|         52|
    |Ar_shape_load_reg_1284               |  64|   0|   64|          0|
    |B_array_addr_reg_1460                |  10|   0|   12|          2|
    |C_array_addr_reg_1526                |  12|   0|   12|          0|
    |ap_CS_fsm                            |  47|   0|   47|          0|
    |ap_enable_reg_pp0_iter0              |   1|   0|    1|          0|
    |ap_enable_reg_pp0_iter1              |   1|   0|    1|          0|
    |ap_enable_reg_pp2_iter0              |   1|   0|    1|          0|
    |ap_enable_reg_pp2_iter1              |   1|   0|    1|          0|
    |ap_enable_reg_pp3_iter0              |   1|   0|    1|          0|
    |ap_enable_reg_pp3_iter1              |   1|   0|    1|          0|
    |ap_enable_reg_pp3_iter2              |   1|   0|    1|          0|
    |ap_enable_reg_pp4_iter0              |   1|   0|    1|          0|
    |ap_enable_reg_pp4_iter1              |   1|   0|    1|          0|
    |ap_enable_reg_pp4_iter2              |   1|   0|    1|          0|
    |ap_enable_reg_pp5_iter0              |   1|   0|    1|          0|
    |ap_enable_reg_pp5_iter1              |   1|   0|    1|          0|
    |ap_enable_reg_pp5_iter2              |   1|   0|    1|          0|
    |ap_enable_reg_pp6_iter0              |   1|   0|    1|          0|
    |ap_enable_reg_pp6_iter1              |   1|   0|    1|          0|
    |ap_enable_reg_pp6_iter2              |   1|   0|    1|          0|
    |bound_reg_1465                       |  67|   0|   68|          1|
    |count_2_fu_170                       |  64|   0|   64|          0|
    |count_fu_134                         |  64|   0|   64|          0|
    |exitcond10_reg_1423                  |   1|   0|    1|          0|
    |exitcond10_reg_1423_pp5_iter1_reg    |   1|   0|    1|          0|
    |exitcond3_reg_1337                   |   1|   0|    1|          0|
    |exitcond4_reg_1361                   |   1|   0|    1|          0|
    |exitcond4_reg_1361_pp3_iter1_reg     |   1|   0|    1|          0|
    |exitcond5_reg_1380                   |   1|   0|    1|          0|
    |exitcond5_reg_1380_pp4_iter1_reg     |   1|   0|    1|          0|
    |exitcond7_reg_1315                   |   1|   0|    1|          0|
    |exitcond_reg_1531                    |   1|   0|    1|          0|
    |free_axesA_reg_1295                  |  64|   0|   64|          0|
    |fwork_load_1_reg_1555                |  32|   0|   32|          0|
    |fwork_load_reg_1550                  |  32|   0|   32|          0|
    |grp_k2c_idx2sub_fu_673_ap_start_reg  |   1|   0|    1|          0|
    |grp_k2c_sub2idx_fu_684_ap_start_reg  |   1|   0|    1|          0|
    |i_10_cast5_reg_1455                  |  10|   0|   64|         54|
    |i_10_reg_595                         |  10|   0|   10|          0|
    |i_11_reg_628                         |  64|   0|   64|          0|
    |i_15_cast_reg_1305                   |   3|   0|    3|          0|
    |i_15_reg_1300                        |  64|   0|   64|          0|
    |i_19_reg_1346                        |   2|   0|    2|          0|
    |i_1_reg_496                          |   2|   0|    2|          0|
    |i_22_reg_1407                        |  12|   0|   12|          0|
    |i_23_reg_1450                        |  10|   0|   10|          0|
    |i_4_cast_reg_1310                    |   3|   0|   64|         61|
    |i_4_reg_508                          |   3|   0|    3|          0|
    |i_5_reg_519                          |   3|   0|    3|          0|
    |i_7_reg_528                          |   2|   0|    2|          0|
    |i_8_cast_reg_1356                    |   3|   0|   64|         61|
    |i_8_cast_reg_1356_pp3_iter1_reg      |   3|   0|   64|         61|
    |i_8_reg_551                          |   3|   0|    3|          0|
    |i_9_cast6_reg_1389                   |   2|   0|   64|         62|
    |i_9_cast6_reg_1389_pp4_iter1_reg     |   2|   0|   64|         62|
    |i_9_reg_562                          |   2|   0|    2|          0|
    |i_cast1_reg_1412                     |  12|   0|   64|         52|
    |i_reg_484                            |  64|   0|   64|          0|
    |i_s_reg_573                          |  12|   0|   12|          0|
    |ifzero_reg_1488                      |   1|   0|    1|          0|
    |indvar_flatten_next_reg_1501         |  68|   0|   68|          0|
    |indvar_flatten_reg_617               |  68|   0|   68|          0|
    |j4_cast4_reg_1478                    |   2|   0|   64|         62|
    |j4_reg_606                           |   2|   0|    2|          0|
    |j5_cast_reg_1418                     |   3|   0|   64|         61|
    |j5_cast_reg_1418_pp5_iter1_reg       |   3|   0|   64|         61|
    |j5_reg_584                           |   3|   0|    3|          0|
    |j9_cast2_reg_1521                    |   4|   0|   12|          8|
    |j9_mid2_reg_1506                     |   4|   0|    4|          0|
    |j9_reg_639                           |   4|   0|    4|          0|
    |j_1_reg_540                          |   1|   0|    1|          0|
    |j_5_reg_1473                         |   2|   0|    2|          0|
    |k_1_reg_1535                         |  64|   0|   64|          0|
    |k_reg_662                            |  64|   0|   64|          0|
    |tmp_12_reg_650                       |  32|   0|   32|          0|
    |tmp_16_reg_1565                      |  32|   0|   32|          0|
    |tmp_35_reg_1290                      |  12|   0|   12|          0|
    |tmp_7_mid2_reg_1516                  |  12|   0|   12|          0|
    |tmp_7_mid2_v_v_reg_1511              |  64|   0|   64|          0|
    |tmp_s_reg_1560                       |  32|   0|   32|          0|
    |exitcond_reg_1531                    |  64|  32|    1|          0|
    +-------------------------------------+----+----+-----+-----------+
    |Total                                |1327|  32| 1924|        660|
    +-------------------------------------+----+----+-----+-----------+



================================================================
== Interface
================================================================
* Summary: 
+-------------------+-----+-----+------------+---------------+--------------+
|     RTL Ports     | Dir | Bits|  Protocol  | Source Object |    C Type    |
+-------------------+-----+-----+------------+---------------+--------------+
|ap_clk             |  in |    1| ap_ctrl_hs |    k2c_dot2   | return value |
|ap_rst             |  in |    1| ap_ctrl_hs |    k2c_dot2   | return value |
|ap_start           |  in |    1| ap_ctrl_hs |    k2c_dot2   | return value |
|ap_done            | out |    1| ap_ctrl_hs |    k2c_dot2   | return value |
|ap_idle            | out |    1| ap_ctrl_hs |    k2c_dot2   | return value |
|ap_ready           | out |    1| ap_ctrl_hs |    k2c_dot2   | return value |
|C_array_address0   | out |   12|  ap_memory |    C_array    |     array    |
|C_array_ce0        | out |    1|  ap_memory |    C_array    |     array    |
|C_array_we0        | out |    1|  ap_memory |    C_array    |     array    |
|C_array_d0         | out |   32|  ap_memory |    C_array    |     array    |
|Ar_array_address0  | out |   12|  ap_memory |    Ar_array   |     array    |
|Ar_array_ce0       | out |    1|  ap_memory |    Ar_array   |     array    |
|Ar_array_q0        |  in |   32|  ap_memory |    Ar_array   |     array    |
|Ar_ndim_read       |  in |   64|   ap_none  |  Ar_ndim_read |    scalar    |
|Ar_numel_read      |  in |   12|   ap_none  | Ar_numel_read |    scalar    |
|Ar_shape_address0  | out |    3|  ap_memory |    Ar_shape   |     array    |
|Ar_shape_ce0       | out |    1|  ap_memory |    Ar_shape   |     array    |
|Ar_shape_q0        |  in |   64|  ap_memory |    Ar_shape   |     array    |
|B_array_address0   | out |   12|  ap_memory |    B_array    |     array    |
|B_array_ce0        | out |    1|  ap_memory |    B_array    |     array    |
|B_array_q0         |  in |   32|  ap_memory |    B_array    |     array    |
|axesA_0_read       |  in |   64|   ap_none  |  axesA_0_read |    scalar    |
|fwork_address0     | out |   11|  ap_memory |     fwork     |     array    |
|fwork_ce0          | out |    1|  ap_memory |     fwork     |     array    |
|fwork_we0          | out |    1|  ap_memory |     fwork     |     array    |
|fwork_d0           | out |   32|  ap_memory |     fwork     |     array    |
|fwork_q0           |  in |   32|  ap_memory |     fwork     |     array    |
|fwork_address1     | out |   11|  ap_memory |     fwork     |     array    |
|fwork_ce1          | out |    1|  ap_memory |     fwork     |     array    |
|fwork_q1           |  in |   32|  ap_memory |     fwork     |     array    |
+-------------------+-----+-----+------------+---------------+--------------+

