

================================================================
== Vivado HLS Report for 'k2c_dense2_1'
================================================================
* Date:           Sun Apr 21 15:45:39 2024

* Version:        2018.2 (Build 2258646 on Thu Jun 14 20:25:20 MDT 2018)
* Project:        FaceClassifier
* Solution:       solution1
* Product family: virtexu
* Target device:  xcvu190-flgb2104-1-i


================================================================
== Performance Estimates
================================================================
+ Timing (ns): 
    * Summary: 
    +--------+-------+----------+------------+
    |  Clock | Target| Estimated| Uncertainty|
    +--------+-------+----------+------------+
    |ap_clk  |  10.00|     8.440|        1.25|
    +--------+-------+----------+------------+

+ Latency (clock cycles): 
    * Summary: 
    +-----+-----------+-----+-----------+---------+
    |     Latency     |     Interval    | Pipeline|
    | min |    max    | min |    max    |   Type  |
    +-----+-----------+-----+-----------+---------+
    |    3|  325050264|    3|  325050264|   none  |
    +-----+-----------+-----+-----------+---------+

    + Detail: 
        * Instance: 
        +-------------------------+--------------+-------+-----------+-------+-----------+---------+
        |                         |              |      Latency      |      Interval     | Pipeline|
        |         Instance        |    Module    |  min  |    max    |  min  |    max    |   Type  |
        +-------------------------+--------------+-------+-----------+-------+-----------+---------+
        |grp_k2c_dot2_fu_240      |k2c_dot2      |  81246|  276920828|  81246|  276920828|   none  |
        |grp_k2c_bias_add_fu_260  |k2c_bias_add  |     10|   48129433|     10|   48129433|   none  |
        +-------------------------+--------------+-------+-----------+-------+-----------+---------+

        * Loop: 
        +-------------+-----+-----+----------+-----------+-----------+------+----------+
        |             |  Latency  | Iteration|  Initiation Interval  | Trip |          |
        |  Loop Name  | min | max |  Latency |  achieved |   target  | Count| Pipelined|
        +-------------+-----+-----+----------+-----------+-----------+------+----------+
        |- Loop 1     |    0|    0|       409|          -|          -|     0|    no    |
        | + Loop 1.1  |  405|  405|        10|          4|          1|   100|    yes   |
        +-------------+-----+-----+----------+-----------+-----------+------+----------+



================================================================
== Utilization Estimates
================================================================
* Summary: 
+---------------------+---------+-------+---------+---------+
|         Name        | BRAM_18K| DSP48E|    FF   |   LUT   |
+---------------------+---------+-------+---------+---------+
|DSP                  |        -|      1|        -|        -|
|Expression           |        -|     10|        0|      645|
|FIFO                 |        -|      -|        -|        -|
|Instance             |        0|     33|    22204|    18005|
|Memory               |        7|      -|        0|        0|
|Multiplexer          |        -|      -|        -|      347|
|Register             |        0|      -|      779|       32|
+---------------------+---------+-------+---------+---------+
|Total                |        7|     44|    22983|    19029|
+---------------------+---------+-------+---------+---------+
|Available SLR        |     2520|    600|   716160|   358080|
+---------------------+---------+-------+---------+---------+
|Utilization SLR (%)  |    ~0   |      7|        3|        5|
+---------------------+---------+-------+---------+---------+
|Available            |     7560|   1800|  2148480|  1074240|
+---------------------+---------+-------+---------+---------+
|Utilization (%)      |    ~0   |      2|        1|        1|
+---------------------+---------+-------+---------+---------+

+ Detail: 
    * Instance: 
    +---------------------------+----------------------+---------+-------+-------+-------+
    |          Instance         |        Module        | BRAM_18K| DSP48E|   FF  |  LUT  |
    +---------------------------+----------------------+---------+-------+-------+-------+
    |face_classifier_ceOg_U99   |face_classifier_ceOg  |        0|      2|    227|    214|
    |face_classifier_cfYi_U100  |face_classifier_cfYi  |        0|      3|    128|    138|
    |grp_k2c_bias_add_fu_260    |k2c_bias_add          |        0|      2|    549|    512|
    |grp_k2c_dot2_fu_240        |k2c_dot2              |        0|     26|  21300|  17141|
    +---------------------------+----------------------+---------+-------+-------+-------+
    |Total                      |                      |        0|     33|  22204|  18005|
    +---------------------------+----------------------+---------+-------+-------+-------+

    * DSP48: 
    +---------------------------+----------------------+-----------+
    |          Instance         |        Module        | Expression|
    +---------------------------+----------------------+-----------+
    |face_classifier_cAem_U101  |face_classifier_cAem  |  i0 * i1  |
    +---------------------------+----------------------+-----------+

    * Memory: 
    +------------------------+----------------------+---------+---+----+------+-----+------+-------------+
    |         Memory         |        Module        | BRAM_18K| FF| LUT| Words| Bits| Banks| W*Bits*Banks|
    +------------------------+----------------------+---------+---+----+------+-----+------+-------------+
    |dense_1_kernel_array_U  |k2c_dense2_1_denszec  |        7|  0|   0|  2622|   32|     1|        83904|
    +------------------------+----------------------+---------+---+----+------+-----+------+-------------+
    |Total                   |                      |        7|  0|   0|  2622|   32|     1|        83904|
    +------------------------+----------------------+---------+---+----+------+-----+------+-------------+

    * FIFO: 
    N/A

    * Expression: 
    +---------------------------------+----------+-------+---+----+------------+------------+
    |          Variable Name          | Operation| DSP48E| FF| LUT| Bitwidth P0| Bitwidth P1|
    +---------------------------------+----------+-------+---+----+------------+------------+
    |bound_fu_416_p2                  |     *    |     10|  0|  46|          64|           4|
    |i_s_fu_338_p2                    |     +    |      0|  0|  71|           1|          64|
    |indvar_flatten_next_fu_318_p2    |     +    |      0|  0|  75|          68|           1|
    |j_7_fu_487_p2                    |     +    |      0|  0|  12|           4|           1|
    |k_3_fu_431_p2                    |     +    |      0|  0|  15|           7|           1|
    |tmp1_fu_389_p2                   |     +    |      0|  0|  19|          13|          13|
    |tmp2_fu_467_p2                   |     +    |      0|  0|  15|           8|           8|
    |tmp_29_fu_285_p2                 |     +    |      0|  0|  71|           2|          64|
    |tmp_30_fu_395_p2                 |     +    |      0|  0|  19|          13|          13|
    |tmp_32_fu_441_p2                 |     +    |      0|  0|  20|          13|          13|
    |tmp_34_fu_476_p2                 |     +    |      0|  0|  17|          10|          10|
    |ap_block_state4_on_subcall_done  |    and   |      0|  0|   2|           1|           1|
    |ap_condition_585                 |    and   |      0|  0|   2|           1|           1|
    |exitcond14_fu_324_p2             |   icmp   |      0|  0|   9|           4|           4|
    |exitcond_flatten_fu_313_p2       |   icmp   |      0|  0|  49|          68|          68|
    |exitcond_fu_425_p2               |   icmp   |      0|  0|  11|           7|           6|
    |icmp_fu_307_p2                   |   icmp   |      0|  0|  28|          63|           1|
    |tmp_fu_279_p2                    |   icmp   |      0|  0|  28|          64|           2|
    |j_mid2_fu_330_p3                 |  select  |      0|  0|   4|           1|           1|
    |outrows1_fu_406_p3               |  select  |      0|  0|  64|           1|          64|
    |p_shl_mid2_v_v_fu_344_p3         |  select  |      0|  0|  64|           1|          64|
    |ap_enable_pp0                    |    xor   |      0|  0|   2|           1|           2|
    |ap_enable_reg_pp0_iter1          |    xor   |      0|  0|   2|           2|           1|
    +---------------------------------+----------+-------+---+----+------------+------------+
    |Total                            |          |     10|  0| 645|         417|         407|
    +---------------------------------+----------+-------+---+----+------------+------------+

    * Multiplexer: 
    +---------------------------------+----+-----------+-----+-----------+
    |               Name              | LUT| Input Size| Bits| Total Bits|
    +---------------------------------+----+-----------+-----+-----------+
    |ap_NS_fsm                        |  56|         13|    1|         13|
    |ap_enable_reg_pp0_iter1          |   9|          2|    1|          2|
    |ap_enable_reg_pp0_iter2          |   9|          2|    1|          2|
    |ap_phi_mux_k_phi_fu_233_p4       |   9|          2|    7|         14|
    |ap_phi_mux_tmp_31_phi_fu_222_p4  |   9|          2|   32|         64|
    |bias_array_address0              |  15|          3|   12|         36|
    |bias_array_ce0                   |  15|          3|    1|          3|
    |dense_1_kernel_array_address0    |  15|          3|   12|         36|
    |dense_1_kernel_array_ce0         |  15|          3|    1|          3|
    |i_reg_197                        |   9|          2|   64|        128|
    |indvar_flatten_reg_186           |   9|          2|   68|        136|
    |input_array_address0             |  15|          3|   12|         36|
    |input_array_ce0                  |  15|          3|    1|          3|
    |input_shape_address0             |  15|          3|    3|          9|
    |input_shape_ce0                  |  15|          3|    1|          3|
    |j_reg_208                        |   9|          2|    4|          8|
    |k_reg_229                        |   9|          2|    7|         14|
    |output_array_address0            |  21|          4|   12|         48|
    |output_array_ce0                 |  21|          4|    1|          4|
    |output_array_d0                  |  27|          5|   32|        160|
    |output_array_we0                 |  21|          4|    1|          4|
    |tmp_31_reg_219                   |   9|          2|   32|         64|
    +---------------------------------+----+-----------+-----+-----------+
    |Total                            | 347|         72|  306|        790|
    +---------------------------------+----+-----------+-----+-----------+

    * Register: 
    +--------------------------------------+----+----+-----+-----------+
    |                 Name                 | FF | LUT| Bits| Const Bits|
    +--------------------------------------+----+----+-----+-----------+
    |ap_CS_fsm                             |  12|   0|   12|          0|
    |ap_enable_reg_pp0_iter0               |   1|   0|    1|          0|
    |ap_enable_reg_pp0_iter1               |   1|   0|    1|          0|
    |ap_enable_reg_pp0_iter2               |   1|   0|    1|          0|
    |bound_reg_575                         |  67|   0|   68|          1|
    |dense_1_kernel_array_2_reg_619        |  32|   0|   32|          0|
    |exitcond_reg_595                      |   1|   0|    1|          0|
    |grp_k2c_bias_add_fu_260_ap_start_reg  |   1|   0|    1|          0|
    |grp_k2c_dot2_fu_240_ap_start_reg      |   1|   0|    1|          0|
    |i_reg_197                             |  64|   0|   64|          0|
    |icmp_reg_526                          |   1|   0|    1|          0|
    |indvar_flatten_next_reg_539           |  68|   0|   68|          0|
    |indvar_flatten_reg_186                |  68|   0|   68|          0|
    |inneridx_mid2_reg_580                 |  13|   0|   13|          0|
    |input_array_load_reg_614              |  32|   0|   32|          0|
    |j_cast7_reg_585                       |   4|   0|    8|          4|
    |j_mid2_reg_544                        |   4|   0|    4|          0|
    |j_reg_208                             |   4|   0|    4|          0|
    |k_3_reg_599                           |   7|   0|    7|          0|
    |k_reg_229                             |   7|   0|    7|          0|
    |output_array_addr_reg_565             |  12|   0|   12|          0|
    |outrows1_reg_570                      |  64|   0|   64|          0|
    |p_shl_mid2_v_v_reg_550                |  64|   0|   64|          0|
    |tmp_29_reg_516                        |  64|   0|   64|          0|
    |tmp_31_reg_219                        |  32|   0|   32|          0|
    |tmp_35_reg_624                        |  32|   0|   32|          0|
    |tmp_36_reg_629                        |  32|   0|   32|          0|
    |tmp_55_reg_521                        |  12|   0|   12|          0|
    |tmp_56_reg_555                        |  13|   0|   13|          0|
    |tmp_reg_512                           |   1|   0|    1|          0|
    |exitcond_reg_595                      |  64|  32|    1|          0|
    +--------------------------------------+----+----+-----+-----------+
    |Total                                 | 779|  32|  721|          5|
    +--------------------------------------+----+----+-----+-----------+



================================================================
== Interface
================================================================
* Summary: 
+-----------------------+-----+-----+------------+-------------------+--------------+
|       RTL Ports       | Dir | Bits|  Protocol  |   Source Object   |    C Type    |
+-----------------------+-----+-----+------------+-------------------+--------------+
|ap_clk                 |  in |    1| ap_ctrl_hs |    k2c_dense2.1   | return value |
|ap_rst                 |  in |    1| ap_ctrl_hs |    k2c_dense2.1   | return value |
|ap_start               |  in |    1| ap_ctrl_hs |    k2c_dense2.1   | return value |
|ap_done                | out |    1| ap_ctrl_hs |    k2c_dense2.1   | return value |
|ap_idle                | out |    1| ap_ctrl_hs |    k2c_dense2.1   | return value |
|ap_ready               | out |    1| ap_ctrl_hs |    k2c_dense2.1   | return value |
|output_array_address0  | out |   12|  ap_memory |    output_array   |     array    |
|output_array_ce0       | out |    1|  ap_memory |    output_array   |     array    |
|output_array_we0       | out |    1|  ap_memory |    output_array   |     array    |
|output_array_d0        | out |   32|  ap_memory |    output_array   |     array    |
|output_array_q0        |  in |   32|  ap_memory |    output_array   |     array    |
|output_numel_read      |  in |   64|   ap_none  | output_numel_read |    scalar    |
|input_array_address0   | out |   12|  ap_memory |    input_array    |     array    |
|input_array_ce0        | out |    1|  ap_memory |    input_array    |     array    |
|input_array_q0         |  in |   32|  ap_memory |    input_array    |     array    |
|input_ndim_read        |  in |   64|   ap_none  |  input_ndim_read  |    scalar    |
|input_numel_read       |  in |   64|   ap_none  |  input_numel_read |    scalar    |
|input_shape_address0   | out |    3|  ap_memory |    input_shape    |     array    |
|input_shape_ce0        | out |    1|  ap_memory |    input_shape    |     array    |
|input_shape_q0         |  in |   64|  ap_memory |    input_shape    |     array    |
|bias_array_address0    | out |   12|  ap_memory |     bias_array    |     array    |
|bias_array_ce0         | out |    1|  ap_memory |     bias_array    |     array    |
|bias_array_q0          |  in |   32|  ap_memory |     bias_array    |     array    |
|bias_numel_read        |  in |   64|   ap_none  |  bias_numel_read  |    scalar    |
|fwork_address0         | out |   11|  ap_memory |       fwork       |     array    |
|fwork_ce0              | out |    1|  ap_memory |       fwork       |     array    |
|fwork_we0              | out |    1|  ap_memory |       fwork       |     array    |
|fwork_d0               | out |   32|  ap_memory |       fwork       |     array    |
|fwork_q0               |  in |   32|  ap_memory |       fwork       |     array    |
|fwork_address1         | out |   11|  ap_memory |       fwork       |     array    |
|fwork_ce1              | out |    1|  ap_memory |       fwork       |     array    |
|fwork_q1               |  in |   32|  ap_memory |       fwork       |     array    |
+-----------------------+-----+-----+------------+-------------------+--------------+

