

================================================================
== Vivado HLS Report for 'k2c_dense'
================================================================
* Date:           Sun Apr 21 15:45:35 2024

* Version:        2018.2 (Build 2258646 on Thu Jun 14 20:25:20 MDT 2018)
* Project:        FaceClassifier
* Solution:       solution1
* Product family: virtexu
* Target device:  xcvu190-flgb2104-1-i


================================================================
== Performance Estimates
================================================================
+ Timing (ns): 
    * Summary: 
    +--------+-------+----------+------------+
    |  Clock | Target| Estimated| Uncertainty|
    +--------+-------+----------+------------+
    |ap_clk  |  10.00|     8.461|        1.25|
    +--------+-------+----------+------------+

+ Latency (clock cycles): 
    * Summary: 
    +-----+------------+-----+------------+---------+
    |      Latency     |     Interval     | Pipeline|
    | min |     max    | min |     max    |   Type  |
    +-----+------------+-----+------------+---------+
    |    3|  2943205596|    3|  2943205596|   none  |
    +-----+------------+-----+------------+---------+

    + Detail: 
        * Instance: 
        +-------------------------+--------------+----------+------------+----------+------------+---------+
        |                         |              |        Latency        |        Interval       | Pipeline|
        |         Instance        |    Module    |    min   |     max    |    min   |     max    |   Type  |
        +-------------------------+--------------+----------+------------+----------+------------+---------+
        |grp_k2c_dot_fu_237       |k2c_dot       |  21239578|  2895076160|  21239578|  2895076160|   none  |
        |grp_k2c_bias_add_fu_258  |k2c_bias_add  |        10|    48129433|        10|    48129433|   none  |
        +-------------------------+--------------+----------+------------+----------+------------+---------+

        * Loop: 
        +---------------------+-------+-------+----------+-----------+-----------+------+----------+
        |                     |    Latency    | Iteration|  Initiation Interval  | Trip |          |
        |      Loop Name      |  min  |  max  |  Latency |  achieved |   target  | Count| Pipelined|
        +---------------------+-------+-------+----------+-----------+-----------+------+----------+
        |- Loop 1             |      0|      0|     10497|          -|          -|     0|    no    |
        | + k2c_dense_label0  |  10493|  10493|        10|          4|          1|  2622|    yes   |
        +---------------------+-------+-------+----------+-----------+-----------+------+----------+



================================================================
== Utilization Estimates
================================================================
* Summary: 
+---------------------+---------+-------+---------+---------+
|         Name        | BRAM_18K| DSP48E|    FF   |   LUT   |
+---------------------+---------+-------+---------+---------+
|DSP                  |        -|      2|        -|        -|
|Expression           |        -|     10|        0|      644|
|FIFO                 |        -|      -|        -|        -|
|Instance             |        0|     35|    22425|    18254|
|Memory               |        7|      -|        0|        0|
|Multiplexer          |        -|      -|        -|      371|
|Register             |        0|      -|      832|       32|
+---------------------+---------+-------+---------+---------+
|Total                |        7|     47|    23257|    19301|
+---------------------+---------+-------+---------+---------+
|Available SLR        |     2520|    600|   716160|   358080|
+---------------------+---------+-------+---------+---------+
|Utilization SLR (%)  |    ~0   |      7|        3|        5|
+---------------------+---------+-------+---------+---------+
|Available            |     7560|   1800|  2148480|  1074240|
+---------------------+---------+-------+---------+---------+
|Utilization (%)      |    ~0   |      2|        1|        1|
+---------------------+---------+-------+---------+---------+

+ Detail: 
    * Instance: 
    +--------------------------+----------------------+---------+-------+-------+-------+
    |         Instance         |        Module        | BRAM_18K| DSP48E|   FF  |  LUT  |
    +--------------------------+----------------------+---------+-------+-------+-------+
    |face_classifier_ceOg_U38  |face_classifier_ceOg  |        0|      2|    227|    214|
    |face_classifier_cfYi_U39  |face_classifier_cfYi  |        0|      3|    128|    138|
    |grp_k2c_bias_add_fu_258   |k2c_bias_add          |        0|      2|    549|    512|
    |grp_k2c_dot_fu_237        |k2c_dot               |        0|     28|  21521|  17390|
    +--------------------------+----------------------+---------+-------+-------+-------+
    |Total                     |                      |        0|     35|  22425|  18254|
    +--------------------------+----------------------+---------+-------+-------+-------+

    * DSP48: 
    +--------------------------+----------------------+--------------+
    |         Instance         |        Module        |  Expression  |
    +--------------------------+----------------------+--------------+
    |face_classifier_chbi_U40  |face_classifier_chbi  | i0 + i1 * i2 |
    |face_classifier_ckbM_U41  |face_classifier_ckbM  |    i0 * i1   |
    +--------------------------+----------------------+--------------+

    * Memory: 
    +--------------------+----------------------+---------+---+----+------+-----+------+-------------+
    |       Memory       |        Module        | BRAM_18K| FF| LUT| Words| Bits| Banks| W*Bits*Banks|
    +--------------------+----------------------+---------+---+----+------+-----+------+-------------+
    |dense_bias_array_U  |k2c_dense_dense_bjbC  |        7|  0|   0|  2622|   32|     1|        83904|
    +--------------------+----------------------+---------+---+----+------+-----+------+-------------+
    |Total               |                      |        7|  0|   0|  2622|   32|     1|        83904|
    +--------------------+----------------------+---------+---+----+------+-----+------+-------------+

    * FIFO: 
    N/A

    * Expression: 
    +---------------------------------+----------+-------+---+----+------------+------------+
    |          Variable Name          | Operation| DSP48E| FF| LUT| Bitwidth P0| Bitwidth P1|
    +---------------------------------+----------+-------+---+----+------------+------------+
    |bound_fu_370_p2                  |     *    |     10|  0|  46|          64|           7|
    |i_s_fu_337_p2                    |     +    |      0|  0|  71|           1|          64|
    |indvar_flatten_next_fu_317_p2    |     +    |      0|  0|  78|          71|           1|
    |j_9_fu_428_p2                    |     +    |      0|  0|  15|           7|           1|
    |k_4_fu_392_p2                    |     +    |      0|  0|  19|          12|           1|
    |next_mul_fu_422_p2               |     +    |      0|  0|  26|          19|           7|
    |tmp_43_fu_284_p2                 |     +    |      0|  0|  71|          64|           2|
    |tmp_46_fu_402_p2                 |     +    |      0|  0|  20|          13|          13|
    |tmp_48_fu_412_p2                 |     +    |      0|  0|  26|          19|          19|
    |ap_block_state4_on_subcall_done  |    and   |      0|  0|   2|           1|           1|
    |ap_condition_571                 |    and   |      0|  0|   2|           1|           1|
    |exitcond14_fu_323_p2             |   icmp   |      0|  0|  11|           7|           6|
    |exitcond_flatten_fu_312_p2       |   icmp   |      0|  0|  49|          71|          71|
    |exitcond_fu_386_p2               |   icmp   |      0|  0|  13|          12|          12|
    |icmp_fu_301_p2                   |   icmp   |      0|  0|  28|          63|           1|
    |tmp_fu_278_p2                    |   icmp   |      0|  0|  28|          64|           2|
    |j_mid2_fu_329_p3                 |  select  |      0|  0|   7|           1|           1|
    |outrowidx_mid2_v_v_fu_343_p3     |  select  |      0|  0|  64|           1|          64|
    |outrows2_fu_360_p3               |  select  |      0|  0|  64|           1|          64|
    |ap_enable_pp0                    |    xor   |      0|  0|   2|           1|           2|
    |ap_enable_reg_pp0_iter1          |    xor   |      0|  0|   2|           2|           1|
    +---------------------------------+----------+-------+---+----+------------+------------+
    |Total                            |          |     10|  0| 644|         495|         341|
    +---------------------------------+----------+-------+---+----+------------+------------+

    * Multiplexer: 
    +----------------------------------+----+-----------+-----+-----------+
    |               Name               | LUT| Input Size| Bits| Total Bits|
    +----------------------------------+----+-----------+-----+-----------+
    |ap_NS_fsm                         |  56|         13|    1|         13|
    |ap_enable_reg_pp0_iter1           |   9|          2|    1|          2|
    |ap_enable_reg_pp0_iter2           |   9|          2|    1|          2|
    |ap_phi_mux_k_phi_fu_218_p4        |   9|          2|   12|         24|
    |ap_phi_mux_phi_mul_phi_fu_229_p4  |   9|          2|   19|         38|
    |ap_phi_mux_tmp_45_phi_fu_207_p4   |   9|          2|   32|         64|
    |dense_bias_array_address0         |  15|          3|   12|         36|
    |dense_bias_array_ce0              |  15|          3|    1|          3|
    |dense_output_array_address0       |  27|          5|   12|         60|
    |dense_output_array_ce0            |  21|          4|    1|          4|
    |dense_output_array_d0             |  27|          5|   32|        160|
    |dense_output_array_we0            |  21|          4|    1|          4|
    |i_reg_182                         |   9|          2|   64|        128|
    |indvar_flatten_reg_171            |   9|          2|   71|        142|
    |input_array_address0              |  15|          3|   12|         36|
    |input_array_ce0                   |  15|          3|    1|          3|
    |input_shape_address0              |  15|          3|    3|          9|
    |input_shape_ce0                   |  15|          3|    1|          3|
    |j_reg_193                         |   9|          2|    7|         14|
    |k_reg_214                         |   9|          2|   12|         24|
    |kernel_array_address0             |  15|          3|   19|         57|
    |kernel_array_ce0                  |  15|          3|    1|          3|
    |phi_mul_reg_225                   |   9|          2|   19|         38|
    |tmp_45_reg_204                    |   9|          2|   32|         64|
    +----------------------------------+----+-----------+-----+-----------+
    |Total                             | 371|         77|  367|        931|
    +----------------------------------+----+-----------+-----+-----------+

    * Register: 
    +--------------------------------------+----+----+-----+-----------+
    |                 Name                 | FF | LUT| Bits| Const Bits|
    +--------------------------------------+----+----+-----+-----------+
    |ap_CS_fsm                             |  12|   0|   12|          0|
    |ap_enable_reg_pp0_iter0               |   1|   0|    1|          0|
    |ap_enable_reg_pp0_iter1               |   1|   0|    1|          0|
    |ap_enable_reg_pp0_iter2               |   1|   0|    1|          0|
    |bound_reg_516                         |  69|   0|   71|          2|
    |dense_output_array_a_reg_536          |  12|   0|   12|          0|
    |exitcond_reg_541                      |   1|   0|    1|          0|
    |grp_k2c_bias_add_fu_258_ap_start_reg  |   1|   0|    1|          0|
    |grp_k2c_dot_fu_237_ap_start_reg       |   1|   0|    1|          0|
    |i_reg_182                             |  64|   0|   64|          0|
    |icmp_reg_465                          |   1|   0|    1|          0|
    |indvar_flatten_next_reg_483           |  71|   0|   71|          0|
    |indvar_flatten_reg_171                |  71|   0|   71|          0|
    |inneridx_mid2_reg_521                 |  13|   0|   13|          0|
    |input_array_load_reg_560              |  32|   0|   32|          0|
    |j_cast4_reg_526                       |   7|   0|   19|         12|
    |j_mid2_reg_488                        |   7|   0|    7|          0|
    |j_reg_193                             |   7|   0|    7|          0|
    |k_4_reg_545                           |  12|   0|   12|          0|
    |k_reg_214                             |  12|   0|   12|          0|
    |kernel_array_load_reg_565             |  32|   0|   32|          0|
    |next_mul_reg_570                      |  19|   0|   19|          0|
    |outrowidx_mid2_v_v_reg_495            |  64|   0|   64|          0|
    |outrows2_reg_511                      |  64|   0|   64|          0|
    |phi_mul_reg_225                       |  19|   0|   19|          0|
    |tmp_43_reg_460                        |  64|   0|   64|          0|
    |tmp_45_reg_204                        |  32|   0|   32|          0|
    |tmp_49_reg_575                        |  32|   0|   32|          0|
    |tmp_50_reg_580                        |  32|   0|   32|          0|
    |tmp_67_reg_500                        |  13|   0|   13|          0|
    |tmp_reg_456                           |   1|   0|    1|          0|
    |exitcond_reg_541                      |  64|  32|    1|          0|
    +--------------------------------------+----+----+-----+-----------+
    |Total                                 | 832|  32|  783|         14|
    +--------------------------------------+----+----+-----+-----------+



================================================================
== Interface
================================================================
* Summary: 
+-----------------------------+-----+-----+------------+--------------------+--------------+
|          RTL Ports          | Dir | Bits|  Protocol  |    Source Object   |    C Type    |
+-----------------------------+-----+-----+------------+--------------------+--------------+
|ap_clk                       |  in |    1| ap_ctrl_hs |      k2c_dense     | return value |
|ap_rst                       |  in |    1| ap_ctrl_hs |      k2c_dense     | return value |
|ap_start                     |  in |    1| ap_ctrl_hs |      k2c_dense     | return value |
|ap_done                      | out |    1| ap_ctrl_hs |      k2c_dense     | return value |
|ap_idle                      | out |    1| ap_ctrl_hs |      k2c_dense     | return value |
|ap_ready                     | out |    1| ap_ctrl_hs |      k2c_dense     | return value |
|input_array_address0         | out |   12|  ap_memory |     input_array    |     array    |
|input_array_ce0              | out |    1|  ap_memory |     input_array    |     array    |
|input_array_q0               |  in |   32|  ap_memory |     input_array    |     array    |
|input_ndim_read              |  in |   64|   ap_none  |   input_ndim_read  |    scalar    |
|input_numel_read             |  in |   64|   ap_none  |  input_numel_read  |    scalar    |
|input_shape_address0         | out |    3|  ap_memory |     input_shape    |     array    |
|input_shape_ce0              | out |    1|  ap_memory |     input_shape    |     array    |
|input_shape_q0               |  in |   64|  ap_memory |     input_shape    |     array    |
|kernel_array_address0        | out |   19|  ap_memory |    kernel_array    |     array    |
|kernel_array_ce0             | out |    1|  ap_memory |    kernel_array    |     array    |
|kernel_array_q0              |  in |   32|  ap_memory |    kernel_array    |     array    |
|fwork_address0               | out |   19|  ap_memory |        fwork       |     array    |
|fwork_ce0                    | out |    1|  ap_memory |        fwork       |     array    |
|fwork_we0                    | out |    1|  ap_memory |        fwork       |     array    |
|fwork_d0                     | out |   32|  ap_memory |        fwork       |     array    |
|fwork_q0                     |  in |   32|  ap_memory |        fwork       |     array    |
|fwork_address1               | out |   19|  ap_memory |        fwork       |     array    |
|fwork_ce1                    | out |    1|  ap_memory |        fwork       |     array    |
|fwork_q1                     |  in |   32|  ap_memory |        fwork       |     array    |
|dense_output_array_address0  | out |   12|  ap_memory | dense_output_array |     array    |
|dense_output_array_ce0       | out |    1|  ap_memory | dense_output_array |     array    |
|dense_output_array_we0       | out |    1|  ap_memory | dense_output_array |     array    |
|dense_output_array_d0        | out |   32|  ap_memory | dense_output_array |     array    |
|dense_output_array_q0        |  in |   32|  ap_memory | dense_output_array |     array    |
|dense_output_numel           |  in |   64|   ap_none  | dense_output_numel |    pointer   |
+-----------------------------+-----+-----+------------+--------------------+--------------+

