

================================================================
== Vivado HLS Report for 'k2c_idx2sub'
================================================================
* Date:           Sun Apr 21 15:45:32 2024

* Version:        2018.2 (Build 2258646 on Thu Jun 14 20:25:20 MDT 2018)
* Project:        FaceClassifier
* Solution:       solution1
* Product family: virtexu
* Target device:  xcvu190-flgb2104-1-i


================================================================
== Performance Estimates
================================================================
+ Timing (ns): 
    * Summary: 
    +--------+-------+----------+------------+
    |  Clock | Target| Estimated| Uncertainty|
    +--------+-------+----------+------------+
    |ap_clk  |  10.00|     3.062|        1.25|
    +--------+-------+----------+------------+

+ Latency (clock cycles): 
    * Summary: 
    +-----+-----+-----+-----+---------+
    |  Latency  |  Interval | Pipeline|
    | min | max | min | max |   Type  |
    +-----+-----+-----+-----+---------+
    |   70|  346|   70|  346|   none  |
    +-----+-----+-----+-----+---------+

    + Detail: 
        * Instance: 
        N/A

        * Loop: 
        +----------+-----+-----+----------+-----------+-----------+-------+----------+
        |          |  Latency  | Iteration|  Initiation Interval  |  Trip |          |
        | Loop Name| min | max |  Latency |  achieved |   target  | Count | Pipelined|
        +----------+-----+-----+----------+-----------+-----------+-------+----------+
        |- Loop 1  |   69|  345|        69|          -|          -| 1 ~ 5 |    no    |
        +----------+-----+-----+----------+-----------+-----------+-------+----------+



================================================================
== Utilization Estimates
================================================================
* Summary: 
+---------------------+---------+-------+---------+---------+
|         Name        | BRAM_18K| DSP48E|    FF   |   LUT   |
+---------------------+---------+-------+---------+---------+
|DSP                  |        -|      -|        -|        -|
|Expression           |        -|      -|        0|       39|
|FIFO                 |        -|      -|        -|        -|
|Instance             |        -|      -|    17302|    13214|
|Memory               |        -|      -|        -|        -|
|Multiplexer          |        -|      -|        -|      335|
|Register             |        -|      -|      230|        -|
+---------------------+---------+-------+---------+---------+
|Total                |        0|      0|    17532|    13588|
+---------------------+---------+-------+---------+---------+
|Available SLR        |     2520|    600|   716160|   358080|
+---------------------+---------+-------+---------+---------+
|Utilization SLR (%)  |        0|      0|        2|        3|
+---------------------+---------+-------+---------+---------+
|Available            |     7560|   1800|  2148480|  1074240|
+---------------------+---------+-------+---------+---------+
|Utilization (%)      |        0|      0|    ~0   |        1|
+---------------------+---------+-------+---------+---------+

+ Detail: 
    * Instance: 
    +-------------------------+----------------------+---------+-------+------+------+
    |         Instance        |        Module        | BRAM_18K| DSP48E|  FF  |  LUT |
    +-------------------------+----------------------+---------+-------+------+------+
    |face_classifier_cbkb_U1  |face_classifier_cbkb  |        0|      0|  8651|  6607|
    |face_classifier_ccud_U2  |face_classifier_ccud  |        0|      0|  8651|  6607|
    +-------------------------+----------------------+---------+-------+------+------+
    |Total                    |                      |        0|      0| 17302| 13214|
    +-------------------------+----------------------+---------+-------+------+------+

    * DSP48: 
    N/A

    * Memory: 
    N/A

    * FIFO: 
    N/A

    * Expression: 
    +--------------+----------+-------+---+----+------------+------------+
    | Variable Name| Operation| DSP48E| FF| LUT| Bitwidth P0| Bitwidth P1|
    +--------------+----------+-------+---+----+------------+------------+
    |i_fu_97_p2    |     +    |      0|  0|  39|          32|           2|
    +--------------+----------+-------+---+----+------------+------------+
    |Total         |          |      0|  0|  39|          32|           2|
    +--------------+----------+-------+---+----+------------+------------+

    * Multiplexer: 
    +---------------+-----+-----------+-----+-----------+
    |      Name     | LUT | Input Size| Bits| Total Bits|
    +---------------+-----+-----------+-----+-----------+
    |ap_NS_fsm      |  317|         71|    1|         71|
    |i_0_in_reg_84  |    9|          2|   32|         64|
    |idx2_reg_74    |    9|          2|   64|        128|
    +---------------+-----+-----------+-----+-----------+
    |Total          |  335|         75|   97|        263|
    +---------------+-----+-----------+-----+-----------+

    * Register: 
    +---------------+----+----+-----+-----------+
    |      Name     | FF | LUT| Bits| Const Bits|
    +---------------+----+----+-----+-----------+
    |ap_CS_fsm      |  70|   0|   70|          0|
    |i_0_in_reg_84  |  32|   0|   32|          0|
    |i_reg_139      |  32|   0|   32|          0|
    |idx2_reg_74    |  64|   0|   64|          0|
    |tmp_5_reg_147  |  32|   0|   64|         32|
    +---------------+----+----+-----+-----------+
    |Total          | 230|   0|  262|         32|
    +---------------+----+----+-----+-----------+



================================================================
== Interface
================================================================
* Summary: 
+----------------+-----+-----+------------+--------------+--------------+
|    RTL Ports   | Dir | Bits|  Protocol  | Source Object|    C Type    |
+----------------+-----+-----+------------+--------------+--------------+
|ap_clk          |  in |    1| ap_ctrl_hs |  k2c_idx2sub | return value |
|ap_rst          |  in |    1| ap_ctrl_hs |  k2c_idx2sub | return value |
|ap_start        |  in |    1| ap_ctrl_hs |  k2c_idx2sub | return value |
|ap_done         | out |    1| ap_ctrl_hs |  k2c_idx2sub | return value |
|ap_idle         | out |    1| ap_ctrl_hs |  k2c_idx2sub | return value |
|ap_ready        | out |    1| ap_ctrl_hs |  k2c_idx2sub | return value |
|idx             |  in |   64|   ap_none  |      idx     |    scalar    |
|sub_address0    | out |    3|  ap_memory |      sub     |     array    |
|sub_ce0         | out |    1|  ap_memory |      sub     |     array    |
|sub_we0         | out |    1|  ap_memory |      sub     |     array    |
|sub_d0          | out |   64|  ap_memory |      sub     |     array    |
|shape_address0  | out |    3|  ap_memory |     shape    |     array    |
|shape_ce0       | out |    1|  ap_memory |     shape    |     array    |
|shape_q0        |  in |   64|  ap_memory |     shape    |     array    |
|ndim            |  in |   64|   ap_none  |     ndim     |    scalar    |
+----------------+-----+-----+------------+--------------+--------------+

