

================================================================
== Vivado HLS Report for 'face_classifier_c'
================================================================
* Date:           Sun Apr 21 02:18:33 2024

* Version:        2018.2 (Build 2258646 on Thu Jun 14 20:25:20 MDT 2018)
* Project:        FaceClassifier
* Solution:       solution1
* Product family: virtexu
* Target device:  xcvu160-flgc2104-2-e


================================================================
== Performance Estimates
================================================================
+ Timing (ns): 
    * Summary: 
    +--------+-------+----------+------------+
    |  Clock | Target| Estimated| Uncertainty|
    +--------+-------+----------+------------+
    |ap_clk  |  10.00|     8.750|        1.25|
    +--------+-------+----------+------------+

+ Latency (clock cycles): 
    * Summary: 
    +-----+-----+-----+-----+---------+
    |  Latency  |  Interval | Pipeline|
    | min | max | min | max |   Type  |
    +-----+-----+-----+-----+---------+
    |    ?|    ?|    ?|    ?|   none  |
    +-----+-----+-----+-----+---------+

    + Detail: 
        * Instance: 
        +----------------------------------+----------------------+-----+-----+-----+-----+----------+
        |                                  |                      |  Latency  |  Interval | Pipeline |
        |             Instance             |        Module        | min | max | min | max |   Type   |
        +----------------------------------+----------------------+-----+-----+-----+-----+----------+
        |grp_k2c_dense_2_fu_1840           |k2c_dense_2           |    ?|    ?|    ?|    ?|   none   |
        |grp_k2c_dense_1_fu_1863           |k2c_dense_1           |    ?|    ?|    ?|    ?|   none   |
        |grp_k2c_dense_fu_1886             |k2c_dense             |    ?|    ?|    ?|    ?|   none   |
        |grp_generic_tanh_float_s_fu_1905  |generic_tanh_float_s  |   32|   32|    1|    1| function |
        |grp_k2c_batch_norm_fu_1918        |k2c_batch_norm        |    ?|    ?|    ?|    ?|   none   |
        +----------------------------------+----------------------+-----+-----+-----+-----+----------+

        * Loop: 
        +-----------------------------+--------+--------+----------+-----------+-----------+------------+----------+
        |                             |     Latency     | Iteration|  Initiation Interval  |    Trip    |          |
        |          Loop Name          |   min  |   max  |  Latency |  achieved |   target  |    Count   | Pipelined|
        +-----------------------------+--------+--------+----------+-----------+-----------+------------+----------+
        |- Loop 1                     |     100|     100|         1|          1|          1|         100|    yes   |
        |- memcpy_dense_kernel_array  |  524399|  524399|         2|          -|          -|      262200|    no    |
        |- Loop 3                     |  262200|  262200|         2|          1|          1|      262200|    yes   |
        |- Loop 4                     |     100|     100|         2|          1|          1|         100|    yes   |
        |- memset_dense_fwork         |  264821|  264821|         1|          -|          -|      264822|    no    |
        |- Loop 6                     |     100|     100|         1|          1|          1|         100|    yes   |
        |- Loop 7                     |     100|     100|         2|          1|          1|         100|    yes   |
        |- Loop 8                     |     100|     100|         2|          1|          1|         100|    yes   |
        |- Loop 9                     |     100|     100|         2|          1|          1|         100|    yes   |
        |- Loop 10                    |     100|     100|         2|          1|          1|         100|    yes   |
        |- Loop 11                    |      10|      10|         1|          1|          1|          10|    yes   |
        |- Loop 12                    |    1000|    1000|         2|          1|          1|        1000|    yes   |
        |- Loop 13                    |      10|      10|         2|          1|          1|          10|    yes   |
        |- memset_dense_1_fwork       |    1099|    1099|         1|          -|          -|        1100|    no    |
        |- Loop 15                    |      10|      10|         1|          1|          1|          10|    yes   |
        |- Loop 16                    |      10|      10|         2|          1|          1|          10|    yes   |
        |- Loop 17                    |      10|      10|         2|          1|          1|          10|    yes   |
        |- Loop 18                    |      10|      10|         2|          1|          1|          10|    yes   |
        |- Loop 19                    |      10|      10|         2|          1|          1|          10|    yes   |
        |- Loop 20                    |       6|       6|         1|          1|          1|           6|    yes   |
        |- Loop 21                    |      60|      60|         2|          1|          1|          60|    yes   |
        |- Loop 22                    |       6|       6|         2|          1|          1|           6|    yes   |
        |- memset_dense_2_fwork       |      69|      69|         1|          -|          -|          70|    no    |
        |- Loop 24                    |       ?|       ?|        35|          1|          1|           ?|    yes   |
        |- Loop 25                    |       5|       5|         2|          1|          1|           5|    yes   |
        |- Loop 26                    |       0|  524287|         2|          1|          1| 0 ~ 524287 |    yes   |
        |- Loop 27                    |       5|       5|         2|          1|          1|           5|    yes   |
        |- Loop 28                    |       0|  524287|         2|          1|          1| 0 ~ 524287 |    yes   |
        |- Loop 29                    |       ?|       ?|        35|          1|          1|           ?|    yes   |
        |- Loop 30                    |       5|       5|         2|          1|          1|           5|    yes   |
        |- Loop 31                    |       0|  524287|         2|          1|          1| 0 ~ 524287 |    yes   |
        |- Loop 32                    |       5|       5|         2|          1|          1|           5|    yes   |
        |- Loop 33                    |       0|  524287|         2|          1|          1| 0 ~ 524287 |    yes   |
        |- Loop 34                    |      10|      10|         2|          -|          -|           5|    no    |
        |- Loop 35                    |      90|      90|        15|          -|          -|           6|    no    |
        |- Loop 36                    |      30|      30|         5|          -|          -|           6|    no    |
        |- Loop 37                    |      10|      10|         2|          -|          -|           5|    no    |
        |- Loop 38                    |       ?|       ?|         2|          -|          -|           ?|    no    |
        +-----------------------------+--------+--------+----------+-----------+-----------+------------+----------+



================================================================
== Utilization Estimates
================================================================
* Summary: 
+---------------------+---------+-------+---------+--------+
|         Name        | BRAM_18K| DSP48E|    FF   |   LUT  |
+---------------------+---------+-------+---------+--------+
|DSP                  |        -|      -|        -|       -|
|Expression           |        -|      -|        0|    1376|
|FIFO                 |        -|      -|        -|       -|
|Instance             |        5|    152|    39565|   35569|
|Memory               |    13170|      -|      478|      40|
|Multiplexer          |        -|      -|        -|    3292|
|Register             |        0|      -|     1540|     160|
+---------------------+---------+-------+---------+--------+
|Total                |    13175|    152|    41583|   40437|
+---------------------+---------+-------+---------+--------+
|Available SLR        |     2184|    520|   617600|  308800|
+---------------------+---------+-------+---------+--------+
|Utilization SLR (%)  |      603|     29|        6|      13|
+---------------------+---------+-------+---------+--------+
|Available            |     6552|   1560|  1852800|  926400|
+---------------------+---------+-------+---------+--------+
|Utilization (%)      |      201|      9|        2|       4|
+---------------------+---------+-------+---------+--------+

+ Detail: 
    * Instance: 
    +----------------------------------+----------------------+---------+-------+-------+------+
    |             Instance             |        Module        | BRAM_18K| DSP48E|   FF  |  LUT |
    +----------------------------------+----------------------+---------+-------+-------+------+
    |face_classifier_cbml_U157         |face_classifier_cbml  |        0|      7|    195|   877|
    |face_classifier_ccud_U154         |face_classifier_ccud  |        0|      3|    128|   135|
    |face_classifier_cg8j_U153         |face_classifier_cg8j  |        0|      2|    227|   214|
    |face_classifier_chbi_U155         |face_classifier_chbi  |        0|      0|    359|   802|
    |face_classifier_cqcK_U156         |face_classifier_cqcK  |        0|      0|     66|    72|
    |grp_generic_tanh_float_s_fu_1905  |generic_tanh_float_s  |        5|     48|   6253|  6403|
    |grp_k2c_batch_norm_fu_1918        |k2c_batch_norm        |        0|     15|   2953|  2876|
    |grp_k2c_dense_fu_1886             |k2c_dense             |        0|     26|   9314|  7801|
    |grp_k2c_dense_1_fu_1863           |k2c_dense_1           |        0|     25|  10025|  8209|
    |grp_k2c_dense_2_fu_1840           |k2c_dense_2           |        0|     26|  10045|  8180|
    +----------------------------------+----------------------+---------+-------+-------+------+
    |Total                             |                      |        5|    152|  39565| 35569|
    +----------------------------------+----------------------+---------+-------+-------+------+

    * DSP48: 
    N/A

    * Memory: 
    +--------------------------+----------------------+---------+-----+----+--------+-----+------+-------------+
    |          Memory          |        Module        | BRAM_18K|  FF | LUT|  Words | Bits| Banks| W*Bits*Banks|
    +--------------------------+----------------------+---------+-----+----+--------+-----+------+-------------+
    |dense_2_bias_array6_U     |face_classifier_c1iI  |        0|   32|   3|       6|   32|     1|          192|
    |dense_kernel_shape_U      |face_classifier_c3i2  |        4|    0|   0|       5|   64|     1|          320|
    |dense_1_kernel_shape_U    |face_classifier_c3i2  |        4|    0|   0|       5|   64|     1|          320|
    |dense_2_kernel_shape_U    |face_classifier_c3i2  |        4|    0|   0|       5|   64|     1|          320|
    |dense_output_shape_U      |face_classifier_c4jc  |        4|    0|   0|       5|   64|     1|          320|
    |dense_1_output_shape_U    |face_classifier_c4jc  |        4|    0|   0|       5|   64|     1|          320|
    |batch_normalization_4_U   |face_classifier_c5jm  |        1|    0|   0|       5|    9|     1|           45|
    |activation_1_output_s_U   |face_classifier_c6jw  |        0|   18|   1|       5|    9|     1|           45|
    |dropout_2_output_sha_U    |face_classifier_c8jQ  |        0|  128|   5|       5|   64|     1|          320|
    |dropout_3_output_sha_U    |face_classifier_c8jQ  |        0|  128|   5|       5|   64|     1|          320|
    |batch_normalization_25_U  |face_classifier_cBew  |      533|    0|   0|  300000|   32|     1|      9600000|
    |batch_normalization_8_U   |face_classifier_cBew  |      533|    0|   0|  300000|   32|     1|      9600000|
    |batch_normalization_11_U  |face_classifier_cCeG  |        1|    0|   0|     100|   32|     1|         3200|
    |batch_normalization_s_U   |face_classifier_cEe0  |        1|    0|   0|     100|   32|     1|         3200|
    |batch_normalization_14_U  |face_classifier_cGfk  |        1|    0|   0|     100|   32|     1|         3200|
    |batch_normalization_17_U  |face_classifier_cIfE  |        1|    0|   0|     100|   32|     1|         3200|
    |dense_1_kernel_array_U    |face_classifier_cLf8  |        2|    0|   0|    1000|   32|     1|        32000|
    |dense_1_bias_array1_U     |face_classifier_cNgs  |        0|   32|   5|      10|   32|     1|          320|
    |batch_normalization_31_U  |face_classifier_cQgW  |        0|   32|   5|      10|   32|     1|          320|
    |batch_normalization_20_U  |face_classifier_cShg  |        0|   32|   5|      10|   32|     1|          320|
    |batch_normalization_34_U  |face_classifier_cUhA  |        0|   32|   5|      10|   32|     1|          320|
    |batch_normalization_37_U  |face_classifier_cWhU  |        0|   32|   5|      10|   32|     1|          320|
    |dense_2_kernel_array_U    |face_classifier_cZio  |        1|    0|   0|      60|   32|     1|         1920|
    |batch_normalization_15_U  |face_classifier_cbck  |        1|    0|   0|       5|    6|     1|           30|
    |activation_2_output_s_U   |face_classifier_cbdk  |        0|   12|   1|       5|    6|     1|           30|
    |dense_2_output_shape_U    |face_classifier_cbil  |        1|    0|   0|       5|    5|     1|           25|
    |dense_fwork_U             |face_classifier_cbjl  |      471|    0|   0|  264822|   32|     1|      8474304|
    |dense_1_fwork_U           |face_classifier_cbkl  |        4|    0|   0|    1100|   32|     1|        35200|
    |dense_2_fwork_U           |face_classifier_cbll  |        2|    0|   0|      70|   32|     1|         2240|
    |dense_output_array_U      |face_classifier_cwdI  |      533|    0|   0|  300000|   32|     1|      9600000|
    |dense_kernel_array_U      |face_classifier_cwdI  |      468|    0|   0|  262200|   32|     1|      8390400|
    |dense_bias_array_0_U      |face_classifier_cwdI  |      533|    0|   0|  300000|   32|     1|      9600000|
    |batch_normalization_24_U  |face_classifier_cwdI  |      533|    0|   0|  300000|   32|     1|      9600000|
    |batch_normalization_21_U  |face_classifier_cwdI  |      533|    0|   0|  300000|   32|     1|      9600000|
    |batch_normalization_23_U  |face_classifier_cwdI  |      533|    0|   0|  300000|   32|     1|      9600000|
    |batch_normalization_22_U  |face_classifier_cwdI  |      533|    0|   0|  300000|   32|     1|      9600000|
    |dense_1_output_array_U    |face_classifier_cwdI  |      533|    0|   0|  300000|   32|     1|      9600000|
    |dense_1_kernel_array_2_U  |face_classifier_cwdI  |      533|    0|   0|  300000|   32|     1|      9600000|
    |dense_1_bias_array_U      |face_classifier_cwdI  |      533|    0|   0|  300000|   32|     1|      9600000|
    |batch_normalization_7_U   |face_classifier_cwdI  |      533|    0|   0|  300000|   32|     1|      9600000|
    |batch_normalization_18_U  |face_classifier_cwdI  |      533|    0|   0|  300000|   32|     1|      9600000|
    |batch_normalization_6_U   |face_classifier_cwdI  |      533|    0|   0|  300000|   32|     1|      9600000|
    |batch_normalization_5_U   |face_classifier_cwdI  |      533|    0|   0|  300000|   32|     1|      9600000|
    |dense_2_output_array_U    |face_classifier_cwdI  |      533|    0|   0|  300000|   32|     1|      9600000|
    |dense_2_kernel_array_1_U  |face_classifier_cwdI  |      533|    0|   0|  300000|   32|     1|      9600000|
    |dense_2_bias_array_U      |face_classifier_cwdI  |      533|    0|   0|  300000|   32|     1|      9600000|
    |activation_1_output_1_U   |face_classifier_cwdI  |      533|    0|   0|  300000|   32|     1|      9600000|
    |dropout_2_output_arr_U    |face_classifier_cwdI  |      533|    0|   0|  300000|   32|     1|      9600000|
    |activation_2_output_1_U   |face_classifier_cwdI  |      533|    0|   0|  300000|   32|     1|      9600000|
    |dropout_3_output_arr_U    |face_classifier_cwdI  |      533|    0|   0|  300000|   32|     1|      9600000|
    |face_classifier_c_de_U    |face_classifier_cxdS  |      468|    0|   0|  262200|   32|     1|      8390400|
    |dense_bias_array_U        |face_classifier_czec  |        1|    0|   0|     100|   32|     1|         3200|
    +--------------------------+----------------------+---------+-----+----+--------+-----+------+-------------+
    |Total                     |                      |    13170|  478|  40| 7392068| 1763|    52|    236546672|
    +--------------------------+----------------------+---------+-----+----+--------+-----+------+-------------+

    * FIFO: 
    N/A

    * Expression: 
    +--------------------------+----------+-------+---+----+------------+------------+
    |       Variable Name      | Operation| DSP48E| FF| LUT| Bitwidth P0| Bitwidth P1|
    +--------------------------+----------+-------+---+----+------------+------------+
    |i_39_fu_2520_p2           |     +    |      0|  0|  26|          19|           1|
    |i_40_fu_2635_p2           |     +    |      0|  0|  26|          19|           1|
    |i_41_fu_2742_p2           |     +    |      0|  0|  11|           1|           3|
    |i_42_fu_2851_p2           |     +    |      0|  0|  11|           3|           1|
    |i_43_fu_2868_p2           |     +    |      0|  0|  11|           3|           1|
    |indvarinc1_fu_2089_p2     |     +    |      0|  0|  26|          19|           1|
    |indvarinc2_fu_2284_p2     |     +    |      0|  0|  18|          11|           1|
    |indvarinc3_fu_2479_p2     |     +    |      0|  0|  15|           7|           1|
    |indvarinc_fu_2038_p2      |     +    |      0|  0|  26|          19|           1|
    |j_28_fu_2027_p2           |     +    |      0|  0|  15|           7|           1|
    |j_29_fu_2061_p2           |     +    |      0|  0|  26|          19|           1|
    |j_30_fu_2078_p2           |     +    |      0|  0|  15|           7|           1|
    |j_31_fu_2124_p2           |     +    |      0|  0|  15|           7|           1|
    |j_32_fu_2141_p2           |     +    |      0|  0|  15|           7|           1|
    |j_33_fu_2158_p2           |     +    |      0|  0|  15|           7|           1|
    |j_34_fu_2175_p2           |     +    |      0|  0|  15|           7|           1|
    |j_35_fu_2192_p2           |     +    |      0|  0|  15|           7|           1|
    |j_36_fu_2221_p2           |     +    |      0|  0|  12|           4|           1|
    |j_37_fu_2250_p2           |     +    |      0|  0|  17|          10|           1|
    |j_38_fu_2273_p2           |     +    |      0|  0|  12|           4|           1|
    |j_39_fu_2319_p2           |     +    |      0|  0|  12|           4|           1|
    |j_40_fu_2336_p2           |     +    |      0|  0|  12|           4|           1|
    |j_41_fu_2353_p2           |     +    |      0|  0|  12|           4|           1|
    |j_42_fu_2370_p2           |     +    |      0|  0|  12|           4|           1|
    |j_43_fu_2387_p2           |     +    |      0|  0|  12|           4|           1|
    |j_44_fu_2416_p2           |     +    |      0|  0|  11|           3|           1|
    |j_45_fu_2445_p2           |     +    |      0|  0|  15|           6|           1|
    |j_46_fu_2468_p2           |     +    |      0|  0|  11|           3|           1|
    |j_47_fu_2536_p2           |     +    |      0|  0|  11|           3|           1|
    |j_48_fu_2557_p2           |     +    |      0|  0|  26|          19|           1|
    |j_49_fu_2569_p2           |     +    |      0|  0|  11|           3|           1|
    |j_50_fu_2595_p2           |     +    |      0|  0|  26|          19|           1|
    |j_51_fu_2651_p2           |     +    |      0|  0|  11|           3|           1|
    |j_52_fu_2672_p2           |     +    |      0|  0|  26|          19|           1|
    |j_53_fu_2684_p2           |     +    |      0|  0|  11|           3|           1|
    |j_54_fu_2710_p2           |     +    |      0|  0|  26|          19|           1|
    |j_55_fu_2889_p2           |     +    |      0|  0|  11|           3|           1|
    |j_56_fu_2916_p2           |     +    |      0|  0|  39|          32|           1|
    |tmp_11_fu_2820_p2         |    and   |      0|  0|   2|           1|           1|
    |tmp_13_fu_2826_p2         |    and   |      0|  0|   2|           1|           1|
    |exitcond10_fu_2364_p2     |   icmp   |      0|  0|   9|           4|           4|
    |exitcond11_fu_2347_p2     |   icmp   |      0|  0|   9|           4|           4|
    |exitcond12_fu_2330_p2     |   icmp   |      0|  0|   9|           4|           4|
    |exitcond13_fu_2313_p2     |   icmp   |      0|  0|   9|           4|           4|
    |exitcond14_fu_2267_p2     |   icmp   |      0|  0|   9|           4|           4|
    |exitcond15_fu_2244_p2     |   icmp   |      0|  0|  13|          10|           6|
    |exitcond16_fu_2215_p2     |   icmp   |      0|  0|   9|           4|           4|
    |exitcond17_fu_2186_p2     |   icmp   |      0|  0|  11|           7|           6|
    |exitcond18_fu_2169_p2     |   icmp   |      0|  0|  11|           7|           6|
    |exitcond19_fu_2152_p2     |   icmp   |      0|  0|  11|           7|           6|
    |exitcond1_fu_2736_p2      |   icmp   |      0|  0|   9|           3|           3|
    |exitcond20_fu_2135_p2     |   icmp   |      0|  0|  11|           7|           6|
    |exitcond21_fu_2118_p2     |   icmp   |      0|  0|  11|           7|           6|
    |exitcond22_fu_2072_p2     |   icmp   |      0|  0|  11|           7|           6|
    |exitcond23_fu_2055_p2     |   icmp   |      0|  0|  20|          19|          19|
    |exitcond24_fu_2021_p2     |   icmp   |      0|  0|  11|           7|           6|
    |exitcond25_fu_2630_p2     |   icmp   |      0|  0|  29|          64|          64|
    |exitcond26_fu_2515_p2     |   icmp   |      0|  0|  29|          64|          64|
    |exitcond2_fu_2678_p2      |   icmp   |      0|  0|   9|           3|           3|
    |exitcond3_fu_2645_p2      |   icmp   |      0|  0|   9|           3|           3|
    |exitcond4_fu_2563_p2      |   icmp   |      0|  0|   9|           3|           3|
    |exitcond5_fu_2530_p2      |   icmp   |      0|  0|   9|           3|           3|
    |exitcond6_fu_2462_p2      |   icmp   |      0|  0|   9|           3|           3|
    |exitcond7_fu_2439_p2      |   icmp   |      0|  0|  11|           6|           4|
    |exitcond8_fu_2410_p2      |   icmp   |      0|  0|   9|           3|           3|
    |exitcond9_fu_2381_p2      |   icmp   |      0|  0|   9|           4|           4|
    |exitcond_fu_2883_p2       |   icmp   |      0|  0|   9|           3|           3|
    |notlhs1_fu_2802_p2        |   icmp   |      0|  0|  11|           8|           2|
    |notlhs_fu_2784_p2         |   icmp   |      0|  0|  11|           8|           2|
    |notrhs1_fu_2808_p2        |   icmp   |      0|  0|  20|          23|           1|
    |notrhs_fu_2790_p2         |   icmp   |      0|  0|  20|          23|           1|
    |tmp_33_fu_2049_p2         |   icmp   |      0|  0|  20|          19|          19|
    |tmp_36_fu_2100_p2         |   icmp   |      0|  0|  20|          19|          19|
    |tmp_46_fu_2295_p2         |   icmp   |      0|  0|  13|          11|          11|
    |tmp_59_fu_2490_p2         |   icmp   |      0|  0|  11|           7|           7|
    |tmp_64_fu_2552_p2         |   icmp   |      0|  0|  29|          64|          64|
    |tmp_67_fu_2590_p2         |   icmp   |      0|  0|  29|          64|          64|
    |tmp_72_fu_2667_p2         |   icmp   |      0|  0|  29|          64|          64|
    |tmp_75_fu_2705_p2         |   icmp   |      0|  0|  29|          64|          64|
    |tmp_77_fu_2845_p2         |   icmp   |      0|  0|   9|           3|           3|
    |tmp_80_fu_2862_p2         |   icmp   |      0|  0|   9|           3|           3|
    |tmp_84_fu_2910_p2         |   icmp   |      0|  0|  29|          64|          64|
    |tmp_10_fu_2814_p2         |    or    |      0|  0|   2|           1|           1|
    |tmp_9_fu_2796_p2          |    or    |      0|  0|   2|           1|           1|
    |xmax_1_fu_2832_p3         |  select  |      0|  0|  32|           1|          32|
    |ap_enable_pp1             |    xor   |      0|  0|   2|           1|           2|
    |ap_enable_pp10            |    xor   |      0|  0|   2|           1|           2|
    |ap_enable_pp12            |    xor   |      0|  0|   2|           1|           2|
    |ap_enable_pp13            |    xor   |      0|  0|   2|           1|           2|
    |ap_enable_pp14            |    xor   |      0|  0|   2|           1|           2|
    |ap_enable_pp15            |    xor   |      0|  0|   2|           1|           2|
    |ap_enable_pp17            |    xor   |      0|  0|   2|           1|           2|
    |ap_enable_pp18            |    xor   |      0|  0|   2|           1|           2|
    |ap_enable_pp19            |    xor   |      0|  0|   2|           1|           2|
    |ap_enable_pp2             |    xor   |      0|  0|   2|           1|           2|
    |ap_enable_pp20            |    xor   |      0|  0|   2|           1|           2|
    |ap_enable_pp21            |    xor   |      0|  0|   2|           1|           2|
    |ap_enable_pp22            |    xor   |      0|  0|   2|           1|           2|
    |ap_enable_pp23            |    xor   |      0|  0|   2|           1|           2|
    |ap_enable_pp24            |    xor   |      0|  0|   2|           1|           2|
    |ap_enable_pp25            |    xor   |      0|  0|   2|           1|           2|
    |ap_enable_pp26            |    xor   |      0|  0|   2|           1|           2|
    |ap_enable_pp27            |    xor   |      0|  0|   2|           1|           2|
    |ap_enable_pp28            |    xor   |      0|  0|   2|           1|           2|
    |ap_enable_pp4             |    xor   |      0|  0|   2|           1|           2|
    |ap_enable_pp5             |    xor   |      0|  0|   2|           1|           2|
    |ap_enable_pp6             |    xor   |      0|  0|   2|           1|           2|
    |ap_enable_pp7             |    xor   |      0|  0|   2|           1|           2|
    |ap_enable_pp9             |    xor   |      0|  0|   2|           1|           2|
    |ap_enable_reg_pp10_iter1  |    xor   |      0|  0|   2|           2|           1|
    |ap_enable_reg_pp12_iter1  |    xor   |      0|  0|   2|           2|           1|
    |ap_enable_reg_pp13_iter1  |    xor   |      0|  0|   2|           2|           1|
    |ap_enable_reg_pp14_iter1  |    xor   |      0|  0|   2|           2|           1|
    |ap_enable_reg_pp15_iter1  |    xor   |      0|  0|   2|           2|           1|
    |ap_enable_reg_pp17_iter1  |    xor   |      0|  0|   2|           2|           1|
    |ap_enable_reg_pp18_iter1  |    xor   |      0|  0|   2|           2|           1|
    |ap_enable_reg_pp19_iter1  |    xor   |      0|  0|   2|           2|           1|
    |ap_enable_reg_pp1_iter1   |    xor   |      0|  0|   2|           2|           1|
    |ap_enable_reg_pp20_iter1  |    xor   |      0|  0|   2|           2|           1|
    |ap_enable_reg_pp21_iter1  |    xor   |      0|  0|   2|           2|           1|
    |ap_enable_reg_pp22_iter1  |    xor   |      0|  0|   2|           2|           1|
    |ap_enable_reg_pp23_iter1  |    xor   |      0|  0|   2|           2|           1|
    |ap_enable_reg_pp24_iter1  |    xor   |      0|  0|   2|           2|           1|
    |ap_enable_reg_pp25_iter1  |    xor   |      0|  0|   2|           2|           1|
    |ap_enable_reg_pp26_iter1  |    xor   |      0|  0|   2|           2|           1|
    |ap_enable_reg_pp27_iter1  |    xor   |      0|  0|   2|           2|           1|
    |ap_enable_reg_pp28_iter1  |    xor   |      0|  0|   2|           2|           1|
    |ap_enable_reg_pp2_iter1   |    xor   |      0|  0|   2|           2|           1|
    |ap_enable_reg_pp4_iter1   |    xor   |      0|  0|   2|           2|           1|
    |ap_enable_reg_pp5_iter1   |    xor   |      0|  0|   2|           2|           1|
    |ap_enable_reg_pp6_iter1   |    xor   |      0|  0|   2|           2|           1|
    |ap_enable_reg_pp7_iter1   |    xor   |      0|  0|   2|           2|           1|
    |ap_enable_reg_pp9_iter1   |    xor   |      0|  0|   2|           2|           1|
    +--------------------------+----------+-------+---+----+------------+------------+
    |Total                     |          |      0|  0|1376|        1127|         787|
    +--------------------------+----------+-------+---+----+------------+------------+

    * Multiplexer: 
    +----------------------------------------------+-----+-----------+-----+-----------+
    |                     Name                     | LUT | Input Size| Bits| Total Bits|
    +----------------------------------------------+-----+-----------+-----+-----------+
    |activation_1_output_1_address0                |   15|          3|   19|         57|
    |activation_1_output_s_address0                |   15|          3|    3|          9|
    |activation_2_output_1_address0                |   15|          3|   19|         57|
    |activation_2_output_s_address0                |   15|          3|    3|          9|
    |ap_NS_fsm                                     |  530|        123|    1|        123|
    |ap_enable_reg_pp10_iter1                      |   15|          3|    1|          3|
    |ap_enable_reg_pp12_iter1                      |   15|          3|    1|          3|
    |ap_enable_reg_pp13_iter1                      |   15|          3|    1|          3|
    |ap_enable_reg_pp14_iter1                      |   15|          3|    1|          3|
    |ap_enable_reg_pp15_iter1                      |   15|          3|    1|          3|
    |ap_enable_reg_pp17_iter1                      |   15|          3|    1|          3|
    |ap_enable_reg_pp18_iter1                      |   15|          3|    1|          3|
    |ap_enable_reg_pp19_iter1                      |    9|          2|    1|          2|
    |ap_enable_reg_pp19_iter34                     |    9|          2|    1|          2|
    |ap_enable_reg_pp1_iter1                       |   15|          3|    1|          3|
    |ap_enable_reg_pp20_iter1                      |   15|          3|    1|          3|
    |ap_enable_reg_pp21_iter1                      |   15|          3|    1|          3|
    |ap_enable_reg_pp22_iter1                      |   15|          3|    1|          3|
    |ap_enable_reg_pp23_iter1                      |   15|          3|    1|          3|
    |ap_enable_reg_pp24_iter1                      |    9|          2|    1|          2|
    |ap_enable_reg_pp24_iter34                     |    9|          2|    1|          2|
    |ap_enable_reg_pp25_iter1                      |   15|          3|    1|          3|
    |ap_enable_reg_pp26_iter1                      |   15|          3|    1|          3|
    |ap_enable_reg_pp27_iter1                      |   15|          3|    1|          3|
    |ap_enable_reg_pp28_iter1                      |   15|          3|    1|          3|
    |ap_enable_reg_pp2_iter1                       |   15|          3|    1|          3|
    |ap_enable_reg_pp4_iter1                       |   15|          3|    1|          3|
    |ap_enable_reg_pp5_iter1                       |   15|          3|    1|          3|
    |ap_enable_reg_pp6_iter1                       |   15|          3|    1|          3|
    |ap_enable_reg_pp7_iter1                       |   15|          3|    1|          3|
    |ap_enable_reg_pp9_iter1                       |   15|          3|    1|          3|
    |batch_normalization_15_address0               |   21|          4|    3|         12|
    |batch_normalization_15_address1               |   21|          4|    3|         12|
    |batch_normalization_15_d0                     |   15|          3|    6|         18|
    |batch_normalization_18_address0               |   15|          3|   19|         57|
    |batch_normalization_18_ce0                    |   15|          3|    1|          3|
    |batch_normalization_21_address0               |   15|          3|   19|         57|
    |batch_normalization_21_ce0                    |   15|          3|    1|          3|
    |batch_normalization_22_address0               |   15|          3|   19|         57|
    |batch_normalization_22_ce0                    |   15|          3|    1|          3|
    |batch_normalization_23_address0               |   15|          3|   19|         57|
    |batch_normalization_23_ce0                    |   15|          3|    1|          3|
    |batch_normalization_24_address0               |   15|          3|   19|         57|
    |batch_normalization_24_ce0                    |   15|          3|    1|          3|
    |batch_normalization_25_address0               |   21|          4|   19|         76|
    |batch_normalization_25_address1               |   15|          3|   19|         57|
    |batch_normalization_25_ce0                    |   15|          3|    1|          3|
    |batch_normalization_25_d0                     |   15|          3|   32|         96|
    |batch_normalization_25_we0                    |   15|          3|    1|          3|
    |batch_normalization_4_address0                |   21|          4|    3|         12|
    |batch_normalization_4_address1                |   21|          4|    3|         12|
    |batch_normalization_4_d0                      |   15|          3|    9|         27|
    |batch_normalization_5_address0                |   15|          3|   19|         57|
    |batch_normalization_5_ce0                     |   15|          3|    1|          3|
    |batch_normalization_6_address0                |   15|          3|   19|         57|
    |batch_normalization_6_ce0                     |   15|          3|    1|          3|
    |batch_normalization_7_address0                |   15|          3|   19|         57|
    |batch_normalization_7_ce0                     |   15|          3|    1|          3|
    |batch_normalization_8_address0                |   21|          4|   19|         76|
    |batch_normalization_8_address1                |   15|          3|   19|         57|
    |batch_normalization_8_ce0                     |   15|          3|    1|          3|
    |batch_normalization_8_d0                      |   15|          3|   32|         96|
    |batch_normalization_8_we0                     |   15|          3|    1|          3|
    |dense_1_bias_array_address0                   |   15|          3|   19|         57|
    |dense_1_bias_array_ce0                        |   15|          3|    1|          3|
    |dense_1_fwork_address0                        |   15|          3|   11|         33|
    |dense_1_fwork_ce0                             |   15|          3|    1|          3|
    |dense_1_fwork_ce1                             |    9|          2|    1|          2|
    |dense_1_fwork_d0                              |   15|          3|   32|         96|
    |dense_1_fwork_we0                             |   15|          3|    1|          3|
    |dense_1_kernel_array_2_address0               |   15|          3|   19|         57|
    |dense_1_kernel_array_2_ce0                    |   15|          3|    1|          3|
    |dense_1_kernel_shape_address0                 |   27|          5|    3|         15|
    |dense_1_kernel_shape_address1                 |   21|          4|    3|         12|
    |dense_1_kernel_shape_ce0                      |   15|          3|    1|          3|
    |dense_1_kernel_shape_ce1                      |   15|          3|    1|          3|
    |dense_1_kernel_shape_d0                       |   21|          4|   64|        256|
    |dense_1_output_array_address0                 |   21|          4|   19|         76|
    |dense_1_output_array_ce0                      |   21|          4|    1|          4|
    |dense_1_output_array_d0                       |   15|          3|   32|         96|
    |dense_1_output_array_we0                      |   15|          3|    1|          3|
    |dense_1_output_shape_address0                 |   27|          5|    3|         15|
    |dense_1_output_shape_address1                 |   15|          3|    3|          9|
    |dense_1_output_shape_ce0                      |   15|          3|    1|          3|
    |dense_1_output_shape_d0                       |   15|          3|   64|        192|
    |dense_2_bias_array_address0                   |   15|          3|   19|         57|
    |dense_2_bias_array_ce0                        |   15|          3|    1|          3|
    |dense_2_fwork_address0                        |   15|          3|    7|         21|
    |dense_2_fwork_ce0                             |   15|          3|    1|          3|
    |dense_2_fwork_ce1                             |    9|          2|    1|          2|
    |dense_2_fwork_d0                              |   15|          3|   32|         96|
    |dense_2_fwork_we0                             |   15|          3|    1|          3|
    |dense_2_kernel_array_1_address0               |   15|          3|   19|         57|
    |dense_2_kernel_array_1_ce0                    |   15|          3|    1|          3|
    |dense_2_kernel_shape_address0                 |   27|          5|    3|         15|
    |dense_2_kernel_shape_address1                 |   21|          4|    3|         12|
    |dense_2_kernel_shape_ce0                      |   15|          3|    1|          3|
    |dense_2_kernel_shape_ce1                      |   15|          3|    1|          3|
    |dense_2_kernel_shape_d0                       |   21|          4|   64|        256|
    |dense_2_output_array_address0                 |   47|         10|   19|        190|
    |dense_2_output_array_ce0                      |   15|          3|    1|          3|
    |dense_2_output_array_d0                       |   27|          5|   32|        160|
    |dense_2_output_array_we0                      |   15|          3|    1|          3|
    |dense_2_output_shape_address0                 |   21|          4|    3|         12|
    |dense_2_output_shape_address1                 |   21|          4|    3|         12|
    |dense_2_output_shape_d0                       |   15|          3|    5|         15|
    |dense_bias_array_0_address0                   |   15|          3|   19|         57|
    |dense_bias_array_0_ce0                        |   15|          3|    1|          3|
    |dense_fwork_address0                          |   15|          3|   19|         57|
    |dense_fwork_ce0                               |   15|          3|    1|          3|
    |dense_fwork_ce1                               |    9|          2|    1|          2|
    |dense_fwork_d0                                |   15|          3|   32|         96|
    |dense_fwork_we0                               |   15|          3|    1|          3|
    |dense_kernel_array_address0                   |   27|          5|   19|         95|
    |dense_kernel_array_ce0                        |   15|          3|    1|          3|
    |dense_kernel_array_d0                         |   15|          3|   32|         96|
    |dense_kernel_shape_address0                   |   27|          5|    3|         15|
    |dense_kernel_shape_address1                   |   21|          4|    3|         12|
    |dense_kernel_shape_ce0                        |   15|          3|    1|          3|
    |dense_kernel_shape_ce1                        |   15|          3|    1|          3|
    |dense_kernel_shape_d0                         |   21|          4|   64|        256|
    |dense_output_array_address0                   |   21|          4|   19|         76|
    |dense_output_array_ce0                        |   21|          4|    1|          4|
    |dense_output_array_d0                         |   15|          3|   32|         96|
    |dense_output_array_we0                        |   15|          3|    1|          3|
    |dense_output_shape_address0                   |   27|          5|    3|         15|
    |dense_output_shape_address1                   |   15|          3|    3|          9|
    |dense_output_shape_ce0                        |   15|          3|    1|          3|
    |dense_output_shape_d0                         |   15|          3|   64|        192|
    |dropout_2_output_arr_address0                 |   15|          3|   19|         57|
    |dropout_2_output_arr_ce0                      |   15|          3|    1|          3|
    |dropout_2_output_sha_address0                 |   15|          3|    3|          9|
    |dropout_2_output_sha_ce0                      |   15|          3|    1|          3|
    |dropout_3_output_arr_address0                 |   15|          3|   19|         57|
    |dropout_3_output_arr_ce0                      |   15|          3|    1|          3|
    |dropout_3_output_sha_address0                 |   15|          3|    3|          9|
    |dropout_3_output_sha_ce0                      |   15|          3|    1|          3|
    |grp_fu_1945_opcode                            |   15|          3|    2|          6|
    |grp_fu_1945_p0                                |   15|          3|   32|         96|
    |grp_fu_1945_p1                                |   15|          3|   32|         96|
    |grp_generic_tanh_float_s_fu_1905_t_in         |   15|          3|   32|         96|
    |grp_k2c_batch_norm_fu_1918_beta_array_q0      |   15|          3|   32|         96|
    |grp_k2c_batch_norm_fu_1918_gamma_array_q0     |   15|          3|   32|         96|
    |grp_k2c_batch_norm_fu_1918_inputs_array_q0    |   15|          3|   32|         96|
    |grp_k2c_batch_norm_fu_1918_inputs_ndim_read   |   15|          3|   64|        192|
    |grp_k2c_batch_norm_fu_1918_inputs_numel_read  |   15|          3|   64|        192|
    |grp_k2c_batch_norm_fu_1918_inputs_shape_q0    |   15|          3|   64|        192|
    |grp_k2c_batch_norm_fu_1918_mean_array_q0      |   15|          3|   32|         96|
    |grp_k2c_batch_norm_fu_1918_stdev_array_q0     |   15|          3|   32|         96|
    |i_1_reg_1708                                  |    9|          2|   19|         38|
    |i_2_reg_1763                                  |    9|          2|    3|          6|
    |i_3_reg_1784                                  |    9|          2|    3|          6|
    |i_4_reg_1807                                  |    9|          2|    3|          6|
    |i_reg_1653                                    |    9|          2|   19|         38|
    |invdar1_reg_1444                              |    9|          2|   19|         38|
    |invdar2_reg_1543                              |    9|          2|   11|         22|
    |invdar3_reg_1642                              |    9|          2|    7|         14|
    |invdar_reg_1411                               |    9|          2|   19|         38|
    |j_10_reg_1554                                 |    9|          2|    4|          8|
    |j_11_reg_1565                                 |    9|          2|    4|          8|
    |j_12_reg_1576                                 |    9|          2|    4|          8|
    |j_13_reg_1587                                 |    9|          2|    4|          8|
    |j_14_reg_1598                                 |    9|          2|    4|          8|
    |j_15_reg_1609                                 |    9|          2|    3|          6|
    |j_16_reg_1620                                 |    9|          2|    6|         12|
    |j_17_reg_1631                                 |    9|          2|    3|          6|
    |j_18_reg_1664                                 |    9|          2|    3|          6|
    |j_19_reg_1675                                 |    9|          2|   19|         38|
    |j_1_reg_1422                                  |    9|          2|   19|         38|
    |j_20_reg_1686                                 |    9|          2|    3|          6|
    |j_21_reg_1697                                 |    9|          2|   19|         38|
    |j_22_reg_1719                                 |    9|          2|    3|          6|
    |j_23_reg_1730                                 |    9|          2|   19|         38|
    |j_24_reg_1741                                 |    9|          2|    3|          6|
    |j_25_reg_1752                                 |    9|          2|   19|         38|
    |j_26_reg_1818                                 |    9|          2|    3|          6|
    |j_27_reg_1829                                 |    9|          2|   32|         64|
    |j_2_reg_1433                                  |    9|          2|    7|         14|
    |j_3_reg_1455                                  |    9|          2|    7|         14|
    |j_4_reg_1466                                  |    9|          2|    7|         14|
    |j_5_reg_1477                                  |    9|          2|    7|         14|
    |j_6_reg_1488                                  |    9|          2|    7|         14|
    |j_7_reg_1499                                  |    9|          2|    7|         14|
    |j_8_reg_1510                                  |    9|          2|    4|          8|
    |j_9_reg_1521                                  |    9|          2|   10|         20|
    |j_reg_1400                                    |    9|          2|    7|         14|
    |j_s_reg_1532                                  |    9|          2|    4|          8|
    |sum_reg_1795                                  |    9|          2|   32|         64|
    |xmax1_reg_1774                                |    9|          2|   32|         64|
    +----------------------------------------------+-----+-----------+-----+-----------+
    |Total                                         | 3292|        679| 2130|       6657|
    +----------------------------------------------+-----+-----------+-----+-----------+

    * Register: 
    +-----------------------------------------------+-----+----+-----+-----------+
    |                      Name                     |  FF | LUT| Bits| Const Bits|
    +-----------------------------------------------+-----+----+-----+-----------+
    |ap_CS_fsm                                      |  122|   0|  122|          0|
    |ap_enable_reg_pp10_iter0                       |    1|   0|    1|          0|
    |ap_enable_reg_pp10_iter1                       |    1|   0|    1|          0|
    |ap_enable_reg_pp12_iter0                       |    1|   0|    1|          0|
    |ap_enable_reg_pp12_iter1                       |    1|   0|    1|          0|
    |ap_enable_reg_pp13_iter0                       |    1|   0|    1|          0|
    |ap_enable_reg_pp13_iter1                       |    1|   0|    1|          0|
    |ap_enable_reg_pp14_iter0                       |    1|   0|    1|          0|
    |ap_enable_reg_pp14_iter1                       |    1|   0|    1|          0|
    |ap_enable_reg_pp15_iter0                       |    1|   0|    1|          0|
    |ap_enable_reg_pp15_iter1                       |    1|   0|    1|          0|
    |ap_enable_reg_pp17_iter0                       |    1|   0|    1|          0|
    |ap_enable_reg_pp17_iter1                       |    1|   0|    1|          0|
    |ap_enable_reg_pp18_iter0                       |    1|   0|    1|          0|
    |ap_enable_reg_pp18_iter1                       |    1|   0|    1|          0|
    |ap_enable_reg_pp19_iter0                       |    1|   0|    1|          0|
    |ap_enable_reg_pp19_iter1                       |    1|   0|    1|          0|
    |ap_enable_reg_pp19_iter10                      |    1|   0|    1|          0|
    |ap_enable_reg_pp19_iter11                      |    1|   0|    1|          0|
    |ap_enable_reg_pp19_iter12                      |    1|   0|    1|          0|
    |ap_enable_reg_pp19_iter13                      |    1|   0|    1|          0|
    |ap_enable_reg_pp19_iter14                      |    1|   0|    1|          0|
    |ap_enable_reg_pp19_iter15                      |    1|   0|    1|          0|
    |ap_enable_reg_pp19_iter16                      |    1|   0|    1|          0|
    |ap_enable_reg_pp19_iter17                      |    1|   0|    1|          0|
    |ap_enable_reg_pp19_iter18                      |    1|   0|    1|          0|
    |ap_enable_reg_pp19_iter19                      |    1|   0|    1|          0|
    |ap_enable_reg_pp19_iter2                       |    1|   0|    1|          0|
    |ap_enable_reg_pp19_iter20                      |    1|   0|    1|          0|
    |ap_enable_reg_pp19_iter21                      |    1|   0|    1|          0|
    |ap_enable_reg_pp19_iter22                      |    1|   0|    1|          0|
    |ap_enable_reg_pp19_iter23                      |    1|   0|    1|          0|
    |ap_enable_reg_pp19_iter24                      |    1|   0|    1|          0|
    |ap_enable_reg_pp19_iter25                      |    1|   0|    1|          0|
    |ap_enable_reg_pp19_iter26                      |    1|   0|    1|          0|
    |ap_enable_reg_pp19_iter27                      |    1|   0|    1|          0|
    |ap_enable_reg_pp19_iter28                      |    1|   0|    1|          0|
    |ap_enable_reg_pp19_iter29                      |    1|   0|    1|          0|
    |ap_enable_reg_pp19_iter3                       |    1|   0|    1|          0|
    |ap_enable_reg_pp19_iter30                      |    1|   0|    1|          0|
    |ap_enable_reg_pp19_iter31                      |    1|   0|    1|          0|
    |ap_enable_reg_pp19_iter32                      |    1|   0|    1|          0|
    |ap_enable_reg_pp19_iter33                      |    1|   0|    1|          0|
    |ap_enable_reg_pp19_iter34                      |    1|   0|    1|          0|
    |ap_enable_reg_pp19_iter4                       |    1|   0|    1|          0|
    |ap_enable_reg_pp19_iter5                       |    1|   0|    1|          0|
    |ap_enable_reg_pp19_iter6                       |    1|   0|    1|          0|
    |ap_enable_reg_pp19_iter7                       |    1|   0|    1|          0|
    |ap_enable_reg_pp19_iter8                       |    1|   0|    1|          0|
    |ap_enable_reg_pp19_iter9                       |    1|   0|    1|          0|
    |ap_enable_reg_pp1_iter0                        |    1|   0|    1|          0|
    |ap_enable_reg_pp1_iter1                        |    1|   0|    1|          0|
    |ap_enable_reg_pp20_iter0                       |    1|   0|    1|          0|
    |ap_enable_reg_pp20_iter1                       |    1|   0|    1|          0|
    |ap_enable_reg_pp21_iter0                       |    1|   0|    1|          0|
    |ap_enable_reg_pp21_iter1                       |    1|   0|    1|          0|
    |ap_enable_reg_pp22_iter0                       |    1|   0|    1|          0|
    |ap_enable_reg_pp22_iter1                       |    1|   0|    1|          0|
    |ap_enable_reg_pp23_iter0                       |    1|   0|    1|          0|
    |ap_enable_reg_pp23_iter1                       |    1|   0|    1|          0|
    |ap_enable_reg_pp24_iter0                       |    1|   0|    1|          0|
    |ap_enable_reg_pp24_iter1                       |    1|   0|    1|          0|
    |ap_enable_reg_pp24_iter10                      |    1|   0|    1|          0|
    |ap_enable_reg_pp24_iter11                      |    1|   0|    1|          0|
    |ap_enable_reg_pp24_iter12                      |    1|   0|    1|          0|
    |ap_enable_reg_pp24_iter13                      |    1|   0|    1|          0|
    |ap_enable_reg_pp24_iter14                      |    1|   0|    1|          0|
    |ap_enable_reg_pp24_iter15                      |    1|   0|    1|          0|
    |ap_enable_reg_pp24_iter16                      |    1|   0|    1|          0|
    |ap_enable_reg_pp24_iter17                      |    1|   0|    1|          0|
    |ap_enable_reg_pp24_iter18                      |    1|   0|    1|          0|
    |ap_enable_reg_pp24_iter19                      |    1|   0|    1|          0|
    |ap_enable_reg_pp24_iter2                       |    1|   0|    1|          0|
    |ap_enable_reg_pp24_iter20                      |    1|   0|    1|          0|
    |ap_enable_reg_pp24_iter21                      |    1|   0|    1|          0|
    |ap_enable_reg_pp24_iter22                      |    1|   0|    1|          0|
    |ap_enable_reg_pp24_iter23                      |    1|   0|    1|          0|
    |ap_enable_reg_pp24_iter24                      |    1|   0|    1|          0|
    |ap_enable_reg_pp24_iter25                      |    1|   0|    1|          0|
    |ap_enable_reg_pp24_iter26                      |    1|   0|    1|          0|
    |ap_enable_reg_pp24_iter27                      |    1|   0|    1|          0|
    |ap_enable_reg_pp24_iter28                      |    1|   0|    1|          0|
    |ap_enable_reg_pp24_iter29                      |    1|   0|    1|          0|
    |ap_enable_reg_pp24_iter3                       |    1|   0|    1|          0|
    |ap_enable_reg_pp24_iter30                      |    1|   0|    1|          0|
    |ap_enable_reg_pp24_iter31                      |    1|   0|    1|          0|
    |ap_enable_reg_pp24_iter32                      |    1|   0|    1|          0|
    |ap_enable_reg_pp24_iter33                      |    1|   0|    1|          0|
    |ap_enable_reg_pp24_iter34                      |    1|   0|    1|          0|
    |ap_enable_reg_pp24_iter4                       |    1|   0|    1|          0|
    |ap_enable_reg_pp24_iter5                       |    1|   0|    1|          0|
    |ap_enable_reg_pp24_iter6                       |    1|   0|    1|          0|
    |ap_enable_reg_pp24_iter7                       |    1|   0|    1|          0|
    |ap_enable_reg_pp24_iter8                       |    1|   0|    1|          0|
    |ap_enable_reg_pp24_iter9                       |    1|   0|    1|          0|
    |ap_enable_reg_pp25_iter0                       |    1|   0|    1|          0|
    |ap_enable_reg_pp25_iter1                       |    1|   0|    1|          0|
    |ap_enable_reg_pp26_iter0                       |    1|   0|    1|          0|
    |ap_enable_reg_pp26_iter1                       |    1|   0|    1|          0|
    |ap_enable_reg_pp27_iter0                       |    1|   0|    1|          0|
    |ap_enable_reg_pp27_iter1                       |    1|   0|    1|          0|
    |ap_enable_reg_pp28_iter0                       |    1|   0|    1|          0|
    |ap_enable_reg_pp28_iter1                       |    1|   0|    1|          0|
    |ap_enable_reg_pp2_iter0                        |    1|   0|    1|          0|
    |ap_enable_reg_pp2_iter1                        |    1|   0|    1|          0|
    |ap_enable_reg_pp4_iter0                        |    1|   0|    1|          0|
    |ap_enable_reg_pp4_iter1                        |    1|   0|    1|          0|
    |ap_enable_reg_pp5_iter0                        |    1|   0|    1|          0|
    |ap_enable_reg_pp5_iter1                        |    1|   0|    1|          0|
    |ap_enable_reg_pp6_iter0                        |    1|   0|    1|          0|
    |ap_enable_reg_pp6_iter1                        |    1|   0|    1|          0|
    |ap_enable_reg_pp7_iter0                        |    1|   0|    1|          0|
    |ap_enable_reg_pp7_iter1                        |    1|   0|    1|          0|
    |ap_enable_reg_pp9_iter0                        |    1|   0|    1|          0|
    |ap_enable_reg_pp9_iter1                        |    1|   0|    1|          0|
    |batch_normalization_1                          |    1|   0|   64|         63|
    |batch_normalization_12                         |    2|   0|   64|         62|
    |batch_normalization_3                          |    3|   0|   64|         61|
    |batch_normalization_55_reg_3291                |    3|   0|   64|         61|
    |batch_normalization_56_reg_3308                |   19|   0|   19|          0|
    |batch_normalization_58_reg_3314                |    1|   0|   64|         63|
    |batch_normalization_63_reg_3415                |    2|   0|   64|         62|
    |batch_normalization_64_reg_3432                |   19|   0|   19|          0|
    |batch_normalization_66_reg_3438                |    1|   0|   64|         63|
    |batch_normalization_9                          |    1|   0|   64|         63|
    |dense_1_bias_numel                             |    2|   0|   64|         62|
    |dense_1_kernel_ndim                            |    1|   0|   64|         63|
    |dense_1_kernel_numel                           |    6|   0|   64|         58|
    |dense_1_output_ndim                            |    1|   0|   64|         63|
    |dense_1_output_numel                           |    2|   0|   64|         62|
    |dense_2_bias_numel                             |    2|   0|   64|         62|
    |dense_2_kernel_ndim                            |    1|   0|   64|         63|
    |dense_2_kernel_numel                           |    4|   0|   64|         60|
    |dense_2_output_array_3_reg_3560                |    3|   0|   19|         16|
    |dense_2_output_array_5_reg_3594                |    3|   0|   19|         16|
    |dense_2_output_ndim                            |    1|   0|    1|          0|
    |dense_2_output_numel                           |    2|   0|   64|         62|
    |dense_output_ndim                              |    1|   0|   64|         63|
    |dense_output_numel                             |    3|   0|   64|         61|
    |exitcond10_reg_3189                            |    1|   0|    1|          0|
    |exitcond11_reg_3170                            |    1|   0|    1|          0|
    |exitcond12_reg_3151                            |    1|   0|    1|          0|
    |exitcond14_reg_3116                            |    1|   0|    1|          0|
    |exitcond15_reg_3097                            |    1|   0|    1|          0|
    |exitcond17_reg_3070                            |    1|   0|    1|          0|
    |exitcond18_reg_3051                            |    1|   0|    1|          0|
    |exitcond19_reg_3032                            |    1|   0|    1|          0|
    |exitcond20_reg_3013                            |    1|   0|    1|          0|
    |exitcond22_reg_2978                            |    1|   0|    1|          0|
    |exitcond23_reg_2959                            |    1|   0|    1|          0|
    |exitcond25_reg_3423                            |    1|   0|    1|          0|
    |exitcond26_reg_3299                            |    1|   0|    1|          0|
    |exitcond2_reg_3481                             |    1|   0|    1|          0|
    |exitcond3_reg_3443                             |    1|   0|    1|          0|
    |exitcond4_reg_3357                             |    1|   0|    1|          0|
    |exitcond5_reg_3319                             |    1|   0|    1|          0|
    |exitcond6_reg_3254                             |    1|   0|    1|          0|
    |exitcond7_reg_3235                             |    1|   0|    1|          0|
    |exitcond9_reg_3208                             |    1|   0|    1|          0|
    |grp_generic_tanh_float_s_fu_1905_ap_start_reg  |    1|   0|    1|          0|
    |grp_k2c_batch_norm_fu_1918_ap_start_reg        |    1|   0|    1|          0|
    |grp_k2c_dense_1_fu_1863_ap_start_reg           |    1|   0|    1|          0|
    |grp_k2c_dense_2_fu_1840_ap_start_reg           |    1|   0|    1|          0|
    |grp_k2c_dense_fu_1886_ap_start_reg             |    1|   0|    1|          0|
    |i_1_reg_1708                                   |   19|   0|   19|          0|
    |i_2_reg_1763                                   |    3|   0|    3|          0|
    |i_3_reg_1784                                   |    3|   0|    3|          0|
    |i_41_reg_3542                                  |    3|   0|    3|          0|
    |i_42_reg_3555                                  |    3|   0|    3|          0|
    |i_43_reg_3589                                  |    3|   0|    3|          0|
    |i_4_reg_1807                                   |    3|   0|    3|          0|
    |i_reg_1653                                     |   19|   0|   19|          0|
    |indvarinc_reg_2940                             |   19|   0|   19|          0|
    |invdar1_reg_1444                               |   19|   0|   19|          0|
    |invdar2_reg_1543                               |   11|   0|   11|          0|
    |invdar3_reg_1642                               |    7|   0|    7|          0|
    |invdar_reg_1411                                |   19|   0|   19|          0|
    |j_10_reg_1554                                  |    4|   0|    4|          0|
    |j_11_reg_1565                                  |    4|   0|    4|          0|
    |j_12_reg_1576                                  |    4|   0|    4|          0|
    |j_13_reg_1587                                  |    4|   0|    4|          0|
    |j_14_reg_1598                                  |    4|   0|    4|          0|
    |j_15_reg_1609                                  |    3|   0|    3|          0|
    |j_16_reg_1620                                  |    6|   0|    6|          0|
    |j_17_reg_1631                                  |    3|   0|    3|          0|
    |j_18_reg_1664                                  |    3|   0|    3|          0|
    |j_19_reg_1675                                  |   19|   0|   19|          0|
    |j_1_reg_1422                                   |   19|   0|   19|          0|
    |j_20_reg_1686                                  |    3|   0|    3|          0|
    |j_21_reg_1697                                  |   19|   0|   19|          0|
    |j_22_reg_1719                                  |    3|   0|    3|          0|
    |j_23_reg_1730                                  |   19|   0|   19|          0|
    |j_24_reg_1741                                  |    3|   0|    3|          0|
    |j_25_reg_1752                                  |   19|   0|   19|          0|
    |j_26_reg_1818                                  |    3|   0|    3|          0|
    |j_27_reg_1829                                  |   32|   0|   32|          0|
    |j_2_reg_1433                                   |    7|   0|    7|          0|
    |j_3_reg_1455                                   |    7|   0|    7|          0|
    |j_4_reg_1466                                   |    7|   0|    7|          0|
    |j_55_reg_3607                                  |    3|   0|    3|          0|
    |j_56_reg_3630                                  |   32|   0|   32|          0|
    |j_5_reg_1477                                   |    7|   0|    7|          0|
    |j_6_reg_1488                                   |    7|   0|    7|          0|
    |j_7_reg_1499                                   |    7|   0|    7|          0|
    |j_8_reg_1510                                   |    4|   0|    4|          0|
    |j_9_reg_1521                                   |   10|   0|   10|          0|
    |j_reg_1400                                     |    7|   0|    7|          0|
    |j_s_reg_1532                                   |    4|   0|    4|          0|
    |reg_1985                                       |   32|   0|   32|          0|
    |reg_1991                                       |    2|   0|   64|         62|
    |reg_1997                                       |    2|   0|   64|         62|
    |reg_2002                                       |   32|   0|   32|          0|
    |sum_1_reg_3581                                 |   32|   0|   32|          0|
    |sum_reg_1795                                   |   32|   0|   32|          0|
    |tmp_33_reg_2955                                |    1|   0|    1|          0|
    |tmp_34_reg_2968                                |   19|   0|   64|         45|
    |tmp_37_reg_2987                                |    7|   0|   64|         57|
    |tmp_39_reg_3022                                |    7|   0|   64|         57|
    |tmp_40_reg_3041                                |    7|   0|   64|         57|
    |tmp_41_reg_3060                                |    7|   0|   64|         57|
    |tmp_42_reg_3079                                |    7|   0|   64|         57|
    |tmp_44_reg_3106                                |   10|   0|   64|         54|
    |tmp_47_reg_3125                                |    4|   0|   64|         60|
    |tmp_49_reg_3160                                |    4|   0|   64|         60|
    |tmp_51_reg_3179                                |    4|   0|   64|         60|
    |tmp_53_reg_3198                                |    4|   0|   64|         60|
    |tmp_54_reg_3217                                |    4|   0|   64|         60|
    |tmp_56_reg_3244                                |    6|   0|   64|         58|
    |tmp_57_reg_3263                                |    3|   0|   64|         61|
    |tmp_62_reg_3328                                |    3|   0|   64|         61|
    |tmp_63_reg_3338                                |   19|   0|   64|         45|
    |tmp_64_reg_3343                                |    1|   0|    1|          0|
    |tmp_65_reg_3366                                |    3|   0|   64|         61|
    |tmp_66_reg_3376                                |   19|   0|   64|         45|
    |tmp_67_reg_3381                                |    1|   0|    1|          0|
    |tmp_70_reg_3452                                |    3|   0|   64|         61|
    |tmp_71_reg_3462                                |   19|   0|   64|         45|
    |tmp_72_reg_3467                                |    1|   0|    1|          0|
    |tmp_73_reg_3490                                |    3|   0|   64|         61|
    |tmp_74_reg_3500                                |   19|   0|   64|         45|
    |tmp_75_reg_3505                                |    1|   0|    1|          0|
    |tmp_78_reg_3565                                |   32|   0|   32|          0|
    |tmp_79_reg_3570                                |   32|   0|   32|          0|
    |tmp_81_reg_3599                                |   32|   0|   32|          0|
    |tmp_82_reg_3612                                |    3|   0|   64|         61|
    |tmp_83_reg_3622                                |   64|   0|   64|          0|
    |tmp_s_reg_2945                                 |   19|   0|   64|         45|
    |xmax1_reg_1774                                 |   32|   0|   32|          0|
    |batch_normalization_56_reg_3308                |   64|  40|   19|          0|
    |batch_normalization_64_reg_3432                |   64|  40|   19|          0|
    |exitcond25_reg_3423                            |   64|  40|    1|          0|
    |exitcond26_reg_3299                            |   64|  40|    1|          0|
    +-----------------------------------------------+-----+----+-----+-----------+
    |Total                                          | 1540| 160| 3990|       2666|
    +-----------------------------------------------+-----+----+-----+-----------+



================================================================
== Interface
================================================================
* Summary: 
+------------------------------------+-----+-----+------------+---------------------------+--------------+
|              RTL Ports             | Dir | Bits|  Protocol  |       Source Object       |    C Type    |
+------------------------------------+-----+-----+------------+---------------------------+--------------+
|ap_clk                              |  in |    1| ap_ctrl_hs |     face_classifier_c     | return value |
|ap_rst                              |  in |    1| ap_ctrl_hs |     face_classifier_c     | return value |
|ap_start                            |  in |    1| ap_ctrl_hs |     face_classifier_c     | return value |
|ap_done                             | out |    1| ap_ctrl_hs |     face_classifier_c     | return value |
|ap_idle                             | out |    1| ap_ctrl_hs |     face_classifier_c     | return value |
|ap_ready                            | out |    1| ap_ctrl_hs |     face_classifier_c     | return value |
|dense_input_input_array_address0    | out |   19|  ap_memory |  dense_input_input_array  |     array    |
|dense_input_input_array_ce0         | out |    1|  ap_memory |  dense_input_input_array  |     array    |
|dense_input_input_array_q0          |  in |   32|  ap_memory |  dense_input_input_array  |     array    |
|dense_input_input_ndim              |  in |   64|   ap_none  |   dense_input_input_ndim  |    scalar    |
|dense_input_input_numel             |  in |   64|   ap_none  |  dense_input_input_numel  |    scalar    |
|dense_input_input_shape_address0    | out |    3|  ap_memory |  dense_input_input_shape  |     array    |
|dense_input_input_shape_ce0         | out |    1|  ap_memory |  dense_input_input_shape  |     array    |
|dense_input_input_shape_q0          |  in |   64|  ap_memory |  dense_input_input_shape  |     array    |
|activation_3_output_array_address0  | out |   19|  ap_memory | activation_3_output_array |     array    |
|activation_3_output_array_ce0       | out |    1|  ap_memory | activation_3_output_array |     array    |
|activation_3_output_array_we0       | out |    1|  ap_memory | activation_3_output_array |     array    |
|activation_3_output_array_d0        | out |   32|  ap_memory | activation_3_output_array |     array    |
|activation_3_output_ndim            | out |   64|   ap_vld   |  activation_3_output_ndim |    pointer   |
|activation_3_output_ndim_ap_vld     | out |    1|   ap_vld   |  activation_3_output_ndim |    pointer   |
|activation_3_output_numel           | out |   64|   ap_vld   | activation_3_output_numel |    pointer   |
|activation_3_output_numel_ap_vld    | out |    1|   ap_vld   | activation_3_output_numel |    pointer   |
|activation_3_output_shape_address0  | out |    3|  ap_memory | activation_3_output_shape |     array    |
|activation_3_output_shape_ce0       | out |    1|  ap_memory | activation_3_output_shape |     array    |
|activation_3_output_shape_we0       | out |    1|  ap_memory | activation_3_output_shape |     array    |
|activation_3_output_shape_d0        | out |   64|  ap_memory | activation_3_output_shape |     array    |
+------------------------------------+-----+-----+------------+---------------------------+--------------+

