

================================================================
== Vivado HLS Report for 'k2c_batch_norm'
================================================================
* Date:           Sun Apr 21 02:18:21 2024

* Version:        2018.2 (Build 2258646 on Thu Jun 14 20:25:20 MDT 2018)
* Project:        FaceClassifier
* Solution:       solution1
* Product family: virtexu
* Target device:  xcvu160-flgc2104-2-e


================================================================
== Performance Estimates
================================================================
+ Timing (ns): 
    * Summary: 
    +--------+-------+----------+------------+
    |  Clock | Target| Estimated| Uncertainty|
    +--------+-------+----------+------------+
    |ap_clk  |  10.00|     8.733|        1.25|
    +--------+-------+----------+------------+

+ Latency (clock cycles): 
    * Summary: 
    +-----+-----+-----+-----+---------+
    |  Latency  |  Interval | Pipeline|
    | min | max | min | max |   Type  |
    +-----+-----+-----+-----+---------+
    |    ?|    ?|    ?|    ?|   none  |
    +-----+-----+-----+-----+---------+

    + Detail: 
        * Instance: 
        N/A

        * Loop: 
        +----------+-----+-----+----------+-----------+-----------+------+----------+
        |          |  Latency  | Iteration|  Initiation Interval  | Trip |          |
        | Loop Name| min | max |  Latency |  achieved |   target  | Count| Pipelined|
        +----------+-----+-----+----------+-----------+-----------+------+----------+
        |- Loop 1  |    ?|    ?|         2|          -|          -|     ?|    no    |
        |- Loop 2  |    ?|    ?|       108|          -|          -|     ?|    no    |
        +----------+-----+-----+----------+-----------+-----------+------+----------+



================================================================
== Utilization Estimates
================================================================
* Summary: 
+---------------------+---------+-------+---------+--------+
|         Name        | BRAM_18K| DSP48E|    FF   |   LUT  |
+---------------------+---------+-------+---------+--------+
|DSP                  |        -|      -|        -|       -|
|Expression           |        -|     10|        0|     200|
|FIFO                 |        -|      -|        -|       -|
|Instance             |        -|      5|     2272|    2089|
|Memory               |        -|      -|        -|       -|
|Multiplexer          |        -|      -|        -|     587|
|Register             |        -|      -|      681|       -|
+---------------------+---------+-------+---------+--------+
|Total                |        0|     15|     2953|    2876|
+---------------------+---------+-------+---------+--------+
|Available SLR        |     2184|    520|   617600|  308800|
+---------------------+---------+-------+---------+--------+
|Utilization SLR (%)  |        0|      2|    ~0   |   ~0   |
+---------------------+---------+-------+---------+--------+
|Available            |     6552|   1560|  1852800|  926400|
+---------------------+---------+-------+---------+--------+
|Utilization (%)      |        0|   ~0  |    ~0   |   ~0   |
+---------------------+---------+-------+---------+--------+

+ Detail: 
    * Instance: 
    +--------------------------+----------------------+---------+-------+-----+-----+
    |         Instance         |        Module        | BRAM_18K| DSP48E|  FF | LUT |
    +--------------------------+----------------------+---------+-------+-----+-----+
    |face_classifier_ccud_U40  |face_classifier_ccud  |        0|      3|  128|  135|
    |face_classifier_cfYi_U43  |face_classifier_cfYi  |        0|      0|  779|  469|
    |face_classifier_cg8j_U39  |face_classifier_cg8j  |        0|      2|  227|  214|
    |face_classifier_chbi_U41  |face_classifier_chbi  |        0|      0|  359|  802|
    |face_classifier_cibs_U42  |face_classifier_cibs  |        0|      0|  779|  469|
    +--------------------------+----------------------+---------+-------+-----+-----+
    |Total                     |                      |        0|      5| 2272| 2089|
    +--------------------------+----------------------+---------+-------+-----+-----+

    * DSP48: 
    N/A

    * Memory: 
    N/A

    * FIFO: 
    N/A

    * Expression: 
    +--------------------+----------+-------+---+----+------------+------------+
    |    Variable Name   | Operation| DSP48E| FF| LUT| Bitwidth P0| Bitwidth P1|
    +--------------------+----------+-------+---+----+------------+------------+
    |offset_1_fu_201_p2  |     *    |     10|  0|  45|          64|          64|
    |i_38_fu_216_p2      |     +    |      0|  0|  26|          19|           1|
    |phitmp_fu_195_p2    |     +    |      0|  0|  71|          64|           1|
    |exitcond_fu_211_p2  |   icmp   |      0|  0|  29|          64|          64|
    |tmp_fu_190_p2       |   icmp   |      0|  0|  29|          64|          64|
    +--------------------+----------+-------+---+----+------------+------------+
    |Total               |          |     10|  0| 200|         275|         194|
    +--------------------+----------+-------+---+----+------------+------------+

    * Multiplexer: 
    +-----------------------+-----+-----------+-----+-----------+
    |          Name         | LUT | Input Size| Bits| Total Bits|
    +-----------------------+-----+-----------+-----+-----------+
    |ap_NS_fsm              |  500|        113|    1|        113|
    |grp_fu_175_opcode      |   15|          3|    2|          6|
    |grp_fu_175_p0          |   15|          3|   32|         96|
    |grp_fu_175_p1          |   15|          3|   32|         96|
    |i_1_reg_164            |    9|          2|   19|         38|
    |i_reg_152              |    9|          2|   64|        128|
    |inputs_shape_address0  |   15|          3|    3|          9|
    |offset_reg_140         |    9|          2|   64|        128|
    +-----------------------+-----+-----------+-----+-----------+
    |Total                  |  587|        131|  217|        614|
    +-----------------------+-----+-----------+-----+-----------+

    * Register: 
    +--------------------------+-----+----+-----+-----------+
    |           Name           |  FF | LUT| Bits| Const Bits|
    +--------------------------+-----+----+-----+-----------+
    |ap_CS_fsm                 |  112|   0|  112|          0|
    |beta_array_load_reg_354   |   32|   0|   32|          0|
    |gamma_array_load_reg_349  |   32|   0|   32|          0|
    |i_1_cast_reg_272          |   19|   0|   64|         45|
    |i_1_reg_164               |   19|   0|   19|          0|
    |i_38_reg_282              |   19|   0|   19|          0|
    |i_reg_152                 |   64|   0|   64|          0|
    |idx_reg_292               |   64|   0|   64|          0|
    |offset_reg_140            |   64|   0|   64|          0|
    |phitmp_reg_252            |   64|   0|   64|          0|
    |stdev_array_load_reg_329  |   32|   0|   32|          0|
    |step_reg_267              |   64|   0|   64|          0|
    |tmp_25_reg_324            |   32|   0|   32|          0|
    |tmp_26_reg_344            |   32|   0|   32|          0|
    |tmp_27_reg_359            |   32|   0|   32|          0|
    +--------------------------+-----+----+-----+-----------+
    |Total                     |  681|   0|  726|         45|
    +--------------------------+-----+----+-----+-----------+



================================================================
== Interface
================================================================
* Summary: 
+------------------------+-----+-----+------------+-------------------+--------------+
|        RTL Ports       | Dir | Bits|  Protocol  |   Source Object   |    C Type    |
+------------------------+-----+-----+------------+-------------------+--------------+
|ap_clk                  |  in |    1| ap_ctrl_hs |   k2c_batch_norm  | return value |
|ap_rst                  |  in |    1| ap_ctrl_hs |   k2c_batch_norm  | return value |
|ap_start                |  in |    1| ap_ctrl_hs |   k2c_batch_norm  | return value |
|ap_done                 | out |    1| ap_ctrl_hs |   k2c_batch_norm  | return value |
|ap_idle                 | out |    1| ap_ctrl_hs |   k2c_batch_norm  | return value |
|ap_ready                | out |    1| ap_ctrl_hs |   k2c_batch_norm  | return value |
|outputs_array_address0  | out |   19|  ap_memory |   outputs_array   |     array    |
|outputs_array_ce0       | out |    1|  ap_memory |   outputs_array   |     array    |
|outputs_array_we0       | out |    1|  ap_memory |   outputs_array   |     array    |
|outputs_array_d0        | out |   32|  ap_memory |   outputs_array   |     array    |
|inputs_array_address0   | out |   19|  ap_memory |    inputs_array   |     array    |
|inputs_array_ce0        | out |    1|  ap_memory |    inputs_array   |     array    |
|inputs_array_q0         |  in |   32|  ap_memory |    inputs_array   |     array    |
|inputs_ndim_read        |  in |   64|   ap_none  |  inputs_ndim_read |    scalar    |
|inputs_numel_read       |  in |   64|   ap_none  | inputs_numel_read |    scalar    |
|inputs_shape_address0   | out |    3|  ap_memory |    inputs_shape   |     array    |
|inputs_shape_ce0        | out |    1|  ap_memory |    inputs_shape   |     array    |
|inputs_shape_q0         |  in |   64|  ap_memory |    inputs_shape   |     array    |
|mean_array_address0     | out |   19|  ap_memory |     mean_array    |     array    |
|mean_array_ce0          | out |    1|  ap_memory |     mean_array    |     array    |
|mean_array_q0           |  in |   32|  ap_memory |     mean_array    |     array    |
|stdev_array_address0    | out |   19|  ap_memory |    stdev_array    |     array    |
|stdev_array_ce0         | out |    1|  ap_memory |    stdev_array    |     array    |
|stdev_array_q0          |  in |   32|  ap_memory |    stdev_array    |     array    |
|gamma_array_address0    | out |   19|  ap_memory |    gamma_array    |     array    |
|gamma_array_ce0         | out |    1|  ap_memory |    gamma_array    |     array    |
|gamma_array_q0          |  in |   32|  ap_memory |    gamma_array    |     array    |
|beta_array_address0     | out |   19|  ap_memory |     beta_array    |     array    |
|beta_array_ce0          | out |    1|  ap_memory |     beta_array    |     array    |
|beta_array_q0           |  in |   32|  ap_memory |     beta_array    |     array    |
+------------------------+-----+-----+------------+-------------------+--------------+

