

================================================================
== Vivado HLS Report for 'k2c_dot_2'
================================================================
* Date:           Sun Apr 21 02:18:19 2024

* Version:        2018.2 (Build 2258646 on Thu Jun 14 20:25:20 MDT 2018)
* Project:        FaceClassifier
* Solution:       solution1
* Product family: virtexu
* Target device:  xcvu160-flgc2104-2-e


================================================================
== Performance Estimates
================================================================
+ Timing (ns): 
    * Summary: 
    +--------+-------+----------+------------+
    |  Clock | Target| Estimated| Uncertainty|
    +--------+-------+----------+------------+
    |ap_clk  |  10.00|     8.465|        1.25|
    +--------+-------+----------+------------+

+ Latency (clock cycles): 
    * Summary: 
    +-----+-----+-----+-----+---------+
    |  Latency  |  Interval | Pipeline|
    | min | max | min | max |   Type  |
    +-----+-----+-----+-----+---------+
    |    ?|    ?|    ?|    ?|   none  |
    +-----+-----+-----+-----+---------+

    + Detail: 
        * Instance: 
        +------------------------+-------------+-----+-----+-----+-----+---------+
        |                        |             |  Latency  |  Interval | Pipeline|
        |        Instance        |    Module   | min | max | min | max |   Type  |
        +------------------------+-------------+-----+-----+-----+-----+---------+
        |grp_k2c_sub2idx_fu_679  |k2c_sub2idx  |    ?|    ?|    ?|    ?|   none  |
        +------------------------+-------------+-----+-----+-----+-----+---------+

        * Loop: 
        +------------------+-----+-----+----------+-----------+-----------+--------+----------+
        |                  |  Latency  | Iteration|  Initiation Interval  |  Trip  |          |
        |     Loop Name    | min | max |  Latency |  achieved |   target  |  Count | Pipelined|
        +------------------+-----+-----+----------+-----------+-----------+--------+----------+
        |- Loop 1          |    ?|    ?|         1|          -|          -|       ?|    no    |
        |- Loop 2          |    2|    2|         1|          -|          -|       2|    no    |
        |- Loop 3          |    ?|    ?|         2|          -|          -|       ?|    no    |
        |- Loop 4          |    ?|    ?|         1|          -|          -|       ?|    no    |
        |- Loop 5          |    2|    2|         2|          -|          -|       1|    no    |
        |- Loop 6          |    ?|    ?|         3|          -|          -|       ?|    no    |
        |- Loop 7          |    6|    6|         3|          -|          -|       2|    no    |
        |- Loop 8          |    ?|    ?|         ?|          -|          -|       ?|    no    |
        | + Loop 8.1       |    ?|    ?|        69|          -|          -|       ?|    no    |
        | + Loop 8.2       |    ?|    ?|         3|          -|          -|       ?|    no    |
        |- Loop 9          |    ?|    ?|         ?|          -|          -|  262200|    no    |
        | + Loop 9.1       |  138|  138|        69|          -|          -|       2|    no    |
        | + Loop 9.2       |    6|    6|         3|          -|          -|       2|    no    |
        |- Loop 10         |    ?|    ?|         ?|          -|          -|       ?|    no    |
        | + Loop 10.1      |    ?|    ?|         ?|          -|          -|       ?|    no    |
        |  ++ Loop 10.1.1  |    ?|    ?|         8|          -|          -|       ?|    no    |
        +------------------+-----+-----+----------+-----------+-----------+--------+----------+



================================================================
== Utilization Estimates
================================================================
* Summary: 
+---------------------+---------+-------+---------+--------+
|         Name        | BRAM_18K| DSP48E|    FF   |   LUT  |
+---------------------+---------+-------+---------+--------+
|DSP                  |        -|      -|        -|       -|
|Expression           |        -|      3|        0|    1240|
|FIFO                 |        -|      -|        -|       -|
|Instance             |        -|     15|     5367|    3477|
|Memory               |        0|      -|      776|      32|
|Multiplexer          |        -|      -|        -|    1638|
|Register             |        -|      -|     1872|       -|
+---------------------+---------+-------+---------+--------+
|Total                |        0|     18|     8015|    6387|
+---------------------+---------+-------+---------+--------+
|Available SLR        |     2184|    520|   617600|  308800|
+---------------------+---------+-------+---------+--------+
|Utilization SLR (%)  |        0|      3|        1|       2|
+---------------------+---------+-------+---------+--------+
|Available            |     6552|   1560|  1852800|  926400|
+---------------------+---------+-------+---------+--------+
|Utilization (%)      |        0|      1|    ~0   |   ~0   |
+---------------------+---------+-------+---------+--------+

+ Detail: 
    * Instance: 
    +--------------------------+----------------------+---------+-------+-----+-----+
    |         Instance         |        Module        | BRAM_18K| DSP48E|  FF | LUT |
    +--------------------------+----------------------+---------+-------+-----+-----+
    |face_classifier_cbkb_U4   |face_classifier_cbkb  |        0|      2|  227|  214|
    |face_classifier_ccud_U5   |face_classifier_ccud  |        0|      3|  128|  135|
    |face_classifier_cdEe_U6   |face_classifier_cdEe  |        0|      0|  779|  469|
    |face_classifier_cdEe_U9   |face_classifier_cdEe  |        0|      0|  779|  469|
    |face_classifier_cdEe_U11  |face_classifier_cdEe  |        0|      0|  779|  469|
    |face_classifier_ceOg_U7   |face_classifier_ceOg  |        0|      0|  779|  469|
    |face_classifier_cfYi_U8   |face_classifier_cfYi  |        0|      0|  779|  469|
    |face_classifier_cfYi_U10  |face_classifier_cfYi  |        0|      0|  779|  469|
    |grp_k2c_sub2idx_fu_679    |k2c_sub2idx           |        0|     10|  338|  314|
    +--------------------------+----------------------+---------+-------+-----+-----+
    |Total                     |                      |        0|     15| 5367| 3477|
    +--------------------------+----------------------+---------+-------+-----+-----+

    * DSP48: 
    N/A

    * Memory: 
    +-----------+-----------------+---------+-----+----+------+-----+------+-------------+
    |   Memory  |      Module     | BRAM_18K|  FF | LUT| Words| Bits| Banks| W*Bits*Banks|
    +-----------+-----------------+---------+-----+----+------+-----+------+-------------+
    |permA_U    |k2c_dot_2_permA  |        0|  128|   5|     5|   64|     1|          320|
    |freeA_U    |k2c_dot_2_permA  |        0|  128|   5|     5|   64|     1|          320|
    |newshpA_U  |k2c_dot_2_permA  |        0|  128|   5|     5|   64|     1|          320|
    |newshpB_U  |k2c_dot_2_permA  |        0|  128|   5|     5|   64|     1|          320|
    |Asub_U     |k2c_dot_2_permA  |        0|  128|   5|     5|   64|     1|          320|
    |Bsub_U     |k2c_dot_2_permA  |        0|  128|   5|     5|   64|     1|          320|
    |permB_U    |k2c_dot_2_permB  |        0|    4|   1|     5|    2|     1|           10|
    |freeB_U    |k2c_dot_2_permB  |        0|    4|   1|     5|    2|     1|           10|
    +-----------+-----------------+---------+-----+----+------+-----+------+-------------+
    |Total      |                 |        0|  776|  32|    40|  388|     8|         1940|
    +-----------+-----------------+---------+-----+----+------+-----+------+-------------+

    * FIFO: 
    N/A

    * Expression: 
    +----------------------+----------+-------+---+----+------------+------------+
    |     Variable Name    | Operation| DSP48E| FF| LUT| Bitwidth P0| Bitwidth P1|
    +----------------------+----------+-------+---+----+------------+------------+
    |tmp_6_fu_1073_p2      |     *    |      1|  0|  10|          20|          20|
    |tmp_7_fu_1078_p2      |     *    |      1|  0|  10|          20|          20|
    |tmp_8_fu_1133_p2      |     *    |      1|  0|  10|          20|          20|
    |count_2_fu_726_p2     |     +    |      0|  0|  71|          64|           1|
    |count_3_fu_764_p2     |     +    |      0|  0|  71|          64|           1|
    |i_10_fu_748_p2        |     +    |      0|  0|   9|           2|           1|
    |i_12_fu_834_p2        |     +    |      0|  0|  11|           3|           1|
    |i_13_fu_855_p2        |     +    |      0|  0|   9|           2|           1|
    |i_14_fu_877_p2        |     +    |      0|  0|  11|           3|           1|
    |i_15_fu_894_p2        |     +    |      0|  0|   9|           2|           1|
    |i_16_fu_922_p2        |     +    |      0|  0|  39|          32|           2|
    |i_17_fu_913_p2        |     +    |      0|  0|  71|          64|           1|
    |i_18_fu_1067_p2       |     +    |      0|  0|  71|           1|          64|
    |i_19_fu_980_p2        |     +    |      0|  0|  26|          19|           1|
    |i_2_cast_fu_802_p2    |     +    |      0|  0|  11|           2|           3|
    |i_2_fu_797_p2         |     +    |      0|  0|  71|           2|          64|
    |i_3_fu_711_p2         |     +    |      0|  0|  71|          64|           1|
    |i_6_fu_818_p2         |     +    |      0|  0|  11|           3|           1|
    |j_2_fu_964_p2         |     +    |      0|  0|  11|           3|           1|
    |j_3_fu_1033_p2        |     +    |      0|  0|   9|           2|           1|
    |j_4_fu_1092_p2        |     +    |      0|  0|  71|           1|          64|
    |k_1_fu_1117_p2        |     +    |      0|  0|  71|           1|          64|
    |phitmp_fu_1003_p2     |     +    |      0|  0|   9|           2|           2|
    |sum1_fu_1143_p2       |     +    |      0|  0|  20|          20|          20|
    |sum9_fu_1048_p2       |     +    |      0|  0|  27|          20|          20|
    |sum_fu_1123_p2        |     +    |      0|  0|  27|          20|          20|
    |tmp1_fu_1138_p2       |     +    |      0|  0|  20|          20|          20|
    |tmp_3_fu_1098_p2      |     +    |      0|  0|  27|          20|          20|
    |exitcond10_fu_844_p2  |   icmp   |      0|  0|   9|           2|           3|
    |exitcond1_fu_706_p2   |   icmp   |      0|  0|  29|          64|          64|
    |exitcond2_fu_742_p2   |   icmp   |      0|  0|   9|           2|           3|
    |exitcond3_fu_872_p2   |   icmp   |      0|  0|  29|          64|          64|
    |exitcond4_fu_888_p2   |   icmp   |      0|  0|   9|           2|           3|
    |exitcond5_fu_908_p2   |   icmp   |      0|  0|  29|          64|          64|
    |exitcond6_fu_974_p2   |   icmp   |      0|  0|  20|          19|          19|
    |exitcond7_fu_813_p2   |   icmp   |      0|  0|  29|          64|          64|
    |exitcond8_fu_959_p2   |   icmp   |      0|  0|  29|          64|          64|
    |exitcond9_fu_1027_p2  |   icmp   |      0|  0|   9|           2|           3|
    |exitcond_fu_1112_p2   |   icmp   |      0|  0|  29|          64|          64|
    |tmp_1_fu_829_p2       |   icmp   |      0|  0|  29|          64|          64|
    |tmp_5_fu_1062_p2      |   icmp   |      0|  0|  29|          64|          64|
    |tmp_9_fu_717_p2       |   icmp   |      0|  0|  29|          64|          64|
    |tmp_fu_754_p2         |   icmp   |      0|  0|   8|           2|           1|
    |tmp_s_fu_1087_p2      |   icmp   |      0|  0|  29|          64|          64|
    |j_fu_861_p2           |    xor   |      0|  0|   2|           1|           2|
    +----------------------+----------+-------+---+----+------------+------------+
    |Total                 |          |      3|  0|1240|        1166|        1110|
    +----------------------+----------+-------+---+----+------------+------------+

    * Multiplexer: 
    +---------------------------------+------+-----------+-----+-----------+
    |               Name              |  LUT | Input Size| Bits| Total Bits|
    +---------------------------------+------+-----------+-----+-----------+
    |Ar_shape_address0                |    21|          4|    3|         12|
    |Asub_address0                    |    27|          5|    3|         15|
    |Asub_ce0                         |    15|          3|    1|          3|
    |Asub_d0                          |    15|          3|   64|        192|
    |B_shape_address0                 |    21|          4|    3|         12|
    |Bsub_address0                    |    27|          5|    3|         15|
    |Bsub_ce0                         |    15|          3|    1|          3|
    |Bsub_d0                          |    15|          3|   64|        192|
    |ap_NS_fsm                        |  1029|        241|    1|        241|
    |count_1_fu_106                   |     9|          2|   64|        128|
    |count_fu_70                      |     9|          2|   64|        128|
    |freeA_address0                   |    15|          3|    3|          9|
    |freeB_address0                   |    15|          3|    3|          9|
    |fwork_address0                   |    21|          4|   19|         76|
    |fwork_d0                         |    15|          3|   32|         96|
    |grp_k2c_sub2idx_fu_679_ndim      |    15|          3|   64|        192|
    |grp_k2c_sub2idx_fu_679_shape_q0  |    15|          3|   64|        192|
    |grp_k2c_sub2idx_fu_679_sub_q0    |    15|          3|   64|        192|
    |i_0_in_i_reg_570                 |     9|          2|   32|         64|
    |i_11_reg_611                     |     9|          2|    2|          4|
    |i_1_reg_470                      |     9|          2|    2|          4|
    |i_4_reg_482                      |     9|          2|    3|          6|
    |i_5_reg_493                      |     9|          2|    3|          6|
    |i_7_reg_502                      |     9|          2|    2|          4|
    |i_8_reg_524                      |     9|          2|    3|          6|
    |i_9_reg_535                      |     9|          2|    2|          4|
    |i_reg_458                        |     9|          2|   64|        128|
    |i_s_reg_633                      |     9|          2|   64|        128|
    |idx2_2_reg_546                   |     9|          2|   64|        128|
    |idx2_3_reg_590                   |     9|          2|   19|         38|
    |idx2_i1_reg_601                  |     9|          2|   64|        128|
    |idx2_i_reg_559                   |     9|          2|   64|        128|
    |j4_reg_622                       |     9|          2|    2|          4|
    |j5_reg_579                       |     9|          2|    3|          6|
    |j9_reg_644                       |     9|          2|   64|        128|
    |j_1_reg_513                      |     9|          2|    1|          2|
    |k_reg_668                        |     9|          2|   64|        128|
    |newshpA_address0                 |    15|          3|    3|          9|
    |newshpA_ce0                      |    15|          3|    1|          3|
    |newshpB_address0                 |    15|          3|    3|          9|
    |newshpB_ce0                      |    15|          3|    1|          3|
    |permA_address0                   |    27|          5|    3|         15|
    |permA_d0                         |    15|          3|   64|        192|
    |permB_address0                   |    27|          5|    3|         15|
    |permB_d0                         |    15|          3|    2|          6|
    |storemerge_reg_655               |     9|          2|   32|         64|
    +---------------------------------+------+-----------+-----+-----------+
    |Total                            |  1638|        365| 1154|       3067|
    +---------------------------------+------+-----------+-----+-----------+

    * Register: 
    +-------------------------------------+-----+----+-----+-----------+
    |                 Name                |  FF | LUT| Bits| Const Bits|
    +-------------------------------------+-----+----+-----+-----------+
    |Ar_shape_load_reg_1220               |   64|   0|   64|          0|
    |C_array_addr_reg_1529                |   19|   0|   19|          0|
    |ap_CS_fsm                            |  240|   0|  240|          0|
    |count_1_fu_106                       |   64|   0|   64|          0|
    |count_fu_70                          |   64|   0|   64|          0|
    |free_axesA_reg_1236                  |   64|   0|   64|          0|
    |free_axesB_reg_1241                  |   64|   0|   64|          0|
    |fwork_load_1_reg_1557                |   32|   0|   32|          0|
    |fwork_load_reg_1552                  |   32|   0|   32|          0|
    |grp_k2c_sub2idx_fu_679_ap_start_reg  |    1|   0|    1|          0|
    |i_0_in_i_reg_570                     |   32|   0|   32|          0|
    |i_11_reg_611                         |    2|   0|    2|          0|
    |i_13_reg_1301                        |    2|   0|    2|          0|
    |i_14_reg_1319                        |    3|   0|    3|          0|
    |i_15_reg_1342                        |    2|   0|    2|          0|
    |i_16_reg_1376                        |   32|   0|   32|          0|
    |i_17_reg_1365                        |   64|   0|   64|          0|
    |i_18_reg_1501                        |   64|   0|   64|          0|
    |i_19_reg_1442                        |   19|   0|   19|          0|
    |i_1_reg_470                          |    2|   0|    2|          0|
    |i_2_cast_reg_1257                    |    3|   0|    3|          0|
    |i_2_reg_1252                         |   64|   0|   64|          0|
    |i_4_cast_reg_1262                    |    3|   0|   64|         61|
    |i_4_reg_482                          |    3|   0|    3|          0|
    |i_5_reg_493                          |    3|   0|    3|          0|
    |i_6_reg_1270                         |    3|   0|    3|          0|
    |i_7_cast5_reg_1288                   |    2|   0|   64|         62|
    |i_7_reg_502                          |    2|   0|    2|          0|
    |i_8_cast_reg_1311                    |    3|   0|   64|         61|
    |i_8_reg_524                          |    3|   0|    3|          0|
    |i_9_cast4_reg_1334                   |    2|   0|   64|         62|
    |i_9_reg_535                          |    2|   0|    2|          0|
    |i_reg_458                            |   64|   0|   64|          0|
    |i_s_reg_633                          |   64|   0|   64|          0|
    |idx2_2_reg_546                       |   64|   0|   64|          0|
    |idx2_3_cast3_reg_1433                |   19|   0|   64|         45|
    |idx2_3_reg_590                       |   19|   0|   19|          0|
    |idx2_i1_reg_601                      |   64|   0|   64|          0|
    |idx2_i_reg_559                       |   64|   0|   64|          0|
    |j4_cast2_reg_1470                    |    2|   0|   64|         62|
    |j4_reg_622                           |    2|   0|    2|          0|
    |j5_cast_reg_1405                     |    3|   0|   64|         61|
    |j5_reg_579                           |    3|   0|    3|          0|
    |j9_reg_644                           |   64|   0|   64|          0|
    |j_1_reg_513                          |    1|   0|    1|          0|
    |j_2_reg_1413                         |    3|   0|    3|          0|
    |j_3_reg_1478                         |    2|   0|    2|          0|
    |j_4_reg_1524                         |   64|   0|   64|          0|
    |j_reg_1306                           |    1|   0|    1|          0|
    |k_1_reg_1537                         |   64|   0|   64|          0|
    |k_reg_668                            |   64|   0|   64|          0|
    |phitmp_reg_1460                      |    2|   0|    2|          0|
    |storemerge_reg_655                   |   32|   0|   32|          0|
    |tmp_10_reg_1562                      |   32|   0|   32|          0|
    |tmp_13_reg_1352                      |   32|   0|   32|          0|
    |tmp_14_reg_1370                      |   20|   0|   20|          0|
    |tmp_18_reg_1516                      |   20|   0|   20|          0|
    |tmp_2_reg_1226                       |   20|   0|   20|          0|
    |tmp_4_reg_1246                       |   20|   0|   20|          0|
    |tmp_5_i5_reg_1450                    |   32|   0|   64|         32|
    |tmp_5_i_reg_1384                     |   32|   0|   64|         32|
    |tmp_6_reg_1506                       |   20|   0|   20|          0|
    |tmp_7_reg_1511                       |   20|   0|   20|          0|
    +-------------------------------------+-----+----+-----+-----------+
    |Total                                | 1872|   0| 2350|        478|
    +-------------------------------------+-----+----+-----+-----------+



================================================================
== Interface
================================================================
* Summary: 
+-------------------+-----+-----+------------+---------------+--------------+
|     RTL Ports     | Dir | Bits|  Protocol  | Source Object |    C Type    |
+-------------------+-----+-----+------------+---------------+--------------+
|ap_clk             |  in |    1| ap_ctrl_hs |   k2c_dot.2   | return value |
|ap_rst             |  in |    1| ap_ctrl_hs |   k2c_dot.2   | return value |
|ap_start           |  in |    1| ap_ctrl_hs |   k2c_dot.2   | return value |
|ap_done            | out |    1| ap_ctrl_hs |   k2c_dot.2   | return value |
|ap_idle            | out |    1| ap_ctrl_hs |   k2c_dot.2   | return value |
|ap_ready           | out |    1| ap_ctrl_hs |   k2c_dot.2   | return value |
|C_array_address0   | out |   19|  ap_memory |    C_array    |     array    |
|C_array_ce0        | out |    1|  ap_memory |    C_array    |     array    |
|C_array_we0        | out |    1|  ap_memory |    C_array    |     array    |
|C_array_d0         | out |   32|  ap_memory |    C_array    |     array    |
|Ar_array_address0  | out |   19|  ap_memory |    Ar_array   |     array    |
|Ar_array_ce0       | out |    1|  ap_memory |    Ar_array   |     array    |
|Ar_array_q0        |  in |   32|  ap_memory |    Ar_array   |     array    |
|Ar_ndim_read       |  in |   64|   ap_none  |  Ar_ndim_read |    scalar    |
|Ar_numel_read      |  in |   64|   ap_none  | Ar_numel_read |    scalar    |
|Ar_shape_address0  | out |    3|  ap_memory |    Ar_shape   |     array    |
|Ar_shape_ce0       | out |    1|  ap_memory |    Ar_shape   |     array    |
|Ar_shape_q0        |  in |   64|  ap_memory |    Ar_shape   |     array    |
|B_array_address0   | out |   19|  ap_memory |    B_array    |     array    |
|B_array_ce0        | out |    1|  ap_memory |    B_array    |     array    |
|B_array_q0         |  in |   32|  ap_memory |    B_array    |     array    |
|B_shape_address0   | out |    3|  ap_memory |    B_shape    |     array    |
|B_shape_ce0        | out |    1|  ap_memory |    B_shape    |     array    |
|B_shape_q0         |  in |   64|  ap_memory |    B_shape    |     array    |
|p_read4            |  in |   64|   ap_none  |    p_read4    |    scalar    |
|fwork_address0     | out |   19|  ap_memory |     fwork     |     array    |
|fwork_ce0          | out |    1|  ap_memory |     fwork     |     array    |
|fwork_we0          | out |    1|  ap_memory |     fwork     |     array    |
|fwork_d0           | out |   32|  ap_memory |     fwork     |     array    |
|fwork_q0           |  in |   32|  ap_memory |     fwork     |     array    |
|fwork_address1     | out |   19|  ap_memory |     fwork     |     array    |
|fwork_ce1          | out |    1|  ap_memory |     fwork     |     array    |
|fwork_q1           |  in |   32|  ap_memory |     fwork     |     array    |
+-------------------+-----+-----+------------+---------------+--------------+

