

================================================================
== Vivado HLS Report for 'k2c_dot'
================================================================
* Date:           Sun Apr 21 02:18:25 2024

* Version:        2018.2 (Build 2258646 on Thu Jun 14 20:25:20 MDT 2018)
* Project:        FaceClassifier
* Solution:       solution1
* Product family: virtexu
* Target device:  xcvu160-flgc2104-2-e


================================================================
== Performance Estimates
================================================================
+ Timing (ns): 
    * Summary: 
    +--------+-------+----------+------------+
    |  Clock | Target| Estimated| Uncertainty|
    +--------+-------+----------+------------+
    |ap_clk  |  10.00|     8.465|        1.25|
    +--------+-------+----------+------------+

+ Latency (clock cycles): 
    * Summary: 
    +-----+-----+-----+-----+---------+
    |  Latency  |  Interval | Pipeline|
    | min | max | min | max |   Type  |
    +-----+-----+-----+-----+---------+
    |    ?|    ?|    ?|    ?|   none  |
    +-----+-----+-----+-----+---------+

    + Detail: 
        * Instance: 
        +------------------------+-------------+-----+-----+-----+-----+---------+
        |                        |             |  Latency  |  Interval | Pipeline|
        |        Instance        |    Module   | min | max | min | max |   Type  |
        +------------------------+-------------+-----+-----+-----+-----+---------+
        |grp_k2c_sub2idx_fu_676  |k2c_sub2idx  |    ?|    ?|    ?|    ?|   none  |
        +------------------------+-------------+-----+-----+-----+-----+---------+

        * Loop: 
        +------------------+-----+-----+----------+-----------+-----------+------+----------+
        |                  |  Latency  | Iteration|  Initiation Interval  | Trip |          |
        |     Loop Name    | min | max |  Latency |  achieved |   target  | Count| Pipelined|
        +------------------+-----+-----+----------+-----------+-----------+------+----------+
        |- Loop 1          |    ?|    ?|         1|          -|          -|     ?|    no    |
        |- Loop 2          |    ?|    ?|         1|          -|          -|     ?|    no    |
        |- Loop 3          |    ?|    ?|         2|          -|          -|     ?|    no    |
        |- Loop 4          |    ?|    ?|         1|          -|          -|     ?|    no    |
        |- Loop 5          |    ?|    ?|         2|          -|          -|     ?|    no    |
        |- Loop 6          |    ?|    ?|         3|          -|          -|     ?|    no    |
        |- Loop 7          |    ?|    ?|         3|          -|          -|     ?|    no    |
        |- Loop 8          |    ?|    ?|         ?|          -|          -|     ?|    no    |
        | + Loop 8.1       |    ?|    ?|        69|          -|          -|     ?|    no    |
        | + Loop 8.2       |    ?|    ?|         3|          -|          -|     ?|    no    |
        |- Loop 9          |    ?|    ?|         ?|          -|          -|     ?|    no    |
        | + Loop 9.1       |    ?|    ?|        69|          -|          -|     ?|    no    |
        | + Loop 9.2       |    ?|    ?|         3|          -|          -|     ?|    no    |
        |- Loop 10         |    ?|    ?|         ?|          -|          -|     ?|    no    |
        | + Loop 10.1      |    ?|    ?|         ?|          -|          -|     ?|    no    |
        |  ++ Loop 10.1.1  |    ?|    ?|         8|          -|          -|     ?|    no    |
        +------------------+-----+-----+----------+-----------+-----------+------+----------+



================================================================
== Utilization Estimates
================================================================
* Summary: 
+---------------------+---------+-------+---------+--------+
|         Name        | BRAM_18K| DSP48E|    FF   |   LUT  |
+---------------------+---------+-------+---------+--------+
|DSP                  |        -|      2|        -|       -|
|Expression           |        -|      1|        0|    1451|
|FIFO                 |        -|      -|        -|       -|
|Instance             |        -|     15|     5367|    3477|
|Memory               |        0|      -|     1024|      40|
|Multiplexer          |        -|      -|        -|    1638|
|Register             |        -|      -|     2160|       -|
+---------------------+---------+-------+---------+--------+
|Total                |        0|     18|     8551|    6606|
+---------------------+---------+-------+---------+--------+
|Available SLR        |     2184|    520|   617600|  308800|
+---------------------+---------+-------+---------+--------+
|Utilization SLR (%)  |        0|      3|        1|       2|
+---------------------+---------+-------+---------+--------+
|Available            |     6552|   1560|  1852800|  926400|
+---------------------+---------+-------+---------+--------+
|Utilization (%)      |        0|      1|    ~0   |   ~0   |
+---------------------+---------+-------+---------+--------+

+ Detail: 
    * Instance: 
    +--------------------------+----------------------+---------+-------+-----+-----+
    |         Instance         |        Module        | BRAM_18K| DSP48E|  FF | LUT |
    +--------------------------+----------------------+---------+-------+-----+-----+
    |face_classifier_cbkb_U78  |face_classifier_cbkb  |        0|      2|  227|  214|
    |face_classifier_ccud_U79  |face_classifier_ccud  |        0|      3|  128|  135|
    |face_classifier_cdEe_U80  |face_classifier_cdEe  |        0|      0|  779|  469|
    |face_classifier_cdEe_U83  |face_classifier_cdEe  |        0|      0|  779|  469|
    |face_classifier_cdEe_U85  |face_classifier_cdEe  |        0|      0|  779|  469|
    |face_classifier_cfYi_U82  |face_classifier_cfYi  |        0|      0|  779|  469|
    |face_classifier_cfYi_U84  |face_classifier_cfYi  |        0|      0|  779|  469|
    |face_classifier_csc4_U81  |face_classifier_csc4  |        0|      0|  779|  469|
    |grp_k2c_sub2idx_fu_676    |k2c_sub2idx           |        0|     10|  338|  314|
    +--------------------------+----------------------+---------+-------+-----+-----+
    |Total                     |                      |        0|     15| 5367| 3477|
    +--------------------------+----------------------+---------+-------+-----+-----+

    * DSP48: 
    +--------------------------+----------------------+--------------+
    |         Instance         |        Module        |  Expression  |
    +--------------------------+----------------------+--------------+
    |face_classifier_ctde_U86  |face_classifier_ctde  |    i0 * i1   |
    |face_classifier_cudo_U87  |face_classifier_cudo  | i0 * i1 + i2 |
    +--------------------------+----------------------+--------------+

    * Memory: 
    +-----------+-----------------+---------+-----+----+------+-----+------+-------------+
    |   Memory  |      Module     | BRAM_18K|  FF | LUT| Words| Bits| Banks| W*Bits*Banks|
    +-----------+-----------------+---------+-----+----+------+-----+------+-------------+
    |permA_U    |k2c_dot_2_permA  |        0|  128|   5|     5|   64|     1|          320|
    |permB_U    |k2c_dot_2_permA  |        0|  128|   5|     5|   64|     1|          320|
    |freeA_U    |k2c_dot_2_permA  |        0|  128|   5|     5|   64|     1|          320|
    |freeB_U    |k2c_dot_2_permA  |        0|  128|   5|     5|   64|     1|          320|
    |newshpA_U  |k2c_dot_2_permA  |        0|  128|   5|     5|   64|     1|          320|
    |newshpB_U  |k2c_dot_2_permA  |        0|  128|   5|     5|   64|     1|          320|
    |Asub_U     |k2c_dot_2_permA  |        0|  128|   5|     5|   64|     1|          320|
    |Bsub_U     |k2c_dot_2_permA  |        0|  128|   5|     5|   64|     1|          320|
    +-----------+-----------------+---------+-----+----+------+-----+------+-------------+
    |Total      |                 |        0| 1024|  40|    40|  512|     8|         2560|
    +-----------+-----------------+---------+-----+----+------+-----+------+-------------+

    * FIFO: 
    N/A

    * Expression: 
    +----------------------+----------+-------+---+----+------------+------------+
    |     Variable Name    | Operation| DSP48E| FF| LUT| Bitwidth P0| Bitwidth P1|
    +----------------------+----------+-------+---+----+------------+------------+
    |tmp_6_fu_1059_p2      |     *    |      1|  0|  10|          20|          20|
    |count_4_fu_726_p2     |     +    |      0|  0|  71|          64|           1|
    |count_5_fu_763_p2     |     +    |      0|  0|  71|          64|           1|
    |i_12_fu_711_p2        |     +    |      0|  0|  71|          64|           1|
    |i_14_fu_747_p2        |     +    |      0|  0|  71|          64|           1|
    |i_15_cast_fu_804_p2   |     +    |      0|  0|  11|           2|           3|
    |i_15_fu_799_p2        |     +    |      0|  0|  71|           2|          64|
    |i_17_fu_820_p2        |     +    |      0|  0|  11|           3|           1|
    |i_18_fu_836_p2        |     +    |      0|  0|  11|           3|           1|
    |i_26_fu_972_p2        |     +    |      0|  0|  71|          64|           1|
    |i_27_fu_857_p2        |     +    |      0|  0|  11|           3|           1|
    |i_28_fu_873_p2        |     +    |      0|  0|  11|           3|           1|
    |i_29_fu_889_p2        |     +    |      0|  0|  11|           3|           1|
    |i_30_fu_919_p2        |     +    |      0|  0|  39|          32|           2|
    |i_31_fu_978_p2        |     +    |      0|  0|  39|          32|           2|
    |i_32_fu_1053_p2       |     +    |      0|  0|  71|           1|          64|
    |i_33_fu_907_p2        |     +    |      0|  0|  26|          19|           1|
    |j_4_fu_851_p2         |     +    |      0|  0|  71|          64|           1|
    |j_6_fu_961_p2         |     +    |      0|  0|  11|           3|           1|
    |j_7_fu_1077_p2        |     +    |      0|  0|  71|           1|          64|
    |j_fu_1020_p2          |     +    |      0|  0|  11|           3|           1|
    |k_1_fu_1102_p2        |     +    |      0|  0|  71|           1|          64|
    |sum3_fu_1118_p2       |     +    |      0|  0|  19|          12|          12|
    |sum9_fu_1030_p2       |     +    |      0|  0|  19|          12|          12|
    |sum_fu_1108_p2        |     +    |      0|  0|  19|          12|          12|
    |tmp_11_fu_1083_p2     |     +    |      0|  0|  27|          20|          20|
    |exitcond10_fu_956_p2  |   icmp   |      0|  0|  29|          64|          64|
    |exitcond11_fu_884_p2  |   icmp   |      0|  0|  29|          64|          64|
    |exitcond12_fu_868_p2  |   icmp   |      0|  0|  29|          64|          64|
    |exitcond13_fu_967_p2  |   icmp   |      0|  0|  29|          64|          64|
    |exitcond14_fu_902_p2  |   icmp   |      0|  0|  20|          19|          19|
    |exitcond1_fu_706_p2   |   icmp   |      0|  0|  29|          64|          64|
    |exitcond2_fu_742_p2   |   icmp   |      0|  0|  29|          64|          64|
    |exitcond7_fu_815_p2   |   icmp   |      0|  0|  29|          64|          64|
    |exitcond9_fu_1015_p2  |   icmp   |      0|  0|  29|          64|          64|
    |exitcond_fu_1097_p2   |   icmp   |      0|  0|  29|          64|          64|
    |tmp_10_fu_1072_p2     |   icmp   |      0|  0|  29|          64|          64|
    |tmp_1_fu_831_p2       |   icmp   |      0|  0|  29|          64|          64|
    |tmp_2_fu_846_p2       |   icmp   |      0|  0|  29|          64|          64|
    |tmp_5_fu_1048_p2      |   icmp   |      0|  0|  29|          64|          64|
    |tmp_9_fu_717_p2       |   icmp   |      0|  0|  29|          64|          64|
    |tmp_fu_753_p2         |   icmp   |      0|  0|  29|          64|           1|
    +----------------------+----------+-------+---+----+------------+------------+
    |Total                 |          |      1|  0|1451|        1550|        1269|
    +----------------------+----------+-------+---+----+------------+------------+

    * Multiplexer: 
    +---------------------------------+------+-----------+-----+-----------+
    |               Name              |  LUT | Input Size| Bits| Total Bits|
    +---------------------------------+------+-----------+-----+-----------+
    |Ar_shape_address0                |    21|          4|    3|         12|
    |Asub_address0                    |    27|          5|    3|         15|
    |Asub_ce0                         |    15|          3|    1|          3|
    |Asub_d0                          |    15|          3|   64|        192|
    |B_shape_address0                 |    21|          4|    3|         12|
    |Bsub_address0                    |    27|          5|    3|         15|
    |Bsub_ce0                         |    15|          3|    1|          3|
    |Bsub_d0                          |    15|          3|   64|        192|
    |ap_NS_fsm                        |  1029|        241|    1|        241|
    |count_2_fu_90                    |     9|          2|   64|        128|
    |count_fu_54                      |     9|          2|   64|        128|
    |freeA_address0                   |    15|          3|    3|          9|
    |freeB_address0                   |    15|          3|    3|          9|
    |fwork_address0                   |    21|          4|   11|         44|
    |fwork_d0                         |    15|          3|   32|         96|
    |grp_k2c_sub2idx_fu_676_ndim      |    15|          3|   64|        192|
    |grp_k2c_sub2idx_fu_676_shape_q0  |    15|          3|   64|        192|
    |grp_k2c_sub2idx_fu_676_sub_q0    |    15|          3|   64|        192|
    |i_0_in_i7_reg_610                |     9|          2|   32|         64|
    |i_0_in_i_reg_566                 |     9|          2|   32|         64|
    |i_11_reg_630                     |     9|          2|   64|        128|
    |i_1_reg_468                      |     9|          2|   64|        128|
    |i_4_reg_480                      |     9|          2|    3|          6|
    |i_5_reg_491                      |     9|          2|    3|          6|
    |i_7_reg_500                      |     9|          2|    3|          6|
    |i_8_reg_523                      |     9|          2|    3|          6|
    |i_9_reg_534                      |     9|          2|    3|          6|
    |i_reg_456                        |     9|          2|   64|        128|
    |idx2_8_reg_545                   |     9|          2|   19|         38|
    |idx2_9_reg_586                   |     9|          2|   64|        128|
    |idx2_i6_reg_599                  |     9|          2|   64|        128|
    |idx2_i_reg_556                   |     9|          2|   64|        128|
    |j4_reg_619                       |     9|          2|    3|          6|
    |j5_reg_575                       |     9|          2|    3|          6|
    |j9_reg_641                       |     9|          2|   64|        128|
    |j_1_reg_511                      |     9|          2|   64|        128|
    |k_reg_665                        |     9|          2|   64|        128|
    |newshpA_address0                 |    15|          3|    3|          9|
    |newshpA_ce0                      |    15|          3|    1|          3|
    |newshpB_address0                 |    15|          3|    3|          9|
    |newshpB_ce0                      |    15|          3|    1|          3|
    |permA_address0                   |    27|          5|    3|         15|
    |permA_d0                         |    15|          3|   64|        192|
    |permB_address0                   |    27|          5|    3|         15|
    |permB_d0                         |    15|          3|   64|        192|
    |storemerge_reg_652               |     9|          2|   32|         64|
    +---------------------------------+------+-----------+-----+-----------+
    |Total                            |  1638|        365| 1366|       3537|
    +---------------------------------+------+-----------+-----+-----------+

    * Register: 
    +-------------------------------------+-----+----+-----+-----------+
    |                 Name                |  FF | LUT| Bits| Const Bits|
    +-------------------------------------+-----+----+-----+-----------+
    |Ar_numel_read_cast_reg_1187          |   19|   0|   64|         45|
    |Ar_shape_load_reg_1231               |   64|   0|   64|          0|
    |C_array_addr_reg_1544                |   19|   0|   19|          0|
    |ap_CS_fsm                            |  240|   0|  240|          0|
    |count_2_fu_90                        |   64|   0|   64|          0|
    |count_fu_54                          |   64|   0|   64|          0|
    |free_axesA_reg_1242                  |   64|   0|   64|          0|
    |free_axesB_reg_1247                  |   64|   0|   64|          0|
    |fwork_load_1_reg_1572                |   32|   0|   32|          0|
    |fwork_load_reg_1567                  |   32|   0|   32|          0|
    |grp_k2c_sub2idx_fu_676_ap_start_reg  |    1|   0|    1|          0|
    |i_0_in_i7_reg_610                    |   32|   0|   32|          0|
    |i_0_in_i_reg_566                     |   32|   0|   32|          0|
    |i_11_reg_630                         |   64|   0|   64|          0|
    |i_15_cast_reg_1267                   |    3|   0|    3|          0|
    |i_15_reg_1262                        |   64|   0|   64|          0|
    |i_17_reg_1280                        |    3|   0|    3|          0|
    |i_1_reg_468                          |   64|   0|   64|          0|
    |i_26_reg_1457                        |   64|   0|   64|          0|
    |i_27_reg_1316                        |    3|   0|    3|          0|
    |i_28_reg_1329                        |    3|   0|    3|          0|
    |i_29_reg_1352                        |    3|   0|    3|          0|
    |i_30_reg_1397                        |   32|   0|   32|          0|
    |i_31_reg_1462                        |   32|   0|   32|          0|
    |i_32_reg_1516                        |   64|   0|   64|          0|
    |i_33_reg_1381                        |   19|   0|   19|          0|
    |i_4_cast_reg_1272                    |    3|   0|   64|         61|
    |i_4_reg_480                          |    3|   0|    3|          0|
    |i_5_reg_491                          |    3|   0|    3|          0|
    |i_7_cast_reg_1298                    |    3|   0|   64|         61|
    |i_7_reg_500                          |    3|   0|    3|          0|
    |i_8_cast_reg_1321                    |    3|   0|   64|         61|
    |i_8_reg_523                          |    3|   0|    3|          0|
    |i_9_cast_reg_1344                    |    3|   0|   64|         61|
    |i_9_reg_534                          |    3|   0|    3|          0|
    |i_reg_456                            |   64|   0|   64|          0|
    |idx2_8_cast6_reg_1372                |   19|   0|   64|         45|
    |idx2_8_reg_545                       |   19|   0|   19|          0|
    |idx2_9_reg_586                       |   64|   0|   64|          0|
    |idx2_i6_reg_599                      |   64|   0|   64|          0|
    |idx2_i_reg_556                       |   64|   0|   64|          0|
    |j4_cast_reg_1485                     |    3|   0|   64|         61|
    |j4_reg_619                           |    3|   0|    3|          0|
    |j5_cast_reg_1426                     |    3|   0|   64|         61|
    |j5_reg_575                           |    3|   0|    3|          0|
    |j9_reg_641                           |   64|   0|   64|          0|
    |j_1_reg_511                          |   64|   0|   64|          0|
    |j_4_reg_1306                         |   64|   0|   64|          0|
    |j_6_reg_1434                         |    3|   0|    3|          0|
    |j_7_reg_1539                         |   64|   0|   64|          0|
    |j_reg_1493                           |    3|   0|    3|          0|
    |k_1_reg_1552                         |   64|   0|   64|          0|
    |k_reg_665                            |   64|   0|   64|          0|
    |storemerge_reg_652                   |   32|   0|   32|          0|
    |tmp_36_reg_1237                      |   12|   0|   12|          0|
    |tmp_37_reg_1252                      |   12|   0|   12|          0|
    |tmp_38_reg_1257                      |   20|   0|   20|          0|
    |tmp_40_reg_1362                      |   32|   0|   32|          0|
    |tmp_41_reg_1386                      |   32|   0|   32|          0|
    |tmp_42_reg_1391                      |   12|   0|   12|          0|
    |tmp_47_reg_1531                      |   12|   0|   12|          0|
    |tmp_5_i2_reg_1470                    |   32|   0|   64|         32|
    |tmp_5_i_reg_1405                     |   32|   0|   64|         32|
    |tmp_6_reg_1521                       |   20|   0|   20|          0|
    |tmp_7_reg_1526                       |   12|   0|   12|          0|
    |tmp_s_reg_1577                       |   32|   0|   32|          0|
    +-------------------------------------+-----+----+-----+-----------+
    |Total                                | 2160|   0| 2680|        520|
    +-------------------------------------+-----+----+-----+-----------+



================================================================
== Interface
================================================================
* Summary: 
+-------------------+-----+-----+------------+---------------+--------------+
|     RTL Ports     | Dir | Bits|  Protocol  | Source Object |    C Type    |
+-------------------+-----+-----+------------+---------------+--------------+
|ap_clk             |  in |    1| ap_ctrl_hs |    k2c_dot    | return value |
|ap_rst             |  in |    1| ap_ctrl_hs |    k2c_dot    | return value |
|ap_start           |  in |    1| ap_ctrl_hs |    k2c_dot    | return value |
|ap_done            | out |    1| ap_ctrl_hs |    k2c_dot    | return value |
|ap_idle            | out |    1| ap_ctrl_hs |    k2c_dot    | return value |
|ap_ready           | out |    1| ap_ctrl_hs |    k2c_dot    | return value |
|C_array_address0   | out |   19|  ap_memory |    C_array    |     array    |
|C_array_ce0        | out |    1|  ap_memory |    C_array    |     array    |
|C_array_we0        | out |    1|  ap_memory |    C_array    |     array    |
|C_array_d0         | out |   32|  ap_memory |    C_array    |     array    |
|Ar_array_address0  | out |   19|  ap_memory |    Ar_array   |     array    |
|Ar_array_ce0       | out |    1|  ap_memory |    Ar_array   |     array    |
|Ar_array_q0        |  in |   32|  ap_memory |    Ar_array   |     array    |
|Ar_ndim_read       |  in |   64|   ap_none  |  Ar_ndim_read |    scalar    |
|Ar_numel_read      |  in |   19|   ap_none  | Ar_numel_read |    scalar    |
|Ar_shape_address0  | out |    3|  ap_memory |    Ar_shape   |     array    |
|Ar_shape_ce0       | out |    1|  ap_memory |    Ar_shape   |     array    |
|Ar_shape_q0        |  in |   64|  ap_memory |    Ar_shape   |     array    |
|B_array_address0   | out |   19|  ap_memory |    B_array    |     array    |
|B_array_ce0        | out |    1|  ap_memory |    B_array    |     array    |
|B_array_q0         |  in |   32|  ap_memory |    B_array    |     array    |
|B_ndim_read        |  in |   64|   ap_none  |  B_ndim_read  |    scalar    |
|B_numel_read       |  in |   64|   ap_none  |  B_numel_read |    scalar    |
|B_shape_address0   | out |    3|  ap_memory |    B_shape    |     array    |
|B_shape_ce0        | out |    1|  ap_memory |    B_shape    |     array    |
|B_shape_q0         |  in |   64|  ap_memory |    B_shape    |     array    |
|axesA_0_read       |  in |   64|   ap_none  |  axesA_0_read |    scalar    |
|fwork_address0     | out |   11|  ap_memory |     fwork     |     array    |
|fwork_ce0          | out |    1|  ap_memory |     fwork     |     array    |
|fwork_we0          | out |    1|  ap_memory |     fwork     |     array    |
|fwork_d0           | out |   32|  ap_memory |     fwork     |     array    |
|fwork_q0           |  in |   32|  ap_memory |     fwork     |     array    |
|fwork_address1     | out |   11|  ap_memory |     fwork     |     array    |
|fwork_ce1          | out |    1|  ap_memory |     fwork     |     array    |
|fwork_q1           |  in |   32|  ap_memory |     fwork     |     array    |
+-------------------+-----+-----+------------+---------------+--------------+

