

================================================================
== Vivado HLS Report for 'myproject'
================================================================
* Date:           Fri Apr 19 00:19:19 2024

* Version:        2018.2 (Build 2258646 on Thu Jun 14 20:25:20 MDT 2018)
* Project:        myproject_prj
* Solution:       solution1
* Product family: virtexu
* Target device:  xcvu190-flgb2104-1-i


================================================================
== Performance Estimates
================================================================
+ Timing (ns): 
    * Summary: 
    +--------+-------+----------+------------+
    |  Clock | Target| Estimated| Uncertainty|
    +--------+-------+----------+------------+
    |ap_clk  |  10.00|     8.047|        1.25|
    +--------+-------+----------+------------+

+ Latency (clock cycles): 
    * Summary: 
    +---------+---------+---------+---------+---------+
    |      Latency      |      Interval     | Pipeline|
    |   min   |   max   |   min   |   max   |   Type  |
    +---------+---------+---------+---------+---------+
    |  1067261|  1067261|  1067261|  1067261|   none  |
    +---------+---------+---------+---------+---------+

    + Detail: 
        * Instance: 
        N/A

        * Loop: 
        N/A

============================================================
+ Verbose Summary: Synthesis Manager
============================================================
InlineROM: 1
ExposeGlobal: 0
============================================================
+ Verbose Summary: CDFG Model
============================================================
IsTopModel: 1
ResetActiveHigh: 1
IsCombinational: 0
IsDatapathOnly: 0
HasWiredReturn: 1
HasMFsm: 0
HasVarLatency: 1
IsPipeline: 0
IsRtlPipelined: 0
IsInstanceOverlapped: 0
IsDontTouch: 0
HasImplIP: 0
IsGatedGlobalClock: 0


============================================================
+ Verbose Summary: Schedule
============================================================
* Number of FSM states : 86
* Pipeline : 0
* Dataflow Pipeline: 0

* FSM state transitions: 
1 --> 
	2  / true
2 --> 
	3  / true
3 --> 
	4  / true
4 --> 
	5  / true
5 --> 
	6  / true
6 --> 
	7  / true
7 --> 
	8  / true
8 --> 
	9  / true
9 --> 
	10  / true
10 --> 
	11  / true
11 --> 
	12  / true
12 --> 
	13  / true
13 --> 
	14  / true
14 --> 
	15  / true
15 --> 
	16  / true
16 --> 
	17  / true
17 --> 
	18  / true
18 --> 
	19  / true
19 --> 
	20  / true
20 --> 
	21  / true
21 --> 
	22  / true
22 --> 
	23  / true
23 --> 
	24  / true
24 --> 
	25  / true
25 --> 
	26  / true
26 --> 
	27  / true
27 --> 
	28  / true
28 --> 
	29  / true
29 --> 
	30  / true
30 --> 
	31  / true
31 --> 
	32  / true
32 --> 
	33  / true
33 --> 
	34  / true
34 --> 
	35  / true
35 --> 
	36  / true
36 --> 
	37  / true
37 --> 
	38  / true
38 --> 
	39  / true
39 --> 
	40  / true
40 --> 
	41  / true
41 --> 
	42  / true
42 --> 
	43  / true
43 --> 
	44  / true
44 --> 
	45  / true
45 --> 
	46  / true
46 --> 
	47  / true
47 --> 
	48  / true
48 --> 
	49  / true
49 --> 
	50  / true
50 --> 
	51  / true
51 --> 
	52  / true
52 --> 
	53  / true
53 --> 
	54  / true
54 --> 
	55  / true
55 --> 
	56  / true
56 --> 
	57  / true
57 --> 
	58  / true
58 --> 
	59  / true
59 --> 
	60  / true
60 --> 
	61  / true
61 --> 
	62  / true
62 --> 
	63  / true
63 --> 
	64  / true
64 --> 
	65  / true
65 --> 
	66  / true
66 --> 
	67  / true
67 --> 
	68  / true
68 --> 
	69  / true
69 --> 
	70  / true
70 --> 
	71  / true
71 --> 
	72  / true
72 --> 
	73  / true
73 --> 
	74  / true
74 --> 
	75  / true
75 --> 
	76  / true
76 --> 
	77  / true
77 --> 
	78  / true
78 --> 
	79  / true
79 --> 
	80  / true
80 --> 
	81  / true
81 --> 
	82  / true
82 --> 
	83  / true
83 --> 
	84  / true
84 --> 
	85  / true
85 --> 
	86  / true
86 --> 

* FSM state operations: 

State 1 <SV = 0> <Delay = 0.00>
ST_1 : Operation 87 [1/1] (0.00ns)   --->   "%layer2_out_V = alloca [100 x i16], align 2" [firmware/myproject.cpp:34]   --->   Operation 87 'alloca' 'layer2_out_V' <Predicate = true> <Delay = 0.00>
ST_1 : Operation 88 [1/1] (0.00ns)   --->   "%layer5_out_V = alloca [100 x i11], align 2" [firmware/myproject.cpp:38]   --->   Operation 88 'alloca' 'layer5_out_V' <Predicate = true> <Delay = 0.00>
ST_1 : Operation 89 [1/1] (0.00ns)   --->   "%layer6_out_V = alloca [10 x i16], align 2" [firmware/myproject.cpp:42]   --->   Operation 89 'alloca' 'layer6_out_V' <Predicate = true> <Delay = 0.00>
ST_1 : Operation 90 [1/1] (0.00ns)   --->   "%layer9_out_V = alloca [10 x i11], align 2" [firmware/myproject.cpp:46]   --->   Operation 90 'alloca' 'layer9_out_V' <Predicate = true> <Delay = 0.00>
ST_1 : Operation 91 [1/1] (0.00ns)   --->   "%layer10_out_V = alloca [6 x i16], align 2" [firmware/myproject.cpp:50]   --->   Operation 91 'alloca' 'layer10_out_V' <Predicate = true> <Delay = 0.00>
ST_1 : Operation 92 [2/2] (0.00ns)   --->   "call fastcc void @"dense_latency<ap_fixed<16, 6, 5, 3, 0>, ap_fixed<16, 6, 5, 3, 0>, config2>"([2622 x i16]* %dense_input_V, [100 x i16]* %layer2_out_V)" [firmware/nnet_utils/nnet_dense.h:41->firmware/myproject.cpp:36]   --->   Operation 92 'call' <Predicate = true> <Delay = 0.00> <CoreType = "Generic">   --->   Core 0 '' <Latency = 0> <II = 1> <Delay = 1.00> <Generic> <Opcode : >

State 2 <SV = 1> <Delay = 0.00>
ST_2 : Operation 93 [1/2] (0.00ns)   --->   "call fastcc void @"dense_latency<ap_fixed<16, 6, 5, 3, 0>, ap_fixed<16, 6, 5, 3, 0>, config2>"([2622 x i16]* %dense_input_V, [100 x i16]* %layer2_out_V)" [firmware/nnet_utils/nnet_dense.h:41->firmware/myproject.cpp:36]   --->   Operation 93 'call' <Predicate = true> <Delay = 0.00> <CoreType = "Generic">   --->   Core 0 '' <Latency = 0> <II = 1> <Delay = 1.00> <Generic> <Opcode : >

State 3 <SV = 2> <Delay = 0.00>
ST_3 : Operation 94 [53/53] (0.00ns)   --->   "call fastcc void @"tanh<ap_fixed<16, 6, 5, 3, 0>, ap_fixed<16, 6, 5, 3, 0>, tanh_config5>"([100 x i16]* %layer2_out_V, [100 x i11]* %layer5_out_V)" [firmware/myproject.cpp:40]   --->   Operation 94 'call' <Predicate = true> <Delay = 0.00> <CoreType = "Generic">   --->   Core 0 '' <Latency = 0> <II = 1> <Delay = 1.00> <Generic> <Opcode : >

State 4 <SV = 3> <Delay = 7.17>
ST_4 : Operation 95 [52/53] (7.17ns)   --->   "call fastcc void @"tanh<ap_fixed<16, 6, 5, 3, 0>, ap_fixed<16, 6, 5, 3, 0>, tanh_config5>"([100 x i16]* %layer2_out_V, [100 x i11]* %layer5_out_V)" [firmware/myproject.cpp:40]   --->   Operation 95 'call' <Predicate = true> <Delay = 7.17> <CoreType = "Generic">   --->   Core 0 '' <Latency = 0> <II = 1> <Delay = 1.00> <Generic> <Opcode : >

State 5 <SV = 4> <Delay = 7.17>
ST_5 : Operation 96 [51/53] (7.17ns)   --->   "call fastcc void @"tanh<ap_fixed<16, 6, 5, 3, 0>, ap_fixed<16, 6, 5, 3, 0>, tanh_config5>"([100 x i16]* %layer2_out_V, [100 x i11]* %layer5_out_V)" [firmware/myproject.cpp:40]   --->   Operation 96 'call' <Predicate = true> <Delay = 7.17> <CoreType = "Generic">   --->   Core 0 '' <Latency = 0> <II = 1> <Delay = 1.00> <Generic> <Opcode : >

State 6 <SV = 5> <Delay = 7.17>
ST_6 : Operation 97 [50/53] (7.17ns)   --->   "call fastcc void @"tanh<ap_fixed<16, 6, 5, 3, 0>, ap_fixed<16, 6, 5, 3, 0>, tanh_config5>"([100 x i16]* %layer2_out_V, [100 x i11]* %layer5_out_V)" [firmware/myproject.cpp:40]   --->   Operation 97 'call' <Predicate = true> <Delay = 7.17> <CoreType = "Generic">   --->   Core 0 '' <Latency = 0> <II = 1> <Delay = 1.00> <Generic> <Opcode : >

State 7 <SV = 6> <Delay = 7.17>
ST_7 : Operation 98 [49/53] (7.17ns)   --->   "call fastcc void @"tanh<ap_fixed<16, 6, 5, 3, 0>, ap_fixed<16, 6, 5, 3, 0>, tanh_config5>"([100 x i16]* %layer2_out_V, [100 x i11]* %layer5_out_V)" [firmware/myproject.cpp:40]   --->   Operation 98 'call' <Predicate = true> <Delay = 7.17> <CoreType = "Generic">   --->   Core 0 '' <Latency = 0> <II = 1> <Delay = 1.00> <Generic> <Opcode : >

State 8 <SV = 7> <Delay = 7.17>
ST_8 : Operation 99 [48/53] (7.17ns)   --->   "call fastcc void @"tanh<ap_fixed<16, 6, 5, 3, 0>, ap_fixed<16, 6, 5, 3, 0>, tanh_config5>"([100 x i16]* %layer2_out_V, [100 x i11]* %layer5_out_V)" [firmware/myproject.cpp:40]   --->   Operation 99 'call' <Predicate = true> <Delay = 7.17> <CoreType = "Generic">   --->   Core 0 '' <Latency = 0> <II = 1> <Delay = 1.00> <Generic> <Opcode : >

State 9 <SV = 8> <Delay = 7.17>
ST_9 : Operation 100 [47/53] (7.17ns)   --->   "call fastcc void @"tanh<ap_fixed<16, 6, 5, 3, 0>, ap_fixed<16, 6, 5, 3, 0>, tanh_config5>"([100 x i16]* %layer2_out_V, [100 x i11]* %layer5_out_V)" [firmware/myproject.cpp:40]   --->   Operation 100 'call' <Predicate = true> <Delay = 7.17> <CoreType = "Generic">   --->   Core 0 '' <Latency = 0> <II = 1> <Delay = 1.00> <Generic> <Opcode : >

State 10 <SV = 9> <Delay = 7.17>
ST_10 : Operation 101 [46/53] (7.17ns)   --->   "call fastcc void @"tanh<ap_fixed<16, 6, 5, 3, 0>, ap_fixed<16, 6, 5, 3, 0>, tanh_config5>"([100 x i16]* %layer2_out_V, [100 x i11]* %layer5_out_V)" [firmware/myproject.cpp:40]   --->   Operation 101 'call' <Predicate = true> <Delay = 7.17> <CoreType = "Generic">   --->   Core 0 '' <Latency = 0> <II = 1> <Delay = 1.00> <Generic> <Opcode : >

State 11 <SV = 10> <Delay = 7.17>
ST_11 : Operation 102 [45/53] (7.17ns)   --->   "call fastcc void @"tanh<ap_fixed<16, 6, 5, 3, 0>, ap_fixed<16, 6, 5, 3, 0>, tanh_config5>"([100 x i16]* %layer2_out_V, [100 x i11]* %layer5_out_V)" [firmware/myproject.cpp:40]   --->   Operation 102 'call' <Predicate = true> <Delay = 7.17> <CoreType = "Generic">   --->   Core 0 '' <Latency = 0> <II = 1> <Delay = 1.00> <Generic> <Opcode : >

State 12 <SV = 11> <Delay = 7.17>
ST_12 : Operation 103 [44/53] (7.17ns)   --->   "call fastcc void @"tanh<ap_fixed<16, 6, 5, 3, 0>, ap_fixed<16, 6, 5, 3, 0>, tanh_config5>"([100 x i16]* %layer2_out_V, [100 x i11]* %layer5_out_V)" [firmware/myproject.cpp:40]   --->   Operation 103 'call' <Predicate = true> <Delay = 7.17> <CoreType = "Generic">   --->   Core 0 '' <Latency = 0> <II = 1> <Delay = 1.00> <Generic> <Opcode : >

State 13 <SV = 12> <Delay = 7.17>
ST_13 : Operation 104 [43/53] (7.17ns)   --->   "call fastcc void @"tanh<ap_fixed<16, 6, 5, 3, 0>, ap_fixed<16, 6, 5, 3, 0>, tanh_config5>"([100 x i16]* %layer2_out_V, [100 x i11]* %layer5_out_V)" [firmware/myproject.cpp:40]   --->   Operation 104 'call' <Predicate = true> <Delay = 7.17> <CoreType = "Generic">   --->   Core 0 '' <Latency = 0> <II = 1> <Delay = 1.00> <Generic> <Opcode : >

State 14 <SV = 13> <Delay = 7.17>
ST_14 : Operation 105 [42/53] (7.17ns)   --->   "call fastcc void @"tanh<ap_fixed<16, 6, 5, 3, 0>, ap_fixed<16, 6, 5, 3, 0>, tanh_config5>"([100 x i16]* %layer2_out_V, [100 x i11]* %layer5_out_V)" [firmware/myproject.cpp:40]   --->   Operation 105 'call' <Predicate = true> <Delay = 7.17> <CoreType = "Generic">   --->   Core 0 '' <Latency = 0> <II = 1> <Delay = 1.00> <Generic> <Opcode : >

State 15 <SV = 14> <Delay = 7.17>
ST_15 : Operation 106 [41/53] (7.17ns)   --->   "call fastcc void @"tanh<ap_fixed<16, 6, 5, 3, 0>, ap_fixed<16, 6, 5, 3, 0>, tanh_config5>"([100 x i16]* %layer2_out_V, [100 x i11]* %layer5_out_V)" [firmware/myproject.cpp:40]   --->   Operation 106 'call' <Predicate = true> <Delay = 7.17> <CoreType = "Generic">   --->   Core 0 '' <Latency = 0> <II = 1> <Delay = 1.00> <Generic> <Opcode : >

State 16 <SV = 15> <Delay = 7.17>
ST_16 : Operation 107 [40/53] (7.17ns)   --->   "call fastcc void @"tanh<ap_fixed<16, 6, 5, 3, 0>, ap_fixed<16, 6, 5, 3, 0>, tanh_config5>"([100 x i16]* %layer2_out_V, [100 x i11]* %layer5_out_V)" [firmware/myproject.cpp:40]   --->   Operation 107 'call' <Predicate = true> <Delay = 7.17> <CoreType = "Generic">   --->   Core 0 '' <Latency = 0> <II = 1> <Delay = 1.00> <Generic> <Opcode : >

State 17 <SV = 16> <Delay = 7.17>
ST_17 : Operation 108 [39/53] (7.17ns)   --->   "call fastcc void @"tanh<ap_fixed<16, 6, 5, 3, 0>, ap_fixed<16, 6, 5, 3, 0>, tanh_config5>"([100 x i16]* %layer2_out_V, [100 x i11]* %layer5_out_V)" [firmware/myproject.cpp:40]   --->   Operation 108 'call' <Predicate = true> <Delay = 7.17> <CoreType = "Generic">   --->   Core 0 '' <Latency = 0> <II = 1> <Delay = 1.00> <Generic> <Opcode : >

State 18 <SV = 17> <Delay = 7.17>
ST_18 : Operation 109 [38/53] (7.17ns)   --->   "call fastcc void @"tanh<ap_fixed<16, 6, 5, 3, 0>, ap_fixed<16, 6, 5, 3, 0>, tanh_config5>"([100 x i16]* %layer2_out_V, [100 x i11]* %layer5_out_V)" [firmware/myproject.cpp:40]   --->   Operation 109 'call' <Predicate = true> <Delay = 7.17> <CoreType = "Generic">   --->   Core 0 '' <Latency = 0> <II = 1> <Delay = 1.00> <Generic> <Opcode : >

State 19 <SV = 18> <Delay = 7.17>
ST_19 : Operation 110 [37/53] (7.17ns)   --->   "call fastcc void @"tanh<ap_fixed<16, 6, 5, 3, 0>, ap_fixed<16, 6, 5, 3, 0>, tanh_config5>"([100 x i16]* %layer2_out_V, [100 x i11]* %layer5_out_V)" [firmware/myproject.cpp:40]   --->   Operation 110 'call' <Predicate = true> <Delay = 7.17> <CoreType = "Generic">   --->   Core 0 '' <Latency = 0> <II = 1> <Delay = 1.00> <Generic> <Opcode : >

State 20 <SV = 19> <Delay = 7.17>
ST_20 : Operation 111 [36/53] (7.17ns)   --->   "call fastcc void @"tanh<ap_fixed<16, 6, 5, 3, 0>, ap_fixed<16, 6, 5, 3, 0>, tanh_config5>"([100 x i16]* %layer2_out_V, [100 x i11]* %layer5_out_V)" [firmware/myproject.cpp:40]   --->   Operation 111 'call' <Predicate = true> <Delay = 7.17> <CoreType = "Generic">   --->   Core 0 '' <Latency = 0> <II = 1> <Delay = 1.00> <Generic> <Opcode : >

State 21 <SV = 20> <Delay = 7.17>
ST_21 : Operation 112 [35/53] (7.17ns)   --->   "call fastcc void @"tanh<ap_fixed<16, 6, 5, 3, 0>, ap_fixed<16, 6, 5, 3, 0>, tanh_config5>"([100 x i16]* %layer2_out_V, [100 x i11]* %layer5_out_V)" [firmware/myproject.cpp:40]   --->   Operation 112 'call' <Predicate = true> <Delay = 7.17> <CoreType = "Generic">   --->   Core 0 '' <Latency = 0> <II = 1> <Delay = 1.00> <Generic> <Opcode : >

State 22 <SV = 21> <Delay = 7.17>
ST_22 : Operation 113 [34/53] (7.17ns)   --->   "call fastcc void @"tanh<ap_fixed<16, 6, 5, 3, 0>, ap_fixed<16, 6, 5, 3, 0>, tanh_config5>"([100 x i16]* %layer2_out_V, [100 x i11]* %layer5_out_V)" [firmware/myproject.cpp:40]   --->   Operation 113 'call' <Predicate = true> <Delay = 7.17> <CoreType = "Generic">   --->   Core 0 '' <Latency = 0> <II = 1> <Delay = 1.00> <Generic> <Opcode : >

State 23 <SV = 22> <Delay = 7.17>
ST_23 : Operation 114 [33/53] (7.17ns)   --->   "call fastcc void @"tanh<ap_fixed<16, 6, 5, 3, 0>, ap_fixed<16, 6, 5, 3, 0>, tanh_config5>"([100 x i16]* %layer2_out_V, [100 x i11]* %layer5_out_V)" [firmware/myproject.cpp:40]   --->   Operation 114 'call' <Predicate = true> <Delay = 7.17> <CoreType = "Generic">   --->   Core 0 '' <Latency = 0> <II = 1> <Delay = 1.00> <Generic> <Opcode : >

State 24 <SV = 23> <Delay = 7.17>
ST_24 : Operation 115 [32/53] (7.17ns)   --->   "call fastcc void @"tanh<ap_fixed<16, 6, 5, 3, 0>, ap_fixed<16, 6, 5, 3, 0>, tanh_config5>"([100 x i16]* %layer2_out_V, [100 x i11]* %layer5_out_V)" [firmware/myproject.cpp:40]   --->   Operation 115 'call' <Predicate = true> <Delay = 7.17> <CoreType = "Generic">   --->   Core 0 '' <Latency = 0> <II = 1> <Delay = 1.00> <Generic> <Opcode : >

State 25 <SV = 24> <Delay = 7.17>
ST_25 : Operation 116 [31/53] (7.17ns)   --->   "call fastcc void @"tanh<ap_fixed<16, 6, 5, 3, 0>, ap_fixed<16, 6, 5, 3, 0>, tanh_config5>"([100 x i16]* %layer2_out_V, [100 x i11]* %layer5_out_V)" [firmware/myproject.cpp:40]   --->   Operation 116 'call' <Predicate = true> <Delay = 7.17> <CoreType = "Generic">   --->   Core 0 '' <Latency = 0> <II = 1> <Delay = 1.00> <Generic> <Opcode : >

State 26 <SV = 25> <Delay = 7.17>
ST_26 : Operation 117 [30/53] (7.17ns)   --->   "call fastcc void @"tanh<ap_fixed<16, 6, 5, 3, 0>, ap_fixed<16, 6, 5, 3, 0>, tanh_config5>"([100 x i16]* %layer2_out_V, [100 x i11]* %layer5_out_V)" [firmware/myproject.cpp:40]   --->   Operation 117 'call' <Predicate = true> <Delay = 7.17> <CoreType = "Generic">   --->   Core 0 '' <Latency = 0> <II = 1> <Delay = 1.00> <Generic> <Opcode : >

State 27 <SV = 26> <Delay = 7.17>
ST_27 : Operation 118 [29/53] (7.17ns)   --->   "call fastcc void @"tanh<ap_fixed<16, 6, 5, 3, 0>, ap_fixed<16, 6, 5, 3, 0>, tanh_config5>"([100 x i16]* %layer2_out_V, [100 x i11]* %layer5_out_V)" [firmware/myproject.cpp:40]   --->   Operation 118 'call' <Predicate = true> <Delay = 7.17> <CoreType = "Generic">   --->   Core 0 '' <Latency = 0> <II = 1> <Delay = 1.00> <Generic> <Opcode : >

State 28 <SV = 27> <Delay = 7.17>
ST_28 : Operation 119 [28/53] (7.17ns)   --->   "call fastcc void @"tanh<ap_fixed<16, 6, 5, 3, 0>, ap_fixed<16, 6, 5, 3, 0>, tanh_config5>"([100 x i16]* %layer2_out_V, [100 x i11]* %layer5_out_V)" [firmware/myproject.cpp:40]   --->   Operation 119 'call' <Predicate = true> <Delay = 7.17> <CoreType = "Generic">   --->   Core 0 '' <Latency = 0> <II = 1> <Delay = 1.00> <Generic> <Opcode : >

State 29 <SV = 28> <Delay = 7.17>
ST_29 : Operation 120 [27/53] (7.17ns)   --->   "call fastcc void @"tanh<ap_fixed<16, 6, 5, 3, 0>, ap_fixed<16, 6, 5, 3, 0>, tanh_config5>"([100 x i16]* %layer2_out_V, [100 x i11]* %layer5_out_V)" [firmware/myproject.cpp:40]   --->   Operation 120 'call' <Predicate = true> <Delay = 7.17> <CoreType = "Generic">   --->   Core 0 '' <Latency = 0> <II = 1> <Delay = 1.00> <Generic> <Opcode : >

State 30 <SV = 29> <Delay = 7.17>
ST_30 : Operation 121 [26/53] (7.17ns)   --->   "call fastcc void @"tanh<ap_fixed<16, 6, 5, 3, 0>, ap_fixed<16, 6, 5, 3, 0>, tanh_config5>"([100 x i16]* %layer2_out_V, [100 x i11]* %layer5_out_V)" [firmware/myproject.cpp:40]   --->   Operation 121 'call' <Predicate = true> <Delay = 7.17> <CoreType = "Generic">   --->   Core 0 '' <Latency = 0> <II = 1> <Delay = 1.00> <Generic> <Opcode : >

State 31 <SV = 30> <Delay = 7.17>
ST_31 : Operation 122 [25/53] (7.17ns)   --->   "call fastcc void @"tanh<ap_fixed<16, 6, 5, 3, 0>, ap_fixed<16, 6, 5, 3, 0>, tanh_config5>"([100 x i16]* %layer2_out_V, [100 x i11]* %layer5_out_V)" [firmware/myproject.cpp:40]   --->   Operation 122 'call' <Predicate = true> <Delay = 7.17> <CoreType = "Generic">   --->   Core 0 '' <Latency = 0> <II = 1> <Delay = 1.00> <Generic> <Opcode : >

State 32 <SV = 31> <Delay = 7.17>
ST_32 : Operation 123 [24/53] (7.17ns)   --->   "call fastcc void @"tanh<ap_fixed<16, 6, 5, 3, 0>, ap_fixed<16, 6, 5, 3, 0>, tanh_config5>"([100 x i16]* %layer2_out_V, [100 x i11]* %layer5_out_V)" [firmware/myproject.cpp:40]   --->   Operation 123 'call' <Predicate = true> <Delay = 7.17> <CoreType = "Generic">   --->   Core 0 '' <Latency = 0> <II = 1> <Delay = 1.00> <Generic> <Opcode : >

State 33 <SV = 32> <Delay = 7.17>
ST_33 : Operation 124 [23/53] (7.17ns)   --->   "call fastcc void @"tanh<ap_fixed<16, 6, 5, 3, 0>, ap_fixed<16, 6, 5, 3, 0>, tanh_config5>"([100 x i16]* %layer2_out_V, [100 x i11]* %layer5_out_V)" [firmware/myproject.cpp:40]   --->   Operation 124 'call' <Predicate = true> <Delay = 7.17> <CoreType = "Generic">   --->   Core 0 '' <Latency = 0> <II = 1> <Delay = 1.00> <Generic> <Opcode : >

State 34 <SV = 33> <Delay = 7.17>
ST_34 : Operation 125 [22/53] (7.17ns)   --->   "call fastcc void @"tanh<ap_fixed<16, 6, 5, 3, 0>, ap_fixed<16, 6, 5, 3, 0>, tanh_config5>"([100 x i16]* %layer2_out_V, [100 x i11]* %layer5_out_V)" [firmware/myproject.cpp:40]   --->   Operation 125 'call' <Predicate = true> <Delay = 7.17> <CoreType = "Generic">   --->   Core 0 '' <Latency = 0> <II = 1> <Delay = 1.00> <Generic> <Opcode : >

State 35 <SV = 34> <Delay = 7.17>
ST_35 : Operation 126 [21/53] (7.17ns)   --->   "call fastcc void @"tanh<ap_fixed<16, 6, 5, 3, 0>, ap_fixed<16, 6, 5, 3, 0>, tanh_config5>"([100 x i16]* %layer2_out_V, [100 x i11]* %layer5_out_V)" [firmware/myproject.cpp:40]   --->   Operation 126 'call' <Predicate = true> <Delay = 7.17> <CoreType = "Generic">   --->   Core 0 '' <Latency = 0> <II = 1> <Delay = 1.00> <Generic> <Opcode : >

State 36 <SV = 35> <Delay = 7.17>
ST_36 : Operation 127 [20/53] (7.17ns)   --->   "call fastcc void @"tanh<ap_fixed<16, 6, 5, 3, 0>, ap_fixed<16, 6, 5, 3, 0>, tanh_config5>"([100 x i16]* %layer2_out_V, [100 x i11]* %layer5_out_V)" [firmware/myproject.cpp:40]   --->   Operation 127 'call' <Predicate = true> <Delay = 7.17> <CoreType = "Generic">   --->   Core 0 '' <Latency = 0> <II = 1> <Delay = 1.00> <Generic> <Opcode : >

State 37 <SV = 36> <Delay = 7.17>
ST_37 : Operation 128 [19/53] (7.17ns)   --->   "call fastcc void @"tanh<ap_fixed<16, 6, 5, 3, 0>, ap_fixed<16, 6, 5, 3, 0>, tanh_config5>"([100 x i16]* %layer2_out_V, [100 x i11]* %layer5_out_V)" [firmware/myproject.cpp:40]   --->   Operation 128 'call' <Predicate = true> <Delay = 7.17> <CoreType = "Generic">   --->   Core 0 '' <Latency = 0> <II = 1> <Delay = 1.00> <Generic> <Opcode : >

State 38 <SV = 37> <Delay = 7.17>
ST_38 : Operation 129 [18/53] (7.17ns)   --->   "call fastcc void @"tanh<ap_fixed<16, 6, 5, 3, 0>, ap_fixed<16, 6, 5, 3, 0>, tanh_config5>"([100 x i16]* %layer2_out_V, [100 x i11]* %layer5_out_V)" [firmware/myproject.cpp:40]   --->   Operation 129 'call' <Predicate = true> <Delay = 7.17> <CoreType = "Generic">   --->   Core 0 '' <Latency = 0> <II = 1> <Delay = 1.00> <Generic> <Opcode : >

State 39 <SV = 38> <Delay = 7.17>
ST_39 : Operation 130 [17/53] (7.17ns)   --->   "call fastcc void @"tanh<ap_fixed<16, 6, 5, 3, 0>, ap_fixed<16, 6, 5, 3, 0>, tanh_config5>"([100 x i16]* %layer2_out_V, [100 x i11]* %layer5_out_V)" [firmware/myproject.cpp:40]   --->   Operation 130 'call' <Predicate = true> <Delay = 7.17> <CoreType = "Generic">   --->   Core 0 '' <Latency = 0> <II = 1> <Delay = 1.00> <Generic> <Opcode : >

State 40 <SV = 39> <Delay = 7.17>
ST_40 : Operation 131 [16/53] (7.17ns)   --->   "call fastcc void @"tanh<ap_fixed<16, 6, 5, 3, 0>, ap_fixed<16, 6, 5, 3, 0>, tanh_config5>"([100 x i16]* %layer2_out_V, [100 x i11]* %layer5_out_V)" [firmware/myproject.cpp:40]   --->   Operation 131 'call' <Predicate = true> <Delay = 7.17> <CoreType = "Generic">   --->   Core 0 '' <Latency = 0> <II = 1> <Delay = 1.00> <Generic> <Opcode : >

State 41 <SV = 40> <Delay = 7.17>
ST_41 : Operation 132 [15/53] (7.17ns)   --->   "call fastcc void @"tanh<ap_fixed<16, 6, 5, 3, 0>, ap_fixed<16, 6, 5, 3, 0>, tanh_config5>"([100 x i16]* %layer2_out_V, [100 x i11]* %layer5_out_V)" [firmware/myproject.cpp:40]   --->   Operation 132 'call' <Predicate = true> <Delay = 7.17> <CoreType = "Generic">   --->   Core 0 '' <Latency = 0> <II = 1> <Delay = 1.00> <Generic> <Opcode : >

State 42 <SV = 41> <Delay = 7.17>
ST_42 : Operation 133 [14/53] (7.17ns)   --->   "call fastcc void @"tanh<ap_fixed<16, 6, 5, 3, 0>, ap_fixed<16, 6, 5, 3, 0>, tanh_config5>"([100 x i16]* %layer2_out_V, [100 x i11]* %layer5_out_V)" [firmware/myproject.cpp:40]   --->   Operation 133 'call' <Predicate = true> <Delay = 7.17> <CoreType = "Generic">   --->   Core 0 '' <Latency = 0> <II = 1> <Delay = 1.00> <Generic> <Opcode : >

State 43 <SV = 42> <Delay = 7.17>
ST_43 : Operation 134 [13/53] (7.17ns)   --->   "call fastcc void @"tanh<ap_fixed<16, 6, 5, 3, 0>, ap_fixed<16, 6, 5, 3, 0>, tanh_config5>"([100 x i16]* %layer2_out_V, [100 x i11]* %layer5_out_V)" [firmware/myproject.cpp:40]   --->   Operation 134 'call' <Predicate = true> <Delay = 7.17> <CoreType = "Generic">   --->   Core 0 '' <Latency = 0> <II = 1> <Delay = 1.00> <Generic> <Opcode : >

State 44 <SV = 43> <Delay = 7.17>
ST_44 : Operation 135 [12/53] (7.17ns)   --->   "call fastcc void @"tanh<ap_fixed<16, 6, 5, 3, 0>, ap_fixed<16, 6, 5, 3, 0>, tanh_config5>"([100 x i16]* %layer2_out_V, [100 x i11]* %layer5_out_V)" [firmware/myproject.cpp:40]   --->   Operation 135 'call' <Predicate = true> <Delay = 7.17> <CoreType = "Generic">   --->   Core 0 '' <Latency = 0> <II = 1> <Delay = 1.00> <Generic> <Opcode : >

State 45 <SV = 44> <Delay = 7.17>
ST_45 : Operation 136 [11/53] (7.17ns)   --->   "call fastcc void @"tanh<ap_fixed<16, 6, 5, 3, 0>, ap_fixed<16, 6, 5, 3, 0>, tanh_config5>"([100 x i16]* %layer2_out_V, [100 x i11]* %layer5_out_V)" [firmware/myproject.cpp:40]   --->   Operation 136 'call' <Predicate = true> <Delay = 7.17> <CoreType = "Generic">   --->   Core 0 '' <Latency = 0> <II = 1> <Delay = 1.00> <Generic> <Opcode : >

State 46 <SV = 45> <Delay = 7.17>
ST_46 : Operation 137 [10/53] (7.17ns)   --->   "call fastcc void @"tanh<ap_fixed<16, 6, 5, 3, 0>, ap_fixed<16, 6, 5, 3, 0>, tanh_config5>"([100 x i16]* %layer2_out_V, [100 x i11]* %layer5_out_V)" [firmware/myproject.cpp:40]   --->   Operation 137 'call' <Predicate = true> <Delay = 7.17> <CoreType = "Generic">   --->   Core 0 '' <Latency = 0> <II = 1> <Delay = 1.00> <Generic> <Opcode : >

State 47 <SV = 46> <Delay = 7.17>
ST_47 : Operation 138 [9/53] (7.17ns)   --->   "call fastcc void @"tanh<ap_fixed<16, 6, 5, 3, 0>, ap_fixed<16, 6, 5, 3, 0>, tanh_config5>"([100 x i16]* %layer2_out_V, [100 x i11]* %layer5_out_V)" [firmware/myproject.cpp:40]   --->   Operation 138 'call' <Predicate = true> <Delay = 7.17> <CoreType = "Generic">   --->   Core 0 '' <Latency = 0> <II = 1> <Delay = 1.00> <Generic> <Opcode : >

State 48 <SV = 47> <Delay = 7.17>
ST_48 : Operation 139 [8/53] (7.17ns)   --->   "call fastcc void @"tanh<ap_fixed<16, 6, 5, 3, 0>, ap_fixed<16, 6, 5, 3, 0>, tanh_config5>"([100 x i16]* %layer2_out_V, [100 x i11]* %layer5_out_V)" [firmware/myproject.cpp:40]   --->   Operation 139 'call' <Predicate = true> <Delay = 7.17> <CoreType = "Generic">   --->   Core 0 '' <Latency = 0> <II = 1> <Delay = 1.00> <Generic> <Opcode : >

State 49 <SV = 48> <Delay = 7.17>
ST_49 : Operation 140 [7/53] (7.17ns)   --->   "call fastcc void @"tanh<ap_fixed<16, 6, 5, 3, 0>, ap_fixed<16, 6, 5, 3, 0>, tanh_config5>"([100 x i16]* %layer2_out_V, [100 x i11]* %layer5_out_V)" [firmware/myproject.cpp:40]   --->   Operation 140 'call' <Predicate = true> <Delay = 7.17> <CoreType = "Generic">   --->   Core 0 '' <Latency = 0> <II = 1> <Delay = 1.00> <Generic> <Opcode : >

State 50 <SV = 49> <Delay = 7.17>
ST_50 : Operation 141 [6/53] (7.17ns)   --->   "call fastcc void @"tanh<ap_fixed<16, 6, 5, 3, 0>, ap_fixed<16, 6, 5, 3, 0>, tanh_config5>"([100 x i16]* %layer2_out_V, [100 x i11]* %layer5_out_V)" [firmware/myproject.cpp:40]   --->   Operation 141 'call' <Predicate = true> <Delay = 7.17> <CoreType = "Generic">   --->   Core 0 '' <Latency = 0> <II = 1> <Delay = 1.00> <Generic> <Opcode : >

State 51 <SV = 50> <Delay = 7.17>
ST_51 : Operation 142 [5/53] (7.17ns)   --->   "call fastcc void @"tanh<ap_fixed<16, 6, 5, 3, 0>, ap_fixed<16, 6, 5, 3, 0>, tanh_config5>"([100 x i16]* %layer2_out_V, [100 x i11]* %layer5_out_V)" [firmware/myproject.cpp:40]   --->   Operation 142 'call' <Predicate = true> <Delay = 7.17> <CoreType = "Generic">   --->   Core 0 '' <Latency = 0> <II = 1> <Delay = 1.00> <Generic> <Opcode : >

State 52 <SV = 51> <Delay = 7.17>
ST_52 : Operation 143 [4/53] (7.17ns)   --->   "call fastcc void @"tanh<ap_fixed<16, 6, 5, 3, 0>, ap_fixed<16, 6, 5, 3, 0>, tanh_config5>"([100 x i16]* %layer2_out_V, [100 x i11]* %layer5_out_V)" [firmware/myproject.cpp:40]   --->   Operation 143 'call' <Predicate = true> <Delay = 7.17> <CoreType = "Generic">   --->   Core 0 '' <Latency = 0> <II = 1> <Delay = 1.00> <Generic> <Opcode : >

State 53 <SV = 52> <Delay = 7.17>
ST_53 : Operation 144 [3/53] (7.17ns)   --->   "call fastcc void @"tanh<ap_fixed<16, 6, 5, 3, 0>, ap_fixed<16, 6, 5, 3, 0>, tanh_config5>"([100 x i16]* %layer2_out_V, [100 x i11]* %layer5_out_V)" [firmware/myproject.cpp:40]   --->   Operation 144 'call' <Predicate = true> <Delay = 7.17> <CoreType = "Generic">   --->   Core 0 '' <Latency = 0> <II = 1> <Delay = 1.00> <Generic> <Opcode : >

State 54 <SV = 53> <Delay = 7.17>
ST_54 : Operation 145 [2/53] (7.17ns)   --->   "call fastcc void @"tanh<ap_fixed<16, 6, 5, 3, 0>, ap_fixed<16, 6, 5, 3, 0>, tanh_config5>"([100 x i16]* %layer2_out_V, [100 x i11]* %layer5_out_V)" [firmware/myproject.cpp:40]   --->   Operation 145 'call' <Predicate = true> <Delay = 7.17> <CoreType = "Generic">   --->   Core 0 '' <Latency = 0> <II = 1> <Delay = 1.00> <Generic> <Opcode : >

State 55 <SV = 54> <Delay = 0.00>
ST_55 : Operation 146 [1/53] (0.00ns)   --->   "call fastcc void @"tanh<ap_fixed<16, 6, 5, 3, 0>, ap_fixed<16, 6, 5, 3, 0>, tanh_config5>"([100 x i16]* %layer2_out_V, [100 x i11]* %layer5_out_V)" [firmware/myproject.cpp:40]   --->   Operation 146 'call' <Predicate = true> <Delay = 0.00> <CoreType = "Generic">   --->   Core 0 '' <Latency = 0> <II = 1> <Delay = 1.00> <Generic> <Opcode : >

State 56 <SV = 55> <Delay = 0.00>
ST_56 : Operation 147 [2/2] (0.00ns)   --->   "call fastcc void @"dense_latency<ap_fixed<16, 6, 5, 3, 0>, ap_fixed<16, 6, 5, 3, 0>, config6>"([100 x i11]* %layer5_out_V, [10 x i16]* %layer6_out_V)" [firmware/nnet_utils/nnet_dense.h:41->firmware/myproject.cpp:44]   --->   Operation 147 'call' <Predicate = true> <Delay = 0.00> <CoreType = "Generic">   --->   Core 0 '' <Latency = 0> <II = 1> <Delay = 1.00> <Generic> <Opcode : >

State 57 <SV = 56> <Delay = 0.00>
ST_57 : Operation 148 [1/2] (0.00ns)   --->   "call fastcc void @"dense_latency<ap_fixed<16, 6, 5, 3, 0>, ap_fixed<16, 6, 5, 3, 0>, config6>"([100 x i11]* %layer5_out_V, [10 x i16]* %layer6_out_V)" [firmware/nnet_utils/nnet_dense.h:41->firmware/myproject.cpp:44]   --->   Operation 148 'call' <Predicate = true> <Delay = 0.00> <CoreType = "Generic">   --->   Core 0 '' <Latency = 0> <II = 1> <Delay = 1.00> <Generic> <Opcode : >

State 58 <SV = 57> <Delay = 0.00>
ST_58 : Operation 149 [7/7] (0.00ns)   --->   "call fastcc void @"tanh<ap_fixed<16, 6, 5, 3, 0>, ap_fixed<16, 6, 5, 3, 0>, tanh_config9>"([10 x i16]* %layer6_out_V, [10 x i11]* %layer9_out_V)" [firmware/myproject.cpp:48]   --->   Operation 149 'call' <Predicate = true> <Delay = 0.00> <CoreType = "Generic">   --->   Core 0 '' <Latency = 0> <II = 1> <Delay = 1.00> <Generic> <Opcode : >

State 59 <SV = 58> <Delay = 8.04>
ST_59 : Operation 150 [6/7] (8.04ns)   --->   "call fastcc void @"tanh<ap_fixed<16, 6, 5, 3, 0>, ap_fixed<16, 6, 5, 3, 0>, tanh_config9>"([10 x i16]* %layer6_out_V, [10 x i11]* %layer9_out_V)" [firmware/myproject.cpp:48]   --->   Operation 150 'call' <Predicate = true> <Delay = 8.04> <CoreType = "Generic">   --->   Core 0 '' <Latency = 0> <II = 1> <Delay = 1.00> <Generic> <Opcode : >

State 60 <SV = 59> <Delay = 8.04>
ST_60 : Operation 151 [5/7] (8.04ns)   --->   "call fastcc void @"tanh<ap_fixed<16, 6, 5, 3, 0>, ap_fixed<16, 6, 5, 3, 0>, tanh_config9>"([10 x i16]* %layer6_out_V, [10 x i11]* %layer9_out_V)" [firmware/myproject.cpp:48]   --->   Operation 151 'call' <Predicate = true> <Delay = 8.04> <CoreType = "Generic">   --->   Core 0 '' <Latency = 0> <II = 1> <Delay = 1.00> <Generic> <Opcode : >

State 61 <SV = 60> <Delay = 8.04>
ST_61 : Operation 152 [4/7] (8.04ns)   --->   "call fastcc void @"tanh<ap_fixed<16, 6, 5, 3, 0>, ap_fixed<16, 6, 5, 3, 0>, tanh_config9>"([10 x i16]* %layer6_out_V, [10 x i11]* %layer9_out_V)" [firmware/myproject.cpp:48]   --->   Operation 152 'call' <Predicate = true> <Delay = 8.04> <CoreType = "Generic">   --->   Core 0 '' <Latency = 0> <II = 1> <Delay = 1.00> <Generic> <Opcode : >

State 62 <SV = 61> <Delay = 8.04>
ST_62 : Operation 153 [3/7] (8.04ns)   --->   "call fastcc void @"tanh<ap_fixed<16, 6, 5, 3, 0>, ap_fixed<16, 6, 5, 3, 0>, tanh_config9>"([10 x i16]* %layer6_out_V, [10 x i11]* %layer9_out_V)" [firmware/myproject.cpp:48]   --->   Operation 153 'call' <Predicate = true> <Delay = 8.04> <CoreType = "Generic">   --->   Core 0 '' <Latency = 0> <II = 1> <Delay = 1.00> <Generic> <Opcode : >

State 63 <SV = 62> <Delay = 8.04>
ST_63 : Operation 154 [2/7] (8.04ns)   --->   "call fastcc void @"tanh<ap_fixed<16, 6, 5, 3, 0>, ap_fixed<16, 6, 5, 3, 0>, tanh_config9>"([10 x i16]* %layer6_out_V, [10 x i11]* %layer9_out_V)" [firmware/myproject.cpp:48]   --->   Operation 154 'call' <Predicate = true> <Delay = 8.04> <CoreType = "Generic">   --->   Core 0 '' <Latency = 0> <II = 1> <Delay = 1.00> <Generic> <Opcode : >

State 64 <SV = 63> <Delay = 0.00>
ST_64 : Operation 155 [1/7] (0.00ns)   --->   "call fastcc void @"tanh<ap_fixed<16, 6, 5, 3, 0>, ap_fixed<16, 6, 5, 3, 0>, tanh_config9>"([10 x i16]* %layer6_out_V, [10 x i11]* %layer9_out_V)" [firmware/myproject.cpp:48]   --->   Operation 155 'call' <Predicate = true> <Delay = 0.00> <CoreType = "Generic">   --->   Core 0 '' <Latency = 0> <II = 1> <Delay = 1.00> <Generic> <Opcode : >

State 65 <SV = 64> <Delay = 0.00>
ST_65 : Operation 156 [2/2] (0.00ns)   --->   "call fastcc void @"dense_latency<ap_fixed<16, 6, 5, 3, 0>, ap_fixed<16, 6, 5, 3, 0>, config10>"([10 x i11]* %layer9_out_V, [6 x i16]* %layer10_out_V)" [firmware/nnet_utils/nnet_dense.h:41->firmware/myproject.cpp:52]   --->   Operation 156 'call' <Predicate = true> <Delay = 0.00> <CoreType = "Generic">   --->   Core 0 '' <Latency = 0> <II = 1> <Delay = 1.00> <Generic> <Opcode : >

State 66 <SV = 65> <Delay = 0.00>
ST_66 : Operation 157 [1/2] (0.00ns)   --->   "call fastcc void @"dense_latency<ap_fixed<16, 6, 5, 3, 0>, ap_fixed<16, 6, 5, 3, 0>, config10>"([10 x i11]* %layer9_out_V, [6 x i16]* %layer10_out_V)" [firmware/nnet_utils/nnet_dense.h:41->firmware/myproject.cpp:52]   --->   Operation 157 'call' <Predicate = true> <Delay = 0.00> <CoreType = "Generic">   --->   Core 0 '' <Latency = 0> <II = 1> <Delay = 1.00> <Generic> <Opcode : >

State 67 <SV = 66> <Delay = 0.00>
ST_67 : Operation 158 [20/20] (0.00ns)   --->   "call fastcc void @"softmax_stable<ap_fixed,ap_fixed<16,6,5,3,0>,softmax_config12>"([6 x i16]* %layer10_out_V, [6 x i16]* %layer12_out_V)" [firmware/nnet_utils/nnet_activation.h:386->firmware/myproject.cpp:54]   --->   Operation 158 'call' <Predicate = true> <Delay = 0.00> <CoreType = "Generic">   --->   Core 0 '' <Latency = 0> <II = 1> <Delay = 1.00> <Generic> <Opcode : >

State 68 <SV = 67> <Delay = 7.59>
ST_68 : Operation 159 [19/20] (7.59ns)   --->   "call fastcc void @"softmax_stable<ap_fixed,ap_fixed<16,6,5,3,0>,softmax_config12>"([6 x i16]* %layer10_out_V, [6 x i16]* %layer12_out_V)" [firmware/nnet_utils/nnet_activation.h:386->firmware/myproject.cpp:54]   --->   Operation 159 'call' <Predicate = true> <Delay = 7.59> <CoreType = "Generic">   --->   Core 0 '' <Latency = 0> <II = 1> <Delay = 1.00> <Generic> <Opcode : >

State 69 <SV = 68> <Delay = 7.59>
ST_69 : Operation 160 [18/20] (7.59ns)   --->   "call fastcc void @"softmax_stable<ap_fixed,ap_fixed<16,6,5,3,0>,softmax_config12>"([6 x i16]* %layer10_out_V, [6 x i16]* %layer12_out_V)" [firmware/nnet_utils/nnet_activation.h:386->firmware/myproject.cpp:54]   --->   Operation 160 'call' <Predicate = true> <Delay = 7.59> <CoreType = "Generic">   --->   Core 0 '' <Latency = 0> <II = 1> <Delay = 1.00> <Generic> <Opcode : >

State 70 <SV = 69> <Delay = 7.59>
ST_70 : Operation 161 [17/20] (7.59ns)   --->   "call fastcc void @"softmax_stable<ap_fixed,ap_fixed<16,6,5,3,0>,softmax_config12>"([6 x i16]* %layer10_out_V, [6 x i16]* %layer12_out_V)" [firmware/nnet_utils/nnet_activation.h:386->firmware/myproject.cpp:54]   --->   Operation 161 'call' <Predicate = true> <Delay = 7.59> <CoreType = "Generic">   --->   Core 0 '' <Latency = 0> <II = 1> <Delay = 1.00> <Generic> <Opcode : >

State 71 <SV = 70> <Delay = 7.59>
ST_71 : Operation 162 [16/20] (7.59ns)   --->   "call fastcc void @"softmax_stable<ap_fixed,ap_fixed<16,6,5,3,0>,softmax_config12>"([6 x i16]* %layer10_out_V, [6 x i16]* %layer12_out_V)" [firmware/nnet_utils/nnet_activation.h:386->firmware/myproject.cpp:54]   --->   Operation 162 'call' <Predicate = true> <Delay = 7.59> <CoreType = "Generic">   --->   Core 0 '' <Latency = 0> <II = 1> <Delay = 1.00> <Generic> <Opcode : >

State 72 <SV = 71> <Delay = 7.59>
ST_72 : Operation 163 [15/20] (7.59ns)   --->   "call fastcc void @"softmax_stable<ap_fixed,ap_fixed<16,6,5,3,0>,softmax_config12>"([6 x i16]* %layer10_out_V, [6 x i16]* %layer12_out_V)" [firmware/nnet_utils/nnet_activation.h:386->firmware/myproject.cpp:54]   --->   Operation 163 'call' <Predicate = true> <Delay = 7.59> <CoreType = "Generic">   --->   Core 0 '' <Latency = 0> <II = 1> <Delay = 1.00> <Generic> <Opcode : >

State 73 <SV = 72> <Delay = 7.59>
ST_73 : Operation 164 [14/20] (7.59ns)   --->   "call fastcc void @"softmax_stable<ap_fixed,ap_fixed<16,6,5,3,0>,softmax_config12>"([6 x i16]* %layer10_out_V, [6 x i16]* %layer12_out_V)" [firmware/nnet_utils/nnet_activation.h:386->firmware/myproject.cpp:54]   --->   Operation 164 'call' <Predicate = true> <Delay = 7.59> <CoreType = "Generic">   --->   Core 0 '' <Latency = 0> <II = 1> <Delay = 1.00> <Generic> <Opcode : >

State 74 <SV = 73> <Delay = 7.59>
ST_74 : Operation 165 [13/20] (7.59ns)   --->   "call fastcc void @"softmax_stable<ap_fixed,ap_fixed<16,6,5,3,0>,softmax_config12>"([6 x i16]* %layer10_out_V, [6 x i16]* %layer12_out_V)" [firmware/nnet_utils/nnet_activation.h:386->firmware/myproject.cpp:54]   --->   Operation 165 'call' <Predicate = true> <Delay = 7.59> <CoreType = "Generic">   --->   Core 0 '' <Latency = 0> <II = 1> <Delay = 1.00> <Generic> <Opcode : >

State 75 <SV = 74> <Delay = 7.59>
ST_75 : Operation 166 [12/20] (7.59ns)   --->   "call fastcc void @"softmax_stable<ap_fixed,ap_fixed<16,6,5,3,0>,softmax_config12>"([6 x i16]* %layer10_out_V, [6 x i16]* %layer12_out_V)" [firmware/nnet_utils/nnet_activation.h:386->firmware/myproject.cpp:54]   --->   Operation 166 'call' <Predicate = true> <Delay = 7.59> <CoreType = "Generic">   --->   Core 0 '' <Latency = 0> <II = 1> <Delay = 1.00> <Generic> <Opcode : >

State 76 <SV = 75> <Delay = 7.59>
ST_76 : Operation 167 [11/20] (7.59ns)   --->   "call fastcc void @"softmax_stable<ap_fixed,ap_fixed<16,6,5,3,0>,softmax_config12>"([6 x i16]* %layer10_out_V, [6 x i16]* %layer12_out_V)" [firmware/nnet_utils/nnet_activation.h:386->firmware/myproject.cpp:54]   --->   Operation 167 'call' <Predicate = true> <Delay = 7.59> <CoreType = "Generic">   --->   Core 0 '' <Latency = 0> <II = 1> <Delay = 1.00> <Generic> <Opcode : >

State 77 <SV = 76> <Delay = 7.59>
ST_77 : Operation 168 [10/20] (7.59ns)   --->   "call fastcc void @"softmax_stable<ap_fixed,ap_fixed<16,6,5,3,0>,softmax_config12>"([6 x i16]* %layer10_out_V, [6 x i16]* %layer12_out_V)" [firmware/nnet_utils/nnet_activation.h:386->firmware/myproject.cpp:54]   --->   Operation 168 'call' <Predicate = true> <Delay = 7.59> <CoreType = "Generic">   --->   Core 0 '' <Latency = 0> <II = 1> <Delay = 1.00> <Generic> <Opcode : >

State 78 <SV = 77> <Delay = 7.59>
ST_78 : Operation 169 [9/20] (7.59ns)   --->   "call fastcc void @"softmax_stable<ap_fixed,ap_fixed<16,6,5,3,0>,softmax_config12>"([6 x i16]* %layer10_out_V, [6 x i16]* %layer12_out_V)" [firmware/nnet_utils/nnet_activation.h:386->firmware/myproject.cpp:54]   --->   Operation 169 'call' <Predicate = true> <Delay = 7.59> <CoreType = "Generic">   --->   Core 0 '' <Latency = 0> <II = 1> <Delay = 1.00> <Generic> <Opcode : >

State 79 <SV = 78> <Delay = 7.59>
ST_79 : Operation 170 [8/20] (7.59ns)   --->   "call fastcc void @"softmax_stable<ap_fixed,ap_fixed<16,6,5,3,0>,softmax_config12>"([6 x i16]* %layer10_out_V, [6 x i16]* %layer12_out_V)" [firmware/nnet_utils/nnet_activation.h:386->firmware/myproject.cpp:54]   --->   Operation 170 'call' <Predicate = true> <Delay = 7.59> <CoreType = "Generic">   --->   Core 0 '' <Latency = 0> <II = 1> <Delay = 1.00> <Generic> <Opcode : >

State 80 <SV = 79> <Delay = 7.59>
ST_80 : Operation 171 [7/20] (7.59ns)   --->   "call fastcc void @"softmax_stable<ap_fixed,ap_fixed<16,6,5,3,0>,softmax_config12>"([6 x i16]* %layer10_out_V, [6 x i16]* %layer12_out_V)" [firmware/nnet_utils/nnet_activation.h:386->firmware/myproject.cpp:54]   --->   Operation 171 'call' <Predicate = true> <Delay = 7.59> <CoreType = "Generic">   --->   Core 0 '' <Latency = 0> <II = 1> <Delay = 1.00> <Generic> <Opcode : >

State 81 <SV = 80> <Delay = 7.59>
ST_81 : Operation 172 [6/20] (7.59ns)   --->   "call fastcc void @"softmax_stable<ap_fixed,ap_fixed<16,6,5,3,0>,softmax_config12>"([6 x i16]* %layer10_out_V, [6 x i16]* %layer12_out_V)" [firmware/nnet_utils/nnet_activation.h:386->firmware/myproject.cpp:54]   --->   Operation 172 'call' <Predicate = true> <Delay = 7.59> <CoreType = "Generic">   --->   Core 0 '' <Latency = 0> <II = 1> <Delay = 1.00> <Generic> <Opcode : >

State 82 <SV = 81> <Delay = 7.59>
ST_82 : Operation 173 [5/20] (7.59ns)   --->   "call fastcc void @"softmax_stable<ap_fixed,ap_fixed<16,6,5,3,0>,softmax_config12>"([6 x i16]* %layer10_out_V, [6 x i16]* %layer12_out_V)" [firmware/nnet_utils/nnet_activation.h:386->firmware/myproject.cpp:54]   --->   Operation 173 'call' <Predicate = true> <Delay = 7.59> <CoreType = "Generic">   --->   Core 0 '' <Latency = 0> <II = 1> <Delay = 1.00> <Generic> <Opcode : >

State 83 <SV = 82> <Delay = 7.59>
ST_83 : Operation 174 [4/20] (7.59ns)   --->   "call fastcc void @"softmax_stable<ap_fixed,ap_fixed<16,6,5,3,0>,softmax_config12>"([6 x i16]* %layer10_out_V, [6 x i16]* %layer12_out_V)" [firmware/nnet_utils/nnet_activation.h:386->firmware/myproject.cpp:54]   --->   Operation 174 'call' <Predicate = true> <Delay = 7.59> <CoreType = "Generic">   --->   Core 0 '' <Latency = 0> <II = 1> <Delay = 1.00> <Generic> <Opcode : >

State 84 <SV = 83> <Delay = 7.59>
ST_84 : Operation 175 [3/20] (7.59ns)   --->   "call fastcc void @"softmax_stable<ap_fixed,ap_fixed<16,6,5,3,0>,softmax_config12>"([6 x i16]* %layer10_out_V, [6 x i16]* %layer12_out_V)" [firmware/nnet_utils/nnet_activation.h:386->firmware/myproject.cpp:54]   --->   Operation 175 'call' <Predicate = true> <Delay = 7.59> <CoreType = "Generic">   --->   Core 0 '' <Latency = 0> <II = 1> <Delay = 1.00> <Generic> <Opcode : >

State 85 <SV = 84> <Delay = 7.59>
ST_85 : Operation 176 [2/20] (7.59ns)   --->   "call fastcc void @"softmax_stable<ap_fixed,ap_fixed<16,6,5,3,0>,softmax_config12>"([6 x i16]* %layer10_out_V, [6 x i16]* %layer12_out_V)" [firmware/nnet_utils/nnet_activation.h:386->firmware/myproject.cpp:54]   --->   Operation 176 'call' <Predicate = true> <Delay = 7.59> <CoreType = "Generic">   --->   Core 0 '' <Latency = 0> <II = 1> <Delay = 1.00> <Generic> <Opcode : >

State 86 <SV = 85> <Delay = 0.00>
ST_86 : Operation 177 [1/1] (0.00ns)   --->   "call void (...)* @_ssdm_op_SpecBitsMap([2622 x i16]* %dense_input_V), !map !228"   --->   Operation 177 'specbitsmap' <Predicate = true> <Delay = 0.00>
ST_86 : Operation 178 [1/1] (0.00ns)   --->   "call void (...)* @_ssdm_op_SpecBitsMap([6 x i16]* %layer12_out_V), !map !234"   --->   Operation 178 'specbitsmap' <Predicate = true> <Delay = 0.00>
ST_86 : Operation 179 [1/1] (0.00ns)   --->   "call void (...)* @_ssdm_op_SpecTopModule([10 x i8]* @myproject_str) nounwind"   --->   Operation 179 'spectopmodule' <Predicate = true> <Delay = 0.00>
ST_86 : Operation 180 [1/20] (0.00ns)   --->   "call fastcc void @"softmax_stable<ap_fixed,ap_fixed<16,6,5,3,0>,softmax_config12>"([6 x i16]* %layer10_out_V, [6 x i16]* %layer12_out_V)" [firmware/nnet_utils/nnet_activation.h:386->firmware/myproject.cpp:54]   --->   Operation 180 'call' <Predicate = true> <Delay = 0.00> <CoreType = "Generic">   --->   Core 0 '' <Latency = 0> <II = 1> <Delay = 1.00> <Generic> <Opcode : >
ST_86 : Operation 181 [1/1] (0.00ns)   --->   "ret void" [firmware/myproject.cpp:56]   --->   Operation 181 'ret' <Predicate = true> <Delay = 0.00>


============================================================
+ Verbose Summary: Timing violations
============================================================
Target clock period: 10ns, clock uncertainty: 1.25ns.

 <State 1>: 0ns
The critical path consists of the following:

 <State 2>: 0ns
The critical path consists of the following:

 <State 3>: 0ns
The critical path consists of the following:

 <State 4>: 7.18ns
The critical path consists of the following:
	'call' operation (firmware/myproject.cpp:40) to 'tanh<ap_fixed<16, 6, 5, 3, 0>, ap_fixed<16, 6, 5, 3, 0>, tanh_config5>' [22]  (7.18 ns)

 <State 5>: 7.18ns
The critical path consists of the following:
	'call' operation (firmware/myproject.cpp:40) to 'tanh<ap_fixed<16, 6, 5, 3, 0>, ap_fixed<16, 6, 5, 3, 0>, tanh_config5>' [22]  (7.18 ns)

 <State 6>: 7.18ns
The critical path consists of the following:
	'call' operation (firmware/myproject.cpp:40) to 'tanh<ap_fixed<16, 6, 5, 3, 0>, ap_fixed<16, 6, 5, 3, 0>, tanh_config5>' [22]  (7.18 ns)

 <State 7>: 7.18ns
The critical path consists of the following:
	'call' operation (firmware/myproject.cpp:40) to 'tanh<ap_fixed<16, 6, 5, 3, 0>, ap_fixed<16, 6, 5, 3, 0>, tanh_config5>' [22]  (7.18 ns)

 <State 8>: 7.18ns
The critical path consists of the following:
	'call' operation (firmware/myproject.cpp:40) to 'tanh<ap_fixed<16, 6, 5, 3, 0>, ap_fixed<16, 6, 5, 3, 0>, tanh_config5>' [22]  (7.18 ns)

 <State 9>: 7.18ns
The critical path consists of the following:
	'call' operation (firmware/myproject.cpp:40) to 'tanh<ap_fixed<16, 6, 5, 3, 0>, ap_fixed<16, 6, 5, 3, 0>, tanh_config5>' [22]  (7.18 ns)

 <State 10>: 7.18ns
The critical path consists of the following:
	'call' operation (firmware/myproject.cpp:40) to 'tanh<ap_fixed<16, 6, 5, 3, 0>, ap_fixed<16, 6, 5, 3, 0>, tanh_config5>' [22]  (7.18 ns)

 <State 11>: 7.18ns
The critical path consists of the following:
	'call' operation (firmware/myproject.cpp:40) to 'tanh<ap_fixed<16, 6, 5, 3, 0>, ap_fixed<16, 6, 5, 3, 0>, tanh_config5>' [22]  (7.18 ns)

 <State 12>: 7.18ns
The critical path consists of the following:
	'call' operation (firmware/myproject.cpp:40) to 'tanh<ap_fixed<16, 6, 5, 3, 0>, ap_fixed<16, 6, 5, 3, 0>, tanh_config5>' [22]  (7.18 ns)

 <State 13>: 7.18ns
The critical path consists of the following:
	'call' operation (firmware/myproject.cpp:40) to 'tanh<ap_fixed<16, 6, 5, 3, 0>, ap_fixed<16, 6, 5, 3, 0>, tanh_config5>' [22]  (7.18 ns)

 <State 14>: 7.18ns
The critical path consists of the following:
	'call' operation (firmware/myproject.cpp:40) to 'tanh<ap_fixed<16, 6, 5, 3, 0>, ap_fixed<16, 6, 5, 3, 0>, tanh_config5>' [22]  (7.18 ns)

 <State 15>: 7.18ns
The critical path consists of the following:
	'call' operation (firmware/myproject.cpp:40) to 'tanh<ap_fixed<16, 6, 5, 3, 0>, ap_fixed<16, 6, 5, 3, 0>, tanh_config5>' [22]  (7.18 ns)

 <State 16>: 7.18ns
The critical path consists of the following:
	'call' operation (firmware/myproject.cpp:40) to 'tanh<ap_fixed<16, 6, 5, 3, 0>, ap_fixed<16, 6, 5, 3, 0>, tanh_config5>' [22]  (7.18 ns)

 <State 17>: 7.18ns
The critical path consists of the following:
	'call' operation (firmware/myproject.cpp:40) to 'tanh<ap_fixed<16, 6, 5, 3, 0>, ap_fixed<16, 6, 5, 3, 0>, tanh_config5>' [22]  (7.18 ns)

 <State 18>: 7.18ns
The critical path consists of the following:
	'call' operation (firmware/myproject.cpp:40) to 'tanh<ap_fixed<16, 6, 5, 3, 0>, ap_fixed<16, 6, 5, 3, 0>, tanh_config5>' [22]  (7.18 ns)

 <State 19>: 7.18ns
The critical path consists of the following:
	'call' operation (firmware/myproject.cpp:40) to 'tanh<ap_fixed<16, 6, 5, 3, 0>, ap_fixed<16, 6, 5, 3, 0>, tanh_config5>' [22]  (7.18 ns)

 <State 20>: 7.18ns
The critical path consists of the following:
	'call' operation (firmware/myproject.cpp:40) to 'tanh<ap_fixed<16, 6, 5, 3, 0>, ap_fixed<16, 6, 5, 3, 0>, tanh_config5>' [22]  (7.18 ns)

 <State 21>: 7.18ns
The critical path consists of the following:
	'call' operation (firmware/myproject.cpp:40) to 'tanh<ap_fixed<16, 6, 5, 3, 0>, ap_fixed<16, 6, 5, 3, 0>, tanh_config5>' [22]  (7.18 ns)

 <State 22>: 7.18ns
The critical path consists of the following:
	'call' operation (firmware/myproject.cpp:40) to 'tanh<ap_fixed<16, 6, 5, 3, 0>, ap_fixed<16, 6, 5, 3, 0>, tanh_config5>' [22]  (7.18 ns)

 <State 23>: 7.18ns
The critical path consists of the following:
	'call' operation (firmware/myproject.cpp:40) to 'tanh<ap_fixed<16, 6, 5, 3, 0>, ap_fixed<16, 6, 5, 3, 0>, tanh_config5>' [22]  (7.18 ns)

 <State 24>: 7.18ns
The critical path consists of the following:
	'call' operation (firmware/myproject.cpp:40) to 'tanh<ap_fixed<16, 6, 5, 3, 0>, ap_fixed<16, 6, 5, 3, 0>, tanh_config5>' [22]  (7.18 ns)

 <State 25>: 7.18ns
The critical path consists of the following:
	'call' operation (firmware/myproject.cpp:40) to 'tanh<ap_fixed<16, 6, 5, 3, 0>, ap_fixed<16, 6, 5, 3, 0>, tanh_config5>' [22]  (7.18 ns)

 <State 26>: 7.18ns
The critical path consists of the following:
	'call' operation (firmware/myproject.cpp:40) to 'tanh<ap_fixed<16, 6, 5, 3, 0>, ap_fixed<16, 6, 5, 3, 0>, tanh_config5>' [22]  (7.18 ns)

 <State 27>: 7.18ns
The critical path consists of the following:
	'call' operation (firmware/myproject.cpp:40) to 'tanh<ap_fixed<16, 6, 5, 3, 0>, ap_fixed<16, 6, 5, 3, 0>, tanh_config5>' [22]  (7.18 ns)

 <State 28>: 7.18ns
The critical path consists of the following:
	'call' operation (firmware/myproject.cpp:40) to 'tanh<ap_fixed<16, 6, 5, 3, 0>, ap_fixed<16, 6, 5, 3, 0>, tanh_config5>' [22]  (7.18 ns)

 <State 29>: 7.18ns
The critical path consists of the following:
	'call' operation (firmware/myproject.cpp:40) to 'tanh<ap_fixed<16, 6, 5, 3, 0>, ap_fixed<16, 6, 5, 3, 0>, tanh_config5>' [22]  (7.18 ns)

 <State 30>: 7.18ns
The critical path consists of the following:
	'call' operation (firmware/myproject.cpp:40) to 'tanh<ap_fixed<16, 6, 5, 3, 0>, ap_fixed<16, 6, 5, 3, 0>, tanh_config5>' [22]  (7.18 ns)

 <State 31>: 7.18ns
The critical path consists of the following:
	'call' operation (firmware/myproject.cpp:40) to 'tanh<ap_fixed<16, 6, 5, 3, 0>, ap_fixed<16, 6, 5, 3, 0>, tanh_config5>' [22]  (7.18 ns)

 <State 32>: 7.18ns
The critical path consists of the following:
	'call' operation (firmware/myproject.cpp:40) to 'tanh<ap_fixed<16, 6, 5, 3, 0>, ap_fixed<16, 6, 5, 3, 0>, tanh_config5>' [22]  (7.18 ns)

 <State 33>: 7.18ns
The critical path consists of the following:
	'call' operation (firmware/myproject.cpp:40) to 'tanh<ap_fixed<16, 6, 5, 3, 0>, ap_fixed<16, 6, 5, 3, 0>, tanh_config5>' [22]  (7.18 ns)

 <State 34>: 7.18ns
The critical path consists of the following:
	'call' operation (firmware/myproject.cpp:40) to 'tanh<ap_fixed<16, 6, 5, 3, 0>, ap_fixed<16, 6, 5, 3, 0>, tanh_config5>' [22]  (7.18 ns)

 <State 35>: 7.18ns
The critical path consists of the following:
	'call' operation (firmware/myproject.cpp:40) to 'tanh<ap_fixed<16, 6, 5, 3, 0>, ap_fixed<16, 6, 5, 3, 0>, tanh_config5>' [22]  (7.18 ns)

 <State 36>: 7.18ns
The critical path consists of the following:
	'call' operation (firmware/myproject.cpp:40) to 'tanh<ap_fixed<16, 6, 5, 3, 0>, ap_fixed<16, 6, 5, 3, 0>, tanh_config5>' [22]  (7.18 ns)

 <State 37>: 7.18ns
The critical path consists of the following:
	'call' operation (firmware/myproject.cpp:40) to 'tanh<ap_fixed<16, 6, 5, 3, 0>, ap_fixed<16, 6, 5, 3, 0>, tanh_config5>' [22]  (7.18 ns)

 <State 38>: 7.18ns
The critical path consists of the following:
	'call' operation (firmware/myproject.cpp:40) to 'tanh<ap_fixed<16, 6, 5, 3, 0>, ap_fixed<16, 6, 5, 3, 0>, tanh_config5>' [22]  (7.18 ns)

 <State 39>: 7.18ns
The critical path consists of the following:
	'call' operation (firmware/myproject.cpp:40) to 'tanh<ap_fixed<16, 6, 5, 3, 0>, ap_fixed<16, 6, 5, 3, 0>, tanh_config5>' [22]  (7.18 ns)

 <State 40>: 7.18ns
The critical path consists of the following:
	'call' operation (firmware/myproject.cpp:40) to 'tanh<ap_fixed<16, 6, 5, 3, 0>, ap_fixed<16, 6, 5, 3, 0>, tanh_config5>' [22]  (7.18 ns)

 <State 41>: 7.18ns
The critical path consists of the following:
	'call' operation (firmware/myproject.cpp:40) to 'tanh<ap_fixed<16, 6, 5, 3, 0>, ap_fixed<16, 6, 5, 3, 0>, tanh_config5>' [22]  (7.18 ns)

 <State 42>: 7.18ns
The critical path consists of the following:
	'call' operation (firmware/myproject.cpp:40) to 'tanh<ap_fixed<16, 6, 5, 3, 0>, ap_fixed<16, 6, 5, 3, 0>, tanh_config5>' [22]  (7.18 ns)

 <State 43>: 7.18ns
The critical path consists of the following:
	'call' operation (firmware/myproject.cpp:40) to 'tanh<ap_fixed<16, 6, 5, 3, 0>, ap_fixed<16, 6, 5, 3, 0>, tanh_config5>' [22]  (7.18 ns)

 <State 44>: 7.18ns
The critical path consists of the following:
	'call' operation (firmware/myproject.cpp:40) to 'tanh<ap_fixed<16, 6, 5, 3, 0>, ap_fixed<16, 6, 5, 3, 0>, tanh_config5>' [22]  (7.18 ns)

 <State 45>: 7.18ns
The critical path consists of the following:
	'call' operation (firmware/myproject.cpp:40) to 'tanh<ap_fixed<16, 6, 5, 3, 0>, ap_fixed<16, 6, 5, 3, 0>, tanh_config5>' [22]  (7.18 ns)

 <State 46>: 7.18ns
The critical path consists of the following:
	'call' operation (firmware/myproject.cpp:40) to 'tanh<ap_fixed<16, 6, 5, 3, 0>, ap_fixed<16, 6, 5, 3, 0>, tanh_config5>' [22]  (7.18 ns)

 <State 47>: 7.18ns
The critical path consists of the following:
	'call' operation (firmware/myproject.cpp:40) to 'tanh<ap_fixed<16, 6, 5, 3, 0>, ap_fixed<16, 6, 5, 3, 0>, tanh_config5>' [22]  (7.18 ns)

 <State 48>: 7.18ns
The critical path consists of the following:
	'call' operation (firmware/myproject.cpp:40) to 'tanh<ap_fixed<16, 6, 5, 3, 0>, ap_fixed<16, 6, 5, 3, 0>, tanh_config5>' [22]  (7.18 ns)

 <State 49>: 7.18ns
The critical path consists of the following:
	'call' operation (firmware/myproject.cpp:40) to 'tanh<ap_fixed<16, 6, 5, 3, 0>, ap_fixed<16, 6, 5, 3, 0>, tanh_config5>' [22]  (7.18 ns)

 <State 50>: 7.18ns
The critical path consists of the following:
	'call' operation (firmware/myproject.cpp:40) to 'tanh<ap_fixed<16, 6, 5, 3, 0>, ap_fixed<16, 6, 5, 3, 0>, tanh_config5>' [22]  (7.18 ns)

 <State 51>: 7.18ns
The critical path consists of the following:
	'call' operation (firmware/myproject.cpp:40) to 'tanh<ap_fixed<16, 6, 5, 3, 0>, ap_fixed<16, 6, 5, 3, 0>, tanh_config5>' [22]  (7.18 ns)

 <State 52>: 7.18ns
The critical path consists of the following:
	'call' operation (firmware/myproject.cpp:40) to 'tanh<ap_fixed<16, 6, 5, 3, 0>, ap_fixed<16, 6, 5, 3, 0>, tanh_config5>' [22]  (7.18 ns)

 <State 53>: 7.18ns
The critical path consists of the following:
	'call' operation (firmware/myproject.cpp:40) to 'tanh<ap_fixed<16, 6, 5, 3, 0>, ap_fixed<16, 6, 5, 3, 0>, tanh_config5>' [22]  (7.18 ns)

 <State 54>: 7.18ns
The critical path consists of the following:
	'call' operation (firmware/myproject.cpp:40) to 'tanh<ap_fixed<16, 6, 5, 3, 0>, ap_fixed<16, 6, 5, 3, 0>, tanh_config5>' [22]  (7.18 ns)

 <State 55>: 0ns
The critical path consists of the following:

 <State 56>: 0ns
The critical path consists of the following:

 <State 57>: 0ns
The critical path consists of the following:

 <State 58>: 0ns
The critical path consists of the following:

 <State 59>: 8.05ns
The critical path consists of the following:
	'call' operation (firmware/myproject.cpp:48) to 'tanh<ap_fixed<16, 6, 5, 3, 0>, ap_fixed<16, 6, 5, 3, 0>, tanh_config9>' [24]  (8.05 ns)

 <State 60>: 8.05ns
The critical path consists of the following:
	'call' operation (firmware/myproject.cpp:48) to 'tanh<ap_fixed<16, 6, 5, 3, 0>, ap_fixed<16, 6, 5, 3, 0>, tanh_config9>' [24]  (8.05 ns)

 <State 61>: 8.05ns
The critical path consists of the following:
	'call' operation (firmware/myproject.cpp:48) to 'tanh<ap_fixed<16, 6, 5, 3, 0>, ap_fixed<16, 6, 5, 3, 0>, tanh_config9>' [24]  (8.05 ns)

 <State 62>: 8.05ns
The critical path consists of the following:
	'call' operation (firmware/myproject.cpp:48) to 'tanh<ap_fixed<16, 6, 5, 3, 0>, ap_fixed<16, 6, 5, 3, 0>, tanh_config9>' [24]  (8.05 ns)

 <State 63>: 8.05ns
The critical path consists of the following:
	'call' operation (firmware/myproject.cpp:48) to 'tanh<ap_fixed<16, 6, 5, 3, 0>, ap_fixed<16, 6, 5, 3, 0>, tanh_config9>' [24]  (8.05 ns)

 <State 64>: 0ns
The critical path consists of the following:

 <State 65>: 0ns
The critical path consists of the following:

 <State 66>: 0ns
The critical path consists of the following:

 <State 67>: 0ns
The critical path consists of the following:

 <State 68>: 7.6ns
The critical path consists of the following:
	'call' operation (firmware/nnet_utils/nnet_activation.h:386->firmware/myproject.cpp:54) to 'softmax_stable<ap_fixed,ap_fixed<16,6,5,3,0>,softmax_config12>' [26]  (7.6 ns)

 <State 69>: 7.6ns
The critical path consists of the following:
	'call' operation (firmware/nnet_utils/nnet_activation.h:386->firmware/myproject.cpp:54) to 'softmax_stable<ap_fixed,ap_fixed<16,6,5,3,0>,softmax_config12>' [26]  (7.6 ns)

 <State 70>: 7.6ns
The critical path consists of the following:
	'call' operation (firmware/nnet_utils/nnet_activation.h:386->firmware/myproject.cpp:54) to 'softmax_stable<ap_fixed,ap_fixed<16,6,5,3,0>,softmax_config12>' [26]  (7.6 ns)

 <State 71>: 7.6ns
The critical path consists of the following:
	'call' operation (firmware/nnet_utils/nnet_activation.h:386->firmware/myproject.cpp:54) to 'softmax_stable<ap_fixed,ap_fixed<16,6,5,3,0>,softmax_config12>' [26]  (7.6 ns)

 <State 72>: 7.6ns
The critical path consists of the following:
	'call' operation (firmware/nnet_utils/nnet_activation.h:386->firmware/myproject.cpp:54) to 'softmax_stable<ap_fixed,ap_fixed<16,6,5,3,0>,softmax_config12>' [26]  (7.6 ns)

 <State 73>: 7.6ns
The critical path consists of the following:
	'call' operation (firmware/nnet_utils/nnet_activation.h:386->firmware/myproject.cpp:54) to 'softmax_stable<ap_fixed,ap_fixed<16,6,5,3,0>,softmax_config12>' [26]  (7.6 ns)

 <State 74>: 7.6ns
The critical path consists of the following:
	'call' operation (firmware/nnet_utils/nnet_activation.h:386->firmware/myproject.cpp:54) to 'softmax_stable<ap_fixed,ap_fixed<16,6,5,3,0>,softmax_config12>' [26]  (7.6 ns)

 <State 75>: 7.6ns
The critical path consists of the following:
	'call' operation (firmware/nnet_utils/nnet_activation.h:386->firmware/myproject.cpp:54) to 'softmax_stable<ap_fixed,ap_fixed<16,6,5,3,0>,softmax_config12>' [26]  (7.6 ns)

 <State 76>: 7.6ns
The critical path consists of the following:
	'call' operation (firmware/nnet_utils/nnet_activation.h:386->firmware/myproject.cpp:54) to 'softmax_stable<ap_fixed,ap_fixed<16,6,5,3,0>,softmax_config12>' [26]  (7.6 ns)

 <State 77>: 7.6ns
The critical path consists of the following:
	'call' operation (firmware/nnet_utils/nnet_activation.h:386->firmware/myproject.cpp:54) to 'softmax_stable<ap_fixed,ap_fixed<16,6,5,3,0>,softmax_config12>' [26]  (7.6 ns)

 <State 78>: 7.6ns
The critical path consists of the following:
	'call' operation (firmware/nnet_utils/nnet_activation.h:386->firmware/myproject.cpp:54) to 'softmax_stable<ap_fixed,ap_fixed<16,6,5,3,0>,softmax_config12>' [26]  (7.6 ns)

 <State 79>: 7.6ns
The critical path consists of the following:
	'call' operation (firmware/nnet_utils/nnet_activation.h:386->firmware/myproject.cpp:54) to 'softmax_stable<ap_fixed,ap_fixed<16,6,5,3,0>,softmax_config12>' [26]  (7.6 ns)

 <State 80>: 7.6ns
The critical path consists of the following:
	'call' operation (firmware/nnet_utils/nnet_activation.h:386->firmware/myproject.cpp:54) to 'softmax_stable<ap_fixed,ap_fixed<16,6,5,3,0>,softmax_config12>' [26]  (7.6 ns)

 <State 81>: 7.6ns
The critical path consists of the following:
	'call' operation (firmware/nnet_utils/nnet_activation.h:386->firmware/myproject.cpp:54) to 'softmax_stable<ap_fixed,ap_fixed<16,6,5,3,0>,softmax_config12>' [26]  (7.6 ns)

 <State 82>: 7.6ns
The critical path consists of the following:
	'call' operation (firmware/nnet_utils/nnet_activation.h:386->firmware/myproject.cpp:54) to 'softmax_stable<ap_fixed,ap_fixed<16,6,5,3,0>,softmax_config12>' [26]  (7.6 ns)

 <State 83>: 7.6ns
The critical path consists of the following:
	'call' operation (firmware/nnet_utils/nnet_activation.h:386->firmware/myproject.cpp:54) to 'softmax_stable<ap_fixed,ap_fixed<16,6,5,3,0>,softmax_config12>' [26]  (7.6 ns)

 <State 84>: 7.6ns
The critical path consists of the following:
	'call' operation (firmware/nnet_utils/nnet_activation.h:386->firmware/myproject.cpp:54) to 'softmax_stable<ap_fixed,ap_fixed<16,6,5,3,0>,softmax_config12>' [26]  (7.6 ns)

 <State 85>: 7.6ns
The critical path consists of the following:
	'call' operation (firmware/nnet_utils/nnet_activation.h:386->firmware/myproject.cpp:54) to 'softmax_stable<ap_fixed,ap_fixed<16,6,5,3,0>,softmax_config12>' [26]  (7.6 ns)

 <State 86>: 0ns
The critical path consists of the following:


============================================================
+ Verbose Summary: Binding
============================================================
N/A
* FSMD analyzer results:
  - Output states:
 - Input state : 
  - Chain level:
	State 1
	State 2
	State 3
	State 4
	State 5
	State 6
	State 7
	State 8
	State 9
	State 10
	State 11
	State 12
	State 13
	State 14
	State 15
	State 16
	State 17
	State 18
	State 19
	State 20
	State 21
	State 22
	State 23
	State 24
	State 25
	State 26
	State 27
	State 28
	State 29
	State 30
	State 31
	State 32
	State 33
	State 34
	State 35
	State 36
	State 37
	State 38
	State 39
	State 40
	State 41
	State 42
	State 43
	State 44
	State 45
	State 46
	State 47
	State 48
	State 49
	State 50
	State 51
	State 52
	State 53
	State 54
	State 55
	State 56
	State 57
	State 58
	State 59
	State 60
	State 61
	State 62
	State 63
	State 64
	State 65
	State 66
	State 67
	State 68
	State 69
	State 70
	State 71
	State 72
	State 73
	State 74
	State 75
	State 76
	State 77
	State 78
	State 79
	State 80
	State 81
	State 82
	State 83
	State 84
	State 85
	State 86


============================================================
+ Verbose Summary: Datapath Resource usage 
============================================================
N/A
