

================================================================
== Vivado HLS Report for 'tanh_ap_fixed_16_6_5_3_0_ap_fixed_16_6_5_3_0_tanh_config9_s'
================================================================
* Date:           Fri Apr 19 00:19:08 2024

* Version:        2018.2 (Build 2258646 on Thu Jun 14 20:25:20 MDT 2018)
* Project:        myproject_prj
* Solution:       solution1
* Product family: virtexu
* Target device:  xcvu190-flgb2104-1-i


================================================================
== Performance Estimates
================================================================
+ Timing (ns): 
    * Summary: 
    +--------+-------+----------+------------+
    |  Clock | Target| Estimated| Uncertainty|
    +--------+-------+----------+------------+
    |ap_clk  |  10.00|     8.047|        1.25|
    +--------+-------+----------+------------+

+ Latency (clock cycles): 
    * Summary: 
    +-----+-----+-----+-----+----------+
    |  Latency  |  Interval | Pipeline |
    | min | max | min | max |   Type   |
    +-----+-----+-----+-----+----------+
    |    6|    6|    5|    5| function |
    +-----+-----+-----+-----+----------+

    + Detail: 
        * Instance: 
        N/A

        * Loop: 
        N/A

============================================================
+ Verbose Summary: Synthesis Manager
============================================================
InlineROM: 1
ExposeGlobal: 0
============================================================
+ Verbose Summary: CDFG Model
============================================================
IsTopModel: 0
ResetActiveHigh: 1
IsCombinational: 0
IsDatapathOnly: 0
HasWiredReturn: 1
HasMFsm: 2
HasVarLatency: 0
IsPipeline: 1
IsRtlPipelined: 1
IsInstanceOverlapped: 0
IsDontTouch: 0
HasImplIP: 0
IsGatedGlobalClock: 0

+ Individual pipeline summary: 
  * Pipeline-0: initiation interval (II) = 5, depth = 7


============================================================
+ Verbose Summary: Schedule
============================================================
* Number of FSM states : 7
* Pipeline : 1
  Pipeline-0 : II = 5, D = 7, States = { 1 2 3 4 5 6 7 }
* Dataflow Pipeline: 0

* FSM state transitions: 
1 --> 
	2  / true
2 --> 
	3  / true
3 --> 
	4  / true
4 --> 
	5  / true
5 --> 
	6  / true
6 --> 
	7  / true
7 --> 

* FSM state operations: 

State 1 <SV = 0> <Delay = 0.86>
ST_1 : Operation 8 [1/1] (0.00ns)   --->   "%data_V_addr = getelementptr [10 x i16]* %data_V, i64 0, i64 0" [firmware/nnet_utils/nnet_activation.h:433]   --->   Operation 8 'getelementptr' 'data_V_addr' <Predicate = true> <Delay = 0.00>
ST_1 : Operation 9 [2/2] (0.86ns)   --->   "%data_V_load = load i16* %data_V_addr, align 2" [firmware/nnet_utils/nnet_activation.h:433]   --->   Operation 9 'load' 'data_V_load' <Predicate = true> <Delay = 0.86> <Core = "RAM">   --->   Core 37 'RAM' <Latency = 1> <II = 1> <Delay = 0.86> <Storage> <Opcode : 'load' 'store'> <Ports = 2> <Width = 11> <Depth = 10> <RAM>
ST_1 : Operation 10 [1/1] (0.00ns)   --->   "%data_V_addr_1 = getelementptr [10 x i16]* %data_V, i64 0, i64 1" [firmware/nnet_utils/nnet_activation.h:433]   --->   Operation 10 'getelementptr' 'data_V_addr_1' <Predicate = true> <Delay = 0.00>
ST_1 : Operation 11 [2/2] (0.86ns)   --->   "%data_V_load_1 = load i16* %data_V_addr_1, align 2" [firmware/nnet_utils/nnet_activation.h:433]   --->   Operation 11 'load' 'data_V_load_1' <Predicate = true> <Delay = 0.86> <Core = "RAM">   --->   Core 37 'RAM' <Latency = 1> <II = 1> <Delay = 0.86> <Storage> <Opcode : 'load' 'store'> <Ports = 2> <Width = 11> <Depth = 10> <RAM>

State 2 <SV = 1> <Delay = 8.04>
ST_2 : Operation 12 [1/2] (0.86ns)   --->   "%data_V_load = load i16* %data_V_addr, align 2" [firmware/nnet_utils/nnet_activation.h:433]   --->   Operation 12 'load' 'data_V_load' <Predicate = true> <Delay = 0.86> <Core = "RAM">   --->   Core 37 'RAM' <Latency = 1> <II = 1> <Delay = 0.86> <Storage> <Opcode : 'load' 'store'> <Ports = 2> <Width = 11> <Depth = 10> <RAM>
ST_2 : Operation 13 [1/1] (0.00ns)   --->   "%tmp = call i13 @_ssdm_op_PartSelect.i13.i16.i32.i32(i16 %data_V_load, i32 3, i32 15)" [firmware/nnet_utils/nnet_activation.h:433]   --->   Operation 13 'partselect' 'tmp' <Predicate = true> <Delay = 0.00>
ST_2 : Operation 14 [1/1] (0.00ns)   --->   "%p_Result_cast = sext i13 %tmp to i14" [firmware/nnet_utils/nnet_activation.h:433]   --->   Operation 14 'sext' 'p_Result_cast' <Predicate = true> <Delay = 0.00>
ST_2 : Operation 15 [1/1] (0.00ns) (grouped into LUT with out node p_2)   --->   "%tmp_1 = call i1 @_ssdm_op_BitSelect.i1.i16.i32(i16 %data_V_load, i32 15)" [firmware/nnet_utils/nnet_activation.h:433]   --->   Operation 15 'bitselect' 'tmp_1' <Predicate = true> <Delay = 0.00>
ST_2 : Operation 16 [1/1] (0.00ns)   --->   "%tmp_2 = trunc i16 %data_V_load to i3" [firmware/nnet_utils/nnet_activation.h:433]   --->   Operation 16 'trunc' 'tmp_2' <Predicate = true> <Delay = 0.00>
ST_2 : Operation 17 [1/1] (0.00ns)   --->   "%p_Result_2 = call i10 @_ssdm_op_BitConcatenate.i10.i3.i7(i3 %tmp_2, i7 0)" [firmware/nnet_utils/nnet_activation.h:433]   --->   Operation 17 'bitconcatenate' 'p_Result_2' <Predicate = true> <Delay = 0.00>
ST_2 : Operation 18 [1/1] (0.94ns)   --->   "%tmp_9 = icmp eq i10 %p_Result_2, 0" [firmware/nnet_utils/nnet_activation.h:433]   --->   Operation 18 'icmp' 'tmp_9' <Predicate = true> <Delay = 0.94> <Core = "Cmp">   --->   Core 25 'Cmp' <Latency = 0> <II = 1> <Delay = 0.74> <FuncUnit> <Opcode : 'icmp'> <InPorts = 2> <OutPorts = 1>
ST_2 : Operation 19 [1/1] (1.47ns)   --->   "%ret_V_1 = add i14 1, %p_Result_cast" [firmware/nnet_utils/nnet_activation.h:433]   --->   Operation 19 'add' 'ret_V_1' <Predicate = true> <Delay = 1.47> <Core = "AddSub">   --->   Core 14 'AddSub' <Latency = 0> <II = 1> <Delay = 1.47> <FuncUnit> <Opcode : 'add' 'sub'> <InPorts = 2> <OutPorts = 1>
ST_2 : Operation 20 [1/1] (0.00ns) (grouped into LUT with out node p_2)   --->   "%p_s = select i1 %tmp_9, i14 %p_Result_cast, i14 %ret_V_1" [firmware/nnet_utils/nnet_activation.h:433]   --->   Operation 20 'select' 'p_s' <Predicate = true> <Delay = 0.00> <Core = "Sel">   --->   Core 26 'Sel' <Latency = 0> <II = 1> <Delay = 0.66> <FuncUnit> <Opcode : 'select'> <InPorts = 3> <OutPorts = 1>
ST_2 : Operation 21 [1/1] (0.37ns) (out node of the LUT)   --->   "%p_2 = select i1 %tmp_1, i14 %p_s, i14 %p_Result_cast" [firmware/nnet_utils/nnet_activation.h:433]   --->   Operation 21 'select' 'p_2' <Predicate = true> <Delay = 0.37> <Core = "Sel">   --->   Core 26 'Sel' <Latency = 0> <II = 1> <Delay = 0.66> <FuncUnit> <Opcode : 'select'> <InPorts = 3> <OutPorts = 1>
ST_2 : Operation 22 [1/1] (0.00ns)   --->   "%tmp_5 = trunc i14 %p_2 to i13" [firmware/nnet_utils/nnet_activation.h:433]   --->   Operation 22 'trunc' 'tmp_5' <Predicate = true> <Delay = 0.00>
ST_2 : Operation 23 [1/1] (1.50ns)   --->   "%index = add i14 512, %p_2" [firmware/nnet_utils/nnet_activation.h:434]   --->   Operation 23 'add' 'index' <Predicate = true> <Delay = 1.50> <Core = "AddSub">   --->   Core 14 'AddSub' <Latency = 0> <II = 1> <Delay = 1.47> <FuncUnit> <Opcode : 'add' 'sub'> <InPorts = 2> <OutPorts = 1>
ST_2 : Operation 24 [1/1] (1.47ns)   --->   "%index_cast = add i13 512, %tmp_5" [firmware/nnet_utils/nnet_activation.h:434]   --->   Operation 24 'add' 'index_cast' <Predicate = true> <Delay = 1.47> <Core = "AddSub">   --->   Core 14 'AddSub' <Latency = 0> <II = 1> <Delay = 1.47> <FuncUnit> <Opcode : 'add' 'sub'> <InPorts = 2> <OutPorts = 1>
ST_2 : Operation 25 [1/1] (0.00ns)   --->   "%tmp_6 = call i1 @_ssdm_op_BitSelect.i1.i14.i32(i14 %index, i32 13)" [firmware/nnet_utils/nnet_activation.h:436]   --->   Operation 25 'bitselect' 'tmp_6' <Predicate = true> <Delay = 0.00>
ST_2 : Operation 26 [1/1] (0.37ns)   --->   "%p_1 = select i1 %tmp_6, i13 0, i13 %index_cast" [firmware/nnet_utils/nnet_activation.h:436]   --->   Operation 26 'select' 'p_1' <Predicate = true> <Delay = 0.37> <Core = "Sel">   --->   Core 26 'Sel' <Latency = 0> <II = 1> <Delay = 0.66> <FuncUnit> <Opcode : 'select'> <InPorts = 3> <OutPorts = 1>
ST_2 : Operation 27 [1/1] (0.00ns)   --->   "%tmp_8 = trunc i13 %p_1 to i10" [firmware/nnet_utils/nnet_activation.h:436]   --->   Operation 27 'trunc' 'tmp_8' <Predicate = true> <Delay = 0.00>
ST_2 : Operation 28 [1/1] (0.00ns)   --->   "%tmp_11 = call i3 @_ssdm_op_PartSelect.i3.i13.i32.i32(i13 %p_1, i32 10, i32 12)" [firmware/nnet_utils/nnet_activation.h:438]   --->   Operation 28 'partselect' 'tmp_11' <Predicate = true> <Delay = 0.00>
ST_2 : Operation 29 [1/1] (0.74ns)   --->   "%icmp = icmp ne i3 %tmp_11, 0" [firmware/nnet_utils/nnet_activation.h:438]   --->   Operation 29 'icmp' 'icmp' <Predicate = true> <Delay = 0.74> <Core = "Cmp">   --->   Core 25 'Cmp' <Latency = 0> <II = 1> <Delay = 0.74> <FuncUnit> <Opcode : 'icmp'> <InPorts = 2> <OutPorts = 1>
ST_2 : Operation 30 [1/1] (0.66ns)   --->   "%index_1 = select i1 %icmp, i10 -1, i10 %tmp_8" [firmware/nnet_utils/nnet_activation.h:438]   --->   Operation 30 'select' 'index_1' <Predicate = true> <Delay = 0.66> <Core = "Sel">   --->   Core 26 'Sel' <Latency = 0> <II = 1> <Delay = 0.66> <FuncUnit> <Opcode : 'select'> <InPorts = 3> <OutPorts = 1>
ST_2 : Operation 31 [1/1] (0.00ns)   --->   "%tmp_3 = zext i10 %index_1 to i64" [firmware/nnet_utils/nnet_activation.h:440]   --->   Operation 31 'zext' 'tmp_3' <Predicate = true> <Delay = 0.00>
ST_2 : Operation 32 [1/1] (0.00ns)   --->   "%tanh_table3_addr = getelementptr [1024 x i11]* @tanh_table3, i64 0, i64 %tmp_3" [firmware/nnet_utils/nnet_activation.h:440]   --->   Operation 32 'getelementptr' 'tanh_table3_addr' <Predicate = true> <Delay = 0.00>
ST_2 : Operation 33 [2/2] (2.03ns)   --->   "%tanh_table3_load = load i11* %tanh_table3_addr, align 2" [firmware/nnet_utils/nnet_activation.h:440]   --->   Operation 33 'load' 'tanh_table3_load' <Predicate = true> <Delay = 2.03> <Core = "ROM_nP">   --->   Core 48 'ROM_nP' <Latency = 1> <II = 1> <Delay = 2.03> <Storage> <Opcode : 'load'> <Ports = 0> <Width = 11> <Depth = 1024> <ROM>
ST_2 : Operation 34 [1/2] (0.86ns)   --->   "%data_V_load_1 = load i16* %data_V_addr_1, align 2" [firmware/nnet_utils/nnet_activation.h:433]   --->   Operation 34 'load' 'data_V_load_1' <Predicate = true> <Delay = 0.86> <Core = "RAM">   --->   Core 37 'RAM' <Latency = 1> <II = 1> <Delay = 0.86> <Storage> <Opcode : 'load' 'store'> <Ports = 2> <Width = 11> <Depth = 10> <RAM>
ST_2 : Operation 35 [1/1] (0.00ns)   --->   "%tmp_4 = call i13 @_ssdm_op_PartSelect.i13.i16.i32.i32(i16 %data_V_load_1, i32 3, i32 15)" [firmware/nnet_utils/nnet_activation.h:433]   --->   Operation 35 'partselect' 'tmp_4' <Predicate = true> <Delay = 0.00>
ST_2 : Operation 36 [1/1] (0.00ns)   --->   "%p_Result_cast_17 = sext i13 %tmp_4 to i14" [firmware/nnet_utils/nnet_activation.h:433]   --->   Operation 36 'sext' 'p_Result_cast_17' <Predicate = true> <Delay = 0.00>
ST_2 : Operation 37 [1/1] (0.00ns) (grouped into LUT with out node p_2_1)   --->   "%tmp_13 = call i1 @_ssdm_op_BitSelect.i1.i16.i32(i16 %data_V_load_1, i32 15)" [firmware/nnet_utils/nnet_activation.h:433]   --->   Operation 37 'bitselect' 'tmp_13' <Predicate = true> <Delay = 0.00>
ST_2 : Operation 38 [1/1] (0.00ns)   --->   "%tmp_15 = trunc i16 %data_V_load_1 to i3" [firmware/nnet_utils/nnet_activation.h:433]   --->   Operation 38 'trunc' 'tmp_15' <Predicate = true> <Delay = 0.00>
ST_2 : Operation 39 [1/1] (0.00ns)   --->   "%p_Result_2_1 = call i10 @_ssdm_op_BitConcatenate.i10.i3.i7(i3 %tmp_15, i7 0)" [firmware/nnet_utils/nnet_activation.h:433]   --->   Operation 39 'bitconcatenate' 'p_Result_2_1' <Predicate = true> <Delay = 0.00>
ST_2 : Operation 40 [1/1] (0.94ns)   --->   "%tmp_9_1 = icmp eq i10 %p_Result_2_1, 0" [firmware/nnet_utils/nnet_activation.h:433]   --->   Operation 40 'icmp' 'tmp_9_1' <Predicate = true> <Delay = 0.94> <Core = "Cmp">   --->   Core 25 'Cmp' <Latency = 0> <II = 1> <Delay = 0.74> <FuncUnit> <Opcode : 'icmp'> <InPorts = 2> <OutPorts = 1>
ST_2 : Operation 41 [1/1] (1.47ns)   --->   "%ret_V_1_1 = add i14 1, %p_Result_cast_17" [firmware/nnet_utils/nnet_activation.h:433]   --->   Operation 41 'add' 'ret_V_1_1' <Predicate = true> <Delay = 1.47> <Core = "AddSub">   --->   Core 14 'AddSub' <Latency = 0> <II = 1> <Delay = 1.47> <FuncUnit> <Opcode : 'add' 'sub'> <InPorts = 2> <OutPorts = 1>
ST_2 : Operation 42 [1/1] (0.00ns) (grouped into LUT with out node p_2_1)   --->   "%p_1_18 = select i1 %tmp_9_1, i14 %p_Result_cast_17, i14 %ret_V_1_1" [firmware/nnet_utils/nnet_activation.h:433]   --->   Operation 42 'select' 'p_1_18' <Predicate = true> <Delay = 0.00> <Core = "Sel">   --->   Core 26 'Sel' <Latency = 0> <II = 1> <Delay = 0.66> <FuncUnit> <Opcode : 'select'> <InPorts = 3> <OutPorts = 1>
ST_2 : Operation 43 [1/1] (0.37ns) (out node of the LUT)   --->   "%p_2_1 = select i1 %tmp_13, i14 %p_1_18, i14 %p_Result_cast_17" [firmware/nnet_utils/nnet_activation.h:433]   --->   Operation 43 'select' 'p_2_1' <Predicate = true> <Delay = 0.37> <Core = "Sel">   --->   Core 26 'Sel' <Latency = 0> <II = 1> <Delay = 0.66> <FuncUnit> <Opcode : 'select'> <InPorts = 3> <OutPorts = 1>
ST_2 : Operation 44 [1/1] (0.00ns)   --->   "%tmp_17 = trunc i14 %p_2_1 to i13" [firmware/nnet_utils/nnet_activation.h:433]   --->   Operation 44 'trunc' 'tmp_17' <Predicate = true> <Delay = 0.00>
ST_2 : Operation 45 [1/1] (1.50ns)   --->   "%index_s = add i14 512, %p_2_1" [firmware/nnet_utils/nnet_activation.h:434]   --->   Operation 45 'add' 'index_s' <Predicate = true> <Delay = 1.50> <Core = "AddSub">   --->   Core 14 'AddSub' <Latency = 0> <II = 1> <Delay = 1.47> <FuncUnit> <Opcode : 'add' 'sub'> <InPorts = 2> <OutPorts = 1>
ST_2 : Operation 46 [1/1] (1.47ns)   --->   "%index_cast_19 = add i13 512, %tmp_17" [firmware/nnet_utils/nnet_activation.h:434]   --->   Operation 46 'add' 'index_cast_19' <Predicate = true> <Delay = 1.47> <Core = "AddSub">   --->   Core 14 'AddSub' <Latency = 0> <II = 1> <Delay = 1.47> <FuncUnit> <Opcode : 'add' 'sub'> <InPorts = 2> <OutPorts = 1>
ST_2 : Operation 47 [1/1] (0.00ns)   --->   "%tmp_19 = call i1 @_ssdm_op_BitSelect.i1.i14.i32(i14 %index_s, i32 13)" [firmware/nnet_utils/nnet_activation.h:436]   --->   Operation 47 'bitselect' 'tmp_19' <Predicate = true> <Delay = 0.00>
ST_2 : Operation 48 [1/1] (0.37ns)   --->   "%p_1_1 = select i1 %tmp_19, i13 0, i13 %index_cast_19" [firmware/nnet_utils/nnet_activation.h:436]   --->   Operation 48 'select' 'p_1_1' <Predicate = true> <Delay = 0.37> <Core = "Sel">   --->   Core 26 'Sel' <Latency = 0> <II = 1> <Delay = 0.66> <FuncUnit> <Opcode : 'select'> <InPorts = 3> <OutPorts = 1>
ST_2 : Operation 49 [1/1] (0.00ns)   --->   "%tmp_21 = trunc i13 %p_1_1 to i10" [firmware/nnet_utils/nnet_activation.h:436]   --->   Operation 49 'trunc' 'tmp_21' <Predicate = true> <Delay = 0.00>
ST_2 : Operation 50 [1/1] (0.00ns)   --->   "%tmp_23 = call i3 @_ssdm_op_PartSelect.i3.i13.i32.i32(i13 %p_1_1, i32 10, i32 12)" [firmware/nnet_utils/nnet_activation.h:438]   --->   Operation 50 'partselect' 'tmp_23' <Predicate = true> <Delay = 0.00>
ST_2 : Operation 51 [1/1] (0.74ns)   --->   "%icmp6 = icmp ne i3 %tmp_23, 0" [firmware/nnet_utils/nnet_activation.h:438]   --->   Operation 51 'icmp' 'icmp6' <Predicate = true> <Delay = 0.74> <Core = "Cmp">   --->   Core 25 'Cmp' <Latency = 0> <II = 1> <Delay = 0.74> <FuncUnit> <Opcode : 'icmp'> <InPorts = 2> <OutPorts = 1>
ST_2 : Operation 52 [1/1] (0.66ns)   --->   "%index_1_1 = select i1 %icmp6, i10 -1, i10 %tmp_21" [firmware/nnet_utils/nnet_activation.h:438]   --->   Operation 52 'select' 'index_1_1' <Predicate = true> <Delay = 0.66> <Core = "Sel">   --->   Core 26 'Sel' <Latency = 0> <II = 1> <Delay = 0.66> <FuncUnit> <Opcode : 'select'> <InPorts = 3> <OutPorts = 1>
ST_2 : Operation 53 [1/1] (0.00ns)   --->   "%tmp_3_1 = zext i10 %index_1_1 to i64" [firmware/nnet_utils/nnet_activation.h:440]   --->   Operation 53 'zext' 'tmp_3_1' <Predicate = true> <Delay = 0.00>
ST_2 : Operation 54 [1/1] (0.00ns)   --->   "%tanh_table3_addr_1 = getelementptr [1024 x i11]* @tanh_table3, i64 0, i64 %tmp_3_1" [firmware/nnet_utils/nnet_activation.h:440]   --->   Operation 54 'getelementptr' 'tanh_table3_addr_1' <Predicate = true> <Delay = 0.00>
ST_2 : Operation 55 [2/2] (2.03ns)   --->   "%tanh_table3_load_1 = load i11* %tanh_table3_addr_1, align 2" [firmware/nnet_utils/nnet_activation.h:440]   --->   Operation 55 'load' 'tanh_table3_load_1' <Predicate = true> <Delay = 2.03> <Core = "ROM_nP">   --->   Core 48 'ROM_nP' <Latency = 1> <II = 1> <Delay = 2.03> <Storage> <Opcode : 'load'> <Ports = 0> <Width = 11> <Depth = 1024> <ROM>
ST_2 : Operation 56 [1/1] (0.00ns)   --->   "%data_V_addr_2 = getelementptr [10 x i16]* %data_V, i64 0, i64 2" [firmware/nnet_utils/nnet_activation.h:433]   --->   Operation 56 'getelementptr' 'data_V_addr_2' <Predicate = true> <Delay = 0.00>
ST_2 : Operation 57 [2/2] (0.86ns)   --->   "%data_V_load_2 = load i16* %data_V_addr_2, align 2" [firmware/nnet_utils/nnet_activation.h:433]   --->   Operation 57 'load' 'data_V_load_2' <Predicate = true> <Delay = 0.86> <Core = "RAM">   --->   Core 37 'RAM' <Latency = 1> <II = 1> <Delay = 0.86> <Storage> <Opcode : 'load' 'store'> <Ports = 2> <Width = 11> <Depth = 10> <RAM>
ST_2 : Operation 58 [1/1] (0.00ns)   --->   "%data_V_addr_3 = getelementptr [10 x i16]* %data_V, i64 0, i64 3" [firmware/nnet_utils/nnet_activation.h:433]   --->   Operation 58 'getelementptr' 'data_V_addr_3' <Predicate = true> <Delay = 0.00>
ST_2 : Operation 59 [2/2] (0.86ns)   --->   "%data_V_load_3 = load i16* %data_V_addr_3, align 2" [firmware/nnet_utils/nnet_activation.h:433]   --->   Operation 59 'load' 'data_V_load_3' <Predicate = true> <Delay = 0.86> <Core = "RAM">   --->   Core 37 'RAM' <Latency = 1> <II = 1> <Delay = 0.86> <Storage> <Opcode : 'load' 'store'> <Ports = 2> <Width = 11> <Depth = 10> <RAM>

State 3 <SV = 2> <Delay = 8.04>
ST_3 : Operation 60 [1/2] (2.03ns)   --->   "%tanh_table3_load = load i11* %tanh_table3_addr, align 2" [firmware/nnet_utils/nnet_activation.h:440]   --->   Operation 60 'load' 'tanh_table3_load' <Predicate = true> <Delay = 2.03> <Core = "ROM_nP">   --->   Core 48 'ROM_nP' <Latency = 1> <II = 1> <Delay = 2.03> <Storage> <Opcode : 'load'> <Ports = 0> <Width = 11> <Depth = 1024> <ROM>
ST_3 : Operation 61 [1/1] (0.00ns)   --->   "%res_V_addr = getelementptr [10 x i11]* %res_V, i64 0, i64 0" [firmware/nnet_utils/nnet_activation.h:440]   --->   Operation 61 'getelementptr' 'res_V_addr' <Predicate = true> <Delay = 0.00>
ST_3 : Operation 62 [1/1] (0.86ns)   --->   "store i11 %tanh_table3_load, i11* %res_V_addr, align 2" [firmware/nnet_utils/nnet_activation.h:440]   --->   Operation 62 'store' <Predicate = true> <Delay = 0.86> <Core = "RAM">   --->   Core 37 'RAM' <Latency = 1> <II = 1> <Delay = 0.86> <Storage> <Opcode : 'load' 'store'> <Ports = 2> <Width = 11> <Depth = 10> <RAM>
ST_3 : Operation 63 [1/2] (2.03ns)   --->   "%tanh_table3_load_1 = load i11* %tanh_table3_addr_1, align 2" [firmware/nnet_utils/nnet_activation.h:440]   --->   Operation 63 'load' 'tanh_table3_load_1' <Predicate = true> <Delay = 2.03> <Core = "ROM_nP">   --->   Core 48 'ROM_nP' <Latency = 1> <II = 1> <Delay = 2.03> <Storage> <Opcode : 'load'> <Ports = 0> <Width = 11> <Depth = 1024> <ROM>
ST_3 : Operation 64 [1/1] (0.00ns)   --->   "%res_V_addr_1 = getelementptr [10 x i11]* %res_V, i64 0, i64 1" [firmware/nnet_utils/nnet_activation.h:440]   --->   Operation 64 'getelementptr' 'res_V_addr_1' <Predicate = true> <Delay = 0.00>
ST_3 : Operation 65 [1/1] (0.86ns)   --->   "store i11 %tanh_table3_load_1, i11* %res_V_addr_1, align 2" [firmware/nnet_utils/nnet_activation.h:440]   --->   Operation 65 'store' <Predicate = true> <Delay = 0.86> <Core = "RAM">   --->   Core 37 'RAM' <Latency = 1> <II = 1> <Delay = 0.86> <Storage> <Opcode : 'load' 'store'> <Ports = 2> <Width = 11> <Depth = 10> <RAM>
ST_3 : Operation 66 [1/2] (0.86ns)   --->   "%data_V_load_2 = load i16* %data_V_addr_2, align 2" [firmware/nnet_utils/nnet_activation.h:433]   --->   Operation 66 'load' 'data_V_load_2' <Predicate = true> <Delay = 0.86> <Core = "RAM">   --->   Core 37 'RAM' <Latency = 1> <II = 1> <Delay = 0.86> <Storage> <Opcode : 'load' 'store'> <Ports = 2> <Width = 11> <Depth = 10> <RAM>
ST_3 : Operation 67 [1/1] (0.00ns)   --->   "%tmp_7 = call i13 @_ssdm_op_PartSelect.i13.i16.i32.i32(i16 %data_V_load_2, i32 3, i32 15)" [firmware/nnet_utils/nnet_activation.h:433]   --->   Operation 67 'partselect' 'tmp_7' <Predicate = true> <Delay = 0.00>
ST_3 : Operation 68 [1/1] (0.00ns)   --->   "%p_Result_10_cast = sext i13 %tmp_7 to i14" [firmware/nnet_utils/nnet_activation.h:433]   --->   Operation 68 'sext' 'p_Result_10_cast' <Predicate = true> <Delay = 0.00>
ST_3 : Operation 69 [1/1] (0.00ns) (grouped into LUT with out node p_2_2)   --->   "%tmp_24 = call i1 @_ssdm_op_BitSelect.i1.i16.i32(i16 %data_V_load_2, i32 15)" [firmware/nnet_utils/nnet_activation.h:433]   --->   Operation 69 'bitselect' 'tmp_24' <Predicate = true> <Delay = 0.00>
ST_3 : Operation 70 [1/1] (0.00ns)   --->   "%tmp_25 = trunc i16 %data_V_load_2 to i3" [firmware/nnet_utils/nnet_activation.h:433]   --->   Operation 70 'trunc' 'tmp_25' <Predicate = true> <Delay = 0.00>
ST_3 : Operation 71 [1/1] (0.00ns)   --->   "%p_Result_2_2 = call i10 @_ssdm_op_BitConcatenate.i10.i3.i7(i3 %tmp_25, i7 0)" [firmware/nnet_utils/nnet_activation.h:433]   --->   Operation 71 'bitconcatenate' 'p_Result_2_2' <Predicate = true> <Delay = 0.00>
ST_3 : Operation 72 [1/1] (0.94ns)   --->   "%tmp_9_2 = icmp eq i10 %p_Result_2_2, 0" [firmware/nnet_utils/nnet_activation.h:433]   --->   Operation 72 'icmp' 'tmp_9_2' <Predicate = true> <Delay = 0.94> <Core = "Cmp">   --->   Core 25 'Cmp' <Latency = 0> <II = 1> <Delay = 0.74> <FuncUnit> <Opcode : 'icmp'> <InPorts = 2> <OutPorts = 1>
ST_3 : Operation 73 [1/1] (1.47ns)   --->   "%ret_V_1_2 = add i14 1, %p_Result_10_cast" [firmware/nnet_utils/nnet_activation.h:433]   --->   Operation 73 'add' 'ret_V_1_2' <Predicate = true> <Delay = 1.47> <Core = "AddSub">   --->   Core 14 'AddSub' <Latency = 0> <II = 1> <Delay = 1.47> <FuncUnit> <Opcode : 'add' 'sub'> <InPorts = 2> <OutPorts = 1>
ST_3 : Operation 74 [1/1] (0.00ns) (grouped into LUT with out node p_2_2)   --->   "%p_2_20 = select i1 %tmp_9_2, i14 %p_Result_10_cast, i14 %ret_V_1_2" [firmware/nnet_utils/nnet_activation.h:433]   --->   Operation 74 'select' 'p_2_20' <Predicate = true> <Delay = 0.00> <Core = "Sel">   --->   Core 26 'Sel' <Latency = 0> <II = 1> <Delay = 0.66> <FuncUnit> <Opcode : 'select'> <InPorts = 3> <OutPorts = 1>
ST_3 : Operation 75 [1/1] (0.37ns) (out node of the LUT)   --->   "%p_2_2 = select i1 %tmp_24, i14 %p_2_20, i14 %p_Result_10_cast" [firmware/nnet_utils/nnet_activation.h:433]   --->   Operation 75 'select' 'p_2_2' <Predicate = true> <Delay = 0.37> <Core = "Sel">   --->   Core 26 'Sel' <Latency = 0> <II = 1> <Delay = 0.66> <FuncUnit> <Opcode : 'select'> <InPorts = 3> <OutPorts = 1>
ST_3 : Operation 76 [1/1] (0.00ns)   --->   "%tmp_26 = trunc i14 %p_2_2 to i13" [firmware/nnet_utils/nnet_activation.h:433]   --->   Operation 76 'trunc' 'tmp_26' <Predicate = true> <Delay = 0.00>
ST_3 : Operation 77 [1/1] (1.50ns)   --->   "%index_2 = add i14 512, %p_2_2" [firmware/nnet_utils/nnet_activation.h:434]   --->   Operation 77 'add' 'index_2' <Predicate = true> <Delay = 1.50> <Core = "AddSub">   --->   Core 14 'AddSub' <Latency = 0> <II = 1> <Delay = 1.47> <FuncUnit> <Opcode : 'add' 'sub'> <InPorts = 2> <OutPorts = 1>
ST_3 : Operation 78 [1/1] (1.47ns)   --->   "%index_2_cast = add i13 512, %tmp_26" [firmware/nnet_utils/nnet_activation.h:434]   --->   Operation 78 'add' 'index_2_cast' <Predicate = true> <Delay = 1.47> <Core = "AddSub">   --->   Core 14 'AddSub' <Latency = 0> <II = 1> <Delay = 1.47> <FuncUnit> <Opcode : 'add' 'sub'> <InPorts = 2> <OutPorts = 1>
ST_3 : Operation 79 [1/1] (0.00ns)   --->   "%tmp_27 = call i1 @_ssdm_op_BitSelect.i1.i14.i32(i14 %index_2, i32 13)" [firmware/nnet_utils/nnet_activation.h:436]   --->   Operation 79 'bitselect' 'tmp_27' <Predicate = true> <Delay = 0.00>
ST_3 : Operation 80 [1/1] (0.37ns)   --->   "%p_1_2 = select i1 %tmp_27, i13 0, i13 %index_2_cast" [firmware/nnet_utils/nnet_activation.h:436]   --->   Operation 80 'select' 'p_1_2' <Predicate = true> <Delay = 0.37> <Core = "Sel">   --->   Core 26 'Sel' <Latency = 0> <II = 1> <Delay = 0.66> <FuncUnit> <Opcode : 'select'> <InPorts = 3> <OutPorts = 1>
ST_3 : Operation 81 [1/1] (0.00ns)   --->   "%tmp_28 = trunc i13 %p_1_2 to i10" [firmware/nnet_utils/nnet_activation.h:436]   --->   Operation 81 'trunc' 'tmp_28' <Predicate = true> <Delay = 0.00>
ST_3 : Operation 82 [1/1] (0.00ns)   --->   "%tmp_29 = call i3 @_ssdm_op_PartSelect.i3.i13.i32.i32(i13 %p_1_2, i32 10, i32 12)" [firmware/nnet_utils/nnet_activation.h:438]   --->   Operation 82 'partselect' 'tmp_29' <Predicate = true> <Delay = 0.00>
ST_3 : Operation 83 [1/1] (0.74ns)   --->   "%icmp1 = icmp ne i3 %tmp_29, 0" [firmware/nnet_utils/nnet_activation.h:438]   --->   Operation 83 'icmp' 'icmp1' <Predicate = true> <Delay = 0.74> <Core = "Cmp">   --->   Core 25 'Cmp' <Latency = 0> <II = 1> <Delay = 0.74> <FuncUnit> <Opcode : 'icmp'> <InPorts = 2> <OutPorts = 1>
ST_3 : Operation 84 [1/1] (0.66ns)   --->   "%index_1_2 = select i1 %icmp1, i10 -1, i10 %tmp_28" [firmware/nnet_utils/nnet_activation.h:438]   --->   Operation 84 'select' 'index_1_2' <Predicate = true> <Delay = 0.66> <Core = "Sel">   --->   Core 26 'Sel' <Latency = 0> <II = 1> <Delay = 0.66> <FuncUnit> <Opcode : 'select'> <InPorts = 3> <OutPorts = 1>
ST_3 : Operation 85 [1/1] (0.00ns)   --->   "%tmp_3_2 = zext i10 %index_1_2 to i64" [firmware/nnet_utils/nnet_activation.h:440]   --->   Operation 85 'zext' 'tmp_3_2' <Predicate = true> <Delay = 0.00>
ST_3 : Operation 86 [1/1] (0.00ns)   --->   "%tanh_table3_addr_2 = getelementptr [1024 x i11]* @tanh_table3, i64 0, i64 %tmp_3_2" [firmware/nnet_utils/nnet_activation.h:440]   --->   Operation 86 'getelementptr' 'tanh_table3_addr_2' <Predicate = true> <Delay = 0.00>
ST_3 : Operation 87 [2/2] (2.03ns)   --->   "%tanh_table3_load_2 = load i11* %tanh_table3_addr_2, align 2" [firmware/nnet_utils/nnet_activation.h:440]   --->   Operation 87 'load' 'tanh_table3_load_2' <Predicate = true> <Delay = 2.03> <Core = "ROM_nP">   --->   Core 48 'ROM_nP' <Latency = 1> <II = 1> <Delay = 2.03> <Storage> <Opcode : 'load'> <Ports = 0> <Width = 11> <Depth = 1024> <ROM>
ST_3 : Operation 88 [1/2] (0.86ns)   --->   "%data_V_load_3 = load i16* %data_V_addr_3, align 2" [firmware/nnet_utils/nnet_activation.h:433]   --->   Operation 88 'load' 'data_V_load_3' <Predicate = true> <Delay = 0.86> <Core = "RAM">   --->   Core 37 'RAM' <Latency = 1> <II = 1> <Delay = 0.86> <Storage> <Opcode : 'load' 'store'> <Ports = 2> <Width = 11> <Depth = 10> <RAM>
ST_3 : Operation 89 [1/1] (0.00ns)   --->   "%tmp_s = call i13 @_ssdm_op_PartSelect.i13.i16.i32.i32(i16 %data_V_load_3, i32 3, i32 15)" [firmware/nnet_utils/nnet_activation.h:433]   --->   Operation 89 'partselect' 'tmp_s' <Predicate = true> <Delay = 0.00>
ST_3 : Operation 90 [1/1] (0.00ns)   --->   "%p_Result_3_cast = sext i13 %tmp_s to i14" [firmware/nnet_utils/nnet_activation.h:433]   --->   Operation 90 'sext' 'p_Result_3_cast' <Predicate = true> <Delay = 0.00>
ST_3 : Operation 91 [1/1] (0.00ns) (grouped into LUT with out node p_2_3)   --->   "%tmp_30 = call i1 @_ssdm_op_BitSelect.i1.i16.i32(i16 %data_V_load_3, i32 15)" [firmware/nnet_utils/nnet_activation.h:433]   --->   Operation 91 'bitselect' 'tmp_30' <Predicate = true> <Delay = 0.00>
ST_3 : Operation 92 [1/1] (0.00ns)   --->   "%tmp_31 = trunc i16 %data_V_load_3 to i3" [firmware/nnet_utils/nnet_activation.h:433]   --->   Operation 92 'trunc' 'tmp_31' <Predicate = true> <Delay = 0.00>
ST_3 : Operation 93 [1/1] (0.00ns)   --->   "%p_Result_2_3 = call i10 @_ssdm_op_BitConcatenate.i10.i3.i7(i3 %tmp_31, i7 0)" [firmware/nnet_utils/nnet_activation.h:433]   --->   Operation 93 'bitconcatenate' 'p_Result_2_3' <Predicate = true> <Delay = 0.00>
ST_3 : Operation 94 [1/1] (0.94ns)   --->   "%tmp_9_3 = icmp eq i10 %p_Result_2_3, 0" [firmware/nnet_utils/nnet_activation.h:433]   --->   Operation 94 'icmp' 'tmp_9_3' <Predicate = true> <Delay = 0.94> <Core = "Cmp">   --->   Core 25 'Cmp' <Latency = 0> <II = 1> <Delay = 0.74> <FuncUnit> <Opcode : 'icmp'> <InPorts = 2> <OutPorts = 1>
ST_3 : Operation 95 [1/1] (1.47ns)   --->   "%ret_V_1_3 = add i14 1, %p_Result_3_cast" [firmware/nnet_utils/nnet_activation.h:433]   --->   Operation 95 'add' 'ret_V_1_3' <Predicate = true> <Delay = 1.47> <Core = "AddSub">   --->   Core 14 'AddSub' <Latency = 0> <II = 1> <Delay = 1.47> <FuncUnit> <Opcode : 'add' 'sub'> <InPorts = 2> <OutPorts = 1>
ST_3 : Operation 96 [1/1] (0.00ns) (grouped into LUT with out node p_2_3)   --->   "%p_3 = select i1 %tmp_9_3, i14 %p_Result_3_cast, i14 %ret_V_1_3" [firmware/nnet_utils/nnet_activation.h:433]   --->   Operation 96 'select' 'p_3' <Predicate = true> <Delay = 0.00> <Core = "Sel">   --->   Core 26 'Sel' <Latency = 0> <II = 1> <Delay = 0.66> <FuncUnit> <Opcode : 'select'> <InPorts = 3> <OutPorts = 1>
ST_3 : Operation 97 [1/1] (0.37ns) (out node of the LUT)   --->   "%p_2_3 = select i1 %tmp_30, i14 %p_3, i14 %p_Result_3_cast" [firmware/nnet_utils/nnet_activation.h:433]   --->   Operation 97 'select' 'p_2_3' <Predicate = true> <Delay = 0.37> <Core = "Sel">   --->   Core 26 'Sel' <Latency = 0> <II = 1> <Delay = 0.66> <FuncUnit> <Opcode : 'select'> <InPorts = 3> <OutPorts = 1>
ST_3 : Operation 98 [1/1] (0.00ns)   --->   "%tmp_32 = trunc i14 %p_2_3 to i13" [firmware/nnet_utils/nnet_activation.h:433]   --->   Operation 98 'trunc' 'tmp_32' <Predicate = true> <Delay = 0.00>
ST_3 : Operation 99 [1/1] (1.50ns)   --->   "%index_3 = add i14 512, %p_2_3" [firmware/nnet_utils/nnet_activation.h:434]   --->   Operation 99 'add' 'index_3' <Predicate = true> <Delay = 1.50> <Core = "AddSub">   --->   Core 14 'AddSub' <Latency = 0> <II = 1> <Delay = 1.47> <FuncUnit> <Opcode : 'add' 'sub'> <InPorts = 2> <OutPorts = 1>
ST_3 : Operation 100 [1/1] (1.47ns)   --->   "%index_3_cast = add i13 512, %tmp_32" [firmware/nnet_utils/nnet_activation.h:434]   --->   Operation 100 'add' 'index_3_cast' <Predicate = true> <Delay = 1.47> <Core = "AddSub">   --->   Core 14 'AddSub' <Latency = 0> <II = 1> <Delay = 1.47> <FuncUnit> <Opcode : 'add' 'sub'> <InPorts = 2> <OutPorts = 1>
ST_3 : Operation 101 [1/1] (0.00ns)   --->   "%tmp_33 = call i1 @_ssdm_op_BitSelect.i1.i14.i32(i14 %index_3, i32 13)" [firmware/nnet_utils/nnet_activation.h:436]   --->   Operation 101 'bitselect' 'tmp_33' <Predicate = true> <Delay = 0.00>
ST_3 : Operation 102 [1/1] (0.37ns)   --->   "%p_1_3 = select i1 %tmp_33, i13 0, i13 %index_3_cast" [firmware/nnet_utils/nnet_activation.h:436]   --->   Operation 102 'select' 'p_1_3' <Predicate = true> <Delay = 0.37> <Core = "Sel">   --->   Core 26 'Sel' <Latency = 0> <II = 1> <Delay = 0.66> <FuncUnit> <Opcode : 'select'> <InPorts = 3> <OutPorts = 1>
ST_3 : Operation 103 [1/1] (0.00ns)   --->   "%tmp_34 = trunc i13 %p_1_3 to i10" [firmware/nnet_utils/nnet_activation.h:436]   --->   Operation 103 'trunc' 'tmp_34' <Predicate = true> <Delay = 0.00>
ST_3 : Operation 104 [1/1] (0.00ns)   --->   "%tmp_35 = call i3 @_ssdm_op_PartSelect.i3.i13.i32.i32(i13 %p_1_3, i32 10, i32 12)" [firmware/nnet_utils/nnet_activation.h:438]   --->   Operation 104 'partselect' 'tmp_35' <Predicate = true> <Delay = 0.00>
ST_3 : Operation 105 [1/1] (0.74ns)   --->   "%icmp2 = icmp ne i3 %tmp_35, 0" [firmware/nnet_utils/nnet_activation.h:438]   --->   Operation 105 'icmp' 'icmp2' <Predicate = true> <Delay = 0.74> <Core = "Cmp">   --->   Core 25 'Cmp' <Latency = 0> <II = 1> <Delay = 0.74> <FuncUnit> <Opcode : 'icmp'> <InPorts = 2> <OutPorts = 1>
ST_3 : Operation 106 [1/1] (0.66ns)   --->   "%index_1_3 = select i1 %icmp2, i10 -1, i10 %tmp_34" [firmware/nnet_utils/nnet_activation.h:438]   --->   Operation 106 'select' 'index_1_3' <Predicate = true> <Delay = 0.66> <Core = "Sel">   --->   Core 26 'Sel' <Latency = 0> <II = 1> <Delay = 0.66> <FuncUnit> <Opcode : 'select'> <InPorts = 3> <OutPorts = 1>
ST_3 : Operation 107 [1/1] (0.00ns)   --->   "%tmp_3_3 = zext i10 %index_1_3 to i64" [firmware/nnet_utils/nnet_activation.h:440]   --->   Operation 107 'zext' 'tmp_3_3' <Predicate = true> <Delay = 0.00>
ST_3 : Operation 108 [1/1] (0.00ns)   --->   "%tanh_table3_addr_3 = getelementptr [1024 x i11]* @tanh_table3, i64 0, i64 %tmp_3_3" [firmware/nnet_utils/nnet_activation.h:440]   --->   Operation 108 'getelementptr' 'tanh_table3_addr_3' <Predicate = true> <Delay = 0.00>
ST_3 : Operation 109 [2/2] (2.03ns)   --->   "%tanh_table3_load_3 = load i11* %tanh_table3_addr_3, align 2" [firmware/nnet_utils/nnet_activation.h:440]   --->   Operation 109 'load' 'tanh_table3_load_3' <Predicate = true> <Delay = 2.03> <Core = "ROM_nP">   --->   Core 48 'ROM_nP' <Latency = 1> <II = 1> <Delay = 2.03> <Storage> <Opcode : 'load'> <Ports = 0> <Width = 11> <Depth = 1024> <ROM>
ST_3 : Operation 110 [1/1] (0.00ns)   --->   "%data_V_addr_4 = getelementptr [10 x i16]* %data_V, i64 0, i64 4" [firmware/nnet_utils/nnet_activation.h:433]   --->   Operation 110 'getelementptr' 'data_V_addr_4' <Predicate = true> <Delay = 0.00>
ST_3 : Operation 111 [2/2] (0.86ns)   --->   "%data_V_load_4 = load i16* %data_V_addr_4, align 2" [firmware/nnet_utils/nnet_activation.h:433]   --->   Operation 111 'load' 'data_V_load_4' <Predicate = true> <Delay = 0.86> <Core = "RAM">   --->   Core 37 'RAM' <Latency = 1> <II = 1> <Delay = 0.86> <Storage> <Opcode : 'load' 'store'> <Ports = 2> <Width = 11> <Depth = 10> <RAM>
ST_3 : Operation 112 [1/1] (0.00ns)   --->   "%data_V_addr_5 = getelementptr [10 x i16]* %data_V, i64 0, i64 5" [firmware/nnet_utils/nnet_activation.h:433]   --->   Operation 112 'getelementptr' 'data_V_addr_5' <Predicate = true> <Delay = 0.00>
ST_3 : Operation 113 [2/2] (0.86ns)   --->   "%data_V_load_5 = load i16* %data_V_addr_5, align 2" [firmware/nnet_utils/nnet_activation.h:433]   --->   Operation 113 'load' 'data_V_load_5' <Predicate = true> <Delay = 0.86> <Core = "RAM">   --->   Core 37 'RAM' <Latency = 1> <II = 1> <Delay = 0.86> <Storage> <Opcode : 'load' 'store'> <Ports = 2> <Width = 11> <Depth = 10> <RAM>

State 4 <SV = 3> <Delay = 8.04>
ST_4 : Operation 114 [1/2] (2.03ns)   --->   "%tanh_table3_load_2 = load i11* %tanh_table3_addr_2, align 2" [firmware/nnet_utils/nnet_activation.h:440]   --->   Operation 114 'load' 'tanh_table3_load_2' <Predicate = true> <Delay = 2.03> <Core = "ROM_nP">   --->   Core 48 'ROM_nP' <Latency = 1> <II = 1> <Delay = 2.03> <Storage> <Opcode : 'load'> <Ports = 0> <Width = 11> <Depth = 1024> <ROM>
ST_4 : Operation 115 [1/1] (0.00ns)   --->   "%res_V_addr_2 = getelementptr [10 x i11]* %res_V, i64 0, i64 2" [firmware/nnet_utils/nnet_activation.h:440]   --->   Operation 115 'getelementptr' 'res_V_addr_2' <Predicate = true> <Delay = 0.00>
ST_4 : Operation 116 [1/1] (0.86ns)   --->   "store i11 %tanh_table3_load_2, i11* %res_V_addr_2, align 2" [firmware/nnet_utils/nnet_activation.h:440]   --->   Operation 116 'store' <Predicate = true> <Delay = 0.86> <Core = "RAM">   --->   Core 37 'RAM' <Latency = 1> <II = 1> <Delay = 0.86> <Storage> <Opcode : 'load' 'store'> <Ports = 2> <Width = 11> <Depth = 10> <RAM>
ST_4 : Operation 117 [1/2] (2.03ns)   --->   "%tanh_table3_load_3 = load i11* %tanh_table3_addr_3, align 2" [firmware/nnet_utils/nnet_activation.h:440]   --->   Operation 117 'load' 'tanh_table3_load_3' <Predicate = true> <Delay = 2.03> <Core = "ROM_nP">   --->   Core 48 'ROM_nP' <Latency = 1> <II = 1> <Delay = 2.03> <Storage> <Opcode : 'load'> <Ports = 0> <Width = 11> <Depth = 1024> <ROM>
ST_4 : Operation 118 [1/1] (0.00ns)   --->   "%res_V_addr_3 = getelementptr [10 x i11]* %res_V, i64 0, i64 3" [firmware/nnet_utils/nnet_activation.h:440]   --->   Operation 118 'getelementptr' 'res_V_addr_3' <Predicate = true> <Delay = 0.00>
ST_4 : Operation 119 [1/1] (0.86ns)   --->   "store i11 %tanh_table3_load_3, i11* %res_V_addr_3, align 2" [firmware/nnet_utils/nnet_activation.h:440]   --->   Operation 119 'store' <Predicate = true> <Delay = 0.86> <Core = "RAM">   --->   Core 37 'RAM' <Latency = 1> <II = 1> <Delay = 0.86> <Storage> <Opcode : 'load' 'store'> <Ports = 2> <Width = 11> <Depth = 10> <RAM>
ST_4 : Operation 120 [1/2] (0.86ns)   --->   "%data_V_load_4 = load i16* %data_V_addr_4, align 2" [firmware/nnet_utils/nnet_activation.h:433]   --->   Operation 120 'load' 'data_V_load_4' <Predicate = true> <Delay = 0.86> <Core = "RAM">   --->   Core 37 'RAM' <Latency = 1> <II = 1> <Delay = 0.86> <Storage> <Opcode : 'load' 'store'> <Ports = 2> <Width = 11> <Depth = 10> <RAM>
ST_4 : Operation 121 [1/1] (0.00ns)   --->   "%tmp_10 = call i13 @_ssdm_op_PartSelect.i13.i16.i32.i32(i16 %data_V_load_4, i32 3, i32 15)" [firmware/nnet_utils/nnet_activation.h:433]   --->   Operation 121 'partselect' 'tmp_10' <Predicate = true> <Delay = 0.00>
ST_4 : Operation 122 [1/1] (0.00ns)   --->   "%p_Result_4_cast = sext i13 %tmp_10 to i14" [firmware/nnet_utils/nnet_activation.h:433]   --->   Operation 122 'sext' 'p_Result_4_cast' <Predicate = true> <Delay = 0.00>
ST_4 : Operation 123 [1/1] (0.00ns) (grouped into LUT with out node p_2_4)   --->   "%tmp_36 = call i1 @_ssdm_op_BitSelect.i1.i16.i32(i16 %data_V_load_4, i32 15)" [firmware/nnet_utils/nnet_activation.h:433]   --->   Operation 123 'bitselect' 'tmp_36' <Predicate = true> <Delay = 0.00>
ST_4 : Operation 124 [1/1] (0.00ns)   --->   "%tmp_37 = trunc i16 %data_V_load_4 to i3" [firmware/nnet_utils/nnet_activation.h:433]   --->   Operation 124 'trunc' 'tmp_37' <Predicate = true> <Delay = 0.00>
ST_4 : Operation 125 [1/1] (0.00ns)   --->   "%p_Result_2_4 = call i10 @_ssdm_op_BitConcatenate.i10.i3.i7(i3 %tmp_37, i7 0)" [firmware/nnet_utils/nnet_activation.h:433]   --->   Operation 125 'bitconcatenate' 'p_Result_2_4' <Predicate = true> <Delay = 0.00>
ST_4 : Operation 126 [1/1] (0.94ns)   --->   "%tmp_9_4 = icmp eq i10 %p_Result_2_4, 0" [firmware/nnet_utils/nnet_activation.h:433]   --->   Operation 126 'icmp' 'tmp_9_4' <Predicate = true> <Delay = 0.94> <Core = "Cmp">   --->   Core 25 'Cmp' <Latency = 0> <II = 1> <Delay = 0.74> <FuncUnit> <Opcode : 'icmp'> <InPorts = 2> <OutPorts = 1>
ST_4 : Operation 127 [1/1] (1.47ns)   --->   "%ret_V_1_4 = add i14 1, %p_Result_4_cast" [firmware/nnet_utils/nnet_activation.h:433]   --->   Operation 127 'add' 'ret_V_1_4' <Predicate = true> <Delay = 1.47> <Core = "AddSub">   --->   Core 14 'AddSub' <Latency = 0> <II = 1> <Delay = 1.47> <FuncUnit> <Opcode : 'add' 'sub'> <InPorts = 2> <OutPorts = 1>
ST_4 : Operation 128 [1/1] (0.00ns) (grouped into LUT with out node p_2_4)   --->   "%p_4 = select i1 %tmp_9_4, i14 %p_Result_4_cast, i14 %ret_V_1_4" [firmware/nnet_utils/nnet_activation.h:433]   --->   Operation 128 'select' 'p_4' <Predicate = true> <Delay = 0.00> <Core = "Sel">   --->   Core 26 'Sel' <Latency = 0> <II = 1> <Delay = 0.66> <FuncUnit> <Opcode : 'select'> <InPorts = 3> <OutPorts = 1>
ST_4 : Operation 129 [1/1] (0.37ns) (out node of the LUT)   --->   "%p_2_4 = select i1 %tmp_36, i14 %p_4, i14 %p_Result_4_cast" [firmware/nnet_utils/nnet_activation.h:433]   --->   Operation 129 'select' 'p_2_4' <Predicate = true> <Delay = 0.37> <Core = "Sel">   --->   Core 26 'Sel' <Latency = 0> <II = 1> <Delay = 0.66> <FuncUnit> <Opcode : 'select'> <InPorts = 3> <OutPorts = 1>
ST_4 : Operation 130 [1/1] (0.00ns)   --->   "%tmp_38 = trunc i14 %p_2_4 to i13" [firmware/nnet_utils/nnet_activation.h:433]   --->   Operation 130 'trunc' 'tmp_38' <Predicate = true> <Delay = 0.00>
ST_4 : Operation 131 [1/1] (1.50ns)   --->   "%index_4 = add i14 512, %p_2_4" [firmware/nnet_utils/nnet_activation.h:434]   --->   Operation 131 'add' 'index_4' <Predicate = true> <Delay = 1.50> <Core = "AddSub">   --->   Core 14 'AddSub' <Latency = 0> <II = 1> <Delay = 1.47> <FuncUnit> <Opcode : 'add' 'sub'> <InPorts = 2> <OutPorts = 1>
ST_4 : Operation 132 [1/1] (1.47ns)   --->   "%index_4_cast = add i13 512, %tmp_38" [firmware/nnet_utils/nnet_activation.h:434]   --->   Operation 132 'add' 'index_4_cast' <Predicate = true> <Delay = 1.47> <Core = "AddSub">   --->   Core 14 'AddSub' <Latency = 0> <II = 1> <Delay = 1.47> <FuncUnit> <Opcode : 'add' 'sub'> <InPorts = 2> <OutPorts = 1>
ST_4 : Operation 133 [1/1] (0.00ns)   --->   "%tmp_39 = call i1 @_ssdm_op_BitSelect.i1.i14.i32(i14 %index_4, i32 13)" [firmware/nnet_utils/nnet_activation.h:436]   --->   Operation 133 'bitselect' 'tmp_39' <Predicate = true> <Delay = 0.00>
ST_4 : Operation 134 [1/1] (0.37ns)   --->   "%p_1_4 = select i1 %tmp_39, i13 0, i13 %index_4_cast" [firmware/nnet_utils/nnet_activation.h:436]   --->   Operation 134 'select' 'p_1_4' <Predicate = true> <Delay = 0.37> <Core = "Sel">   --->   Core 26 'Sel' <Latency = 0> <II = 1> <Delay = 0.66> <FuncUnit> <Opcode : 'select'> <InPorts = 3> <OutPorts = 1>
ST_4 : Operation 135 [1/1] (0.00ns)   --->   "%tmp_40 = trunc i13 %p_1_4 to i10" [firmware/nnet_utils/nnet_activation.h:436]   --->   Operation 135 'trunc' 'tmp_40' <Predicate = true> <Delay = 0.00>
ST_4 : Operation 136 [1/1] (0.00ns)   --->   "%tmp_41 = call i3 @_ssdm_op_PartSelect.i3.i13.i32.i32(i13 %p_1_4, i32 10, i32 12)" [firmware/nnet_utils/nnet_activation.h:438]   --->   Operation 136 'partselect' 'tmp_41' <Predicate = true> <Delay = 0.00>
ST_4 : Operation 137 [1/1] (0.74ns)   --->   "%icmp3 = icmp ne i3 %tmp_41, 0" [firmware/nnet_utils/nnet_activation.h:438]   --->   Operation 137 'icmp' 'icmp3' <Predicate = true> <Delay = 0.74> <Core = "Cmp">   --->   Core 25 'Cmp' <Latency = 0> <II = 1> <Delay = 0.74> <FuncUnit> <Opcode : 'icmp'> <InPorts = 2> <OutPorts = 1>
ST_4 : Operation 138 [1/1] (0.66ns)   --->   "%index_1_4 = select i1 %icmp3, i10 -1, i10 %tmp_40" [firmware/nnet_utils/nnet_activation.h:438]   --->   Operation 138 'select' 'index_1_4' <Predicate = true> <Delay = 0.66> <Core = "Sel">   --->   Core 26 'Sel' <Latency = 0> <II = 1> <Delay = 0.66> <FuncUnit> <Opcode : 'select'> <InPorts = 3> <OutPorts = 1>
ST_4 : Operation 139 [1/1] (0.00ns)   --->   "%tmp_3_4 = zext i10 %index_1_4 to i64" [firmware/nnet_utils/nnet_activation.h:440]   --->   Operation 139 'zext' 'tmp_3_4' <Predicate = true> <Delay = 0.00>
ST_4 : Operation 140 [1/1] (0.00ns)   --->   "%tanh_table3_addr_4 = getelementptr [1024 x i11]* @tanh_table3, i64 0, i64 %tmp_3_4" [firmware/nnet_utils/nnet_activation.h:440]   --->   Operation 140 'getelementptr' 'tanh_table3_addr_4' <Predicate = true> <Delay = 0.00>
ST_4 : Operation 141 [2/2] (2.03ns)   --->   "%tanh_table3_load_4 = load i11* %tanh_table3_addr_4, align 2" [firmware/nnet_utils/nnet_activation.h:440]   --->   Operation 141 'load' 'tanh_table3_load_4' <Predicate = true> <Delay = 2.03> <Core = "ROM_nP">   --->   Core 48 'ROM_nP' <Latency = 1> <II = 1> <Delay = 2.03> <Storage> <Opcode : 'load'> <Ports = 0> <Width = 11> <Depth = 1024> <ROM>
ST_4 : Operation 142 [1/2] (0.86ns)   --->   "%data_V_load_5 = load i16* %data_V_addr_5, align 2" [firmware/nnet_utils/nnet_activation.h:433]   --->   Operation 142 'load' 'data_V_load_5' <Predicate = true> <Delay = 0.86> <Core = "RAM">   --->   Core 37 'RAM' <Latency = 1> <II = 1> <Delay = 0.86> <Storage> <Opcode : 'load' 'store'> <Ports = 2> <Width = 11> <Depth = 10> <RAM>
ST_4 : Operation 143 [1/1] (0.00ns)   --->   "%tmp_12 = call i13 @_ssdm_op_PartSelect.i13.i16.i32.i32(i16 %data_V_load_5, i32 3, i32 15)" [firmware/nnet_utils/nnet_activation.h:433]   --->   Operation 143 'partselect' 'tmp_12' <Predicate = true> <Delay = 0.00>
ST_4 : Operation 144 [1/1] (0.00ns)   --->   "%p_Result_5_cast = sext i13 %tmp_12 to i14" [firmware/nnet_utils/nnet_activation.h:433]   --->   Operation 144 'sext' 'p_Result_5_cast' <Predicate = true> <Delay = 0.00>
ST_4 : Operation 145 [1/1] (0.00ns) (grouped into LUT with out node p_2_5)   --->   "%tmp_42 = call i1 @_ssdm_op_BitSelect.i1.i16.i32(i16 %data_V_load_5, i32 15)" [firmware/nnet_utils/nnet_activation.h:433]   --->   Operation 145 'bitselect' 'tmp_42' <Predicate = true> <Delay = 0.00>
ST_4 : Operation 146 [1/1] (0.00ns)   --->   "%tmp_43 = trunc i16 %data_V_load_5 to i3" [firmware/nnet_utils/nnet_activation.h:433]   --->   Operation 146 'trunc' 'tmp_43' <Predicate = true> <Delay = 0.00>
ST_4 : Operation 147 [1/1] (0.00ns)   --->   "%p_Result_2_5 = call i10 @_ssdm_op_BitConcatenate.i10.i3.i7(i3 %tmp_43, i7 0)" [firmware/nnet_utils/nnet_activation.h:433]   --->   Operation 147 'bitconcatenate' 'p_Result_2_5' <Predicate = true> <Delay = 0.00>
ST_4 : Operation 148 [1/1] (0.94ns)   --->   "%tmp_9_5 = icmp eq i10 %p_Result_2_5, 0" [firmware/nnet_utils/nnet_activation.h:433]   --->   Operation 148 'icmp' 'tmp_9_5' <Predicate = true> <Delay = 0.94> <Core = "Cmp">   --->   Core 25 'Cmp' <Latency = 0> <II = 1> <Delay = 0.74> <FuncUnit> <Opcode : 'icmp'> <InPorts = 2> <OutPorts = 1>
ST_4 : Operation 149 [1/1] (1.47ns)   --->   "%ret_V_1_5 = add i14 1, %p_Result_5_cast" [firmware/nnet_utils/nnet_activation.h:433]   --->   Operation 149 'add' 'ret_V_1_5' <Predicate = true> <Delay = 1.47> <Core = "AddSub">   --->   Core 14 'AddSub' <Latency = 0> <II = 1> <Delay = 1.47> <FuncUnit> <Opcode : 'add' 'sub'> <InPorts = 2> <OutPorts = 1>
ST_4 : Operation 150 [1/1] (0.00ns) (grouped into LUT with out node p_2_5)   --->   "%p_5 = select i1 %tmp_9_5, i14 %p_Result_5_cast, i14 %ret_V_1_5" [firmware/nnet_utils/nnet_activation.h:433]   --->   Operation 150 'select' 'p_5' <Predicate = true> <Delay = 0.00> <Core = "Sel">   --->   Core 26 'Sel' <Latency = 0> <II = 1> <Delay = 0.66> <FuncUnit> <Opcode : 'select'> <InPorts = 3> <OutPorts = 1>
ST_4 : Operation 151 [1/1] (0.37ns) (out node of the LUT)   --->   "%p_2_5 = select i1 %tmp_42, i14 %p_5, i14 %p_Result_5_cast" [firmware/nnet_utils/nnet_activation.h:433]   --->   Operation 151 'select' 'p_2_5' <Predicate = true> <Delay = 0.37> <Core = "Sel">   --->   Core 26 'Sel' <Latency = 0> <II = 1> <Delay = 0.66> <FuncUnit> <Opcode : 'select'> <InPorts = 3> <OutPorts = 1>
ST_4 : Operation 152 [1/1] (0.00ns)   --->   "%tmp_44 = trunc i14 %p_2_5 to i13" [firmware/nnet_utils/nnet_activation.h:433]   --->   Operation 152 'trunc' 'tmp_44' <Predicate = true> <Delay = 0.00>
ST_4 : Operation 153 [1/1] (1.50ns)   --->   "%index_5 = add i14 512, %p_2_5" [firmware/nnet_utils/nnet_activation.h:434]   --->   Operation 153 'add' 'index_5' <Predicate = true> <Delay = 1.50> <Core = "AddSub">   --->   Core 14 'AddSub' <Latency = 0> <II = 1> <Delay = 1.47> <FuncUnit> <Opcode : 'add' 'sub'> <InPorts = 2> <OutPorts = 1>
ST_4 : Operation 154 [1/1] (1.47ns)   --->   "%index_5_cast = add i13 512, %tmp_44" [firmware/nnet_utils/nnet_activation.h:434]   --->   Operation 154 'add' 'index_5_cast' <Predicate = true> <Delay = 1.47> <Core = "AddSub">   --->   Core 14 'AddSub' <Latency = 0> <II = 1> <Delay = 1.47> <FuncUnit> <Opcode : 'add' 'sub'> <InPorts = 2> <OutPorts = 1>
ST_4 : Operation 155 [1/1] (0.00ns)   --->   "%tmp_45 = call i1 @_ssdm_op_BitSelect.i1.i14.i32(i14 %index_5, i32 13)" [firmware/nnet_utils/nnet_activation.h:436]   --->   Operation 155 'bitselect' 'tmp_45' <Predicate = true> <Delay = 0.00>
ST_4 : Operation 156 [1/1] (0.37ns)   --->   "%p_1_5 = select i1 %tmp_45, i13 0, i13 %index_5_cast" [firmware/nnet_utils/nnet_activation.h:436]   --->   Operation 156 'select' 'p_1_5' <Predicate = true> <Delay = 0.37> <Core = "Sel">   --->   Core 26 'Sel' <Latency = 0> <II = 1> <Delay = 0.66> <FuncUnit> <Opcode : 'select'> <InPorts = 3> <OutPorts = 1>
ST_4 : Operation 157 [1/1] (0.00ns)   --->   "%tmp_46 = trunc i13 %p_1_5 to i10" [firmware/nnet_utils/nnet_activation.h:436]   --->   Operation 157 'trunc' 'tmp_46' <Predicate = true> <Delay = 0.00>
ST_4 : Operation 158 [1/1] (0.00ns)   --->   "%tmp_47 = call i3 @_ssdm_op_PartSelect.i3.i13.i32.i32(i13 %p_1_5, i32 10, i32 12)" [firmware/nnet_utils/nnet_activation.h:438]   --->   Operation 158 'partselect' 'tmp_47' <Predicate = true> <Delay = 0.00>
ST_4 : Operation 159 [1/1] (0.74ns)   --->   "%icmp4 = icmp ne i3 %tmp_47, 0" [firmware/nnet_utils/nnet_activation.h:438]   --->   Operation 159 'icmp' 'icmp4' <Predicate = true> <Delay = 0.74> <Core = "Cmp">   --->   Core 25 'Cmp' <Latency = 0> <II = 1> <Delay = 0.74> <FuncUnit> <Opcode : 'icmp'> <InPorts = 2> <OutPorts = 1>
ST_4 : Operation 160 [1/1] (0.66ns)   --->   "%index_1_5 = select i1 %icmp4, i10 -1, i10 %tmp_46" [firmware/nnet_utils/nnet_activation.h:438]   --->   Operation 160 'select' 'index_1_5' <Predicate = true> <Delay = 0.66> <Core = "Sel">   --->   Core 26 'Sel' <Latency = 0> <II = 1> <Delay = 0.66> <FuncUnit> <Opcode : 'select'> <InPorts = 3> <OutPorts = 1>
ST_4 : Operation 161 [1/1] (0.00ns)   --->   "%tmp_3_5 = zext i10 %index_1_5 to i64" [firmware/nnet_utils/nnet_activation.h:440]   --->   Operation 161 'zext' 'tmp_3_5' <Predicate = true> <Delay = 0.00>
ST_4 : Operation 162 [1/1] (0.00ns)   --->   "%tanh_table3_addr_5 = getelementptr [1024 x i11]* @tanh_table3, i64 0, i64 %tmp_3_5" [firmware/nnet_utils/nnet_activation.h:440]   --->   Operation 162 'getelementptr' 'tanh_table3_addr_5' <Predicate = true> <Delay = 0.00>
ST_4 : Operation 163 [2/2] (2.03ns)   --->   "%tanh_table3_load_5 = load i11* %tanh_table3_addr_5, align 2" [firmware/nnet_utils/nnet_activation.h:440]   --->   Operation 163 'load' 'tanh_table3_load_5' <Predicate = true> <Delay = 2.03> <Core = "ROM_nP">   --->   Core 48 'ROM_nP' <Latency = 1> <II = 1> <Delay = 2.03> <Storage> <Opcode : 'load'> <Ports = 0> <Width = 11> <Depth = 1024> <ROM>
ST_4 : Operation 164 [1/1] (0.00ns)   --->   "%data_V_addr_6 = getelementptr [10 x i16]* %data_V, i64 0, i64 6" [firmware/nnet_utils/nnet_activation.h:433]   --->   Operation 164 'getelementptr' 'data_V_addr_6' <Predicate = true> <Delay = 0.00>
ST_4 : Operation 165 [2/2] (0.86ns)   --->   "%data_V_load_6 = load i16* %data_V_addr_6, align 2" [firmware/nnet_utils/nnet_activation.h:433]   --->   Operation 165 'load' 'data_V_load_6' <Predicate = true> <Delay = 0.86> <Core = "RAM">   --->   Core 37 'RAM' <Latency = 1> <II = 1> <Delay = 0.86> <Storage> <Opcode : 'load' 'store'> <Ports = 2> <Width = 11> <Depth = 10> <RAM>
ST_4 : Operation 166 [1/1] (0.00ns)   --->   "%data_V_addr_7 = getelementptr [10 x i16]* %data_V, i64 0, i64 7" [firmware/nnet_utils/nnet_activation.h:433]   --->   Operation 166 'getelementptr' 'data_V_addr_7' <Predicate = true> <Delay = 0.00>
ST_4 : Operation 167 [2/2] (0.86ns)   --->   "%data_V_load_7 = load i16* %data_V_addr_7, align 2" [firmware/nnet_utils/nnet_activation.h:433]   --->   Operation 167 'load' 'data_V_load_7' <Predicate = true> <Delay = 0.86> <Core = "RAM">   --->   Core 37 'RAM' <Latency = 1> <II = 1> <Delay = 0.86> <Storage> <Opcode : 'load' 'store'> <Ports = 2> <Width = 11> <Depth = 10> <RAM>

State 5 <SV = 4> <Delay = 8.04>
ST_5 : Operation 168 [1/2] (2.03ns)   --->   "%tanh_table3_load_4 = load i11* %tanh_table3_addr_4, align 2" [firmware/nnet_utils/nnet_activation.h:440]   --->   Operation 168 'load' 'tanh_table3_load_4' <Predicate = true> <Delay = 2.03> <Core = "ROM_nP">   --->   Core 48 'ROM_nP' <Latency = 1> <II = 1> <Delay = 2.03> <Storage> <Opcode : 'load'> <Ports = 0> <Width = 11> <Depth = 1024> <ROM>
ST_5 : Operation 169 [1/1] (0.00ns)   --->   "%res_V_addr_4 = getelementptr [10 x i11]* %res_V, i64 0, i64 4" [firmware/nnet_utils/nnet_activation.h:440]   --->   Operation 169 'getelementptr' 'res_V_addr_4' <Predicate = true> <Delay = 0.00>
ST_5 : Operation 170 [1/1] (0.86ns)   --->   "store i11 %tanh_table3_load_4, i11* %res_V_addr_4, align 2" [firmware/nnet_utils/nnet_activation.h:440]   --->   Operation 170 'store' <Predicate = true> <Delay = 0.86> <Core = "RAM">   --->   Core 37 'RAM' <Latency = 1> <II = 1> <Delay = 0.86> <Storage> <Opcode : 'load' 'store'> <Ports = 2> <Width = 11> <Depth = 10> <RAM>
ST_5 : Operation 171 [1/2] (2.03ns)   --->   "%tanh_table3_load_5 = load i11* %tanh_table3_addr_5, align 2" [firmware/nnet_utils/nnet_activation.h:440]   --->   Operation 171 'load' 'tanh_table3_load_5' <Predicate = true> <Delay = 2.03> <Core = "ROM_nP">   --->   Core 48 'ROM_nP' <Latency = 1> <II = 1> <Delay = 2.03> <Storage> <Opcode : 'load'> <Ports = 0> <Width = 11> <Depth = 1024> <ROM>
ST_5 : Operation 172 [1/1] (0.00ns)   --->   "%res_V_addr_5 = getelementptr [10 x i11]* %res_V, i64 0, i64 5" [firmware/nnet_utils/nnet_activation.h:440]   --->   Operation 172 'getelementptr' 'res_V_addr_5' <Predicate = true> <Delay = 0.00>
ST_5 : Operation 173 [1/1] (0.86ns)   --->   "store i11 %tanh_table3_load_5, i11* %res_V_addr_5, align 2" [firmware/nnet_utils/nnet_activation.h:440]   --->   Operation 173 'store' <Predicate = true> <Delay = 0.86> <Core = "RAM">   --->   Core 37 'RAM' <Latency = 1> <II = 1> <Delay = 0.86> <Storage> <Opcode : 'load' 'store'> <Ports = 2> <Width = 11> <Depth = 10> <RAM>
ST_5 : Operation 174 [1/2] (0.86ns)   --->   "%data_V_load_6 = load i16* %data_V_addr_6, align 2" [firmware/nnet_utils/nnet_activation.h:433]   --->   Operation 174 'load' 'data_V_load_6' <Predicate = true> <Delay = 0.86> <Core = "RAM">   --->   Core 37 'RAM' <Latency = 1> <II = 1> <Delay = 0.86> <Storage> <Opcode : 'load' 'store'> <Ports = 2> <Width = 11> <Depth = 10> <RAM>
ST_5 : Operation 175 [1/1] (0.00ns)   --->   "%tmp_14 = call i13 @_ssdm_op_PartSelect.i13.i16.i32.i32(i16 %data_V_load_6, i32 3, i32 15)" [firmware/nnet_utils/nnet_activation.h:433]   --->   Operation 175 'partselect' 'tmp_14' <Predicate = true> <Delay = 0.00>
ST_5 : Operation 176 [1/1] (0.00ns)   --->   "%p_Result_6_cast = sext i13 %tmp_14 to i14" [firmware/nnet_utils/nnet_activation.h:433]   --->   Operation 176 'sext' 'p_Result_6_cast' <Predicate = true> <Delay = 0.00>
ST_5 : Operation 177 [1/1] (0.00ns) (grouped into LUT with out node p_2_6)   --->   "%tmp_48 = call i1 @_ssdm_op_BitSelect.i1.i16.i32(i16 %data_V_load_6, i32 15)" [firmware/nnet_utils/nnet_activation.h:433]   --->   Operation 177 'bitselect' 'tmp_48' <Predicate = true> <Delay = 0.00>
ST_5 : Operation 178 [1/1] (0.00ns)   --->   "%tmp_49 = trunc i16 %data_V_load_6 to i3" [firmware/nnet_utils/nnet_activation.h:433]   --->   Operation 178 'trunc' 'tmp_49' <Predicate = true> <Delay = 0.00>
ST_5 : Operation 179 [1/1] (0.00ns)   --->   "%p_Result_2_6 = call i10 @_ssdm_op_BitConcatenate.i10.i3.i7(i3 %tmp_49, i7 0)" [firmware/nnet_utils/nnet_activation.h:433]   --->   Operation 179 'bitconcatenate' 'p_Result_2_6' <Predicate = true> <Delay = 0.00>
ST_5 : Operation 180 [1/1] (0.94ns)   --->   "%tmp_9_6 = icmp eq i10 %p_Result_2_6, 0" [firmware/nnet_utils/nnet_activation.h:433]   --->   Operation 180 'icmp' 'tmp_9_6' <Predicate = true> <Delay = 0.94> <Core = "Cmp">   --->   Core 25 'Cmp' <Latency = 0> <II = 1> <Delay = 0.74> <FuncUnit> <Opcode : 'icmp'> <InPorts = 2> <OutPorts = 1>
ST_5 : Operation 181 [1/1] (1.47ns)   --->   "%ret_V_1_6 = add i14 1, %p_Result_6_cast" [firmware/nnet_utils/nnet_activation.h:433]   --->   Operation 181 'add' 'ret_V_1_6' <Predicate = true> <Delay = 1.47> <Core = "AddSub">   --->   Core 14 'AddSub' <Latency = 0> <II = 1> <Delay = 1.47> <FuncUnit> <Opcode : 'add' 'sub'> <InPorts = 2> <OutPorts = 1>
ST_5 : Operation 182 [1/1] (0.00ns) (grouped into LUT with out node p_2_6)   --->   "%p_6 = select i1 %tmp_9_6, i14 %p_Result_6_cast, i14 %ret_V_1_6" [firmware/nnet_utils/nnet_activation.h:433]   --->   Operation 182 'select' 'p_6' <Predicate = true> <Delay = 0.00> <Core = "Sel">   --->   Core 26 'Sel' <Latency = 0> <II = 1> <Delay = 0.66> <FuncUnit> <Opcode : 'select'> <InPorts = 3> <OutPorts = 1>
ST_5 : Operation 183 [1/1] (0.37ns) (out node of the LUT)   --->   "%p_2_6 = select i1 %tmp_48, i14 %p_6, i14 %p_Result_6_cast" [firmware/nnet_utils/nnet_activation.h:433]   --->   Operation 183 'select' 'p_2_6' <Predicate = true> <Delay = 0.37> <Core = "Sel">   --->   Core 26 'Sel' <Latency = 0> <II = 1> <Delay = 0.66> <FuncUnit> <Opcode : 'select'> <InPorts = 3> <OutPorts = 1>
ST_5 : Operation 184 [1/1] (0.00ns)   --->   "%tmp_50 = trunc i14 %p_2_6 to i13" [firmware/nnet_utils/nnet_activation.h:433]   --->   Operation 184 'trunc' 'tmp_50' <Predicate = true> <Delay = 0.00>
ST_5 : Operation 185 [1/1] (1.50ns)   --->   "%index_6 = add i14 512, %p_2_6" [firmware/nnet_utils/nnet_activation.h:434]   --->   Operation 185 'add' 'index_6' <Predicate = true> <Delay = 1.50> <Core = "AddSub">   --->   Core 14 'AddSub' <Latency = 0> <II = 1> <Delay = 1.47> <FuncUnit> <Opcode : 'add' 'sub'> <InPorts = 2> <OutPorts = 1>
ST_5 : Operation 186 [1/1] (1.47ns)   --->   "%index_6_cast = add i13 512, %tmp_50" [firmware/nnet_utils/nnet_activation.h:434]   --->   Operation 186 'add' 'index_6_cast' <Predicate = true> <Delay = 1.47> <Core = "AddSub">   --->   Core 14 'AddSub' <Latency = 0> <II = 1> <Delay = 1.47> <FuncUnit> <Opcode : 'add' 'sub'> <InPorts = 2> <OutPorts = 1>
ST_5 : Operation 187 [1/1] (0.00ns)   --->   "%tmp_51 = call i1 @_ssdm_op_BitSelect.i1.i14.i32(i14 %index_6, i32 13)" [firmware/nnet_utils/nnet_activation.h:436]   --->   Operation 187 'bitselect' 'tmp_51' <Predicate = true> <Delay = 0.00>
ST_5 : Operation 188 [1/1] (0.37ns)   --->   "%p_1_6 = select i1 %tmp_51, i13 0, i13 %index_6_cast" [firmware/nnet_utils/nnet_activation.h:436]   --->   Operation 188 'select' 'p_1_6' <Predicate = true> <Delay = 0.37> <Core = "Sel">   --->   Core 26 'Sel' <Latency = 0> <II = 1> <Delay = 0.66> <FuncUnit> <Opcode : 'select'> <InPorts = 3> <OutPorts = 1>
ST_5 : Operation 189 [1/1] (0.00ns)   --->   "%tmp_52 = trunc i13 %p_1_6 to i10" [firmware/nnet_utils/nnet_activation.h:436]   --->   Operation 189 'trunc' 'tmp_52' <Predicate = true> <Delay = 0.00>
ST_5 : Operation 190 [1/1] (0.00ns)   --->   "%tmp_53 = call i3 @_ssdm_op_PartSelect.i3.i13.i32.i32(i13 %p_1_6, i32 10, i32 12)" [firmware/nnet_utils/nnet_activation.h:438]   --->   Operation 190 'partselect' 'tmp_53' <Predicate = true> <Delay = 0.00>
ST_5 : Operation 191 [1/1] (0.74ns)   --->   "%icmp5 = icmp ne i3 %tmp_53, 0" [firmware/nnet_utils/nnet_activation.h:438]   --->   Operation 191 'icmp' 'icmp5' <Predicate = true> <Delay = 0.74> <Core = "Cmp">   --->   Core 25 'Cmp' <Latency = 0> <II = 1> <Delay = 0.74> <FuncUnit> <Opcode : 'icmp'> <InPorts = 2> <OutPorts = 1>
ST_5 : Operation 192 [1/1] (0.66ns)   --->   "%index_1_6 = select i1 %icmp5, i10 -1, i10 %tmp_52" [firmware/nnet_utils/nnet_activation.h:438]   --->   Operation 192 'select' 'index_1_6' <Predicate = true> <Delay = 0.66> <Core = "Sel">   --->   Core 26 'Sel' <Latency = 0> <II = 1> <Delay = 0.66> <FuncUnit> <Opcode : 'select'> <InPorts = 3> <OutPorts = 1>
ST_5 : Operation 193 [1/1] (0.00ns)   --->   "%tmp_3_6 = zext i10 %index_1_6 to i64" [firmware/nnet_utils/nnet_activation.h:440]   --->   Operation 193 'zext' 'tmp_3_6' <Predicate = true> <Delay = 0.00>
ST_5 : Operation 194 [1/1] (0.00ns)   --->   "%tanh_table3_addr_6 = getelementptr [1024 x i11]* @tanh_table3, i64 0, i64 %tmp_3_6" [firmware/nnet_utils/nnet_activation.h:440]   --->   Operation 194 'getelementptr' 'tanh_table3_addr_6' <Predicate = true> <Delay = 0.00>
ST_5 : Operation 195 [2/2] (2.03ns)   --->   "%tanh_table3_load_6 = load i11* %tanh_table3_addr_6, align 2" [firmware/nnet_utils/nnet_activation.h:440]   --->   Operation 195 'load' 'tanh_table3_load_6' <Predicate = true> <Delay = 2.03> <Core = "ROM_nP">   --->   Core 48 'ROM_nP' <Latency = 1> <II = 1> <Delay = 2.03> <Storage> <Opcode : 'load'> <Ports = 0> <Width = 11> <Depth = 1024> <ROM>
ST_5 : Operation 196 [1/2] (0.86ns)   --->   "%data_V_load_7 = load i16* %data_V_addr_7, align 2" [firmware/nnet_utils/nnet_activation.h:433]   --->   Operation 196 'load' 'data_V_load_7' <Predicate = true> <Delay = 0.86> <Core = "RAM">   --->   Core 37 'RAM' <Latency = 1> <II = 1> <Delay = 0.86> <Storage> <Opcode : 'load' 'store'> <Ports = 2> <Width = 11> <Depth = 10> <RAM>
ST_5 : Operation 197 [1/1] (0.00ns)   --->   "%tmp_16 = call i13 @_ssdm_op_PartSelect.i13.i16.i32.i32(i16 %data_V_load_7, i32 3, i32 15)" [firmware/nnet_utils/nnet_activation.h:433]   --->   Operation 197 'partselect' 'tmp_16' <Predicate = true> <Delay = 0.00>
ST_5 : Operation 198 [1/1] (0.00ns)   --->   "%p_Result_7_cast = sext i13 %tmp_16 to i14" [firmware/nnet_utils/nnet_activation.h:433]   --->   Operation 198 'sext' 'p_Result_7_cast' <Predicate = true> <Delay = 0.00>
ST_5 : Operation 199 [1/1] (0.00ns) (grouped into LUT with out node p_2_7)   --->   "%tmp_54 = call i1 @_ssdm_op_BitSelect.i1.i16.i32(i16 %data_V_load_7, i32 15)" [firmware/nnet_utils/nnet_activation.h:433]   --->   Operation 199 'bitselect' 'tmp_54' <Predicate = true> <Delay = 0.00>
ST_5 : Operation 200 [1/1] (0.00ns)   --->   "%tmp_55 = trunc i16 %data_V_load_7 to i3" [firmware/nnet_utils/nnet_activation.h:433]   --->   Operation 200 'trunc' 'tmp_55' <Predicate = true> <Delay = 0.00>
ST_5 : Operation 201 [1/1] (0.00ns)   --->   "%p_Result_2_7 = call i10 @_ssdm_op_BitConcatenate.i10.i3.i7(i3 %tmp_55, i7 0)" [firmware/nnet_utils/nnet_activation.h:433]   --->   Operation 201 'bitconcatenate' 'p_Result_2_7' <Predicate = true> <Delay = 0.00>
ST_5 : Operation 202 [1/1] (0.94ns)   --->   "%tmp_9_7 = icmp eq i10 %p_Result_2_7, 0" [firmware/nnet_utils/nnet_activation.h:433]   --->   Operation 202 'icmp' 'tmp_9_7' <Predicate = true> <Delay = 0.94> <Core = "Cmp">   --->   Core 25 'Cmp' <Latency = 0> <II = 1> <Delay = 0.74> <FuncUnit> <Opcode : 'icmp'> <InPorts = 2> <OutPorts = 1>
ST_5 : Operation 203 [1/1] (1.47ns)   --->   "%ret_V_1_7 = add i14 1, %p_Result_7_cast" [firmware/nnet_utils/nnet_activation.h:433]   --->   Operation 203 'add' 'ret_V_1_7' <Predicate = true> <Delay = 1.47> <Core = "AddSub">   --->   Core 14 'AddSub' <Latency = 0> <II = 1> <Delay = 1.47> <FuncUnit> <Opcode : 'add' 'sub'> <InPorts = 2> <OutPorts = 1>
ST_5 : Operation 204 [1/1] (0.00ns) (grouped into LUT with out node p_2_7)   --->   "%p_7 = select i1 %tmp_9_7, i14 %p_Result_7_cast, i14 %ret_V_1_7" [firmware/nnet_utils/nnet_activation.h:433]   --->   Operation 204 'select' 'p_7' <Predicate = true> <Delay = 0.00> <Core = "Sel">   --->   Core 26 'Sel' <Latency = 0> <II = 1> <Delay = 0.66> <FuncUnit> <Opcode : 'select'> <InPorts = 3> <OutPorts = 1>
ST_5 : Operation 205 [1/1] (0.37ns) (out node of the LUT)   --->   "%p_2_7 = select i1 %tmp_54, i14 %p_7, i14 %p_Result_7_cast" [firmware/nnet_utils/nnet_activation.h:433]   --->   Operation 205 'select' 'p_2_7' <Predicate = true> <Delay = 0.37> <Core = "Sel">   --->   Core 26 'Sel' <Latency = 0> <II = 1> <Delay = 0.66> <FuncUnit> <Opcode : 'select'> <InPorts = 3> <OutPorts = 1>
ST_5 : Operation 206 [1/1] (0.00ns)   --->   "%tmp_56 = trunc i14 %p_2_7 to i13" [firmware/nnet_utils/nnet_activation.h:433]   --->   Operation 206 'trunc' 'tmp_56' <Predicate = true> <Delay = 0.00>
ST_5 : Operation 207 [1/1] (1.50ns)   --->   "%index_7 = add i14 512, %p_2_7" [firmware/nnet_utils/nnet_activation.h:434]   --->   Operation 207 'add' 'index_7' <Predicate = true> <Delay = 1.50> <Core = "AddSub">   --->   Core 14 'AddSub' <Latency = 0> <II = 1> <Delay = 1.47> <FuncUnit> <Opcode : 'add' 'sub'> <InPorts = 2> <OutPorts = 1>
ST_5 : Operation 208 [1/1] (1.47ns)   --->   "%index_7_cast = add i13 512, %tmp_56" [firmware/nnet_utils/nnet_activation.h:434]   --->   Operation 208 'add' 'index_7_cast' <Predicate = true> <Delay = 1.47> <Core = "AddSub">   --->   Core 14 'AddSub' <Latency = 0> <II = 1> <Delay = 1.47> <FuncUnit> <Opcode : 'add' 'sub'> <InPorts = 2> <OutPorts = 1>
ST_5 : Operation 209 [1/1] (0.00ns)   --->   "%tmp_57 = call i1 @_ssdm_op_BitSelect.i1.i14.i32(i14 %index_7, i32 13)" [firmware/nnet_utils/nnet_activation.h:436]   --->   Operation 209 'bitselect' 'tmp_57' <Predicate = true> <Delay = 0.00>
ST_5 : Operation 210 [1/1] (0.37ns)   --->   "%p_1_7 = select i1 %tmp_57, i13 0, i13 %index_7_cast" [firmware/nnet_utils/nnet_activation.h:436]   --->   Operation 210 'select' 'p_1_7' <Predicate = true> <Delay = 0.37> <Core = "Sel">   --->   Core 26 'Sel' <Latency = 0> <II = 1> <Delay = 0.66> <FuncUnit> <Opcode : 'select'> <InPorts = 3> <OutPorts = 1>
ST_5 : Operation 211 [1/1] (0.00ns)   --->   "%tmp_58 = trunc i13 %p_1_7 to i10" [firmware/nnet_utils/nnet_activation.h:436]   --->   Operation 211 'trunc' 'tmp_58' <Predicate = true> <Delay = 0.00>
ST_5 : Operation 212 [1/1] (0.00ns)   --->   "%tmp_59 = call i3 @_ssdm_op_PartSelect.i3.i13.i32.i32(i13 %p_1_7, i32 10, i32 12)" [firmware/nnet_utils/nnet_activation.h:438]   --->   Operation 212 'partselect' 'tmp_59' <Predicate = true> <Delay = 0.00>
ST_5 : Operation 213 [1/1] (0.74ns)   --->   "%icmp7 = icmp ne i3 %tmp_59, 0" [firmware/nnet_utils/nnet_activation.h:438]   --->   Operation 213 'icmp' 'icmp7' <Predicate = true> <Delay = 0.74> <Core = "Cmp">   --->   Core 25 'Cmp' <Latency = 0> <II = 1> <Delay = 0.74> <FuncUnit> <Opcode : 'icmp'> <InPorts = 2> <OutPorts = 1>
ST_5 : Operation 214 [1/1] (0.66ns)   --->   "%index_1_7 = select i1 %icmp7, i10 -1, i10 %tmp_58" [firmware/nnet_utils/nnet_activation.h:438]   --->   Operation 214 'select' 'index_1_7' <Predicate = true> <Delay = 0.66> <Core = "Sel">   --->   Core 26 'Sel' <Latency = 0> <II = 1> <Delay = 0.66> <FuncUnit> <Opcode : 'select'> <InPorts = 3> <OutPorts = 1>
ST_5 : Operation 215 [1/1] (0.00ns)   --->   "%tmp_3_7 = zext i10 %index_1_7 to i64" [firmware/nnet_utils/nnet_activation.h:440]   --->   Operation 215 'zext' 'tmp_3_7' <Predicate = true> <Delay = 0.00>
ST_5 : Operation 216 [1/1] (0.00ns)   --->   "%tanh_table3_addr_7 = getelementptr [1024 x i11]* @tanh_table3, i64 0, i64 %tmp_3_7" [firmware/nnet_utils/nnet_activation.h:440]   --->   Operation 216 'getelementptr' 'tanh_table3_addr_7' <Predicate = true> <Delay = 0.00>
ST_5 : Operation 217 [2/2] (2.03ns)   --->   "%tanh_table3_load_7 = load i11* %tanh_table3_addr_7, align 2" [firmware/nnet_utils/nnet_activation.h:440]   --->   Operation 217 'load' 'tanh_table3_load_7' <Predicate = true> <Delay = 2.03> <Core = "ROM_nP">   --->   Core 48 'ROM_nP' <Latency = 1> <II = 1> <Delay = 2.03> <Storage> <Opcode : 'load'> <Ports = 0> <Width = 11> <Depth = 1024> <ROM>
ST_5 : Operation 218 [1/1] (0.00ns)   --->   "%data_V_addr_8 = getelementptr [10 x i16]* %data_V, i64 0, i64 8" [firmware/nnet_utils/nnet_activation.h:433]   --->   Operation 218 'getelementptr' 'data_V_addr_8' <Predicate = true> <Delay = 0.00>
ST_5 : Operation 219 [2/2] (0.86ns)   --->   "%data_V_load_8 = load i16* %data_V_addr_8, align 2" [firmware/nnet_utils/nnet_activation.h:433]   --->   Operation 219 'load' 'data_V_load_8' <Predicate = true> <Delay = 0.86> <Core = "RAM">   --->   Core 37 'RAM' <Latency = 1> <II = 1> <Delay = 0.86> <Storage> <Opcode : 'load' 'store'> <Ports = 2> <Width = 11> <Depth = 10> <RAM>
ST_5 : Operation 220 [1/1] (0.00ns)   --->   "%data_V_addr_9 = getelementptr [10 x i16]* %data_V, i64 0, i64 9" [firmware/nnet_utils/nnet_activation.h:433]   --->   Operation 220 'getelementptr' 'data_V_addr_9' <Predicate = true> <Delay = 0.00>
ST_5 : Operation 221 [2/2] (0.86ns)   --->   "%data_V_load_9 = load i16* %data_V_addr_9, align 2" [firmware/nnet_utils/nnet_activation.h:433]   --->   Operation 221 'load' 'data_V_load_9' <Predicate = true> <Delay = 0.86> <Core = "RAM">   --->   Core 37 'RAM' <Latency = 1> <II = 1> <Delay = 0.86> <Storage> <Opcode : 'load' 'store'> <Ports = 2> <Width = 11> <Depth = 10> <RAM>

State 6 <SV = 5> <Delay = 8.04>
ST_6 : Operation 222 [1/2] (2.03ns)   --->   "%tanh_table3_load_6 = load i11* %tanh_table3_addr_6, align 2" [firmware/nnet_utils/nnet_activation.h:440]   --->   Operation 222 'load' 'tanh_table3_load_6' <Predicate = true> <Delay = 2.03> <Core = "ROM_nP">   --->   Core 48 'ROM_nP' <Latency = 1> <II = 1> <Delay = 2.03> <Storage> <Opcode : 'load'> <Ports = 0> <Width = 11> <Depth = 1024> <ROM>
ST_6 : Operation 223 [1/1] (0.00ns)   --->   "%res_V_addr_6 = getelementptr [10 x i11]* %res_V, i64 0, i64 6" [firmware/nnet_utils/nnet_activation.h:440]   --->   Operation 223 'getelementptr' 'res_V_addr_6' <Predicate = true> <Delay = 0.00>
ST_6 : Operation 224 [1/1] (0.86ns)   --->   "store i11 %tanh_table3_load_6, i11* %res_V_addr_6, align 2" [firmware/nnet_utils/nnet_activation.h:440]   --->   Operation 224 'store' <Predicate = true> <Delay = 0.86> <Core = "RAM">   --->   Core 37 'RAM' <Latency = 1> <II = 1> <Delay = 0.86> <Storage> <Opcode : 'load' 'store'> <Ports = 2> <Width = 11> <Depth = 10> <RAM>
ST_6 : Operation 225 [1/2] (2.03ns)   --->   "%tanh_table3_load_7 = load i11* %tanh_table3_addr_7, align 2" [firmware/nnet_utils/nnet_activation.h:440]   --->   Operation 225 'load' 'tanh_table3_load_7' <Predicate = true> <Delay = 2.03> <Core = "ROM_nP">   --->   Core 48 'ROM_nP' <Latency = 1> <II = 1> <Delay = 2.03> <Storage> <Opcode : 'load'> <Ports = 0> <Width = 11> <Depth = 1024> <ROM>
ST_6 : Operation 226 [1/1] (0.00ns)   --->   "%res_V_addr_7 = getelementptr [10 x i11]* %res_V, i64 0, i64 7" [firmware/nnet_utils/nnet_activation.h:440]   --->   Operation 226 'getelementptr' 'res_V_addr_7' <Predicate = true> <Delay = 0.00>
ST_6 : Operation 227 [1/1] (0.86ns)   --->   "store i11 %tanh_table3_load_7, i11* %res_V_addr_7, align 2" [firmware/nnet_utils/nnet_activation.h:440]   --->   Operation 227 'store' <Predicate = true> <Delay = 0.86> <Core = "RAM">   --->   Core 37 'RAM' <Latency = 1> <II = 1> <Delay = 0.86> <Storage> <Opcode : 'load' 'store'> <Ports = 2> <Width = 11> <Depth = 10> <RAM>
ST_6 : Operation 228 [1/2] (0.86ns)   --->   "%data_V_load_8 = load i16* %data_V_addr_8, align 2" [firmware/nnet_utils/nnet_activation.h:433]   --->   Operation 228 'load' 'data_V_load_8' <Predicate = true> <Delay = 0.86> <Core = "RAM">   --->   Core 37 'RAM' <Latency = 1> <II = 1> <Delay = 0.86> <Storage> <Opcode : 'load' 'store'> <Ports = 2> <Width = 11> <Depth = 10> <RAM>
ST_6 : Operation 229 [1/1] (0.00ns)   --->   "%tmp_18 = call i13 @_ssdm_op_PartSelect.i13.i16.i32.i32(i16 %data_V_load_8, i32 3, i32 15)" [firmware/nnet_utils/nnet_activation.h:433]   --->   Operation 229 'partselect' 'tmp_18' <Predicate = true> <Delay = 0.00>
ST_6 : Operation 230 [1/1] (0.00ns)   --->   "%p_Result_8_cast = sext i13 %tmp_18 to i14" [firmware/nnet_utils/nnet_activation.h:433]   --->   Operation 230 'sext' 'p_Result_8_cast' <Predicate = true> <Delay = 0.00>
ST_6 : Operation 231 [1/1] (0.00ns) (grouped into LUT with out node p_2_8)   --->   "%tmp_60 = call i1 @_ssdm_op_BitSelect.i1.i16.i32(i16 %data_V_load_8, i32 15)" [firmware/nnet_utils/nnet_activation.h:433]   --->   Operation 231 'bitselect' 'tmp_60' <Predicate = true> <Delay = 0.00>
ST_6 : Operation 232 [1/1] (0.00ns)   --->   "%tmp_61 = trunc i16 %data_V_load_8 to i3" [firmware/nnet_utils/nnet_activation.h:433]   --->   Operation 232 'trunc' 'tmp_61' <Predicate = true> <Delay = 0.00>
ST_6 : Operation 233 [1/1] (0.00ns)   --->   "%p_Result_2_8 = call i10 @_ssdm_op_BitConcatenate.i10.i3.i7(i3 %tmp_61, i7 0)" [firmware/nnet_utils/nnet_activation.h:433]   --->   Operation 233 'bitconcatenate' 'p_Result_2_8' <Predicate = true> <Delay = 0.00>
ST_6 : Operation 234 [1/1] (0.94ns)   --->   "%tmp_9_8 = icmp eq i10 %p_Result_2_8, 0" [firmware/nnet_utils/nnet_activation.h:433]   --->   Operation 234 'icmp' 'tmp_9_8' <Predicate = true> <Delay = 0.94> <Core = "Cmp">   --->   Core 25 'Cmp' <Latency = 0> <II = 1> <Delay = 0.74> <FuncUnit> <Opcode : 'icmp'> <InPorts = 2> <OutPorts = 1>
ST_6 : Operation 235 [1/1] (1.47ns)   --->   "%ret_V_1_8 = add i14 1, %p_Result_8_cast" [firmware/nnet_utils/nnet_activation.h:433]   --->   Operation 235 'add' 'ret_V_1_8' <Predicate = true> <Delay = 1.47> <Core = "AddSub">   --->   Core 14 'AddSub' <Latency = 0> <II = 1> <Delay = 1.47> <FuncUnit> <Opcode : 'add' 'sub'> <InPorts = 2> <OutPorts = 1>
ST_6 : Operation 236 [1/1] (0.00ns) (grouped into LUT with out node p_2_8)   --->   "%p_8 = select i1 %tmp_9_8, i14 %p_Result_8_cast, i14 %ret_V_1_8" [firmware/nnet_utils/nnet_activation.h:433]   --->   Operation 236 'select' 'p_8' <Predicate = true> <Delay = 0.00> <Core = "Sel">   --->   Core 26 'Sel' <Latency = 0> <II = 1> <Delay = 0.66> <FuncUnit> <Opcode : 'select'> <InPorts = 3> <OutPorts = 1>
ST_6 : Operation 237 [1/1] (0.37ns) (out node of the LUT)   --->   "%p_2_8 = select i1 %tmp_60, i14 %p_8, i14 %p_Result_8_cast" [firmware/nnet_utils/nnet_activation.h:433]   --->   Operation 237 'select' 'p_2_8' <Predicate = true> <Delay = 0.37> <Core = "Sel">   --->   Core 26 'Sel' <Latency = 0> <II = 1> <Delay = 0.66> <FuncUnit> <Opcode : 'select'> <InPorts = 3> <OutPorts = 1>
ST_6 : Operation 238 [1/1] (0.00ns)   --->   "%tmp_62 = trunc i14 %p_2_8 to i13" [firmware/nnet_utils/nnet_activation.h:433]   --->   Operation 238 'trunc' 'tmp_62' <Predicate = true> <Delay = 0.00>
ST_6 : Operation 239 [1/1] (1.50ns)   --->   "%index_8 = add i14 512, %p_2_8" [firmware/nnet_utils/nnet_activation.h:434]   --->   Operation 239 'add' 'index_8' <Predicate = true> <Delay = 1.50> <Core = "AddSub">   --->   Core 14 'AddSub' <Latency = 0> <II = 1> <Delay = 1.47> <FuncUnit> <Opcode : 'add' 'sub'> <InPorts = 2> <OutPorts = 1>
ST_6 : Operation 240 [1/1] (1.47ns)   --->   "%index_8_cast = add i13 512, %tmp_62" [firmware/nnet_utils/nnet_activation.h:434]   --->   Operation 240 'add' 'index_8_cast' <Predicate = true> <Delay = 1.47> <Core = "AddSub">   --->   Core 14 'AddSub' <Latency = 0> <II = 1> <Delay = 1.47> <FuncUnit> <Opcode : 'add' 'sub'> <InPorts = 2> <OutPorts = 1>
ST_6 : Operation 241 [1/1] (0.00ns)   --->   "%tmp_63 = call i1 @_ssdm_op_BitSelect.i1.i14.i32(i14 %index_8, i32 13)" [firmware/nnet_utils/nnet_activation.h:436]   --->   Operation 241 'bitselect' 'tmp_63' <Predicate = true> <Delay = 0.00>
ST_6 : Operation 242 [1/1] (0.37ns)   --->   "%p_1_8 = select i1 %tmp_63, i13 0, i13 %index_8_cast" [firmware/nnet_utils/nnet_activation.h:436]   --->   Operation 242 'select' 'p_1_8' <Predicate = true> <Delay = 0.37> <Core = "Sel">   --->   Core 26 'Sel' <Latency = 0> <II = 1> <Delay = 0.66> <FuncUnit> <Opcode : 'select'> <InPorts = 3> <OutPorts = 1>
ST_6 : Operation 243 [1/1] (0.00ns)   --->   "%tmp_64 = trunc i13 %p_1_8 to i10" [firmware/nnet_utils/nnet_activation.h:436]   --->   Operation 243 'trunc' 'tmp_64' <Predicate = true> <Delay = 0.00>
ST_6 : Operation 244 [1/1] (0.00ns)   --->   "%tmp_65 = call i3 @_ssdm_op_PartSelect.i3.i13.i32.i32(i13 %p_1_8, i32 10, i32 12)" [firmware/nnet_utils/nnet_activation.h:438]   --->   Operation 244 'partselect' 'tmp_65' <Predicate = true> <Delay = 0.00>
ST_6 : Operation 245 [1/1] (0.74ns)   --->   "%icmp8 = icmp ne i3 %tmp_65, 0" [firmware/nnet_utils/nnet_activation.h:438]   --->   Operation 245 'icmp' 'icmp8' <Predicate = true> <Delay = 0.74> <Core = "Cmp">   --->   Core 25 'Cmp' <Latency = 0> <II = 1> <Delay = 0.74> <FuncUnit> <Opcode : 'icmp'> <InPorts = 2> <OutPorts = 1>
ST_6 : Operation 246 [1/1] (0.66ns)   --->   "%index_1_8 = select i1 %icmp8, i10 -1, i10 %tmp_64" [firmware/nnet_utils/nnet_activation.h:438]   --->   Operation 246 'select' 'index_1_8' <Predicate = true> <Delay = 0.66> <Core = "Sel">   --->   Core 26 'Sel' <Latency = 0> <II = 1> <Delay = 0.66> <FuncUnit> <Opcode : 'select'> <InPorts = 3> <OutPorts = 1>
ST_6 : Operation 247 [1/1] (0.00ns)   --->   "%tmp_3_8 = zext i10 %index_1_8 to i64" [firmware/nnet_utils/nnet_activation.h:440]   --->   Operation 247 'zext' 'tmp_3_8' <Predicate = true> <Delay = 0.00>
ST_6 : Operation 248 [1/1] (0.00ns)   --->   "%tanh_table3_addr_8 = getelementptr [1024 x i11]* @tanh_table3, i64 0, i64 %tmp_3_8" [firmware/nnet_utils/nnet_activation.h:440]   --->   Operation 248 'getelementptr' 'tanh_table3_addr_8' <Predicate = true> <Delay = 0.00>
ST_6 : Operation 249 [2/2] (2.03ns)   --->   "%tanh_table3_load_8 = load i11* %tanh_table3_addr_8, align 2" [firmware/nnet_utils/nnet_activation.h:440]   --->   Operation 249 'load' 'tanh_table3_load_8' <Predicate = true> <Delay = 2.03> <Core = "ROM_nP">   --->   Core 48 'ROM_nP' <Latency = 1> <II = 1> <Delay = 2.03> <Storage> <Opcode : 'load'> <Ports = 0> <Width = 11> <Depth = 1024> <ROM>
ST_6 : Operation 250 [1/2] (0.86ns)   --->   "%data_V_load_9 = load i16* %data_V_addr_9, align 2" [firmware/nnet_utils/nnet_activation.h:433]   --->   Operation 250 'load' 'data_V_load_9' <Predicate = true> <Delay = 0.86> <Core = "RAM">   --->   Core 37 'RAM' <Latency = 1> <II = 1> <Delay = 0.86> <Storage> <Opcode : 'load' 'store'> <Ports = 2> <Width = 11> <Depth = 10> <RAM>
ST_6 : Operation 251 [1/1] (0.00ns)   --->   "%tmp_20 = call i13 @_ssdm_op_PartSelect.i13.i16.i32.i32(i16 %data_V_load_9, i32 3, i32 15)" [firmware/nnet_utils/nnet_activation.h:433]   --->   Operation 251 'partselect' 'tmp_20' <Predicate = true> <Delay = 0.00>
ST_6 : Operation 252 [1/1] (0.00ns)   --->   "%p_Result_9_cast = sext i13 %tmp_20 to i14" [firmware/nnet_utils/nnet_activation.h:433]   --->   Operation 252 'sext' 'p_Result_9_cast' <Predicate = true> <Delay = 0.00>
ST_6 : Operation 253 [1/1] (0.00ns) (grouped into LUT with out node p_2_9)   --->   "%tmp_66 = call i1 @_ssdm_op_BitSelect.i1.i16.i32(i16 %data_V_load_9, i32 15)" [firmware/nnet_utils/nnet_activation.h:433]   --->   Operation 253 'bitselect' 'tmp_66' <Predicate = true> <Delay = 0.00>
ST_6 : Operation 254 [1/1] (0.00ns)   --->   "%tmp_67 = trunc i16 %data_V_load_9 to i3" [firmware/nnet_utils/nnet_activation.h:433]   --->   Operation 254 'trunc' 'tmp_67' <Predicate = true> <Delay = 0.00>
ST_6 : Operation 255 [1/1] (0.00ns)   --->   "%p_Result_2_9 = call i10 @_ssdm_op_BitConcatenate.i10.i3.i7(i3 %tmp_67, i7 0)" [firmware/nnet_utils/nnet_activation.h:433]   --->   Operation 255 'bitconcatenate' 'p_Result_2_9' <Predicate = true> <Delay = 0.00>
ST_6 : Operation 256 [1/1] (0.94ns)   --->   "%tmp_9_9 = icmp eq i10 %p_Result_2_9, 0" [firmware/nnet_utils/nnet_activation.h:433]   --->   Operation 256 'icmp' 'tmp_9_9' <Predicate = true> <Delay = 0.94> <Core = "Cmp">   --->   Core 25 'Cmp' <Latency = 0> <II = 1> <Delay = 0.74> <FuncUnit> <Opcode : 'icmp'> <InPorts = 2> <OutPorts = 1>
ST_6 : Operation 257 [1/1] (1.47ns)   --->   "%ret_V_1_9 = add i14 1, %p_Result_9_cast" [firmware/nnet_utils/nnet_activation.h:433]   --->   Operation 257 'add' 'ret_V_1_9' <Predicate = true> <Delay = 1.47> <Core = "AddSub">   --->   Core 14 'AddSub' <Latency = 0> <II = 1> <Delay = 1.47> <FuncUnit> <Opcode : 'add' 'sub'> <InPorts = 2> <OutPorts = 1>
ST_6 : Operation 258 [1/1] (0.00ns) (grouped into LUT with out node p_2_9)   --->   "%p_9 = select i1 %tmp_9_9, i14 %p_Result_9_cast, i14 %ret_V_1_9" [firmware/nnet_utils/nnet_activation.h:433]   --->   Operation 258 'select' 'p_9' <Predicate = true> <Delay = 0.00> <Core = "Sel">   --->   Core 26 'Sel' <Latency = 0> <II = 1> <Delay = 0.66> <FuncUnit> <Opcode : 'select'> <InPorts = 3> <OutPorts = 1>
ST_6 : Operation 259 [1/1] (0.37ns) (out node of the LUT)   --->   "%p_2_9 = select i1 %tmp_66, i14 %p_9, i14 %p_Result_9_cast" [firmware/nnet_utils/nnet_activation.h:433]   --->   Operation 259 'select' 'p_2_9' <Predicate = true> <Delay = 0.37> <Core = "Sel">   --->   Core 26 'Sel' <Latency = 0> <II = 1> <Delay = 0.66> <FuncUnit> <Opcode : 'select'> <InPorts = 3> <OutPorts = 1>
ST_6 : Operation 260 [1/1] (0.00ns)   --->   "%tmp_68 = trunc i14 %p_2_9 to i13" [firmware/nnet_utils/nnet_activation.h:433]   --->   Operation 260 'trunc' 'tmp_68' <Predicate = true> <Delay = 0.00>
ST_6 : Operation 261 [1/1] (1.50ns)   --->   "%index_9 = add i14 512, %p_2_9" [firmware/nnet_utils/nnet_activation.h:434]   --->   Operation 261 'add' 'index_9' <Predicate = true> <Delay = 1.50> <Core = "AddSub">   --->   Core 14 'AddSub' <Latency = 0> <II = 1> <Delay = 1.47> <FuncUnit> <Opcode : 'add' 'sub'> <InPorts = 2> <OutPorts = 1>
ST_6 : Operation 262 [1/1] (1.47ns)   --->   "%index_9_cast = add i13 512, %tmp_68" [firmware/nnet_utils/nnet_activation.h:434]   --->   Operation 262 'add' 'index_9_cast' <Predicate = true> <Delay = 1.47> <Core = "AddSub">   --->   Core 14 'AddSub' <Latency = 0> <II = 1> <Delay = 1.47> <FuncUnit> <Opcode : 'add' 'sub'> <InPorts = 2> <OutPorts = 1>
ST_6 : Operation 263 [1/1] (0.00ns)   --->   "%tmp_69 = call i1 @_ssdm_op_BitSelect.i1.i14.i32(i14 %index_9, i32 13)" [firmware/nnet_utils/nnet_activation.h:436]   --->   Operation 263 'bitselect' 'tmp_69' <Predicate = true> <Delay = 0.00>
ST_6 : Operation 264 [1/1] (0.37ns)   --->   "%p_1_9 = select i1 %tmp_69, i13 0, i13 %index_9_cast" [firmware/nnet_utils/nnet_activation.h:436]   --->   Operation 264 'select' 'p_1_9' <Predicate = true> <Delay = 0.37> <Core = "Sel">   --->   Core 26 'Sel' <Latency = 0> <II = 1> <Delay = 0.66> <FuncUnit> <Opcode : 'select'> <InPorts = 3> <OutPorts = 1>
ST_6 : Operation 265 [1/1] (0.00ns)   --->   "%tmp_70 = trunc i13 %p_1_9 to i10" [firmware/nnet_utils/nnet_activation.h:436]   --->   Operation 265 'trunc' 'tmp_70' <Predicate = true> <Delay = 0.00>
ST_6 : Operation 266 [1/1] (0.00ns)   --->   "%tmp_71 = call i3 @_ssdm_op_PartSelect.i3.i13.i32.i32(i13 %p_1_9, i32 10, i32 12)" [firmware/nnet_utils/nnet_activation.h:438]   --->   Operation 266 'partselect' 'tmp_71' <Predicate = true> <Delay = 0.00>
ST_6 : Operation 267 [1/1] (0.74ns)   --->   "%icmp9 = icmp ne i3 %tmp_71, 0" [firmware/nnet_utils/nnet_activation.h:438]   --->   Operation 267 'icmp' 'icmp9' <Predicate = true> <Delay = 0.74> <Core = "Cmp">   --->   Core 25 'Cmp' <Latency = 0> <II = 1> <Delay = 0.74> <FuncUnit> <Opcode : 'icmp'> <InPorts = 2> <OutPorts = 1>
ST_6 : Operation 268 [1/1] (0.66ns)   --->   "%index_1_9 = select i1 %icmp9, i10 -1, i10 %tmp_70" [firmware/nnet_utils/nnet_activation.h:438]   --->   Operation 268 'select' 'index_1_9' <Predicate = true> <Delay = 0.66> <Core = "Sel">   --->   Core 26 'Sel' <Latency = 0> <II = 1> <Delay = 0.66> <FuncUnit> <Opcode : 'select'> <InPorts = 3> <OutPorts = 1>
ST_6 : Operation 269 [1/1] (0.00ns)   --->   "%tmp_3_9 = zext i10 %index_1_9 to i64" [firmware/nnet_utils/nnet_activation.h:440]   --->   Operation 269 'zext' 'tmp_3_9' <Predicate = true> <Delay = 0.00>
ST_6 : Operation 270 [1/1] (0.00ns)   --->   "%tanh_table3_addr_9 = getelementptr [1024 x i11]* @tanh_table3, i64 0, i64 %tmp_3_9" [firmware/nnet_utils/nnet_activation.h:440]   --->   Operation 270 'getelementptr' 'tanh_table3_addr_9' <Predicate = true> <Delay = 0.00>
ST_6 : Operation 271 [2/2] (2.03ns)   --->   "%tanh_table3_load_9 = load i11* %tanh_table3_addr_9, align 2" [firmware/nnet_utils/nnet_activation.h:440]   --->   Operation 271 'load' 'tanh_table3_load_9' <Predicate = true> <Delay = 2.03> <Core = "ROM_nP">   --->   Core 48 'ROM_nP' <Latency = 1> <II = 1> <Delay = 2.03> <Storage> <Opcode : 'load'> <Ports = 0> <Width = 11> <Depth = 1024> <ROM>

State 7 <SV = 6> <Delay = 2.90>
ST_7 : Operation 272 [1/1] (0.00ns)   --->   "call void (...)* @_ssdm_op_SpecPipeline(i32 -1, i32 1, i32 1, i32 0, [1 x i8]* @p_str) nounwind" [firmware/nnet_utils/nnet_activation.h:427]   --->   Operation 272 'specpipeline' <Predicate = true> <Delay = 0.00>
ST_7 : Operation 273 [1/2] (2.03ns)   --->   "%tanh_table3_load_8 = load i11* %tanh_table3_addr_8, align 2" [firmware/nnet_utils/nnet_activation.h:440]   --->   Operation 273 'load' 'tanh_table3_load_8' <Predicate = true> <Delay = 2.03> <Core = "ROM_nP">   --->   Core 48 'ROM_nP' <Latency = 1> <II = 1> <Delay = 2.03> <Storage> <Opcode : 'load'> <Ports = 0> <Width = 11> <Depth = 1024> <ROM>
ST_7 : Operation 274 [1/1] (0.00ns)   --->   "%res_V_addr_8 = getelementptr [10 x i11]* %res_V, i64 0, i64 8" [firmware/nnet_utils/nnet_activation.h:440]   --->   Operation 274 'getelementptr' 'res_V_addr_8' <Predicate = true> <Delay = 0.00>
ST_7 : Operation 275 [1/1] (0.86ns)   --->   "store i11 %tanh_table3_load_8, i11* %res_V_addr_8, align 2" [firmware/nnet_utils/nnet_activation.h:440]   --->   Operation 275 'store' <Predicate = true> <Delay = 0.86> <Core = "RAM">   --->   Core 37 'RAM' <Latency = 1> <II = 1> <Delay = 0.86> <Storage> <Opcode : 'load' 'store'> <Ports = 2> <Width = 11> <Depth = 10> <RAM>
ST_7 : Operation 276 [1/2] (2.03ns)   --->   "%tanh_table3_load_9 = load i11* %tanh_table3_addr_9, align 2" [firmware/nnet_utils/nnet_activation.h:440]   --->   Operation 276 'load' 'tanh_table3_load_9' <Predicate = true> <Delay = 2.03> <Core = "ROM_nP">   --->   Core 48 'ROM_nP' <Latency = 1> <II = 1> <Delay = 2.03> <Storage> <Opcode : 'load'> <Ports = 0> <Width = 11> <Depth = 1024> <ROM>
ST_7 : Operation 277 [1/1] (0.00ns)   --->   "%res_V_addr_9 = getelementptr [10 x i11]* %res_V, i64 0, i64 9" [firmware/nnet_utils/nnet_activation.h:440]   --->   Operation 277 'getelementptr' 'res_V_addr_9' <Predicate = true> <Delay = 0.00>
ST_7 : Operation 278 [1/1] (0.86ns)   --->   "store i11 %tanh_table3_load_9, i11* %res_V_addr_9, align 2" [firmware/nnet_utils/nnet_activation.h:440]   --->   Operation 278 'store' <Predicate = true> <Delay = 0.86> <Core = "RAM">   --->   Core 37 'RAM' <Latency = 1> <II = 1> <Delay = 0.86> <Storage> <Opcode : 'load' 'store'> <Ports = 2> <Width = 11> <Depth = 10> <RAM>
ST_7 : Operation 279 [1/1] (0.00ns)   --->   "ret void" [firmware/nnet_utils/nnet_activation.h:442]   --->   Operation 279 'ret' <Predicate = true> <Delay = 0.00>


============================================================
+ Verbose Summary: Timing violations
============================================================
Target clock period: 10ns, clock uncertainty: 1.25ns.

 <State 1>: 0.867ns
The critical path consists of the following:
	'getelementptr' operation ('data_V_addr', firmware/nnet_utils/nnet_activation.h:433) [5]  (0 ns)
	'load' operation ('data_V_load', firmware/nnet_utils/nnet_activation.h:433) on array 'data_V' [6]  (0.867 ns)

 <State 2>: 8.05ns
The critical path consists of the following:
	'load' operation ('data_V_load', firmware/nnet_utils/nnet_activation.h:433) on array 'data_V' [6]  (0.867 ns)
	'add' operation ('ret_V_1', firmware/nnet_utils/nnet_activation.h:433) [13]  (1.48 ns)
	'select' operation ('p_s', firmware/nnet_utils/nnet_activation.h:433) [14]  (0 ns)
	'select' operation ('p_2', firmware/nnet_utils/nnet_activation.h:433) [15]  (0.372 ns)
	'add' operation ('index', firmware/nnet_utils/nnet_activation.h:434) [17]  (1.51 ns)
	'select' operation ('p_1', firmware/nnet_utils/nnet_activation.h:436) [20]  (0.37 ns)
	'icmp' operation ('icmp', firmware/nnet_utils/nnet_activation.h:438) [23]  (0.748 ns)
	'select' operation ('index_1', firmware/nnet_utils/nnet_activation.h:438) [24]  (0.668 ns)
	'getelementptr' operation ('tanh_table3_addr', firmware/nnet_utils/nnet_activation.h:440) [26]  (0 ns)
	'load' operation ('tanh_table3_load', firmware/nnet_utils/nnet_activation.h:440) on array 'tanh_table3' [27]  (2.03 ns)

 <State 3>: 8.05ns
The critical path consists of the following:
	'load' operation ('data_V_load_2', firmware/nnet_utils/nnet_activation.h:433) on array 'data_V' [56]  (0.867 ns)
	'add' operation ('ret_V_1_2', firmware/nnet_utils/nnet_activation.h:433) [63]  (1.48 ns)
	'select' operation ('p_2_20', firmware/nnet_utils/nnet_activation.h:433) [64]  (0 ns)
	'select' operation ('p_2_2', firmware/nnet_utils/nnet_activation.h:433) [65]  (0.372 ns)
	'add' operation ('index_2', firmware/nnet_utils/nnet_activation.h:434) [67]  (1.51 ns)
	'select' operation ('p_1_2', firmware/nnet_utils/nnet_activation.h:436) [70]  (0.37 ns)
	'icmp' operation ('icmp1', firmware/nnet_utils/nnet_activation.h:438) [73]  (0.748 ns)
	'select' operation ('index_1_2', firmware/nnet_utils/nnet_activation.h:438) [74]  (0.668 ns)
	'getelementptr' operation ('tanh_table3_addr_2', firmware/nnet_utils/nnet_activation.h:440) [76]  (0 ns)
	'load' operation ('tanh_table3_load_2', firmware/nnet_utils/nnet_activation.h:440) on array 'tanh_table3' [77]  (2.03 ns)

 <State 4>: 8.05ns
The critical path consists of the following:
	'load' operation ('data_V_load_4', firmware/nnet_utils/nnet_activation.h:433) on array 'data_V' [106]  (0.867 ns)
	'add' operation ('ret_V_1_4', firmware/nnet_utils/nnet_activation.h:433) [113]  (1.48 ns)
	'select' operation ('p_4', firmware/nnet_utils/nnet_activation.h:433) [114]  (0 ns)
	'select' operation ('p_2_4', firmware/nnet_utils/nnet_activation.h:433) [115]  (0.372 ns)
	'add' operation ('index_4', firmware/nnet_utils/nnet_activation.h:434) [117]  (1.51 ns)
	'select' operation ('p_1_4', firmware/nnet_utils/nnet_activation.h:436) [120]  (0.37 ns)
	'icmp' operation ('icmp3', firmware/nnet_utils/nnet_activation.h:438) [123]  (0.748 ns)
	'select' operation ('index_1_4', firmware/nnet_utils/nnet_activation.h:438) [124]  (0.668 ns)
	'getelementptr' operation ('tanh_table3_addr_4', firmware/nnet_utils/nnet_activation.h:440) [126]  (0 ns)
	'load' operation ('tanh_table3_load_4', firmware/nnet_utils/nnet_activation.h:440) on array 'tanh_table3' [127]  (2.03 ns)

 <State 5>: 8.05ns
The critical path consists of the following:
	'load' operation ('data_V_load_6', firmware/nnet_utils/nnet_activation.h:433) on array 'data_V' [156]  (0.867 ns)
	'add' operation ('ret_V_1_6', firmware/nnet_utils/nnet_activation.h:433) [163]  (1.48 ns)
	'select' operation ('p_6', firmware/nnet_utils/nnet_activation.h:433) [164]  (0 ns)
	'select' operation ('p_2_6', firmware/nnet_utils/nnet_activation.h:433) [165]  (0.372 ns)
	'add' operation ('index_6', firmware/nnet_utils/nnet_activation.h:434) [167]  (1.51 ns)
	'select' operation ('p_1_6', firmware/nnet_utils/nnet_activation.h:436) [170]  (0.37 ns)
	'icmp' operation ('icmp5', firmware/nnet_utils/nnet_activation.h:438) [173]  (0.748 ns)
	'select' operation ('index_1_6', firmware/nnet_utils/nnet_activation.h:438) [174]  (0.668 ns)
	'getelementptr' operation ('tanh_table3_addr_6', firmware/nnet_utils/nnet_activation.h:440) [176]  (0 ns)
	'load' operation ('tanh_table3_load_6', firmware/nnet_utils/nnet_activation.h:440) on array 'tanh_table3' [177]  (2.03 ns)

 <State 6>: 8.05ns
The critical path consists of the following:
	'load' operation ('data_V_load_8', firmware/nnet_utils/nnet_activation.h:433) on array 'data_V' [206]  (0.867 ns)
	'add' operation ('ret_V_1_8', firmware/nnet_utils/nnet_activation.h:433) [213]  (1.48 ns)
	'select' operation ('p_8', firmware/nnet_utils/nnet_activation.h:433) [214]  (0 ns)
	'select' operation ('p_2_8', firmware/nnet_utils/nnet_activation.h:433) [215]  (0.372 ns)
	'add' operation ('index_8', firmware/nnet_utils/nnet_activation.h:434) [217]  (1.51 ns)
	'select' operation ('p_1_8', firmware/nnet_utils/nnet_activation.h:436) [220]  (0.37 ns)
	'icmp' operation ('icmp8', firmware/nnet_utils/nnet_activation.h:438) [223]  (0.748 ns)
	'select' operation ('index_1_8', firmware/nnet_utils/nnet_activation.h:438) [224]  (0.668 ns)
	'getelementptr' operation ('tanh_table3_addr_8', firmware/nnet_utils/nnet_activation.h:440) [226]  (0 ns)
	'load' operation ('tanh_table3_load_8', firmware/nnet_utils/nnet_activation.h:440) on array 'tanh_table3' [227]  (2.03 ns)

 <State 7>: 2.9ns
The critical path consists of the following:
	'load' operation ('tanh_table3_load_8', firmware/nnet_utils/nnet_activation.h:440) on array 'tanh_table3' [227]  (2.03 ns)
	'store' operation (firmware/nnet_utils/nnet_activation.h:440) of variable 'tanh_table3_load_8', firmware/nnet_utils/nnet_activation.h:440 on array 'res_V' [229]  (0.867 ns)


============================================================
+ Verbose Summary: Binding
============================================================
N/A
* FSMD analyzer results:
  - Output states:
 - Input state : 
  - Chain level:
	State 1
	State 2
	State 3
	State 4
	State 5
	State 6
	State 7


============================================================
+ Verbose Summary: Datapath Resource usage 
============================================================
N/A
