

================================================================
== Vivado HLS Report for 'generic_tanh_float_s'
================================================================
* Date:           Tue Apr 23 19:52:37 2024

* Version:        2018.2 (Build 2258646 on Thu Jun 14 20:25:20 MDT 2018)
* Project:        test
* Solution:       solution1
* Product family: virtexu
* Target device:  xcvu190-flgb2104-1-i


================================================================
== Performance Estimates
================================================================
+ Timing (ns): 
    * Summary: 
    +--------+-------+----------+------------+
    |  Clock | Target| Estimated| Uncertainty|
    +--------+-------+----------+------------+
    |ap_clk  |  10.00|     9.033|        1.25|
    +--------+-------+----------+------------+

+ Latency (clock cycles): 
    * Summary: 
    +-----+-----+-----+-----+---------+
    |  Latency  |  Interval | Pipeline|
    | min | max | min | max |   Type  |
    +-----+-----+-----+-----+---------+
    |    2|   41|    2|   41|   none  |
    +-----+-----+-----+-----+---------+

    + Detail: 
        * Instance: 
        +--------------------------------+----------------------+-----+-----+-----+-----+----------+
        |                                |                      |  Latency  |  Interval | Pipeline |
        |            Instance            |        Module        | min | max | min | max |   Type   |
        +--------------------------------+----------------------+-----+-----+-----+-----+----------+
        |grp_exp_generic_double_s_fu_89  |exp_generic_double_s  |    9|    9|    1|    1| function |
        +--------------------------------+----------------------+-----+-----+-----+-----+----------+

        * Loop: 
        N/A



================================================================
== Utilization Estimates
================================================================
* Summary: 
+---------------------+---------+-------+---------+---------+
|         Name        | BRAM_18K| DSP48E|    FF   |   LUT   |
+---------------------+---------+-------+---------+---------+
|DSP                  |        -|      -|        -|        -|
|Expression           |        -|      -|        0|      302|
|FIFO                 |        -|      -|        -|        -|
|Instance             |        5|     42|     3059|     4923|
|Memory               |        -|      -|        -|        -|
|Multiplexer          |        -|      -|        -|      430|
|Register             |        -|      -|      547|        -|
+---------------------+---------+-------+---------+---------+
|Total                |        5|     42|     3606|     5655|
+---------------------+---------+-------+---------+---------+
|Available SLR        |     2520|    600|   716160|   358080|
+---------------------+---------+-------+---------+---------+
|Utilization SLR (%)  |    ~0   |      7|    ~0   |        1|
+---------------------+---------+-------+---------+---------+
|Available            |     7560|   1800|  2148480|  1074240|
+---------------------+---------+-------+---------+---------+
|Utilization (%)      |    ~0   |      2|    ~0   |    ~0   |
+---------------------+---------+-------+---------+---------+

+ Detail: 
    * Instance: 
    +--------------------------------+----------------------+---------+-------+------+------+
    |            Instance            |        Module        | BRAM_18K| DSP48E|  FF  |  LUT |
    +--------------------------------+----------------------+---------+-------+------+------+
    |grp_exp_generic_double_s_fu_89  |exp_generic_double_s  |        5|     34|  1512|  2687|
    |face_classifier_cdEe_U69        |face_classifier_cdEe  |        0|      3|   128|   138|
    |face_classifier_cocq_U70        |face_classifier_cocq  |        0|      0|   453|   801|
    |face_classifier_ctde_U68        |face_classifier_ctde  |        0|      2|   227|   214|
    |face_classifier_cudo_U71        |face_classifier_cudo  |        0|      0|   128|    97|
    |face_classifier_cvdy_U72        |face_classifier_cvdy  |        0|      0|   100|   139|
    |face_classifier_cwdI_U73        |face_classifier_cwdI  |        0|      0|    66|    66|
    |face_classifier_cxdS_U74        |face_classifier_cxdS  |        0|      3|   445|   781|
    +--------------------------------+----------------------+---------+-------+------+------+
    |Total                           |                      |        5|     42|  3059|  4923|
    +--------------------------------+----------------------+---------+-------+------+------+

    * DSP48: 
    N/A

    * Memory: 
    N/A

    * FIFO: 
    N/A

    * Expression: 
    +-----------------------+----------+-------+---+----+------------+------------+
    |     Variable Name     | Operation| DSP48E| FF| LUT| Bitwidth P0| Bitwidth P1|
    +-----------------------+----------+-------+---+----+------------+------------+
    |or_cond_fu_221_p2      |    and   |      0|  0|   2|           1|           1|
    |tmp_52_fu_139_p2       |   icmp   |      0|  0|  20|          23|           1|
    |tmp_53_fu_209_p2       |   icmp   |      0|  0|  11|           8|           7|
    |tmp_54_fu_215_p2       |   icmp   |      0|  0|  11|           8|           7|
    |tmp_55_fu_134_p2       |   icmp   |      0|  0|  20|          23|           1|
    |tmp_57_fu_227_p2       |   icmp   |      0|  0|  11|           8|           7|
    |tmp_i_76_fu_277_p2     |   icmp   |      0|  0|  11|           8|           7|
    |tmp_i_fu_271_p2        |   icmp   |      0|  0|  11|           8|           1|
    |tmp_s_fu_203_p2        |   icmp   |      0|  0|  11|           8|           2|
    |p_1_fu_239_p3          |  select  |      0|  0|  31|           1|          30|
    |p_s_fu_297_p3          |  select  |      0|  0|  32|           1|          32|
    |x_2_fu_251_p3          |  select  |      0|  0|  32|           1|          32|
    |tmp_127_neg_fu_233_p2  |    xor   |      0|  0|  33|          32|          33|
    |tmp_128_neg_fu_308_p2  |    xor   |      0|  0|  33|          32|          33|
    |tmp_132_neg_fu_287_p2  |    xor   |      0|  0|  33|          32|          33|
    +-----------------------+----------+-------+---+----+------------+------------+
    |Total                  |          |      0|  0| 302|         194|         227|
    +-----------------------+----------+-------+---+----+------------+------------+

    * Multiplexer: 
    +------------------------------------+-----+-----------+-----+-----------+
    |                Name                | LUT | Input Size| Bits| Total Bits|
    +------------------------------------+-----+-----------+-----+-----------+
    |ap_NS_fsm                           |  265|         62|    1|         62|
    |ap_phi_mux_resultf_4_phi_fu_76_p10  |    9|          2|   32|         64|
    |ap_return                           |    9|          2|   32|         64|
    |expx_reg_58                         |   15|          3|   32|         96|
    |grp_fu_100_opcode                   |   15|          3|    2|          6|
    |grp_fu_100_p0                       |   33|          6|   32|        192|
    |grp_fu_100_p1                       |   27|          5|   32|        160|
    |grp_fu_112_p0                       |   15|          3|   32|         96|
    |grp_fu_112_p1                       |   15|          3|   32|         96|
    |resultf_4_reg_72                    |   27|          5|   32|        160|
    +------------------------------------+-----+-----------+-----+-----------+
    |Total                               |  430|         94|  259|        996|
    +------------------------------------+-----+-----------+-----+-----------+

    * Register: 
    +---------------------------------------------+----+----+-----+-----------+
    |                     Name                    | FF | LUT| Bits| Const Bits|
    +---------------------------------------------+----+----+-----+-----------+
    |abst_in_reg_324                              |  31|   0|   32|          1|
    |ap_CS_fsm                                    |  61|   0|   61|          0|
    |ap_return                                    |  32|   0|   32|          0|
    |ap_return_preg                               |  32|   0|   32|          0|
    |expx_reg_58                                  |  32|   0|   32|          0|
    |grp_exp_generic_double_s_fu_89_ap_start_reg  |   1|   0|    1|          0|
    |or_cond_reg_339                              |   1|   0|    1|          0|
    |p_Result_s_reg_319                           |   1|   0|    1|          0|
    |reg_144                                      |  32|   0|   32|          0|
    |reg_151                                      |  32|   0|   32|          0|
    |resultf_4_reg_72                             |  32|   0|   32|          0|
    |resultf_reg_405                              |  32|   0|   32|          0|
    |tmp_116_i_reg_380                            |  64|   0|   64|          0|
    |tmp_117_i_reg_385                            |  64|   0|   64|          0|
    |tmp_127_neg_reg_352                          |  32|   0|   32|          0|
    |tmp_32_reg_343                               |   1|   0|    1|          0|
    |tmp_53_reg_335                               |   1|   0|    1|          0|
    |tmp_57_reg_347                               |   1|   0|    1|          0|
    |tmp_60_reg_395                               |  32|   0|   32|          0|
    |tmp_s_reg_331                                |   1|   0|    1|          0|
    |x_2_reg_367                                  |  32|   0|   32|          0|
    +---------------------------------------------+----+----+-----+-----------+
    |Total                                        | 547|   0|  548|          1|
    +---------------------------------------------+----+----+-----+-----------+



================================================================
== Interface
================================================================
* Summary: 
+-----------+-----+-----+------------+---------------------+--------------+
| RTL Ports | Dir | Bits|  Protocol  |    Source Object    |    C Type    |
+-----------+-----+-----+------------+---------------------+--------------+
|ap_clk     |  in |    1| ap_ctrl_hs | generic_tanh<float> | return value |
|ap_rst     |  in |    1| ap_ctrl_hs | generic_tanh<float> | return value |
|ap_start   |  in |    1| ap_ctrl_hs | generic_tanh<float> | return value |
|ap_done    | out |    1| ap_ctrl_hs | generic_tanh<float> | return value |
|ap_idle    | out |    1| ap_ctrl_hs | generic_tanh<float> | return value |
|ap_ready   | out |    1| ap_ctrl_hs | generic_tanh<float> | return value |
|ap_return  | out |   32| ap_ctrl_hs | generic_tanh<float> | return value |
|t_in       |  in |   32|   ap_none  |         t_in        |    scalar    |
+-----------+-----+-----+------------+---------------------+--------------+

