

================================================================
== Vivado HLS Report for 'k2c_dot'
================================================================
* Date:           Tue Apr 23 19:52:35 2024

* Version:        2018.2 (Build 2258646 on Thu Jun 14 20:25:20 MDT 2018)
* Project:        test
* Solution:       solution1
* Product family: virtexu
* Target device:  xcvu190-flgb2104-1-i


================================================================
== Performance Estimates
================================================================
+ Timing (ns): 
    * Summary: 
    +--------+-------+----------+------------+
    |  Clock | Target| Estimated| Uncertainty|
    +--------+-------+----------+------------+
    |ap_clk  |  10.00|     8.461|        1.25|
    +--------+-------+----------+------------+

+ Latency (clock cycles): 
    * Summary: 
    +-----------+------------+-----------+------------+---------+
    |         Latency        |        Interval        | Pipeline|
    |    min    |     max    |    min    |     max    |   Type  |
    +-----------+------------+-----------+------------+---------+
    |  390679371|  3259138234|  390679371|  3259138234|   none  |
    +-----------+------------+-----------+------------+---------+

    + Detail: 
        * Instance: 
        +------------------------+-------------+-----+-----+-----+-----+---------+
        |                        |             |  Latency  |  Interval | Pipeline|
        |        Instance        |    Module   | min | max | min | max |   Type  |
        +------------------------+-------------+-----+-----+-----+-----+---------+
        |grp_k2c_sub2idx_fu_671  |k2c_sub2idx  |    7|   51|    7|   51|   none  |
        +------------------------+-------------+-----+-----+-----+-----+---------+

        * Loop: 
        +-------------+-----------+------------+------------+-----------+-----------+--------------+----------+
        |             |         Latency        |  Iteration |  Initiation Interval  |     Trip     |          |
        |  Loop Name  |    min    |     max    |   Latency  |  achieved |   target  |     Count    | Pipelined|
        +-------------+-----------+------------+------------+-----------+-----------+--------------+----------+
        |- Loop 1     |          1|           2|           1|          1|          1|     1 ~ 2    |    yes   |
        |- Loop 2     |          2|           2|           1|          1|          1|             2|    yes   |
        |- Loop 3     |          1|           5|           2|          1|          1|     1 ~ 5    |    yes   |
        |- Loop 4     |          1|           5|           1|          1|          1|     1 ~ 5    |    yes   |
        |- Loop 5     |          2|           3|           3|          1|          1|     1 ~ 2    |    yes   |
        |- Loop 6     |         81|     1040934|  81 ~ 397  |          -|          -|   1 ~ 2622   |    no    |
        | + Loop 6.1  |         68|         340|          69|         68|          1|     1 ~ 5    |    yes   |
        |- Loop 7     |  390678000|   506046000|  149 ~ 193 |          -|          -|       2622000|    no    |
        | + Loop 7.1  |        136|         136|          69|         68|          1|             2|    yes   |
        |- Loop 8     |       1200|  2752051200| 12 ~ 10496 |          -|          -| 100 ~ 262200 |    no    |
        | + Loop 8.1  |          9|       10493|          10|          4|          1|   1 ~ 2622   |    yes   |
        +-------------+-----------+------------+------------+-----------+-----------+--------------+----------+



================================================================
== Utilization Estimates
================================================================
* Summary: 
+---------------------+---------+-------+---------+---------+
|         Name        | BRAM_18K| DSP48E|    FF   |   LUT   |
+---------------------+---------+-------+---------+---------+
|DSP                  |        -|      2|        -|        -|
|Expression           |        -|     11|        0|     1261|
|FIFO                 |        -|      -|        -|        -|
|Instance             |        -|     15|    36260|    27673|
|Memory               |        8|      -|      528|       22|
|Multiplexer          |        -|      -|        -|     1667|
|Register             |        0|      -|     1970|       32|
+---------------------+---------+-------+---------+---------+
|Total                |        8|     28|    38758|    30655|
+---------------------+---------+-------+---------+---------+
|Available SLR        |     2520|    600|   716160|   358080|
+---------------------+---------+-------+---------+---------+
|Utilization SLR (%)  |    ~0   |      4|        5|        8|
+---------------------+---------+-------+---------+---------+
|Available            |     7560|   1800|  2148480|  1074240|
+---------------------+---------+-------+---------+---------+
|Utilization (%)      |    ~0   |      1|        1|        2|
+---------------------+---------+-------+---------+---------+

+ Detail: 
    * Instance: 
    +--------------------------+----------------------+---------+-------+------+------+
    |         Instance         |        Module        | BRAM_18K| DSP48E|  FF  |  LUT |
    +--------------------------+----------------------+---------+-------+------+------+
    |face_classifier_ccud_U4   |face_classifier_ccud  |        0|      2|   227|   214|
    |face_classifier_cdEe_U5   |face_classifier_cdEe  |        0|      3|   128|   138|
    |face_classifier_ceOg_U6   |face_classifier_ceOg  |        0|      0|   779|   469|
    |face_classifier_cfYi_U7   |face_classifier_cfYi  |        0|      0|  8651|  6607|
    |face_classifier_cg8j_U8   |face_classifier_cg8j  |        0|      0|  8651|  6607|
    |face_classifier_chbi_U9   |face_classifier_chbi  |        0|      0|  8651|  6607|
    |face_classifier_cibs_U10  |face_classifier_cibs  |        0|      0|  8651|  6607|
    |grp_k2c_sub2idx_fu_671    |k2c_sub2idx           |        0|     10|   522|   424|
    +--------------------------+----------------------+---------+-------+------+------+
    |Total                     |                      |        0|     15| 36260| 27673|
    +--------------------------+----------------------+---------+-------+------+------+

    * DSP48: 
    +--------------------------+----------------------+--------------+
    |         Instance         |        Module        |  Expression  |
    +--------------------------+----------------------+--------------+
    |face_classifier_cjbC_U11  |face_classifier_cjbC  | i0 + i1 * i2 |
    |face_classifier_ckbM_U12  |face_classifier_ckbM  | i0 * i1 + i2 |
    +--------------------------+----------------------+--------------+

    * Memory: 
    +----------------------+----------------------+---------+-----+----+------+-----+------+-------------+
    |        Memory        |        Module        | BRAM_18K|  FF | LUT| Words| Bits| Banks| W*Bits*Banks|
    +----------------------+----------------------+---------+-----+----+------+-----+------+-------------+
    |Bsub_U                |k2c_dot_Bsub          |        0|  128|   5|     5|   64|     1|          320|
    |dense_kernel_shape_U  |k2c_dot_dense_kerbkb  |        0|   12|   1|     5|   12|     1|           60|
    |freeB_U               |k2c_dot_freeB         |        0|    4|   1|     5|    2|     1|           10|
    |newshpB_U             |k2c_dot_newshpB       |        4|    0|   0|     5|   64|     1|          320|
    |Asub_U                |k2c_dot_newshpB       |        4|    0|   0|     5|   64|     1|          320|
    |permA_U               |k2c_dot_permA         |        0|  128|   5|     5|   64|     1|          320|
    |freeA_U               |k2c_dot_permA         |        0|  128|   5|     5|   64|     1|          320|
    |newshpA_U             |k2c_dot_permA         |        0|  128|   5|     5|   64|     1|          320|
    +----------------------+----------------------+---------+-----+----+------+-----+------+-------------+
    |Total                 |                      |        8|  528|  22|    40|  398|     8|         1990|
    +----------------------+----------------------+---------+-----+----+------+-----+------+-------------+

    * FIFO: 
    N/A

    * Expression: 
    +-------------------------------+----------+-------+---+----+------------+------------+
    |         Variable Name         | Operation| DSP48E| FF| LUT| Bitwidth P0| Bitwidth P1|
    +-------------------------------+----------+-------+---+----+------------+------------+
    |bound_fu_914_p2                |     *    |     10|  0|  46|          64|           7|
    |tmp_22_mid2_fu_1017_p2         |     *    |      1|  0|  10|          20|          20|
    |count_6_fu_714_p2              |     +    |      0|  0|  71|          64|           1|
    |count_7_fu_755_p2              |     +    |      0|  0|  71|          64|           1|
    |i_10_fu_835_p2                 |     +    |      0|  0|  11|           3|           1|
    |i_11_fu_863_p2                 |     +    |      0|  0|  39|          32|           2|
    |i_12_fu_854_p2                 |     +    |      0|  0|  71|          64|           1|
    |i_14_fu_901_p2                 |     +    |      0|  0|  29|          22|           1|
    |i_25_fu_995_p2                 |     +    |      0|  0|  71|           1|          64|
    |i_5_fu_799_p2                  |     +    |      0|  0|  11|           3|           1|
    |i_6_fu_736_p2                  |     +    |      0|  0|   9|           2|           1|
    |i_7_fu_815_p2                  |     +    |      0|  0|  11|           3|           1|
    |i_8_cast_fu_783_p2             |     +    |      0|  0|  11|           2|           3|
    |i_8_fu_778_p2                  |     +    |      0|  0|  71|           2|          64|
    |i_9_fu_699_p2                  |     +    |      0|  0|  71|          64|           1|
    |indvar_flatten_next_fu_975_p2  |     +    |      0|  0|  78|          71|           1|
    |j_fu_1068_p2                   |     +    |      0|  0|  15|           7|           1|
    |k_2_fu_1039_p2                 |     +    |      0|  0|  71|          64|           1|
    |phitmp_fu_950_p2               |     +    |      0|  0|   9|           2|           2|
    |sum5_fu_960_p2                 |     +    |      0|  0|  27|          20|          20|
    |sum7_fu_1049_p2                |     +    |      0|  0|  27|          20|          20|
    |sum9_fu_1059_p2                |     +    |      0|  0|  27|          20|          20|
    |exitcond1_fu_981_p2            |   icmp   |      0|  0|  11|           7|           6|
    |exitcond4_fu_694_p2            |   icmp   |      0|  0|  28|          64|          64|
    |exitcond5_fu_794_p2            |   icmp   |      0|  0|  28|          64|          64|
    |exitcond6_fu_849_p2            |   icmp   |      0|  0|  28|          64|          64|
    |exitcond9_fu_830_p2            |   icmp   |      0|  0|  28|          64|          64|
    |exitcond_flatten_fu_970_p2     |   icmp   |      0|  0|  49|          71|          71|
    |exitcond_fu_1034_p2            |   icmp   |      0|  0|  28|          64|          64|
    |tmp_17_fu_746_p2               |   icmp   |      0|  0|  28|          64|          64|
    |tmp_18_fu_810_p2               |   icmp   |      0|  0|  28|          64|          64|
    |tmp_19_fu_895_p2               |   icmp   |      0|  0|  20|          22|          22|
    |tmp_fu_705_p2                  |   icmp   |      0|  0|  28|          64|          64|
    |tmp_s_fu_730_p2                |   icmp   |      0|  0|   9|           2|           3|
    |j_5_mid2_fu_987_p3             |  select  |      0|  0|   7|           1|           7|
    |tmp_21_mid2_v_v_fu_1001_p3     |  select  |      0|  0|  64|           1|          64|
    |ap_enable_pp2                  |    xor   |      0|  0|   2|           1|           2|
    |ap_enable_pp4                  |    xor   |      0|  0|   2|           1|           2|
    |ap_enable_pp5                  |    xor   |      0|  0|   2|           1|           2|
    |ap_enable_pp6                  |    xor   |      0|  0|   2|           1|           2|
    |ap_enable_pp7                  |    xor   |      0|  0|   2|           1|           2|
    |ap_enable_reg_pp2_iter1        |    xor   |      0|  0|   2|           2|           1|
    |ap_enable_reg_pp4_iter1        |    xor   |      0|  0|   2|           2|           1|
    |ap_enable_reg_pp5_iter1        |    xor   |      0|  0|   2|           2|           1|
    |ap_enable_reg_pp6_iter1        |    xor   |      0|  0|   2|           2|           1|
    |ap_enable_reg_pp7_iter1        |    xor   |      0|  0|   2|           2|           1|
    +-------------------------------+----------+-------+---+----+------------+------------+
    |Total                          |          |     11|  0|1261|        1245|         934|
    +-------------------------------+----------+-------+---+----+------------+------------+

    * Multiplexer: 
    +-----------------------------------+------+-----------+-----+-----------+
    |                Name               |  LUT | Input Size| Bits| Total Bits|
    +-----------------------------------+------+-----------+-----+-----------+
    |Ar_shape_address0                  |    21|          4|    3|         12|
    |Asub_address0                      |    27|          5|    3|         15|
    |Asub_ce0                           |    15|          3|    1|          3|
    |Asub_d0                            |    15|          3|   64|        192|
    |Bsub_address0                      |    21|          4|    3|         12|
    |Bsub_ce0                           |    15|          3|    1|          3|
    |Bsub_d0                            |    15|          3|   64|        192|
    |ap_NS_fsm                          |  1001|        234|    1|        234|
    |ap_enable_reg_pp2_iter1            |    15|          3|    1|          3|
    |ap_enable_reg_pp4_iter1            |     9|          2|    1|          2|
    |ap_enable_reg_pp4_iter2            |     9|          2|    1|          2|
    |ap_enable_reg_pp5_iter1            |    15|          3|    1|          3|
    |ap_enable_reg_pp6_iter1            |    15|          3|    1|          3|
    |ap_enable_reg_pp7_iter1            |     9|          2|    1|          2|
    |ap_enable_reg_pp7_iter2            |     9|          2|    1|          2|
    |ap_phi_mux_i_0_in_i_phi_fu_576_p4  |     9|          2|   32|         64|
    |ap_phi_mux_i_13_phi_fu_607_p4      |     9|          2|    2|          4|
    |ap_phi_mux_k_phi_fu_664_p4         |     9|          2|   64|        128|
    |ap_phi_mux_tmp_25_phi_fu_652_p4    |     9|          2|   32|         64|
    |count_2_fu_158                     |     9|          2|   64|        128|
    |count_fu_126                       |     9|          2|   64|        128|
    |dense_kernel_shape_address0        |    15|          3|    3|          9|
    |dense_output_array_address0        |    15|          3|   12|         36|
    |dense_output_array_d0              |    15|          3|   32|         96|
    |freeA_address0                     |    15|          3|    3|          9|
    |freeB_address0                     |    15|          3|    3|          9|
    |fwork_address0                     |    21|          4|   19|         76|
    |fwork_d0                           |    15|          3|   32|         96|
    |grp_k2c_sub2idx_fu_671_ndim        |    15|          3|   64|        192|
    |grp_k2c_sub2idx_fu_671_shape_q0    |    15|          3|   64|        192|
    |grp_k2c_sub2idx_fu_671_sub_q0      |    15|          3|   64|        192|
    |i_0_in_i_reg_573                   |     9|          2|   32|         64|
    |i_13_reg_603                       |     9|          2|    2|          4|
    |i_1_reg_506                        |     9|          2|    2|          4|
    |i_2_reg_518                        |     9|          2|    3|          6|
    |i_3_reg_529                        |     9|          2|    3|          6|
    |i_4_reg_538                        |     9|          2|    3|          6|
    |i_reg_494                          |     9|          2|   64|        128|
    |i_s_reg_626                        |     9|          2|   64|        128|
    |idx2_7_reg_549                     |     9|          2|   64|        128|
    |idx2_9_reg_582                     |     9|          2|   22|         44|
    |idx2_i1_reg_593                    |     9|          2|   64|        128|
    |idx2_i_reg_562                     |     9|          2|   64|        128|
    |indvar_flatten_reg_615             |     9|          2|   71|        142|
    |j_5_reg_637                        |     9|          2|    7|         14|
    |k_reg_660                          |     9|          2|   64|        128|
    |newshpA_address0                   |    15|          3|    3|          9|
    |newshpA_ce0                        |    15|          3|    1|          3|
    |newshpB_address0                   |    15|          3|    3|          9|
    |newshpB_ce0                        |    15|          3|    1|          3|
    |permA_address0                     |    27|          5|    3|         15|
    |permA_d0                           |    15|          3|   64|        192|
    |tmp_25_reg_648                     |     9|          2|   32|         64|
    +-----------------------------------+------+-----------+-----+-----------+
    |Total                              |  1667|        371| 1337|       3456|
    +-----------------------------------+------+-----------+-----+-----------+

    * Register: 
    +-------------------------------------+-----+----+-----+-----------+
    |                 Name                |  FF | LUT| Bits| Const Bits|
    +-------------------------------------+-----+----+-----+-----------+
    |Ar_array_load_reg_1335               |   32|   0|   32|          0|
    |Asub_addr_2_reg_1260                 |    3|   0|    3|          0|
    |B_array_load_reg_1395                |   32|   0|   32|          0|
    |Bsub_addr_2_reg_1284                 |    2|   0|    3|          1|
    |ap_CS_fsm                            |  233|   0|  233|          0|
    |ap_enable_reg_pp2_iter0              |    1|   0|    1|          0|
    |ap_enable_reg_pp2_iter1              |    1|   0|    1|          0|
    |ap_enable_reg_pp4_iter0              |    1|   0|    1|          0|
    |ap_enable_reg_pp4_iter1              |    1|   0|    1|          0|
    |ap_enable_reg_pp4_iter2              |    1|   0|    1|          0|
    |ap_enable_reg_pp5_iter0              |    1|   0|    1|          0|
    |ap_enable_reg_pp5_iter1              |    1|   0|    1|          0|
    |ap_enable_reg_pp6_iter0              |    1|   0|    1|          0|
    |ap_enable_reg_pp6_iter1              |    1|   0|    1|          0|
    |ap_enable_reg_pp7_iter0              |    1|   0|    1|          0|
    |ap_enable_reg_pp7_iter1              |    1|   0|    1|          0|
    |ap_enable_reg_pp7_iter2              |    1|   0|    1|          0|
    |bound_reg_1355                       |   69|   0|   71|          2|
    |count_2_fu_158                       |   64|   0|   64|          0|
    |count_fu_126                         |   64|   0|   64|          0|
    |dense_output_array_a_reg_1429        |   12|   0|   12|          0|
    |exitcond5_reg_1188                   |    1|   0|    1|          0|
    |exitcond9_reg_1226                   |    1|   0|    1|          0|
    |exitcond9_reg_1226_pp4_iter1_reg     |    1|   0|    1|          0|
    |exitcond_reg_1434                    |    1|   0|    1|          0|
    |extLd_reg_1215                       |    2|   0|   64|         62|
    |free_axesA_reg_1168                  |   64|   0|   64|          0|
    |fwork_load_2_reg_1458                |   32|   0|   32|          0|
    |fwork_load_reg_1453                  |   32|   0|   32|          0|
    |grp_k2c_sub2idx_fu_671_ap_start_reg  |    1|   0|    1|          0|
    |i_0_in_i_reg_573                     |   32|   0|   32|          0|
    |i_11_reg_1300                        |   32|   0|   32|          0|
    |i_12_reg_1279                        |   64|   0|   64|          0|
    |i_13_reg_603                         |    2|   0|    2|          0|
    |i_14_reg_1344                        |   22|   0|   22|          0|
    |i_1_reg_506                          |    2|   0|    2|          0|
    |i_2_cast_reg_1183                    |    3|   0|   64|         61|
    |i_2_reg_518                          |    3|   0|    3|          0|
    |i_3_reg_529                          |    3|   0|    3|          0|
    |i_4_cast_reg_1221                    |    3|   0|   64|         61|
    |i_4_cast_reg_1221_pp4_iter1_reg      |    3|   0|   64|         61|
    |i_4_reg_538                          |    3|   0|    3|          0|
    |i_8_cast_reg_1178                    |    3|   0|    3|          0|
    |i_8_reg_1173                         |   64|   0|   64|          0|
    |i_reg_494                            |   64|   0|   64|          0|
    |i_s_reg_626                          |   64|   0|   64|          0|
    |idx2_7_reg_549                       |   64|   0|   64|          0|
    |idx2_9_reg_582                       |   22|   0|   22|          0|
    |idx2_cast4_reg_1349                  |   22|   0|   64|         42|
    |idx2_i1_reg_593                      |   64|   0|   64|          0|
    |idx2_i_reg_562                       |   64|   0|   64|          0|
    |indvar_flatten_next_reg_1404         |   71|   0|   71|          0|
    |indvar_flatten_reg_615               |   71|   0|   71|          0|
    |j_5_cast2_reg_1424                   |    7|   0|   20|         13|
    |j_5_mid2_reg_1409                    |    7|   0|    7|          0|
    |j_5_reg_637                          |    7|   0|    7|          0|
    |k_2_reg_1438                         |   64|   0|   64|          0|
    |k_reg_660                            |   64|   0|   64|          0|
    |phitmp_reg_1380                      |    2|   0|    2|          0|
    |prod_axesA_reg_1157                  |   64|   0|   64|          0|
    |tmp_21_mid2_v_v_reg_1414             |   64|   0|   64|          0|
    |tmp_22_mid2_reg_1419                 |   20|   0|   20|          0|
    |tmp_25_reg_648                       |   32|   0|   32|          0|
    |tmp_28_reg_1463                      |   32|   0|   32|          0|
    |tmp_29_reg_1468                      |   32|   0|   32|          0|
    |tmp_51_reg_1163                      |   20|   0|   20|          0|
    |tmp_53_reg_1270                      |   32|   0|   32|          0|
    |tmp_54_reg_1294                      |   20|   0|   20|          0|
    |tmp_55_reg_1305                      |    1|   0|    1|          0|
    |tmp_56_reg_1360                      |    1|   0|    1|          0|
    |tmp_5_i6_reg_1364                    |    2|   0|   64|         62|
    |tmp_5_i_reg_1309                     |   32|   0|   64|         32|
    |exitcond_reg_1434                    |   64|  32|    1|          0|
    +-------------------------------------+-----+----+-----+-----------+
    |Total                                | 1970|  32| 2304|        397|
    +-------------------------------------+-----+----+-----+-----------+



================================================================
== Interface
================================================================
* Summary: 
+-----------------------------+-----+-----+------------+--------------------+--------------+
|          RTL Ports          | Dir | Bits|  Protocol  |    Source Object   |    C Type    |
+-----------------------------+-----+-----+------------+--------------------+--------------+
|ap_clk                       |  in |    1| ap_ctrl_hs |       k2c_dot      | return value |
|ap_rst                       |  in |    1| ap_ctrl_hs |       k2c_dot      | return value |
|ap_start                     |  in |    1| ap_ctrl_hs |       k2c_dot      | return value |
|ap_done                      | out |    1| ap_ctrl_hs |       k2c_dot      | return value |
|ap_idle                      | out |    1| ap_ctrl_hs |       k2c_dot      | return value |
|ap_ready                     | out |    1| ap_ctrl_hs |       k2c_dot      | return value |
|Ar_array_address0            | out |   12|  ap_memory |      Ar_array      |     array    |
|Ar_array_ce0                 | out |    1|  ap_memory |      Ar_array      |     array    |
|Ar_array_q0                  |  in |   32|  ap_memory |      Ar_array      |     array    |
|Ar_ndim_read                 |  in |   64|   ap_none  |    Ar_ndim_read    |    scalar    |
|Ar_numel_read                |  in |   64|   ap_none  |    Ar_numel_read   |    scalar    |
|Ar_shape_address0            | out |    3|  ap_memory |      Ar_shape      |     array    |
|Ar_shape_ce0                 | out |    1|  ap_memory |      Ar_shape      |     array    |
|Ar_shape_q0                  |  in |   64|  ap_memory |      Ar_shape      |     array    |
|B_array_address0             | out |   19|  ap_memory |       B_array      |     array    |
|B_array_ce0                  | out |    1|  ap_memory |       B_array      |     array    |
|B_array_q0                   |  in |   32|  ap_memory |       B_array      |     array    |
|axesA_0_read                 |  in |   64|   ap_none  |    axesA_0_read    |    scalar    |
|fwork_address0               | out |   19|  ap_memory |        fwork       |     array    |
|fwork_ce0                    | out |    1|  ap_memory |        fwork       |     array    |
|fwork_we0                    | out |    1|  ap_memory |        fwork       |     array    |
|fwork_d0                     | out |   32|  ap_memory |        fwork       |     array    |
|fwork_q0                     |  in |   32|  ap_memory |        fwork       |     array    |
|fwork_address1               | out |   19|  ap_memory |        fwork       |     array    |
|fwork_ce1                    | out |    1|  ap_memory |        fwork       |     array    |
|fwork_q1                     |  in |   32|  ap_memory |        fwork       |     array    |
|dense_output_array_address0  | out |   12|  ap_memory | dense_output_array |     array    |
|dense_output_array_ce0       | out |    1|  ap_memory | dense_output_array |     array    |
|dense_output_array_we0       | out |    1|  ap_memory | dense_output_array |     array    |
|dense_output_array_d0        | out |   32|  ap_memory | dense_output_array |     array    |
+-----------------------------+-----+-----+------------+--------------------+--------------+

