

================================================================
== Vivado HLS Report for 'k2c_dot2_1'
================================================================
* Date:           Tue Apr 23 19:52:39 2024

* Version:        2018.2 (Build 2258646 on Thu Jun 14 20:25:20 MDT 2018)
* Project:        test
* Solution:       solution1
* Product family: virtexu
* Target device:  xcvu190-flgb2104-1-i


================================================================
== Performance Estimates
================================================================
+ Timing (ns): 
    * Summary: 
    +--------+-------+----------+------------+
    |  Clock | Target| Estimated| Uncertainty|
    +--------+-------+----------+------------+
    |ap_clk  |  10.00|     8.440|        1.25|
    +--------+-------+----------+------------+

+ Latency (clock cycles): 
    * Summary: 
    +-------+-----------+-------+-----------+---------+
    |      Latency      |      Interval     | Pipeline|
    |  min  |    max    |  min  |    max    |   Type  |
    +-------+-----------+-------+-----------+---------+
    |  81295|  688999850|  81295|  688999850|   none  |
    +-------+-----------+-------+-----------+---------+

    + Detail: 
        * Instance: 
        +------------------------+-------------+-----+-----+-----+-----+---------+
        |                        |             |  Latency  |  Interval | Pipeline|
        |        Instance        |    Module   | min | max | min | max |   Type  |
        +------------------------+-------------+-----+-----+-----+-----+---------+
        |grp_k2c_sub2idx_fu_697  |k2c_sub2idx  |    7|   51|    7|   51|   none  |
        +------------------------+-------------+-----+-----+-----+-----+---------+

        * Loop: 
        +-----------------+-------+-----------+--------------+-----------+-----------+----------+----------+
        |                 |      Latency      |   Iteration  |  Initiation Interval  |   Trip   |          |
        |    Loop Name    |  min  |    max    |    Latency   |  achieved |   target  |   Count  | Pipelined|
        +-----------------+-------+-----------+--------------+-----------+-----------+----------+----------+
        |- Loop 1         |      1|          2|             1|          1|          1|   1 ~ 2  |    yes   |
        |- Loop 2         |      2|          2|             1|          1|          1|         2|    yes   |
        |- Loop 3         |      1|          5|             2|          1|          1|   1 ~ 5  |    yes   |
        |- Loop 4         |      1|          5|             1|          1|          1|   1 ~ 5  |    yes   |
        |- Loop 5         |      2|          3|             3|          1|          1|   1 ~ 2  |    yes   |
        |- Loop 6         |     83|    1056666|   83 ~ 403   |          -|          -| 1 ~ 2622 |    no    |
        | + Loop 6.1      |     68|        340|            69|         68|          1|   1 ~ 5  |    yes   |
        | + Loop 6.2      |      2|          6|             3|          1|          1|   1 ~ 5  |    yes   |
        |- Loop 7         |  81000|     397000|   81 ~ 397   |          -|          -|      1000|    no    |
        | + Loop 7.1      |     68|        340|            69|         68|          1|   1 ~ 5  |    yes   |
        |- Loop 8         |    122|  687546084| 122 ~ 262222 |          -|          -| 1 ~ 2622 |    no    |
        | + Loop 8.1      |    120|     262220|  12 ~ 26222  |          -|          -|        10|    no    |
        |  ++ Loop 8.1.1  |     10|      26220|            10|          -|          -| 1 ~ 2622 |    no    |
        +-----------------+-------+-----------+--------------+-----------+-----------+----------+----------+



================================================================
== Utilization Estimates
================================================================
* Summary: 
+---------------------+---------+-------+---------+---------+
|         Name        | BRAM_18K| DSP48E|    FF   |   LUT   |
+---------------------+---------+-------+---------+---------+
|DSP                  |        -|      2|        -|        -|
|Expression           |        -|      0|        0|     1162|
|FIFO                 |        -|      -|        -|        -|
|Instance             |        -|     15|    37039|    28142|
|Memory               |        8|      -|      516|       21|
|Multiplexer          |        -|      -|        -|     1694|
|Register             |        -|      -|     2003|        -|
+---------------------+---------+-------+---------+---------+
|Total                |        8|     17|    39558|    31019|
+---------------------+---------+-------+---------+---------+
|Available SLR        |     2520|    600|   716160|   358080|
+---------------------+---------+-------+---------+---------+
|Utilization SLR (%)  |    ~0   |      2|        5|        8|
+---------------------+---------+-------+---------+---------+
|Available            |     7560|   1800|  2148480|  1074240|
+---------------------+---------+-------+---------+---------+
|Utilization (%)      |    ~0   |   ~0  |        1|        2|
+---------------------+---------+-------+---------+---------+

+ Detail: 
    * Instance: 
    +---------------------------+----------------------+---------+-------+------+------+
    |          Instance         |        Module        | BRAM_18K| DSP48E|  FF  |  LUT |
    +---------------------------+----------------------+---------+-------+------+------+
    |face_classifier_ccud_U116  |face_classifier_ccud  |        0|      2|   227|   214|
    |face_classifier_cdEe_U117  |face_classifier_cdEe  |        0|      3|   128|   138|
    |face_classifier_ceOg_U118  |face_classifier_ceOg  |        0|      0|   779|   469|
    |face_classifier_ceOg_U119  |face_classifier_ceOg  |        0|      0|   779|   469|
    |face_classifier_cfYi_U120  |face_classifier_cfYi  |        0|      0|  8651|  6607|
    |face_classifier_cfYi_U122  |face_classifier_cfYi  |        0|      0|  8651|  6607|
    |face_classifier_cg8j_U121  |face_classifier_cg8j  |        0|      0|  8651|  6607|
    |face_classifier_cg8j_U123  |face_classifier_cg8j  |        0|      0|  8651|  6607|
    |grp_k2c_sub2idx_fu_697     |k2c_sub2idx           |        0|     10|   522|   424|
    +---------------------------+----------------------+---------+-------+------+------+
    |Total                      |                      |        0|     15| 37039| 28142|
    +---------------------------+----------------------+---------+-------+------+------+

    * DSP48: 
    +---------------------------+----------------------+--------------+
    |          Instance         |        Module        |  Expression  |
    +---------------------------+----------------------+--------------+
    |face_classifier_cFfa_U124  |face_classifier_cFfa  |    i0 * i1   |
    |face_classifier_cGfk_U125  |face_classifier_cGfk  | i0 * i1 + i2 |
    +---------------------------+----------------------+--------------+

    * Memory: 
    +-----------+-----------------+---------+-----+----+------+-----+------+-------------+
    |   Memory  |      Module     | BRAM_18K|  FF | LUT| Words| Bits| Banks| W*Bits*Banks|
    +-----------+-----------------+---------+-----+----+------+-----+------+-------------+
    |Bsub_U     |k2c_dot_Bsub     |        0|  128|   5|     5|   64|     1|          320|
    |freeB_U    |k2c_dot_freeB    |        0|    4|   1|     5|    2|     1|           10|
    |newshpB_U  |k2c_dot_newshpB  |        4|    0|   0|     5|   64|     1|          320|
    |Asub_U     |k2c_dot_newshpB  |        4|    0|   0|     5|   64|     1|          320|
    |permA_U    |k2c_dot_permA    |        0|  128|   5|     5|   64|     1|          320|
    |freeA_U    |k2c_dot_permA    |        0|  128|   5|     5|   64|     1|          320|
    |newshpA_U  |k2c_dot_permA    |        0|  128|   5|     5|   64|     1|          320|
    +-----------+-----------------+---------+-----+----+------+-----+------+-------------+
    |Total      |                 |        8|  516|  21|    35|  386|     7|         1930|
    +-----------+-----------------+---------+-----+----+------+-----+------+-------------+

    * FIFO: 
    N/A

    * Expression: 
    +-------------------------+----------+-------+---+----+------------+------------+
    |      Variable Name      | Operation| DSP48E| FF| LUT| Bitwidth P0| Bitwidth P1|
    +-------------------------+----------+-------+---+----+------------+------------+
    |tmp_7_fu_1029_p2         |     *    |      0|  0|  40|           8|           8|
    |count_2_fu_744_p2        |     +    |      0|  0|  71|          64|           1|
    |count_3_fu_781_p2        |     +    |      0|  0|  71|          64|           1|
    |i_10_fu_854_p2           |     +    |      0|  0|  11|           3|           1|
    |i_11_fu_874_p2           |     +    |      0|  0|  11|           3|           1|
    |i_12_fu_900_p2           |     +    |      0|  0|  39|          32|           2|
    |i_13_fu_964_p2           |     +    |      0|  0|  39|          32|           2|
    |i_14_fu_954_p2           |     +    |      0|  0|  17|          10|           1|
    |i_15_fu_1023_p2          |     +    |      0|  0|  71|           1|          64|
    |i_16_fu_888_p2           |     +    |      0|  0|  71|          64|           1|
    |i_5_cast_fu_822_p2       |     +    |      0|  0|  11|           2|           3|
    |i_5_fu_817_p2            |     +    |      0|  0|  71|           2|          64|
    |i_6_fu_733_p2            |     +    |      0|  0|  71|          64|           1|
    |i_7_fu_838_p2            |     +    |      0|  0|  11|           3|           1|
    |i_9_fu_765_p2            |     +    |      0|  0|   9|           2|           1|
    |j_1_fu_1047_p2           |     +    |      0|  0|  71|           1|          64|
    |j_fu_942_p2              |     +    |      0|  0|  11|           3|           1|
    |k_1_fu_1072_p2           |     +    |      0|  0|  71|           1|          64|
    |sum5_fu_1000_p2          |     +    |      0|  0|  15|           8|           8|
    |sum7_fu_1078_p2          |     +    |      0|  0|  15|           8|           8|
    |sum9_fu_1088_p2          |     +    |      0|  0|  15|           8|           8|
    |tmp_2_fu_1053_p2         |     +    |      0|  0|  20|          13|          13|
    |exitcond1_fu_728_p2      |   icmp   |      0|  0|  28|          64|          64|
    |exitcond2_fu_833_p2      |   icmp   |      0|  0|  28|          64|          64|
    |exitcond3_fu_869_p2      |   icmp   |      0|  0|  28|          64|          64|
    |exitcond4_fu_883_p2      |   icmp   |      0|  0|  28|          64|          64|
    |exitcond9_fu_937_p2      |   icmp   |      0|  0|  28|          64|          64|
    |exitcond_fu_1067_p2      |   icmp   |      0|  0|  28|          64|          64|
    |tmp_1_fu_849_p2          |   icmp   |      0|  0|  28|          64|          64|
    |tmp_4_fu_948_p2          |   icmp   |      0|  0|  13|          10|           6|
    |tmp_5_fu_1018_p2         |   icmp   |      0|  0|  28|          64|          64|
    |tmp_8_fu_759_p2          |   icmp   |      0|  0|   9|           2|           3|
    |tmp_9_fu_1042_p2         |   icmp   |      0|  0|  28|          64|          64|
    |tmp_fu_739_p2            |   icmp   |      0|  0|  28|          64|          64|
    |tmp_s_fu_771_p2          |   icmp   |      0|  0|   8|           2|           1|
    |ap_enable_pp2            |    xor   |      0|  0|   2|           1|           2|
    |ap_enable_pp4            |    xor   |      0|  0|   2|           1|           2|
    |ap_enable_pp5            |    xor   |      0|  0|   2|           1|           2|
    |ap_enable_pp6            |    xor   |      0|  0|   2|           1|           2|
    |ap_enable_pp7            |    xor   |      0|  0|   2|           1|           2|
    |ap_enable_reg_pp2_iter1  |    xor   |      0|  0|   2|           2|           1|
    |ap_enable_reg_pp4_iter1  |    xor   |      0|  0|   2|           2|           1|
    |ap_enable_reg_pp5_iter1  |    xor   |      0|  0|   2|           2|           1|
    |ap_enable_reg_pp6_iter1  |    xor   |      0|  0|   2|           2|           1|
    |ap_enable_reg_pp7_iter1  |    xor   |      0|  0|   2|           2|           1|
    +-------------------------+----------+-------+---+----+------------+------------+
    |Total                    |          |      0|  0|1162|        1065|         983|
    +-------------------------+----------+-------+---+----+------------+------------+

    * Multiplexer: 
    +------------------------------------+------+-----------+-----+-----------+
    |                Name                |  LUT | Input Size| Bits| Total Bits|
    +------------------------------------+------+-----------+-----+-----------+
    |Ar_shape_address0                   |    21|          4|    3|         12|
    |Asub_address0                       |    27|          5|    3|         15|
    |Asub_ce0                            |    15|          3|    1|          3|
    |Asub_d0                             |    15|          3|   64|        192|
    |B_shape_address0                    |    15|          3|    3|          9|
    |B_shape_address1                    |    15|          3|    3|          9|
    |Bsub_address0                       |    27|          5|    3|         15|
    |Bsub_ce0                            |    15|          3|    1|          3|
    |Bsub_d0                             |    15|          3|   64|        192|
    |C_array_address0                    |    15|          3|   12|         36|
    |C_array_d0                          |    15|          3|   32|         96|
    |ap_NS_fsm                           |  1025|        240|    1|        240|
    |ap_enable_reg_pp2_iter1             |    15|          3|    1|          3|
    |ap_enable_reg_pp4_iter1             |     9|          2|    1|          2|
    |ap_enable_reg_pp4_iter2             |     9|          2|    1|          2|
    |ap_enable_reg_pp5_iter1             |    15|          3|    1|          3|
    |ap_enable_reg_pp6_iter1             |     9|          2|    1|          2|
    |ap_enable_reg_pp6_iter2             |     9|          2|    1|          2|
    |ap_enable_reg_pp7_iter1             |    15|          3|    1|          3|
    |ap_phi_mux_i_0_in_i7_phi_fu_646_p4  |     9|          2|   32|         64|
    |ap_phi_mux_i_0_in_i_phi_fu_605_p4   |     9|          2|   32|         64|
    |count_1_fu_144                      |     9|          2|   64|        128|
    |count_fu_112                        |     9|          2|   64|        128|
    |freeA_address0                      |    15|          3|    3|          9|
    |freeB_address0                      |    15|          3|    3|          9|
    |fwork_address0                      |    21|          4|    7|         28|
    |fwork_d0                            |    15|          3|   32|         96|
    |grp_k2c_sub2idx_fu_697_ndim         |    15|          3|   64|        192|
    |grp_k2c_sub2idx_fu_697_shape_q0     |    15|          3|   64|        192|
    |grp_k2c_sub2idx_fu_697_sub_q0       |    15|          3|   64|        192|
    |i_0_in_i7_reg_643                   |     9|          2|   32|         64|
    |i_0_in_i_reg_602                    |     9|          2|   32|         64|
    |i_1_reg_535                         |     9|          2|    2|          4|
    |i_2_reg_547                         |     9|          2|    3|          6|
    |i_3_reg_558                         |     9|          2|    3|          6|
    |i_4_reg_567                         |     9|          2|    3|          6|
    |i_8_reg_652                         |     9|          2|   64|        128|
    |i_reg_523                           |     9|          2|   64|        128|
    |idx2_1_reg_622                      |     9|          2|   10|         20|
    |idx2_i6_reg_633                     |     9|          2|   64|        128|
    |idx2_i_reg_591                      |     9|          2|   64|        128|
    |idx2_reg_578                        |     9|          2|   64|        128|
    |j1_reg_611                          |     9|          2|    3|          6|
    |j6_reg_663                          |     9|          2|   64|        128|
    |k_reg_686                           |     9|          2|   64|        128|
    |newshpA_address0                    |    15|          3|    3|          9|
    |newshpA_ce0                         |    15|          3|    1|          3|
    |newshpB_address0                    |    15|          3|    3|          9|
    |newshpB_ce0                         |    15|          3|    1|          3|
    |permA_address0                      |    27|          5|    3|         15|
    |permA_d0                            |    15|          3|   64|        192|
    |tmp_3_reg_674                       |     9|          2|   32|         64|
    +------------------------------------+------+-----------+-----+-----------+
    |Total                               |  1694|        377| 1269|       3308|
    +------------------------------------+------+-----------+-----+-----------+

    * Register: 
    +-------------------------------------+-----+----+-----+-----------+
    |                 Name                |  FF | LUT| Bits| Const Bits|
    +-------------------------------------+-----+----+-----+-----------+
    |B_array_load_reg_1458                |   32|   0|   32|          0|
    |Bsub_addr_reg_1329                   |    2|   0|    3|          1|
    |C_array_addr_reg_1494                |   12|   0|   12|          0|
    |ap_CS_fsm                            |  239|   0|  239|          0|
    |ap_enable_reg_pp2_iter0              |    1|   0|    1|          0|
    |ap_enable_reg_pp2_iter1              |    1|   0|    1|          0|
    |ap_enable_reg_pp4_iter0              |    1|   0|    1|          0|
    |ap_enable_reg_pp4_iter1              |    1|   0|    1|          0|
    |ap_enable_reg_pp4_iter2              |    1|   0|    1|          0|
    |ap_enable_reg_pp5_iter0              |    1|   0|    1|          0|
    |ap_enable_reg_pp5_iter1              |    1|   0|    1|          0|
    |ap_enable_reg_pp6_iter0              |    1|   0|    1|          0|
    |ap_enable_reg_pp6_iter1              |    1|   0|    1|          0|
    |ap_enable_reg_pp6_iter2              |    1|   0|    1|          0|
    |ap_enable_reg_pp7_iter0              |    1|   0|    1|          0|
    |ap_enable_reg_pp7_iter1              |    1|   0|    1|          0|
    |count_1_fu_144                       |   64|   0|   64|          0|
    |count_fu_112                         |   64|   0|   64|          0|
    |count_load_reg_1153                  |   64|   0|   64|          0|
    |exitcond2_reg_1243                   |    1|   0|    1|          0|
    |exitcond3_reg_1281                   |    1|   0|    1|          0|
    |exitcond3_reg_1281_pp4_iter1_reg     |    1|   0|    1|          0|
    |exitcond9_reg_1390                   |    1|   0|    1|          0|
    |exitcond9_reg_1390_pp6_iter1_reg     |    1|   0|    1|          0|
    |extLd_reg_1270                       |    2|   0|   64|         62|
    |free_axesA_reg_1208                  |   64|   0|   64|          0|
    |free_axesB_reg_1213                  |   64|   0|   64|          0|
    |fwork_load_1_reg_1522                |   32|   0|   32|          0|
    |fwork_load_reg_1517                  |   32|   0|   32|          0|
    |grp_k2c_sub2idx_fu_697_ap_start_reg  |    1|   0|    1|          0|
    |i_0_in_i7_reg_643                    |   32|   0|   32|          0|
    |i_0_in_i_reg_602                     |   32|   0|   32|          0|
    |i_12_reg_1355                        |   32|   0|   32|          0|
    |i_13_reg_1429                        |   32|   0|   32|          0|
    |i_14_reg_1418                        |   10|   0|   10|          0|
    |i_15_reg_1466                        |   64|   0|   64|          0|
    |i_16_reg_1324                        |   64|   0|   64|          0|
    |i_1_reg_535                          |    2|   0|    2|          0|
    |i_2_cast_reg_1238                    |    3|   0|   64|         61|
    |i_2_reg_547                          |    3|   0|    3|          0|
    |i_3_reg_558                          |    3|   0|    3|          0|
    |i_4_cast_reg_1276                    |    3|   0|   64|         61|
    |i_4_cast_reg_1276_pp4_iter1_reg      |    3|   0|   64|         61|
    |i_4_reg_567                          |    3|   0|    3|          0|
    |i_5_cast_reg_1233                    |    3|   0|    3|          0|
    |i_5_reg_1228                         |   64|   0|   64|          0|
    |i_8_reg_652                          |   64|   0|   64|          0|
    |i_reg_523                            |   64|   0|   64|          0|
    |idx2_1_reg_622                       |   10|   0|   10|          0|
    |idx2_i6_reg_633                      |   64|   0|   64|          0|
    |idx2_i_reg_591                       |   64|   0|   64|          0|
    |idx2_reg_578                         |   64|   0|   64|          0|
    |idx_assign_1_cast4_reg_1423          |   10|   0|   64|         54|
    |j1_cast_reg_1385                     |    3|   0|   64|         61|
    |j1_cast_reg_1385_pp6_iter1_reg       |    3|   0|   64|         61|
    |j1_reg_611                           |    3|   0|    3|          0|
    |j6_reg_663                           |   64|   0|   64|          0|
    |j_1_reg_1489                         |   64|   0|   64|          0|
    |k_1_reg_1502                         |   64|   0|   64|          0|
    |k_reg_686                            |   64|   0|   64|          0|
    |prod_axesA_reg_1197                  |   64|   0|   64|          0|
    |tmp_12_reg_1203                      |    8|   0|    8|          0|
    |tmp_13_reg_1527                      |   32|   0|   32|          0|
    |tmp_14_reg_1532                      |   32|   0|   32|          0|
    |tmp_25_reg_1218                      |    8|   0|    8|          0|
    |tmp_26_reg_1223                      |   13|   0|   13|          0|
    |tmp_28_reg_1315                      |   32|   0|   32|          0|
    |tmp_29_reg_1344                      |   32|   0|   32|          0|
    |tmp_30_reg_1349                      |    8|   0|    8|          0|
    |tmp_31_reg_1360                      |    1|   0|    1|          0|
    |tmp_34_reg_1434                      |    1|   0|    1|          0|
    |tmp_36_reg_1481                      |    8|   0|    8|          0|
    |tmp_3_reg_674                        |   32|   0|   32|          0|
    |tmp_5_i1_reg_1438                    |   32|   0|   64|         32|
    |tmp_5_i_reg_1364                     |   32|   0|   64|         32|
    |tmp_6_reg_1471                       |   13|   0|   13|          0|
    |tmp_7_reg_1476                       |    8|   0|    8|          0|
    +-------------------------------------+-----+----+-----+-----------+
    |Total                                | 2003|   0| 2489|        486|
    +-------------------------------------+-----+----+-----+-----------+



================================================================
== Interface
================================================================
* Summary: 
+-------------------+-----+-----+------------+---------------+--------------+
|     RTL Ports     | Dir | Bits|  Protocol  | Source Object |    C Type    |
+-------------------+-----+-----+------------+---------------+--------------+
|ap_clk             |  in |    1| ap_ctrl_hs |   k2c_dot2.1  | return value |
|ap_rst             |  in |    1| ap_ctrl_hs |   k2c_dot2.1  | return value |
|ap_start           |  in |    1| ap_ctrl_hs |   k2c_dot2.1  | return value |
|ap_done            | out |    1| ap_ctrl_hs |   k2c_dot2.1  | return value |
|ap_idle            | out |    1| ap_ctrl_hs |   k2c_dot2.1  | return value |
|ap_ready           | out |    1| ap_ctrl_hs |   k2c_dot2.1  | return value |
|C_array_address0   | out |   12|  ap_memory |    C_array    |     array    |
|C_array_ce0        | out |    1|  ap_memory |    C_array    |     array    |
|C_array_we0        | out |    1|  ap_memory |    C_array    |     array    |
|C_array_d0         | out |   32|  ap_memory |    C_array    |     array    |
|Ar_array_address0  | out |   12|  ap_memory |    Ar_array   |     array    |
|Ar_array_ce0       | out |    1|  ap_memory |    Ar_array   |     array    |
|Ar_array_q0        |  in |   32|  ap_memory |    Ar_array   |     array    |
|Ar_ndim_read       |  in |   64|   ap_none  |  Ar_ndim_read |    scalar    |
|Ar_numel_read      |  in |   64|   ap_none  | Ar_numel_read |    scalar    |
|Ar_shape_address0  | out |    3|  ap_memory |    Ar_shape   |     array    |
|Ar_shape_ce0       | out |    1|  ap_memory |    Ar_shape   |     array    |
|Ar_shape_q0        |  in |   64|  ap_memory |    Ar_shape   |     array    |
|B_array_address0   | out |   12|  ap_memory |    B_array    |     array    |
|B_array_ce0        | out |    1|  ap_memory |    B_array    |     array    |
|B_array_q0         |  in |   32|  ap_memory |    B_array    |     array    |
|B_ndim_read        |  in |   64|   ap_none  |  B_ndim_read  |    scalar    |
|B_numel_read       |  in |   64|   ap_none  |  B_numel_read |    scalar    |
|B_shape_address0   | out |    3|  ap_memory |    B_shape    |     array    |
|B_shape_ce0        | out |    1|  ap_memory |    B_shape    |     array    |
|B_shape_q0         |  in |   64|  ap_memory |    B_shape    |     array    |
|B_shape_address1   | out |    3|  ap_memory |    B_shape    |     array    |
|B_shape_ce1        | out |    1|  ap_memory |    B_shape    |     array    |
|B_shape_q1         |  in |   64|  ap_memory |    B_shape    |     array    |
|p_read4            |  in |   64|   ap_none  |    p_read4    |    scalar    |
|fwork_address0     | out |    7|  ap_memory |     fwork     |     array    |
|fwork_ce0          | out |    1|  ap_memory |     fwork     |     array    |
|fwork_we0          | out |    1|  ap_memory |     fwork     |     array    |
|fwork_d0           | out |   32|  ap_memory |     fwork     |     array    |
|fwork_q0           |  in |   32|  ap_memory |     fwork     |     array    |
|fwork_address1     | out |    7|  ap_memory |     fwork     |     array    |
|fwork_ce1          | out |    1|  ap_memory |     fwork     |     array    |
|fwork_q1           |  in |   32|  ap_memory |     fwork     |     array    |
+-------------------+-----+-----+------------+---------------+--------------+

