

================================================================
== Vivado HLS Report for 'k2c_sub2idx'
================================================================
* Date:           Tue Apr 23 19:52:34 2024

* Version:        2018.2 (Build 2258646 on Thu Jun 14 20:25:20 MDT 2018)
* Project:        test
* Solution:       solution1
* Product family: virtexu
* Target device:  xcvu190-flgb2104-1-i


================================================================
== Performance Estimates
================================================================
+ Timing (ns): 
    * Summary: 
    +--------+-------+----------+------------+
    |  Clock | Target| Estimated| Uncertainty|
    +--------+-------+----------+------------+
    |ap_clk  |  10.00|     7.930|        1.25|
    +--------+-------+----------+------------+

+ Latency (clock cycles): 
    * Summary: 
    +-----+-----+-----+-----+---------+
    |  Latency  |  Interval | Pipeline|
    | min | max | min | max |   Type  |
    +-----+-----+-----+-----+---------+
    |    7|   51|    7|   51|   none  |
    +-----+-----+-----+-----+---------+

    + Detail: 
        * Instance: 
        N/A

        * Loop: 
        +-------------+-----+-----+----------+-----------+-----------+-------+----------+
        |             |  Latency  | Iteration|  Initiation Interval  |  Trip |          |
        |  Loop Name  | min | max |  Latency |  achieved |   target  | Count | Pipelined|
        +-------------+-----+-----+----------+-----------+-----------+-------+----------+
        |- Loop 1     |    6|   50|  6 ~ 10  |          -|          -| 1 ~ 5 |    no    |
        | + Loop 1.1  |    2|    6|         3|          1|          1| 1 ~ 5 |    yes   |
        +-------------+-----+-----+----------+-----------+-----------+-------+----------+



================================================================
== Utilization Estimates
================================================================
* Summary: 
+---------------------+---------+-------+---------+---------+
|         Name        | BRAM_18K| DSP48E|    FF   |   LUT   |
+---------------------+---------+-------+---------+---------+
|DSP                  |        -|      -|        -|        -|
|Expression           |        -|     10|        0|      319|
|FIFO                 |        -|      -|        -|        -|
|Instance             |        -|      -|        -|        -|
|Memory               |        -|      -|        -|        -|
|Multiplexer          |        -|      -|        -|      105|
|Register             |        -|      -|      522|        -|
+---------------------+---------+-------+---------+---------+
|Total                |        0|     10|      522|      424|
+---------------------+---------+-------+---------+---------+
|Available SLR        |     2520|    600|   716160|   358080|
+---------------------+---------+-------+---------+---------+
|Utilization SLR (%)  |        0|      1|    ~0   |    ~0   |
+---------------------+---------+-------+---------+---------+
|Available            |     7560|   1800|  2148480|  1074240|
+---------------------+---------+-------+---------+---------+
|Utilization (%)      |        0|   ~0  |    ~0   |    ~0   |
+---------------------+---------+-------+---------+---------+

+ Detail: 
    * Instance: 
    N/A

    * DSP48: 
    N/A

    * Memory: 
    N/A

    * FIFO: 
    N/A

    * Expression: 
    +-------------------------+----------+-------+---+----+------------+------------+
    |      Variable Name      | Operation| DSP48E| FF| LUT| Bitwidth P0| Bitwidth P1|
    +-------------------------+----------+-------+---+----+------------+------------+
    |temp_1_fu_136_p2         |     *    |     10|  0|  46|          64|          64|
    |i_1_fu_117_p2            |     +    |      0|  0|  71|          64|           1|
    |idx_1_fu_141_p2          |     +    |      0|  0|  71|          64|          64|
    |j_fu_123_p2              |     +    |      0|  0|  71|          64|           2|
    |exitcond_fu_112_p2       |   icmp   |      0|  0|  28|          64|          64|
    |tmp_fu_130_p2            |   icmp   |      0|  0|  28|          64|          64|
    |ap_enable_pp0            |    xor   |      0|  0|   2|           1|           2|
    |ap_enable_reg_pp0_iter1  |    xor   |      0|  0|   2|           2|           1|
    +-------------------------+----------+-------+---+----+------------+------------+
    |Total                    |          |     10|  0| 319|         387|         262|
    +-------------------------+----------+-------+---+----+------------+------------+

    * Multiplexer: 
    +---------------------------------+----+-----------+-----+-----------+
    |               Name              | LUT| Input Size| Bits| Total Bits|
    +---------------------------------+----+-----------+-----+-----------+
    |ap_NS_fsm                        |  33|          6|    1|          6|
    |ap_enable_reg_pp0_iter1          |   9|          2|    1|          2|
    |ap_enable_reg_pp0_iter2          |   9|          2|    1|          2|
    |ap_phi_mux_j_0_in_phi_fu_106_p4  |   9|          2|   64|        128|
    |ap_return                        |   9|          2|   64|        128|
    |i_reg_80                         |   9|          2|   64|        128|
    |idx_reg_68                       |   9|          2|   64|        128|
    |j_0_in_reg_103                   |   9|          2|   64|        128|
    |temp1_reg_93                     |   9|          2|   64|        128|
    +---------------------------------+----+-----------+-----+-----------+
    |Total                            | 105|         22|  387|        778|
    +---------------------------------+----+-----------+-----+-----------+

    * Register: 
    +---------------------------+----+----+-----+-----------+
    |            Name           | FF | LUT| Bits| Const Bits|
    +---------------------------+----+----+-----+-----------+
    |ap_CS_fsm                  |   5|   0|    5|          0|
    |ap_enable_reg_pp0_iter0    |   1|   0|    1|          0|
    |ap_enable_reg_pp0_iter1    |   1|   0|    1|          0|
    |ap_enable_reg_pp0_iter2    |   1|   0|    1|          0|
    |ap_return_preg             |  64|   0|   64|          0|
    |i_1_reg_156                |  64|   0|   64|          0|
    |i_reg_80                   |  64|   0|   64|          0|
    |idx_reg_68                 |  64|   0|   64|          0|
    |j_0_in_reg_103             |  64|   0|   64|          0|
    |j_reg_171                  |  64|   0|   64|          0|
    |shape_load_reg_185         |  64|   0|   64|          0|
    |temp1_reg_93               |  64|   0|   64|          0|
    |tmp_reg_176                |   1|   0|    1|          0|
    |tmp_reg_176_pp0_iter1_reg  |   1|   0|    1|          0|
    +---------------------------+----+----+-----+-----------+
    |Total                      | 522|   0|  522|          0|
    +---------------------------+----+----+-----+-----------+



================================================================
== Interface
================================================================
* Summary: 
+----------------+-----+-----+------------+--------------+--------------+
|    RTL Ports   | Dir | Bits|  Protocol  | Source Object|    C Type    |
+----------------+-----+-----+------------+--------------+--------------+
|ap_clk          |  in |    1| ap_ctrl_hs |  k2c_sub2idx | return value |
|ap_rst          |  in |    1| ap_ctrl_hs |  k2c_sub2idx | return value |
|ap_start        |  in |    1| ap_ctrl_hs |  k2c_sub2idx | return value |
|ap_done         | out |    1| ap_ctrl_hs |  k2c_sub2idx | return value |
|ap_idle         | out |    1| ap_ctrl_hs |  k2c_sub2idx | return value |
|ap_ready        | out |    1| ap_ctrl_hs |  k2c_sub2idx | return value |
|ap_return       | out |   64| ap_ctrl_hs |  k2c_sub2idx | return value |
|sub_address0    | out |    3|  ap_memory |      sub     |     array    |
|sub_ce0         | out |    1|  ap_memory |      sub     |     array    |
|sub_q0          |  in |   64|  ap_memory |      sub     |     array    |
|shape_address0  | out |    3|  ap_memory |     shape    |     array    |
|shape_ce0       | out |    1|  ap_memory |     shape    |     array    |
|shape_q0        |  in |   64|  ap_memory |     shape    |     array    |
|ndim            |  in |   64|   ap_none  |     ndim     |    scalar    |
+----------------+-----+-----+------------+--------------+--------------+

