

================================================================
== Vivado HLS Report for 'k2c_dense'
================================================================
* Date:           Tue Apr 23 19:52:35 2024

* Version:        2018.2 (Build 2258646 on Thu Jun 14 20:25:20 MDT 2018)
* Project:        test
* Solution:       solution1
* Product family: virtexu
* Target device:  xcvu190-flgb2104-1-i


================================================================
== Performance Estimates
================================================================
+ Timing (ns): 
    * Summary: 
    +--------+-------+----------+------------+
    |  Clock | Target| Estimated| Uncertainty|
    +--------+-------+----------+------------+
    |ap_clk  |  10.00|     8.461|        1.25|
    +--------+-------+----------+------------+

+ Latency (clock cycles): 
    * Summary: 
    +-----+------------+-----+------------+---------+
    |      Latency     |     Interval     | Pipeline|
    | min |     max    | min |     max    |   Type  |
    +-----+------------+-----+------------+---------+
    |    4|  3259400443|    4|  3259400443|   none  |
    +-----+------------+-----+------------+---------+

    + Detail: 
        * Instance: 
        +--------------------+---------+-----------+------------+-----------+------------+---------+
        |                    |         |         Latency        |        Interval        | Pipeline|
        |      Instance      |  Module |    min    |     max    |    min    |     max    |   Type  |
        +--------------------+---------+-----------+------------+-----------+------------+---------+
        |grp_k2c_dot_fu_304  |k2c_dot  |  390679371|  3259138234|  390679371|  3259138234|   none  |
        +--------------------+---------+-----------+------------+-----------+------------+---------+

        * Loop: 
        +---------------------+-------+--------+----------+-----------+-----------+--------------+----------+
        |                     |     Latency    | Iteration|  Initiation Interval  |     Trip     |          |
        |      Loop Name      |  min  |   max  |  Latency |  achieved |   target  |     Count    | Pipelined|
        +---------------------+-------+--------+----------+-----------+-----------+--------------+----------+
        |- Loop 1             |      0|       0|     10497|          -|          -|             0|    no    |
        | + k2c_dense_label0  |  10493|   10493|        10|          4|          1|          2622|    yes   |
        |- Loop 2             |    105|  262205|         7|          1|          1| 100 ~ 262200 |    yes   |
        +---------------------+-------+--------+----------+-----------+-----------+--------------+----------+



================================================================
== Utilization Estimates
================================================================
* Summary: 
+---------------------+---------+-------+---------+---------+
|         Name        | BRAM_18K| DSP48E|    FF   |   LUT   |
+---------------------+---------+-------+---------+---------+
|DSP                  |        -|      2|        -|        -|
|Expression           |        -|     33|        0|     1123|
|FIFO                 |        -|      -|        -|        -|
|Instance             |        8|     33|    39113|    31007|
|Memory               |        7|      -|        0|        0|
|Multiplexer          |        -|      -|        -|      431|
|Register             |        0|      -|     1441|       96|
+---------------------+---------+-------+---------+---------+
|Total                |       15|     68|    40554|    32657|
+---------------------+---------+-------+---------+---------+
|Available SLR        |     2520|    600|   716160|   358080|
+---------------------+---------+-------+---------+---------+
|Utilization SLR (%)  |    ~0   |     11|        5|        9|
+---------------------+---------+-------+---------+---------+
|Available            |     7560|   1800|  2148480|  1074240|
+---------------------+---------+-------+---------+---------+
|Utilization (%)      |    ~0   |      3|        1|        3|
+---------------------+---------+-------+---------+---------+

+ Detail: 
    * Instance: 
    +--------------------------+----------------------+---------+-------+-------+-------+
    |         Instance         |        Module        | BRAM_18K| DSP48E|   FF  |  LUT  |
    +--------------------------+----------------------+---------+-------+-------+-------+
    |face_classifier_ccud_U35  |face_classifier_ccud  |        0|      2|    227|    214|
    |face_classifier_cdEe_U36  |face_classifier_cdEe  |        0|      3|    128|    138|
    |grp_k2c_dot_fu_304        |k2c_dot               |        8|     28|  38758|  30655|
    +--------------------------+----------------------+---------+-------+-------+-------+
    |Total                     |                      |        8|     33|  39113|  31007|
    +--------------------------+----------------------+---------+-------+-------+-------+

    * DSP48: 
    +--------------------------+----------------------+--------------+
    |         Instance         |        Module        |  Expression  |
    +--------------------------+----------------------+--------------+
    |face_classifier_cjbC_U37  |face_classifier_cjbC  | i0 + i1 * i2 |
    |face_classifier_cmb6_U38  |face_classifier_cmb6  |    i0 * i1   |
    +--------------------------+----------------------+--------------+

    * Memory: 
    +--------------------+----------------------+---------+---+----+------+-----+------+-------------+
    |       Memory       |        Module        | BRAM_18K| FF| LUT| Words| Bits| Banks| W*Bits*Banks|
    +--------------------+----------------------+---------+---+----+------+-----+------+-------------+
    |dense_bias_array_U  |k2c_dense_dense_blbW  |        7|  0|   0|  2622|   32|     1|        83904|
    +--------------------+----------------------+---------+---+----+------+-----+------+-------------+
    |Total               |                      |        7|  0|   0|  2622|   32|     1|        83904|
    +--------------------+----------------------+---------+---+----+------+-----+------+-------------+

    * FIFO: 
    N/A

    * Expression: 
    +--------------------------------+----------+-------+---+----+------------+------------+
    |          Variable Name         | Operation| DSP48E| FF| LUT| Bitwidth P0| Bitwidth P1|
    +--------------------------------+----------+-------+---+----+------------+------------+
    |bound6_fu_407_p2                |     *    |      8|  0|  35|          58|           7|
    |bound_fu_492_p2                 |     *    |     10|  0|  46|          64|           7|
    |mul_fu_388_p2                   |     *    |     15|  0|  58|          64|          65|
    |i_28_fu_438_p2                  |     +    |      0|  0|  71|           7|          64|
    |i_s_fu_523_p2                   |     +    |      0|  0|  71|           1|          64|
    |indvar_flatten_next1_fu_418_p2  |     +    |      0|  0|  78|          71|           1|
    |indvar_flatten_next_fu_503_p2   |     +    |      0|  0|  78|          71|           1|
    |j_5_fu_598_p2                   |     +    |      0|  0|  15|           7|           1|
    |j_6_fu_476_p2                   |     +    |      0|  0|  15|           1|           7|
    |k_4_fu_562_p2                   |     +    |      0|  0|  19|          12|           1|
    |next_mul_fu_592_p2              |     +    |      0|  0|  26|          19|           7|
    |tmp_15_fu_363_p2                |     +    |      0|  0|  71|          64|           7|
    |tmp_41_fu_352_p2                |     +    |      0|  0|  71|          64|           2|
    |tmp_44_fu_572_p2                |     +    |      0|  0|  20|          13|          13|
    |tmp_46_fu_582_p2                |     +    |      0|  0|  26|          19|          19|
    |tmp_i_fu_465_p2                 |     +    |      0|  0|  20|          13|          13|
    |exitcond4_fu_509_p2             |   icmp   |      0|  0|  11|           7|           6|
    |exitcond_flatten1_fu_413_p2     |   icmp   |      0|  0|  49|          71|          71|
    |exitcond_flatten_fu_498_p2      |   icmp   |      0|  0|  49|          71|          71|
    |exitcond_fu_556_p2              |   icmp   |      0|  0|  13|          12|          12|
    |exitcond_i_fu_424_p2            |   icmp   |      0|  0|  11|           7|           6|
    |icmp_fu_379_p2                  |   icmp   |      0|  0|  28|          63|           1|
    |tmp_fu_346_p2                   |   icmp   |      0|  0|  28|          64|           2|
    |i_i_cast_mid2_v_fu_444_p3       |  select  |      0|  0|  64|           1|          64|
    |j_i_mid2_fu_430_p3              |  select  |      0|  0|   7|           1|           1|
    |j_mid2_fu_515_p3                |  select  |      0|  0|   7|           1|           1|
    |outrowidx_mid2_v_v_fu_529_p3    |  select  |      0|  0|  64|           1|          64|
    |outrows2_fu_482_p3              |  select  |      0|  0|  64|           1|          64|
    |ap_enable_pp0                   |    xor   |      0|  0|   2|           1|           2|
    |ap_enable_pp1                   |    xor   |      0|  0|   2|           1|           2|
    |ap_enable_reg_pp0_iter1         |    xor   |      0|  0|   2|           2|           1|
    |ap_enable_reg_pp1_iter1         |    xor   |      0|  0|   2|           2|           1|
    +--------------------------------+----------+-------+---+----+------------+------------+
    |Total                           |          |     33|  0|1123|         854|         648|
    +--------------------------------+----------+-------+---+----+------------+------------+

    * Multiplexer: 
    +----------------------------------+----+-----------+-----+-----------+
    |               Name               | LUT| Input Size| Bits| Total Bits|
    +----------------------------------+----+-----------+-----+-----------+
    |ap_NS_fsm                         |  62|         15|    1|         15|
    |ap_enable_reg_pp0_iter1           |   9|          2|    1|          2|
    |ap_enable_reg_pp0_iter6           |   9|          2|    1|          2|
    |ap_enable_reg_pp1_iter1           |   9|          2|    1|          2|
    |ap_enable_reg_pp1_iter2           |   9|          2|    1|          2|
    |ap_phi_mux_i_i_phi_fu_220_p4      |   9|          2|   64|        128|
    |ap_phi_mux_k_phi_fu_285_p4        |   9|          2|   12|         24|
    |ap_phi_mux_phi_mul_phi_fu_296_p4  |   9|          2|   19|         38|
    |ap_phi_mux_tmp_43_phi_fu_274_p4   |   9|          2|   32|         64|
    |dense_bias_array_address0         |  15|          3|   12|         36|
    |dense_output_array_address0       |  21|          4|   12|         48|
    |dense_output_array_address1       |  15|          3|   12|         36|
    |dense_output_array_ce0            |  15|          3|    1|          3|
    |dense_output_array_d0             |  15|          3|   32|         96|
    |dense_output_array_we0            |  15|          3|    1|          3|
    |grp_fu_325_p0                     |  15|          3|   32|         96|
    |grp_fu_325_p1                     |  15|          3|   32|         96|
    |i_i_reg_216                       |   9|          2|   64|        128|
    |i_reg_249                         |   9|          2|   64|        128|
    |indvar_flatten9_reg_205           |   9|          2|   71|        142|
    |indvar_flatten_reg_238            |   9|          2|   71|        142|
    |input_array_address0              |  15|          3|   12|         36|
    |input_array_ce0                   |  15|          3|    1|          3|
    |input_shape_address0              |  15|          3|    3|          9|
    |input_shape_ce0                   |  15|          3|    1|          3|
    |j_i_reg_227                       |   9|          2|    7|         14|
    |j_reg_260                         |   9|          2|    7|         14|
    |k_reg_281                         |   9|          2|   12|         24|
    |kernel_array_address0             |  15|          3|   19|         57|
    |kernel_array_ce0                  |  15|          3|    1|          3|
    |phi_mul_reg_292                   |   9|          2|   19|         38|
    |tmp_43_reg_271                    |   9|          2|   32|         64|
    +----------------------------------+----+-----------+-----+-----------+
    |Total                             | 431|         92|  650|       1496|
    +----------------------------------+----+-----------+-----+-----------+

    * Register: 
    +---------------------------------+----+----+-----+-----------+
    |               Name              | FF | LUT| Bits| Const Bits|
    +---------------------------------+----+----+-----+-----------+
    |ap_CS_fsm                        |  14|   0|   14|          0|
    |ap_enable_reg_pp0_iter0          |   1|   0|    1|          0|
    |ap_enable_reg_pp0_iter1          |   1|   0|    1|          0|
    |ap_enable_reg_pp0_iter2          |   1|   0|    1|          0|
    |ap_enable_reg_pp0_iter3          |   1|   0|    1|          0|
    |ap_enable_reg_pp0_iter4          |   1|   0|    1|          0|
    |ap_enable_reg_pp0_iter5          |   1|   0|    1|          0|
    |ap_enable_reg_pp0_iter6          |   1|   0|    1|          0|
    |ap_enable_reg_pp1_iter0          |   1|   0|    1|          0|
    |ap_enable_reg_pp1_iter1          |   1|   0|    1|          0|
    |ap_enable_reg_pp1_iter2          |   1|   0|    1|          0|
    |bound6_reg_655                   |  69|   0|   71|          2|
    |bound_reg_700                    |  69|   0|   71|          2|
    |dense_output_array_a_1_reg_679   |  12|   0|   12|          0|
    |dense_output_array_a_reg_746     |  12|   0|   12|          0|
    |dense_output_array_l_reg_690     |  32|   0|   32|          0|
    |exitcond_flatten1_reg_660        |   1|   0|    1|          0|
    |exitcond_reg_751                 |   1|   0|    1|          0|
    |grp_k2c_dot_fu_304_ap_start_reg  |   1|   0|    1|          0|
    |i_i_cast_mid2_v_reg_669          |  64|   0|   64|          0|
    |i_i_reg_216                      |  64|   0|   64|          0|
    |i_reg_249                        |  64|   0|   64|          0|
    |icmp_reg_640                     |   1|   0|    1|          0|
    |indvar_flatten9_reg_205          |  71|   0|   71|          0|
    |indvar_flatten_next_reg_708      |  71|   0|   71|          0|
    |indvar_flatten_reg_238           |  71|   0|   71|          0|
    |inneridx_mid2_reg_736            |  13|   0|   13|          0|
    |input_array_load_reg_770         |  32|   0|   32|          0|
    |j_cast6_reg_741                  |   7|   0|   19|         12|
    |j_i_reg_227                      |   7|   0|    7|          0|
    |j_mid2_reg_713                   |   7|   0|    7|          0|
    |j_reg_260                        |   7|   0|    7|          0|
    |k_4_reg_755                      |  12|   0|   12|          0|
    |k_reg_281                        |  12|   0|   12|          0|
    |kernel_array_load_reg_775        |  32|   0|   32|          0|
    |next_mul_reg_780                 |  19|   0|   19|          0|
    |outrowidx_mid2_v_v_reg_720       |  64|   0|   64|          0|
    |outrows2_reg_695                 |  64|   0|   64|          0|
    |phi_mul_reg_292                  |  19|   0|   19|          0|
    |reg_334                          |  32|   0|   32|          0|
    |reg_340                          |  32|   0|   32|          0|
    |tmp_15_reg_635                   |  64|   0|   64|          0|
    |tmp_41_reg_630                   |  64|   0|   64|          0|
    |tmp_43_reg_271                   |  32|   0|   32|          0|
    |tmp_47_reg_785                   |  32|   0|   32|          0|
    |tmp_76_reg_650                   |  58|   0|   58|          0|
    |tmp_77_reg_725                   |  13|   0|   13|          0|
    |dense_output_array_a_1_reg_679   |  64|  32|   12|          0|
    |exitcond_flatten1_reg_660        |  64|  32|    1|          0|
    |exitcond_reg_751                 |  64|  32|    1|          0|
    +---------------------------------+----+----+-----+-----------+
    |Total                            |1441|  96| 1279|         16|
    +---------------------------------+----+----+-----+-----------+



================================================================
== Interface
================================================================
* Summary: 
+-----------------------------+-----+-----+------------+--------------------+--------------+
|          RTL Ports          | Dir | Bits|  Protocol  |    Source Object   |    C Type    |
+-----------------------------+-----+-----+------------+--------------------+--------------+
|ap_clk                       |  in |    1| ap_ctrl_hs |      k2c_dense     | return value |
|ap_rst                       |  in |    1| ap_ctrl_hs |      k2c_dense     | return value |
|ap_start                     |  in |    1| ap_ctrl_hs |      k2c_dense     | return value |
|ap_done                      | out |    1| ap_ctrl_hs |      k2c_dense     | return value |
|ap_idle                      | out |    1| ap_ctrl_hs |      k2c_dense     | return value |
|ap_ready                     | out |    1| ap_ctrl_hs |      k2c_dense     | return value |
|input_array_address0         | out |   12|  ap_memory |     input_array    |     array    |
|input_array_ce0              | out |    1|  ap_memory |     input_array    |     array    |
|input_array_q0               |  in |   32|  ap_memory |     input_array    |     array    |
|input_ndim_read              |  in |   64|   ap_none  |   input_ndim_read  |    scalar    |
|input_numel_read             |  in |   64|   ap_none  |  input_numel_read  |    scalar    |
|input_shape_address0         | out |    3|  ap_memory |     input_shape    |     array    |
|input_shape_ce0              | out |    1|  ap_memory |     input_shape    |     array    |
|input_shape_q0               |  in |   64|  ap_memory |     input_shape    |     array    |
|kernel_array_address0        | out |   19|  ap_memory |    kernel_array    |     array    |
|kernel_array_ce0             | out |    1|  ap_memory |    kernel_array    |     array    |
|kernel_array_q0              |  in |   32|  ap_memory |    kernel_array    |     array    |
|fwork_address0               | out |   19|  ap_memory |        fwork       |     array    |
|fwork_ce0                    | out |    1|  ap_memory |        fwork       |     array    |
|fwork_we0                    | out |    1|  ap_memory |        fwork       |     array    |
|fwork_d0                     | out |   32|  ap_memory |        fwork       |     array    |
|fwork_q0                     |  in |   32|  ap_memory |        fwork       |     array    |
|fwork_address1               | out |   19|  ap_memory |        fwork       |     array    |
|fwork_ce1                    | out |    1|  ap_memory |        fwork       |     array    |
|fwork_q1                     |  in |   32|  ap_memory |        fwork       |     array    |
|dense_output_array_address0  | out |   12|  ap_memory | dense_output_array |     array    |
|dense_output_array_ce0       | out |    1|  ap_memory | dense_output_array |     array    |
|dense_output_array_we0       | out |    1|  ap_memory | dense_output_array |     array    |
|dense_output_array_d0        | out |   32|  ap_memory | dense_output_array |     array    |
|dense_output_array_q0        |  in |   32|  ap_memory | dense_output_array |     array    |
|dense_output_array_address1  | out |   12|  ap_memory | dense_output_array |     array    |
|dense_output_array_ce1       | out |    1|  ap_memory | dense_output_array |     array    |
|dense_output_array_we1       | out |    1|  ap_memory | dense_output_array |     array    |
|dense_output_array_d1        | out |   32|  ap_memory | dense_output_array |     array    |
|dense_output_numel           |  in |   64|   ap_none  | dense_output_numel |    pointer   |
+-----------------------------+-----+-----+------------+--------------------+--------------+

