

================================================================
== Vivado HLS Report for 'k2c_dense2_1'
================================================================
* Date:           Tue Apr 23 19:52:38 2024

* Version:        2018.2 (Build 2258646 on Thu Jun 14 20:25:20 MDT 2018)
* Project:        test
* Solution:       solution1
* Product family: virtexu
* Target device:  xcvu190-flgb2104-1-i


================================================================
== Performance Estimates
================================================================
+ Timing (ns): 
    * Summary: 
    +--------+-------+----------+------------+
    |  Clock | Target| Estimated| Uncertainty|
    +--------+-------+----------+------------+
    |ap_clk  |  10.00|    10.251|        1.25|
    +--------+-------+----------+------------+

+ Latency (clock cycles): 
    * Summary: 
    +-----+-----------+-----+-----------+---------+
    |     Latency     |     Interval    | Pipeline|
    | min |    max    | min |    max    |   Type  |
    +-----+-----------+-----+-----------+---------+
    |    3|  723178139|    3|  723178139|   none  |
    +-----+-----------+-----+-----------+---------+

    + Detail: 
        * Instance: 
        +---------------------+----------+--------+-----------+--------+-----------+---------+
        |                     |          |       Latency      |      Interval      | Pipeline|
        |       Instance      |  Module  |   min  |    max    |   min  |    max    |   Type  |
        +---------------------+----------+--------+-----------+--------+-----------+---------+
        |grp_k2c_dot2_fu_289  |k2c_dot2  |  149295|  688795850|  149295|  688795850|   none  |
        +---------------------+----------+--------+-----------+--------+-----------+---------+

        * Loop: 
        +-------------+-----+----------+-----------+-----------+-----------+----------+----------+
        |             |     Latency    | Iteration |  Initiation Interval  |   Trip   |          |
        |  Loop Name  | min |    max   |  Latency  |  achieved |   target  |   Count  | Pipelined|
        +-------------+-----+----------+-----------+-----------+-----------+----------+----------+
        |- Loop 1     |    0|         0|        409|          -|          -|         0|    no    |
        | + Loop 1.1  |  405|       405|         10|          4|          1|       100|    yes   |
        |- Loop 2     |    8|  34382286| 8 ~ 13113 |          -|          -| 1 ~ 2622 |    no    |
        | + Loop 2.1  |    5|     13110|          6|          5|          1| 1 ~ 2622 |    yes   |
        +-------------+-----+----------+-----------+-----------+-----------+----------+----------+



================================================================
== Utilization Estimates
================================================================
* Summary: 
+---------------------+---------+-------+---------+---------+
|         Name        | BRAM_18K| DSP48E|    FF   |   LUT   |
+---------------------+---------+-------+---------+---------+
|DSP                  |        -|      1|        -|        -|
|Expression           |        -|     10|        0|      863|
|FIFO                 |        -|      -|        -|        -|
|Instance             |        8|     21|    38884|    30815|
|Memory               |        7|      -|        0|        0|
|Multiplexer          |        -|      -|        -|      429|
|Register             |        0|      -|     1024|       32|
+---------------------+---------+-------+---------+---------+
|Total                |       15|     32|    39908|    32139|
+---------------------+---------+-------+---------+---------+
|Available SLR        |     2520|    600|   716160|   358080|
+---------------------+---------+-------+---------+---------+
|Utilization SLR (%)  |    ~0   |      5|        5|        8|
+---------------------+---------+-------+---------+---------+
|Available            |     7560|   1800|  2148480|  1074240|
+---------------------+---------+-------+---------+---------+
|Utilization (%)      |    ~0   |      1|        1|        2|
+---------------------+---------+-------+---------+---------+

+ Detail: 
    * Instance: 
    +---------------------------+----------------------+---------+-------+-------+-------+
    |          Instance         |        Module        | BRAM_18K| DSP48E|   FF  |  LUT  |
    +---------------------------+----------------------+---------+-------+-------+-------+
    |face_classifier_ccud_U102  |face_classifier_ccud  |        0|      2|    227|    214|
    |face_classifier_cdEe_U103  |face_classifier_cdEe  |        0|      3|    128|    138|
    |grp_k2c_dot2_fu_289        |k2c_dot2              |        8|     16|  38529|  30463|
    +---------------------------+----------------------+---------+-------+-------+-------+
    |Total                      |                      |        8|     21|  38884|  30815|
    +---------------------------+----------------------+---------+-------+-------+-------+

    * DSP48: 
    +---------------------------+----------------------+-----------+
    |          Instance         |        Module        | Expression|
    +---------------------------+----------------------+-----------+
    |face_classifier_cEe0_U104  |face_classifier_cEe0  |  i0 * i1  |
    +---------------------------+----------------------+-----------+

    * Memory: 
    +------------------------+----------------------+---------+---+----+------+-----+------+-------------+
    |         Memory         |        Module        | BRAM_18K| FF| LUT| Words| Bits| Banks| W*Bits*Banks|
    +------------------------+----------------------+---------+---+----+------+-----+------+-------------+
    |dense_1_kernel_array_U  |k2c_dense2_1_densDeQ  |        7|  0|   0|  2622|   32|     1|        83904|
    +------------------------+----------------------+---------+---+----+------+-----+------+-------------+
    |Total                   |                      |        7|  0|   0|  2622|   32|     1|        83904|
    +------------------------+----------------------+---------+---+----+------+-----+------+-------------+

    * FIFO: 
    N/A

    * Expression: 
    +-------------------------------+----------+-------+---+----+------------+------------+
    |         Variable Name         | Operation| DSP48E| FF| LUT| Bitwidth P0| Bitwidth P1|
    +-------------------------------+----------+-------+---+----+------------+------------+
    |bound_fu_407_p2                |     *    |     10|  0|  46|          64|           4|
    |i_26_fu_392_p2                 |     +    |      0|  0|  71|          64|          64|
    |i_s_fu_438_p2                  |     +    |      0|  0|  71|           1|          64|
    |indvar_flatten_next_fu_418_p2  |     +    |      0|  0|  75|          68|           1|
    |j_3_fu_571_p2                  |     +    |      0|  0|  12|           4|           1|
    |j_4_fu_372_p2                  |     +    |      0|  0|  71|          64|           1|
    |k_3_fu_515_p2                  |     +    |      0|  0|  15|           7|           1|
    |tmp1_fu_489_p2                 |     +    |      0|  0|  19|          13|          13|
    |tmp2_fu_551_p2                 |     +    |      0|  0|  15|           8|           8|
    |tmp_30_fu_335_p2               |     +    |      0|  0|  71|          64|           2|
    |tmp_31_fu_495_p2               |     +    |      0|  0|  19|          13|          13|
    |tmp_33_fu_525_p2               |     +    |      0|  0|  20|          13|          13|
    |tmp_35_fu_560_p2               |     +    |      0|  0|  17|          10|          10|
    |tmp_i_68_fu_382_p2             |     +    |      0|  0|  20|          13|          13|
    |exitcond2_fu_424_p2            |   icmp   |      0|  0|   9|           4|           4|
    |exitcond_flatten_fu_413_p2     |   icmp   |      0|  0|  49|          68|          68|
    |exitcond_fu_509_p2             |   icmp   |      0|  0|  11|           7|           6|
    |exitcond_i_fu_367_p2           |   icmp   |      0|  0|  28|          64|          64|
    |icmp_fu_352_p2                 |   icmp   |      0|  0|  28|          63|           1|
    |tmp_fu_329_p2                  |   icmp   |      0|  0|  28|          64|           2|
    |tmp_i_fu_358_p2                |   icmp   |      0|  0|  28|          64|          64|
    |j_mid2_fu_430_p3               |  select  |      0|  0|   4|           1|           1|
    |outrows1_fu_397_p3             |  select  |      0|  0|  64|           1|          64|
    |p_shl_mid2_v_v_fu_444_p3       |  select  |      0|  0|  64|           1|          64|
    |ap_enable_pp0                  |    xor   |      0|  0|   2|           1|           2|
    |ap_enable_pp1                  |    xor   |      0|  0|   2|           1|           2|
    |ap_enable_reg_pp0_iter1        |    xor   |      0|  0|   2|           2|           1|
    |ap_enable_reg_pp1_iter1        |    xor   |      0|  0|   2|           2|           1|
    +-------------------------------+----------+-------+---+----+------------+------------+
    |Total                          |          |     10|  0| 863|         749|         552|
    +-------------------------------+----------+-------+---+----+------------+------------+

    * Multiplexer: 
    +---------------------------------+----+-----------+-----+-----------+
    |               Name              | LUT| Input Size| Bits| Total Bits|
    +---------------------------------+----+-----------+-----+-----------+
    |ap_NS_fsm                        |  93|         19|    1|         19|
    |ap_enable_reg_pp0_iter1          |  15|          3|    1|          3|
    |ap_enable_reg_pp1_iter1          |   9|          2|    1|          2|
    |ap_enable_reg_pp1_iter2          |   9|          2|    1|          2|
    |ap_phi_mux_j_i_phi_fu_227_p4     |   9|          2|   64|        128|
    |ap_phi_mux_k_phi_fu_282_p4       |   9|          2|    7|         14|
    |ap_phi_mux_tmp_32_phi_fu_271_p4  |   9|          2|   32|         64|
    |bias_array_address0              |  15|          3|   12|         36|
    |dense_1_kernel_array_address0    |  15|          3|   12|         36|
    |dense_1_kernel_array_ce0         |  15|          3|    1|          3|
    |grp_fu_312_p0                    |  15|          3|   32|         96|
    |grp_fu_312_p1                    |  15|          3|   32|         96|
    |i_i_reg_211                      |   9|          2|   64|        128|
    |i_reg_246                        |   9|          2|   64|        128|
    |indvar_flatten_reg_235           |   9|          2|   68|        136|
    |input_array_address0             |  15|          3|   12|         36|
    |input_array_ce0                  |  15|          3|    1|          3|
    |input_shape_address0             |  15|          3|    3|          9|
    |input_shape_ce0                  |  15|          3|    1|          3|
    |j_i_reg_223                      |   9|          2|   64|        128|
    |j_reg_257                        |   9|          2|    4|          8|
    |k_reg_278                        |   9|          2|    7|         14|
    |output_array_address0            |  21|          4|   12|         48|
    |output_array_ce0                 |  15|          3|    1|          3|
    |output_array_d0                  |  27|          5|   32|        160|
    |output_array_we0                 |  15|          3|    1|          3|
    |tmp_32_reg_268                   |   9|          2|   32|         64|
    +---------------------------------+----+-----------+-----+-----------+
    |Total                            | 429|         88|  562|       1370|
    +---------------------------------+----+-----------+-----+-----------+

    * Register: 
    +----------------------------------+----+----+-----+-----------+
    |               Name               | FF | LUT| Bits| Const Bits|
    +----------------------------------+----+----+-----+-----------+
    |ap_CS_fsm                         |  18|   0|   18|          0|
    |ap_enable_reg_pp0_iter0           |   1|   0|    1|          0|
    |ap_enable_reg_pp0_iter1           |   1|   0|    1|          0|
    |ap_enable_reg_pp1_iter0           |   1|   0|    1|          0|
    |ap_enable_reg_pp1_iter1           |   1|   0|    1|          0|
    |ap_enable_reg_pp1_iter2           |   1|   0|    1|          0|
    |bound_reg_664                     |  67|   0|   68|          1|
    |dense_1_kernel_array_2_reg_737    |  32|   0|   32|          0|
    |exitcond_i_reg_630                |   1|   0|    1|          0|
    |exitcond_reg_713                  |   1|   0|    1|          0|
    |grp_k2c_dot2_fu_289_ap_start_reg  |   1|   0|    1|          0|
    |i_i_reg_211                       |  64|   0|   64|          0|
    |i_reg_246                         |  64|   0|   64|          0|
    |icmp_reg_611                      |   1|   0|    1|          0|
    |indvar_flatten_next_reg_672       |  68|   0|   68|          0|
    |indvar_flatten_reg_235            |  68|   0|   68|          0|
    |inneridx_mid2_reg_703             |  13|   0|   13|          0|
    |input_array_load_reg_732          |  32|   0|   32|          0|
    |j_4_reg_634                       |  64|   0|   64|          0|
    |j_cast7_reg_708                   |   4|   0|    8|          4|
    |j_i_reg_223                       |  64|   0|   64|          0|
    |j_mid2_reg_677                    |   4|   0|    4|          0|
    |j_reg_257                         |   4|   0|    4|          0|
    |k_3_reg_717                       |   7|   0|    7|          0|
    |k_reg_278                         |   7|   0|    7|          0|
    |output_array_addr_1_reg_644       |  12|   0|   12|          0|
    |output_array_addr_reg_698         |  12|   0|   12|          0|
    |outrows1_reg_659                  |  64|   0|   64|          0|
    |p_shl_mid2_v_v_reg_683            |  64|   0|   64|          0|
    |reg_323                           |  32|   0|   32|          0|
    |tmp_30_reg_606                    |  64|   0|   64|          0|
    |tmp_32_reg_268                    |  32|   0|   32|          0|
    |tmp_36_reg_742                    |  32|   0|   32|          0|
    |tmp_37_reg_747                    |  32|   0|   32|          0|
    |tmp_62_reg_688                    |  13|   0|   13|          0|
    |tmp_65_reg_625                    |  13|   0|   13|          0|
    |tmp_reg_602                       |   1|   0|    1|          0|
    |exitcond_reg_713                  |  64|  32|    1|          0|
    +----------------------------------+----+----+-----+-----------+
    |Total                             |1024|  32|  966|          5|
    +----------------------------------+----+----+-----+-----------+



================================================================
== Interface
================================================================
* Summary: 
+-----------------------+-----+-----+------------+-------------------+--------------+
|       RTL Ports       | Dir | Bits|  Protocol  |   Source Object   |    C Type    |
+-----------------------+-----+-----+------------+-------------------+--------------+
|ap_clk                 |  in |    1| ap_ctrl_hs |    k2c_dense2.1   | return value |
|ap_rst                 |  in |    1| ap_ctrl_hs |    k2c_dense2.1   | return value |
|ap_start               |  in |    1| ap_ctrl_hs |    k2c_dense2.1   | return value |
|ap_done                | out |    1| ap_ctrl_hs |    k2c_dense2.1   | return value |
|ap_idle                | out |    1| ap_ctrl_hs |    k2c_dense2.1   | return value |
|ap_ready               | out |    1| ap_ctrl_hs |    k2c_dense2.1   | return value |
|output_array_address0  | out |   12|  ap_memory |    output_array   |     array    |
|output_array_ce0       | out |    1|  ap_memory |    output_array   |     array    |
|output_array_we0       | out |    1|  ap_memory |    output_array   |     array    |
|output_array_d0        | out |   32|  ap_memory |    output_array   |     array    |
|output_array_q0        |  in |   32|  ap_memory |    output_array   |     array    |
|output_numel_read      |  in |   64|   ap_none  | output_numel_read |    scalar    |
|input_array_address0   | out |   12|  ap_memory |    input_array    |     array    |
|input_array_ce0        | out |    1|  ap_memory |    input_array    |     array    |
|input_array_q0         |  in |   32|  ap_memory |    input_array    |     array    |
|input_ndim_read        |  in |   64|   ap_none  |  input_ndim_read  |    scalar    |
|input_numel_read       |  in |   64|   ap_none  |  input_numel_read |    scalar    |
|input_shape_address0   | out |    3|  ap_memory |    input_shape    |     array    |
|input_shape_ce0        | out |    1|  ap_memory |    input_shape    |     array    |
|input_shape_q0         |  in |   64|  ap_memory |    input_shape    |     array    |
|bias_array_address0    | out |   12|  ap_memory |     bias_array    |     array    |
|bias_array_ce0         | out |    1|  ap_memory |     bias_array    |     array    |
|bias_array_q0          |  in |   32|  ap_memory |     bias_array    |     array    |
|bias_numel_read        |  in |   64|   ap_none  |  bias_numel_read  |    scalar    |
|fwork_address0         | out |   11|  ap_memory |       fwork       |     array    |
|fwork_ce0              | out |    1|  ap_memory |       fwork       |     array    |
|fwork_we0              | out |    1|  ap_memory |       fwork       |     array    |
|fwork_d0               | out |   32|  ap_memory |       fwork       |     array    |
|fwork_q0               |  in |   32|  ap_memory |       fwork       |     array    |
|fwork_address1         | out |   11|  ap_memory |       fwork       |     array    |
|fwork_ce1              | out |    1|  ap_memory |       fwork       |     array    |
|fwork_q1               |  in |   32|  ap_memory |       fwork       |     array    |
+-----------------------+-----+-----+------------+-------------------+--------------+

