

================================================================
== Vivado HLS Report for 'tanh_ap_fixed_16_6_5_3_0_ap_fixed_16_6_5_3_0_tanh_config5_s'
================================================================
* Date:           Fri Apr 19 00:19:26 2024

* Version:        2018.2 (Build 2258646 on Thu Jun 14 20:25:20 MDT 2018)
* Project:        myproject_prj
* Solution:       solution1
* Product family: virtexu
* Target device:  xcvu190-flgb2104-1-i


================================================================
== Performance Estimates
================================================================
+ Timing (ns): 
    * Summary: 
    +--------+-------+----------+------------+
    |  Clock | Target| Estimated| Uncertainty|
    +--------+-------+----------+------------+
    |ap_clk  |  10.00|     7.180|        1.25|
    +--------+-------+----------+------------+

+ Latency (clock cycles): 
    * Summary: 
    +-----+-----+-----+-----+----------+
    |  Latency  |  Interval | Pipeline |
    | min | max | min | max |   Type   |
    +-----+-----+-----+-----+----------+
    |   52|   52|   50|   50| function |
    +-----+-----+-----+-----+----------+

    + Detail: 
        * Instance: 
        N/A

        * Loop: 
        N/A



================================================================
== Utilization Estimates
================================================================
* Summary: 
+---------------------+---------+-------+---------+---------+
|         Name        | BRAM_18K| DSP48E|    FF   |   LUT   |
+---------------------+---------+-------+---------+---------+
|DSP                  |        -|      -|        -|        -|
|Expression           |        -|      -|        0|    13504|
|FIFO                 |        -|      -|        -|        -|
|Instance             |        -|      -|        -|        -|
|Memory               |        1|      -|        0|        0|
|Multiplexer          |        -|      -|        -|     1565|
|Register             |        -|      -|     1052|        -|
+---------------------+---------+-------+---------+---------+
|Total                |        1|      0|     1052|    15069|
+---------------------+---------+-------+---------+---------+
|Available SLR        |     2520|    600|   716160|   358080|
+---------------------+---------+-------+---------+---------+
|Utilization SLR (%)  |    ~0   |      0|    ~0   |        4|
+---------------------+---------+-------+---------+---------+
|Available            |     7560|   1800|  2148480|  1074240|
+---------------------+---------+-------+---------+---------+
|Utilization (%)      |    ~0   |      0|    ~0   |        1|
+---------------------+---------+-------+---------+---------+

+ Detail: 
    * Instance: 
    N/A

    * DSP48: 
    N/A

    * Memory: 
    +---------------+-------------------------------------------------------------------------+---------+---+----+------+-----+------+-------------+
    |     Memory    |                                  Module                                 | BRAM_18K| FF| LUT| Words| Bits| Banks| W*Bits*Banks|
    +---------------+-------------------------------------------------------------------------+---------+---+----+------+-----+------+-------------+
    |tanh_table1_U  |tanh_ap_fixed_16_6_5_3_0_ap_fixed_16_6_5_3_0_tanh_config5_s_tanh_table1  |        1|  0|   0|  1024|   11|     1|        11264|
    +---------------+-------------------------------------------------------------------------+---------+---+----+------+-----+------+-------------+
    |Total          |                                                                         |        1|  0|   0|  1024|   11|     1|        11264|
    +---------------+-------------------------------------------------------------------------+---------+---+----+------+-----+------+-------------+

    * FIFO: 
    N/A

    * Expression: 
    +---------------------------+----------+-------+---+-----+------------+------------+
    |       Variable Name       | Operation| DSP48E| FF| LUT | Bitwidth P0| Bitwidth P1|
    +---------------------------+----------+-------+---+-----+------------+------------+
    |index_10_cast_fu_4123_p2   |     +    |      0|  0|   20|          10|          13|
    |index_10_fu_4117_p2        |     +    |      0|  0|   21|          10|          14|
    |index_11_cast_fu_4235_p2   |     +    |      0|  0|   20|          10|          13|
    |index_11_fu_4229_p2        |     +    |      0|  0|   21|          10|          14|
    |index_12_cast_fu_4355_p2   |     +    |      0|  0|   20|          10|          13|
    |index_12_fu_4349_p2        |     +    |      0|  0|   21|          10|          14|
    |index_13_cast_fu_4467_p2   |     +    |      0|  0|   20|          10|          13|
    |index_13_fu_4461_p2        |     +    |      0|  0|   21|          10|          14|
    |index_14_cast_fu_4587_p2   |     +    |      0|  0|   20|          10|          13|
    |index_14_fu_4581_p2        |     +    |      0|  0|   21|          10|          14|
    |index_15_cast_fu_4699_p2   |     +    |      0|  0|   20|          10|          13|
    |index_15_fu_4693_p2        |     +    |      0|  0|   21|          10|          14|
    |index_16_cast_fu_4819_p2   |     +    |      0|  0|   20|          10|          13|
    |index_16_fu_4813_p2        |     +    |      0|  0|   21|          10|          14|
    |index_17_cast_fu_4931_p2   |     +    |      0|  0|   20|          10|          13|
    |index_17_fu_4925_p2        |     +    |      0|  0|   21|          10|          14|
    |index_18_cast_fu_5051_p2   |     +    |      0|  0|   20|          10|          13|
    |index_18_fu_5045_p2        |     +    |      0|  0|   21|          10|          14|
    |index_19_cast_fu_5163_p2   |     +    |      0|  0|   20|          10|          13|
    |index_19_fu_5157_p2        |     +    |      0|  0|   21|          10|          14|
    |index_20_cast_fu_5283_p2   |     +    |      0|  0|   20|          10|          13|
    |index_20_fu_5277_p2        |     +    |      0|  0|   21|          10|          14|
    |index_21_cast_fu_5395_p2   |     +    |      0|  0|   20|          10|          13|
    |index_21_fu_5389_p2        |     +    |      0|  0|   21|          10|          14|
    |index_22_cast_fu_5515_p2   |     +    |      0|  0|   20|          10|          13|
    |index_22_fu_5509_p2        |     +    |      0|  0|   21|          10|          14|
    |index_23_cast_fu_5627_p2   |     +    |      0|  0|   20|          10|          13|
    |index_23_fu_5621_p2        |     +    |      0|  0|   21|          10|          14|
    |index_24_cast_fu_5747_p2   |     +    |      0|  0|   20|          10|          13|
    |index_24_fu_5741_p2        |     +    |      0|  0|   21|          10|          14|
    |index_25_cast_fu_5859_p2   |     +    |      0|  0|   20|          10|          13|
    |index_25_fu_5853_p2        |     +    |      0|  0|   21|          10|          14|
    |index_26_cast_fu_5979_p2   |     +    |      0|  0|   20|          10|          13|
    |index_26_fu_5973_p2        |     +    |      0|  0|   21|          10|          14|
    |index_27_cast_fu_6091_p2   |     +    |      0|  0|   20|          10|          13|
    |index_27_fu_6085_p2        |     +    |      0|  0|   21|          10|          14|
    |index_28_cast_fu_6211_p2   |     +    |      0|  0|   20|          10|          13|
    |index_28_fu_6205_p2        |     +    |      0|  0|   21|          10|          14|
    |index_29_cast_fu_6323_p2   |     +    |      0|  0|   20|          10|          13|
    |index_29_fu_6317_p2        |     +    |      0|  0|   21|          10|          14|
    |index_2_cast_fu_3195_p2    |     +    |      0|  0|   20|          10|          13|
    |index_2_fu_3189_p2         |     +    |      0|  0|   21|          10|          14|
    |index_30_cast_fu_6443_p2   |     +    |      0|  0|   20|          10|          13|
    |index_30_fu_6437_p2        |     +    |      0|  0|   21|          10|          14|
    |index_31_cast_fu_6555_p2   |     +    |      0|  0|   20|          10|          13|
    |index_31_fu_6549_p2        |     +    |      0|  0|   21|          10|          14|
    |index_32_cast_fu_6675_p2   |     +    |      0|  0|   20|          10|          13|
    |index_32_fu_6669_p2        |     +    |      0|  0|   21|          10|          14|
    |index_33_cast_fu_6787_p2   |     +    |      0|  0|   20|          10|          13|
    |index_33_fu_6781_p2        |     +    |      0|  0|   21|          10|          14|
    |index_34_cast_fu_6907_p2   |     +    |      0|  0|   20|          10|          13|
    |index_34_fu_6901_p2        |     +    |      0|  0|   21|          10|          14|
    |index_35_cast_fu_7019_p2   |     +    |      0|  0|   20|          10|          13|
    |index_35_fu_7013_p2        |     +    |      0|  0|   21|          10|          14|
    |index_36_cast_fu_7139_p2   |     +    |      0|  0|   20|          10|          13|
    |index_36_fu_7133_p2        |     +    |      0|  0|   21|          10|          14|
    |index_37_cast_fu_7251_p2   |     +    |      0|  0|   20|          10|          13|
    |index_37_fu_7245_p2        |     +    |      0|  0|   21|          10|          14|
    |index_38_cast_fu_7371_p2   |     +    |      0|  0|   20|          10|          13|
    |index_38_fu_7365_p2        |     +    |      0|  0|   21|          10|          14|
    |index_39_cast_fu_7483_p2   |     +    |      0|  0|   20|          10|          13|
    |index_39_fu_7477_p2        |     +    |      0|  0|   21|          10|          14|
    |index_3_cast_fu_3307_p2    |     +    |      0|  0|   20|          10|          13|
    |index_3_fu_3301_p2         |     +    |      0|  0|   21|          10|          14|
    |index_40_cast_fu_7603_p2   |     +    |      0|  0|   20|          10|          13|
    |index_40_fu_7597_p2        |     +    |      0|  0|   21|          10|          14|
    |index_41_cast_fu_7715_p2   |     +    |      0|  0|   20|          10|          13|
    |index_41_fu_7709_p2        |     +    |      0|  0|   21|          10|          14|
    |index_42_cast_fu_7835_p2   |     +    |      0|  0|   20|          10|          13|
    |index_42_fu_7829_p2        |     +    |      0|  0|   21|          10|          14|
    |index_43_cast_fu_7947_p2   |     +    |      0|  0|   20|          10|          13|
    |index_43_fu_7941_p2        |     +    |      0|  0|   21|          10|          14|
    |index_44_cast_fu_8067_p2   |     +    |      0|  0|   20|          10|          13|
    |index_44_fu_8061_p2        |     +    |      0|  0|   21|          10|          14|
    |index_45_cast_fu_8179_p2   |     +    |      0|  0|   20|          10|          13|
    |index_45_fu_8173_p2        |     +    |      0|  0|   21|          10|          14|
    |index_46_cast_fu_8299_p2   |     +    |      0|  0|   20|          10|          13|
    |index_46_fu_8293_p2        |     +    |      0|  0|   21|          10|          14|
    |index_47_cast_fu_8411_p2   |     +    |      0|  0|   20|          10|          13|
    |index_47_fu_8405_p2        |     +    |      0|  0|   21|          10|          14|
    |index_48_cast_fu_8531_p2   |     +    |      0|  0|   20|          10|          13|
    |index_48_fu_8525_p2        |     +    |      0|  0|   21|          10|          14|
    |index_49_cast_fu_8643_p2   |     +    |      0|  0|   20|          10|          13|
    |index_49_fu_8637_p2        |     +    |      0|  0|   21|          10|          14|
    |index_4_cast_fu_3427_p2    |     +    |      0|  0|   20|          10|          13|
    |index_4_fu_3421_p2         |     +    |      0|  0|   21|          10|          14|
    |index_50_cast_fu_8763_p2   |     +    |      0|  0|   20|          10|          13|
    |index_50_fu_8757_p2        |     +    |      0|  0|   21|          10|          14|
    |index_51_cast_fu_8875_p2   |     +    |      0|  0|   20|          10|          13|
    |index_51_fu_8869_p2        |     +    |      0|  0|   21|          10|          14|
    |index_52_cast_fu_8995_p2   |     +    |      0|  0|   20|          10|          13|
    |index_52_fu_8989_p2        |     +    |      0|  0|   21|          10|          14|
    |index_53_cast_fu_9107_p2   |     +    |      0|  0|   20|          10|          13|
    |index_53_fu_9101_p2        |     +    |      0|  0|   21|          10|          14|
    |index_54_cast_fu_9227_p2   |     +    |      0|  0|   20|          10|          13|
    |index_54_fu_9221_p2        |     +    |      0|  0|   21|          10|          14|
    |index_55_cast_fu_9339_p2   |     +    |      0|  0|   20|          10|          13|
    |index_55_fu_9333_p2        |     +    |      0|  0|   21|          10|          14|
    |index_56_cast_fu_9459_p2   |     +    |      0|  0|   20|          10|          13|
    |index_56_fu_9453_p2        |     +    |      0|  0|   21|          10|          14|
    |index_57_cast_fu_9571_p2   |     +    |      0|  0|   20|          10|          13|
    |index_57_fu_9565_p2        |     +    |      0|  0|   21|          10|          14|
    |index_58_cast_fu_9691_p2   |     +    |      0|  0|   20|          10|          13|
    |index_58_fu_9685_p2        |     +    |      0|  0|   21|          10|          14|
    |index_59_cast_fu_9803_p2   |     +    |      0|  0|   20|          10|          13|
    |index_59_fu_9797_p2        |     +    |      0|  0|   21|          10|          14|
    |index_5_cast_fu_3539_p2    |     +    |      0|  0|   20|          10|          13|
    |index_5_fu_3533_p2         |     +    |      0|  0|   21|          10|          14|
    |index_60_cast_fu_9923_p2   |     +    |      0|  0|   20|          10|          13|
    |index_60_fu_9917_p2        |     +    |      0|  0|   21|          10|          14|
    |index_61_cast_fu_10035_p2  |     +    |      0|  0|   20|          10|          13|
    |index_61_fu_10029_p2       |     +    |      0|  0|   21|          10|          14|
    |index_62_cast_fu_10155_p2  |     +    |      0|  0|   20|          10|          13|
    |index_62_fu_10149_p2       |     +    |      0|  0|   21|          10|          14|
    |index_63_cast_fu_10267_p2  |     +    |      0|  0|   20|          10|          13|
    |index_63_fu_10261_p2       |     +    |      0|  0|   21|          10|          14|
    |index_64_cast_fu_10387_p2  |     +    |      0|  0|   20|          10|          13|
    |index_64_fu_10381_p2       |     +    |      0|  0|   21|          10|          14|
    |index_65_cast_fu_10499_p2  |     +    |      0|  0|   20|          10|          13|
    |index_65_fu_10493_p2       |     +    |      0|  0|   21|          10|          14|
    |index_66_cast_fu_10619_p2  |     +    |      0|  0|   20|          10|          13|
    |index_66_fu_10613_p2       |     +    |      0|  0|   21|          10|          14|
    |index_67_cast_fu_10731_p2  |     +    |      0|  0|   20|          10|          13|
    |index_67_fu_10725_p2       |     +    |      0|  0|   21|          10|          14|
    |index_68_cast_fu_10851_p2  |     +    |      0|  0|   20|          10|          13|
    |index_68_fu_10845_p2       |     +    |      0|  0|   21|          10|          14|
    |index_69_cast_fu_10963_p2  |     +    |      0|  0|   20|          10|          13|
    |index_69_fu_10957_p2       |     +    |      0|  0|   21|          10|          14|
    |index_6_cast_fu_3659_p2    |     +    |      0|  0|   20|          10|          13|
    |index_6_fu_3653_p2         |     +    |      0|  0|   21|          10|          14|
    |index_70_cast_fu_11083_p2  |     +    |      0|  0|   20|          10|          13|
    |index_70_fu_11077_p2       |     +    |      0|  0|   21|          10|          14|
    |index_71_cast_fu_11195_p2  |     +    |      0|  0|   20|          10|          13|
    |index_71_fu_11189_p2       |     +    |      0|  0|   21|          10|          14|
    |index_72_cast_fu_11315_p2  |     +    |      0|  0|   20|          10|          13|
    |index_72_fu_11309_p2       |     +    |      0|  0|   21|          10|          14|
    |index_73_cast_fu_11427_p2  |     +    |      0|  0|   20|          10|          13|
    |index_73_fu_11421_p2       |     +    |      0|  0|   21|          10|          14|
    |index_74_cast_fu_11547_p2  |     +    |      0|  0|   20|          10|          13|
    |index_74_fu_11541_p2       |     +    |      0|  0|   21|          10|          14|
    |index_75_cast_fu_11659_p2  |     +    |      0|  0|   20|          10|          13|
    |index_75_fu_11653_p2       |     +    |      0|  0|   21|          10|          14|
    |index_76_cast_fu_11779_p2  |     +    |      0|  0|   20|          10|          13|
    |index_76_fu_11773_p2       |     +    |      0|  0|   21|          10|          14|
    |index_77_cast_fu_11891_p2  |     +    |      0|  0|   20|          10|          13|
    |index_77_fu_11885_p2       |     +    |      0|  0|   21|          10|          14|
    |index_78_cast_fu_12011_p2  |     +    |      0|  0|   20|          10|          13|
    |index_78_fu_12005_p2       |     +    |      0|  0|   21|          10|          14|
    |index_79_cast_fu_12123_p2  |     +    |      0|  0|   20|          10|          13|
    |index_79_fu_12117_p2       |     +    |      0|  0|   21|          10|          14|
    |index_7_cast_fu_3771_p2    |     +    |      0|  0|   20|          10|          13|
    |index_7_fu_3765_p2         |     +    |      0|  0|   21|          10|          14|
    |index_80_cast_fu_12243_p2  |     +    |      0|  0|   20|          10|          13|
    |index_80_fu_12237_p2       |     +    |      0|  0|   21|          10|          14|
    |index_81_cast_fu_12355_p2  |     +    |      0|  0|   20|          10|          13|
    |index_81_fu_12349_p2       |     +    |      0|  0|   21|          10|          14|
    |index_82_cast_fu_12475_p2  |     +    |      0|  0|   20|          10|          13|
    |index_82_fu_12469_p2       |     +    |      0|  0|   21|          10|          14|
    |index_83_cast_fu_12587_p2  |     +    |      0|  0|   20|          10|          13|
    |index_83_fu_12581_p2       |     +    |      0|  0|   21|          10|          14|
    |index_84_cast_fu_12707_p2  |     +    |      0|  0|   20|          10|          13|
    |index_84_fu_12701_p2       |     +    |      0|  0|   21|          10|          14|
    |index_85_cast_fu_12819_p2  |     +    |      0|  0|   20|          10|          13|
    |index_85_fu_12813_p2       |     +    |      0|  0|   21|          10|          14|
    |index_86_cast_fu_12939_p2  |     +    |      0|  0|   20|          10|          13|
    |index_86_fu_12933_p2       |     +    |      0|  0|   21|          10|          14|
    |index_87_cast_fu_13051_p2  |     +    |      0|  0|   20|          10|          13|
    |index_87_fu_13045_p2       |     +    |      0|  0|   21|          10|          14|
    |index_88_cast_fu_13171_p2  |     +    |      0|  0|   20|          10|          13|
    |index_88_fu_13165_p2       |     +    |      0|  0|   21|          10|          14|
    |index_89_cast_fu_13283_p2  |     +    |      0|  0|   20|          10|          13|
    |index_89_fu_13277_p2       |     +    |      0|  0|   21|          10|          14|
    |index_8_cast_fu_3891_p2    |     +    |      0|  0|   20|          10|          13|
    |index_8_fu_3885_p2         |     +    |      0|  0|   21|          10|          14|
    |index_90_cast_fu_13403_p2  |     +    |      0|  0|   20|          10|          13|
    |index_90_fu_13397_p2       |     +    |      0|  0|   21|          10|          14|
    |index_91_cast_fu_13515_p2  |     +    |      0|  0|   20|          10|          13|
    |index_91_fu_13509_p2       |     +    |      0|  0|   21|          10|          14|
    |index_92_cast_fu_13635_p2  |     +    |      0|  0|   20|          10|          13|
    |index_92_fu_13629_p2       |     +    |      0|  0|   21|          10|          14|
    |index_93_cast_fu_13747_p2  |     +    |      0|  0|   20|          10|          13|
    |index_93_fu_13741_p2       |     +    |      0|  0|   21|          10|          14|
    |index_94_cast_fu_13867_p2  |     +    |      0|  0|   20|          10|          13|
    |index_94_fu_13861_p2       |     +    |      0|  0|   21|          10|          14|
    |index_95_cast_fu_13979_p2  |     +    |      0|  0|   20|          10|          13|
    |index_95_fu_13973_p2       |     +    |      0|  0|   21|          10|          14|
    |index_96_cast_fu_14099_p2  |     +    |      0|  0|   20|          10|          13|
    |index_96_fu_14093_p2       |     +    |      0|  0|   21|          10|          14|
    |index_97_cast_fu_14211_p2  |     +    |      0|  0|   20|          10|          13|
    |index_97_fu_14205_p2       |     +    |      0|  0|   21|          10|          14|
    |index_98_cast_fu_14331_p2  |     +    |      0|  0|   20|          10|          13|
    |index_98_fu_14325_p2       |     +    |      0|  0|   21|          10|          14|
    |index_99_cast_fu_14443_p2  |     +    |      0|  0|   20|          10|          13|
    |index_99_fu_14437_p2       |     +    |      0|  0|   21|          10|          14|
    |index_9_cast_fu_4003_p2    |     +    |      0|  0|   20|          10|          13|
    |index_9_fu_3997_p2         |     +    |      0|  0|   21|          10|          14|
    |index_cast_21_fu_3075_p2   |     +    |      0|  0|   20|          10|          13|
    |index_cast_fu_2963_p2      |     +    |      0|  0|   20|          10|          13|
    |index_fu_2957_p2           |     +    |      0|  0|   21|          10|          14|
    |index_s_fu_3069_p2         |     +    |      0|  0|   21|          10|          14|
    |ret_V_2_10_fu_4203_p2      |     +    |      0|  0|   21|           1|          14|
    |ret_V_2_11_fu_4323_p2      |     +    |      0|  0|   21|           1|          14|
    |ret_V_2_12_fu_4435_p2      |     +    |      0|  0|   21|           1|          14|
    |ret_V_2_13_fu_4555_p2      |     +    |      0|  0|   21|           1|          14|
    |ret_V_2_14_fu_4667_p2      |     +    |      0|  0|   21|           1|          14|
    |ret_V_2_15_fu_4787_p2      |     +    |      0|  0|   21|           1|          14|
    |ret_V_2_16_fu_4899_p2      |     +    |      0|  0|   21|           1|          14|
    |ret_V_2_17_fu_5019_p2      |     +    |      0|  0|   21|           1|          14|
    |ret_V_2_18_fu_5131_p2      |     +    |      0|  0|   21|           1|          14|
    |ret_V_2_19_fu_5251_p2      |     +    |      0|  0|   21|           1|          14|
    |ret_V_2_1_fu_3043_p2       |     +    |      0|  0|   21|           1|          14|
    |ret_V_2_20_fu_5363_p2      |     +    |      0|  0|   21|           1|          14|
    |ret_V_2_21_fu_5483_p2      |     +    |      0|  0|   21|           1|          14|
    |ret_V_2_22_fu_5595_p2      |     +    |      0|  0|   21|           1|          14|
    |ret_V_2_23_fu_5715_p2      |     +    |      0|  0|   21|           1|          14|
    |ret_V_2_24_fu_5827_p2      |     +    |      0|  0|   21|           1|          14|
    |ret_V_2_25_fu_5947_p2      |     +    |      0|  0|   21|           1|          14|
    |ret_V_2_26_fu_6059_p2      |     +    |      0|  0|   21|           1|          14|
    |ret_V_2_27_fu_6179_p2      |     +    |      0|  0|   21|           1|          14|
    |ret_V_2_28_fu_6291_p2      |     +    |      0|  0|   21|           1|          14|
    |ret_V_2_29_fu_6411_p2      |     +    |      0|  0|   21|           1|          14|
    |ret_V_2_2_fu_3163_p2       |     +    |      0|  0|   21|           1|          14|
    |ret_V_2_30_fu_6523_p2      |     +    |      0|  0|   21|           1|          14|
    |ret_V_2_31_fu_6643_p2      |     +    |      0|  0|   21|           1|          14|
    |ret_V_2_32_fu_6755_p2      |     +    |      0|  0|   21|           1|          14|
    |ret_V_2_33_fu_6875_p2      |     +    |      0|  0|   21|           1|          14|
    |ret_V_2_34_fu_6987_p2      |     +    |      0|  0|   21|           1|          14|
    |ret_V_2_35_fu_7107_p2      |     +    |      0|  0|   21|           1|          14|
    |ret_V_2_36_fu_7219_p2      |     +    |      0|  0|   21|           1|          14|
    |ret_V_2_37_fu_7339_p2      |     +    |      0|  0|   21|           1|          14|
    |ret_V_2_38_fu_7451_p2      |     +    |      0|  0|   21|           1|          14|
    |ret_V_2_39_fu_7571_p2      |     +    |      0|  0|   21|           1|          14|
    |ret_V_2_3_fu_3275_p2       |     +    |      0|  0|   21|           1|          14|
    |ret_V_2_40_fu_7683_p2      |     +    |      0|  0|   21|           1|          14|
    |ret_V_2_41_fu_7803_p2      |     +    |      0|  0|   21|           1|          14|
    |ret_V_2_42_fu_7915_p2      |     +    |      0|  0|   21|           1|          14|
    |ret_V_2_43_fu_8035_p2      |     +    |      0|  0|   21|           1|          14|
    |ret_V_2_44_fu_8147_p2      |     +    |      0|  0|   21|           1|          14|
    |ret_V_2_45_fu_8267_p2      |     +    |      0|  0|   21|           1|          14|
    |ret_V_2_46_fu_8379_p2      |     +    |      0|  0|   21|           1|          14|
    |ret_V_2_47_fu_8499_p2      |     +    |      0|  0|   21|           1|          14|
    |ret_V_2_48_fu_8611_p2      |     +    |      0|  0|   21|           1|          14|
    |ret_V_2_49_fu_8731_p2      |     +    |      0|  0|   21|           1|          14|
    |ret_V_2_4_fu_3395_p2       |     +    |      0|  0|   21|           1|          14|
    |ret_V_2_50_fu_8843_p2      |     +    |      0|  0|   21|           1|          14|
    |ret_V_2_51_fu_8963_p2      |     +    |      0|  0|   21|           1|          14|
    |ret_V_2_52_fu_9075_p2      |     +    |      0|  0|   21|           1|          14|
    |ret_V_2_53_fu_9195_p2      |     +    |      0|  0|   21|           1|          14|
    |ret_V_2_54_fu_9307_p2      |     +    |      0|  0|   21|           1|          14|
    |ret_V_2_55_fu_9427_p2      |     +    |      0|  0|   21|           1|          14|
    |ret_V_2_56_fu_9539_p2      |     +    |      0|  0|   21|           1|          14|
    |ret_V_2_57_fu_9659_p2      |     +    |      0|  0|   21|           1|          14|
    |ret_V_2_58_fu_9771_p2      |     +    |      0|  0|   21|           1|          14|
    |ret_V_2_59_fu_9891_p2      |     +    |      0|  0|   21|           1|          14|
    |ret_V_2_5_fu_3507_p2       |     +    |      0|  0|   21|           1|          14|
    |ret_V_2_60_fu_10003_p2     |     +    |      0|  0|   21|           1|          14|
    |ret_V_2_61_fu_10123_p2     |     +    |      0|  0|   21|           1|          14|
    |ret_V_2_62_fu_10235_p2     |     +    |      0|  0|   21|           1|          14|
    |ret_V_2_63_fu_10355_p2     |     +    |      0|  0|   21|           1|          14|
    |ret_V_2_64_fu_10467_p2     |     +    |      0|  0|   21|           1|          14|
    |ret_V_2_65_fu_10587_p2     |     +    |      0|  0|   21|           1|          14|
    |ret_V_2_66_fu_10699_p2     |     +    |      0|  0|   21|           1|          14|
    |ret_V_2_67_fu_10819_p2     |     +    |      0|  0|   21|           1|          14|
    |ret_V_2_68_fu_10931_p2     |     +    |      0|  0|   21|           1|          14|
    |ret_V_2_69_fu_11051_p2     |     +    |      0|  0|   21|           1|          14|
    |ret_V_2_6_fu_3627_p2       |     +    |      0|  0|   21|           1|          14|
    |ret_V_2_70_fu_11163_p2     |     +    |      0|  0|   21|           1|          14|
    |ret_V_2_71_fu_11283_p2     |     +    |      0|  0|   21|           1|          14|
    |ret_V_2_72_fu_11395_p2     |     +    |      0|  0|   21|           1|          14|
    |ret_V_2_73_fu_11515_p2     |     +    |      0|  0|   21|           1|          14|
    |ret_V_2_74_fu_11627_p2     |     +    |      0|  0|   21|           1|          14|
    |ret_V_2_75_fu_11747_p2     |     +    |      0|  0|   21|           1|          14|
    |ret_V_2_76_fu_11859_p2     |     +    |      0|  0|   21|           1|          14|
    |ret_V_2_77_fu_11979_p2     |     +    |      0|  0|   21|           1|          14|
    |ret_V_2_78_fu_12091_p2     |     +    |      0|  0|   21|           1|          14|
    |ret_V_2_79_fu_12211_p2     |     +    |      0|  0|   21|           1|          14|
    |ret_V_2_7_fu_3739_p2       |     +    |      0|  0|   21|           1|          14|
    |ret_V_2_80_fu_12323_p2     |     +    |      0|  0|   21|           1|          14|
    |ret_V_2_81_fu_12443_p2     |     +    |      0|  0|   21|           1|          14|
    |ret_V_2_82_fu_12555_p2     |     +    |      0|  0|   21|           1|          14|
    |ret_V_2_83_fu_12675_p2     |     +    |      0|  0|   21|           1|          14|
    |ret_V_2_84_fu_12787_p2     |     +    |      0|  0|   21|           1|          14|
    |ret_V_2_85_fu_12907_p2     |     +    |      0|  0|   21|           1|          14|
    |ret_V_2_86_fu_13019_p2     |     +    |      0|  0|   21|           1|          14|
    |ret_V_2_87_fu_13139_p2     |     +    |      0|  0|   21|           1|          14|
    |ret_V_2_88_fu_13251_p2     |     +    |      0|  0|   21|           1|          14|
    |ret_V_2_89_fu_13371_p2     |     +    |      0|  0|   21|           1|          14|
    |ret_V_2_8_fu_3859_p2       |     +    |      0|  0|   21|           1|          14|
    |ret_V_2_90_fu_13483_p2     |     +    |      0|  0|   21|           1|          14|
    |ret_V_2_91_fu_13603_p2     |     +    |      0|  0|   21|           1|          14|
    |ret_V_2_92_fu_13715_p2     |     +    |      0|  0|   21|           1|          14|
    |ret_V_2_93_fu_13835_p2     |     +    |      0|  0|   21|           1|          14|
    |ret_V_2_94_fu_13947_p2     |     +    |      0|  0|   21|           1|          14|
    |ret_V_2_95_fu_14067_p2     |     +    |      0|  0|   21|           1|          14|
    |ret_V_2_96_fu_14179_p2     |     +    |      0|  0|   21|           1|          14|
    |ret_V_2_97_fu_14299_p2     |     +    |      0|  0|   21|           1|          14|
    |ret_V_2_98_fu_14411_p2     |     +    |      0|  0|   21|           1|          14|
    |ret_V_2_9_fu_3971_p2       |     +    |      0|  0|   21|           1|          14|
    |ret_V_2_fu_2931_p2         |     +    |      0|  0|   21|           1|          14|
    |ret_V_2_s_fu_4091_p2       |     +    |      0|  0|   21|           1|          14|
    |ap_block_pp0_stage0_11001  |    and   |      0|  0|    2|           1|           1|
    |icmp100_fu_13671_p2        |   icmp   |      0|  0|    9|           3|           1|
    |icmp101_fu_13783_p2        |   icmp   |      0|  0|    9|           3|           1|
    |icmp102_fu_13903_p2        |   icmp   |      0|  0|    9|           3|           1|
    |icmp103_fu_14015_p2        |   icmp   |      0|  0|    9|           3|           1|
    |icmp104_fu_14135_p2        |   icmp   |      0|  0|    9|           3|           1|
    |icmp105_fu_14247_p2        |   icmp   |      0|  0|    9|           3|           1|
    |icmp106_fu_14367_p2        |   icmp   |      0|  0|    9|           3|           1|
    |icmp107_fu_14479_p2        |   icmp   |      0|  0|    9|           3|           1|
    |icmp10_fu_3231_p2          |   icmp   |      0|  0|    9|           3|           1|
    |icmp11_fu_3343_p2          |   icmp   |      0|  0|    9|           3|           1|
    |icmp12_fu_3463_p2          |   icmp   |      0|  0|    9|           3|           1|
    |icmp13_fu_3575_p2          |   icmp   |      0|  0|    9|           3|           1|
    |icmp14_fu_3695_p2          |   icmp   |      0|  0|    9|           3|           1|
    |icmp15_fu_3807_p2          |   icmp   |      0|  0|    9|           3|           1|
    |icmp16_fu_3927_p2          |   icmp   |      0|  0|    9|           3|           1|
    |icmp17_fu_4039_p2          |   icmp   |      0|  0|    9|           3|           1|
    |icmp18_fu_4159_p2          |   icmp   |      0|  0|    9|           3|           1|
    |icmp19_fu_4271_p2          |   icmp   |      0|  0|    9|           3|           1|
    |icmp20_fu_4391_p2          |   icmp   |      0|  0|    9|           3|           1|
    |icmp21_fu_4503_p2          |   icmp   |      0|  0|    9|           3|           1|
    |icmp22_fu_4623_p2          |   icmp   |      0|  0|    9|           3|           1|
    |icmp23_fu_4735_p2          |   icmp   |      0|  0|    9|           3|           1|
    |icmp24_fu_4855_p2          |   icmp   |      0|  0|    9|           3|           1|
    |icmp25_fu_4967_p2          |   icmp   |      0|  0|    9|           3|           1|
    |icmp26_fu_5087_p2          |   icmp   |      0|  0|    9|           3|           1|
    |icmp27_fu_5199_p2          |   icmp   |      0|  0|    9|           3|           1|
    |icmp28_fu_5319_p2          |   icmp   |      0|  0|    9|           3|           1|
    |icmp29_fu_5431_p2          |   icmp   |      0|  0|    9|           3|           1|
    |icmp30_fu_5551_p2          |   icmp   |      0|  0|    9|           3|           1|
    |icmp31_fu_5663_p2          |   icmp   |      0|  0|    9|           3|           1|
    |icmp32_fu_5783_p2          |   icmp   |      0|  0|    9|           3|           1|
    |icmp33_fu_5895_p2          |   icmp   |      0|  0|    9|           3|           1|
    |icmp34_fu_6015_p2          |   icmp   |      0|  0|    9|           3|           1|
    |icmp35_fu_6127_p2          |   icmp   |      0|  0|    9|           3|           1|
    |icmp36_fu_6247_p2          |   icmp   |      0|  0|    9|           3|           1|
    |icmp37_fu_6359_p2          |   icmp   |      0|  0|    9|           3|           1|
    |icmp38_fu_6479_p2          |   icmp   |      0|  0|    9|           3|           1|
    |icmp39_fu_6591_p2          |   icmp   |      0|  0|    9|           3|           1|
    |icmp40_fu_6711_p2          |   icmp   |      0|  0|    9|           3|           1|
    |icmp41_fu_6823_p2          |   icmp   |      0|  0|    9|           3|           1|
    |icmp42_fu_6943_p2          |   icmp   |      0|  0|    9|           3|           1|
    |icmp43_fu_7055_p2          |   icmp   |      0|  0|    9|           3|           1|
    |icmp44_fu_7175_p2          |   icmp   |      0|  0|    9|           3|           1|
    |icmp45_fu_7287_p2          |   icmp   |      0|  0|    9|           3|           1|
    |icmp46_fu_7407_p2          |   icmp   |      0|  0|    9|           3|           1|
    |icmp47_fu_7519_p2          |   icmp   |      0|  0|    9|           3|           1|
    |icmp48_fu_7639_p2          |   icmp   |      0|  0|    9|           3|           1|
    |icmp49_fu_7751_p2          |   icmp   |      0|  0|    9|           3|           1|
    |icmp50_fu_7871_p2          |   icmp   |      0|  0|    9|           3|           1|
    |icmp51_fu_7983_p2          |   icmp   |      0|  0|    9|           3|           1|
    |icmp52_fu_8103_p2          |   icmp   |      0|  0|    9|           3|           1|
    |icmp53_fu_8215_p2          |   icmp   |      0|  0|    9|           3|           1|
    |icmp54_fu_8335_p2          |   icmp   |      0|  0|    9|           3|           1|
    |icmp55_fu_8447_p2          |   icmp   |      0|  0|    9|           3|           1|
    |icmp56_fu_8567_p2          |   icmp   |      0|  0|    9|           3|           1|
    |icmp57_fu_8679_p2          |   icmp   |      0|  0|    9|           3|           1|
    |icmp58_fu_8799_p2          |   icmp   |      0|  0|    9|           3|           1|
    |icmp59_fu_8911_p2          |   icmp   |      0|  0|    9|           3|           1|
    |icmp60_fu_9031_p2          |   icmp   |      0|  0|    9|           3|           1|
    |icmp61_fu_9143_p2          |   icmp   |      0|  0|    9|           3|           1|
    |icmp62_fu_9263_p2          |   icmp   |      0|  0|    9|           3|           1|
    |icmp63_fu_9375_p2          |   icmp   |      0|  0|    9|           3|           1|
    |icmp64_fu_9495_p2          |   icmp   |      0|  0|    9|           3|           1|
    |icmp65_fu_9607_p2          |   icmp   |      0|  0|    9|           3|           1|
    |icmp66_fu_9727_p2          |   icmp   |      0|  0|    9|           3|           1|
    |icmp67_fu_9839_p2          |   icmp   |      0|  0|    9|           3|           1|
    |icmp68_fu_9959_p2          |   icmp   |      0|  0|    9|           3|           1|
    |icmp69_fu_10071_p2         |   icmp   |      0|  0|    9|           3|           1|
    |icmp6_fu_3111_p2           |   icmp   |      0|  0|    9|           3|           1|
    |icmp70_fu_10191_p2         |   icmp   |      0|  0|    9|           3|           1|
    |icmp71_fu_10303_p2         |   icmp   |      0|  0|    9|           3|           1|
    |icmp72_fu_10423_p2         |   icmp   |      0|  0|    9|           3|           1|
    |icmp73_fu_10535_p2         |   icmp   |      0|  0|    9|           3|           1|
    |icmp74_fu_10655_p2         |   icmp   |      0|  0|    9|           3|           1|
    |icmp75_fu_10767_p2         |   icmp   |      0|  0|    9|           3|           1|
    |icmp76_fu_10887_p2         |   icmp   |      0|  0|    9|           3|           1|
    |icmp77_fu_10999_p2         |   icmp   |      0|  0|    9|           3|           1|
    |icmp78_fu_11119_p2         |   icmp   |      0|  0|    9|           3|           1|
    |icmp79_fu_11231_p2         |   icmp   |      0|  0|    9|           3|           1|
    |icmp80_fu_11351_p2         |   icmp   |      0|  0|    9|           3|           1|
    |icmp81_fu_11463_p2         |   icmp   |      0|  0|    9|           3|           1|
    |icmp82_fu_11583_p2         |   icmp   |      0|  0|    9|           3|           1|
    |icmp83_fu_11695_p2         |   icmp   |      0|  0|    9|           3|           1|
    |icmp84_fu_11815_p2         |   icmp   |      0|  0|    9|           3|           1|
    |icmp85_fu_11927_p2         |   icmp   |      0|  0|    9|           3|           1|
    |icmp86_fu_12047_p2         |   icmp   |      0|  0|    9|           3|           1|
    |icmp87_fu_12159_p2         |   icmp   |      0|  0|    9|           3|           1|
    |icmp88_fu_12279_p2         |   icmp   |      0|  0|    9|           3|           1|
    |icmp89_fu_12391_p2         |   icmp   |      0|  0|    9|           3|           1|
    |icmp90_fu_12511_p2         |   icmp   |      0|  0|    9|           3|           1|
    |icmp91_fu_12623_p2         |   icmp   |      0|  0|    9|           3|           1|
    |icmp92_fu_12743_p2         |   icmp   |      0|  0|    9|           3|           1|
    |icmp93_fu_12855_p2         |   icmp   |      0|  0|    9|           3|           1|
    |icmp94_fu_12975_p2         |   icmp   |      0|  0|    9|           3|           1|
    |icmp95_fu_13087_p2         |   icmp   |      0|  0|    9|           3|           1|
    |icmp96_fu_13207_p2         |   icmp   |      0|  0|    9|           3|           1|
    |icmp97_fu_13319_p2         |   icmp   |      0|  0|    9|           3|           1|
    |icmp98_fu_13439_p2         |   icmp   |      0|  0|    9|           3|           1|
    |icmp99_fu_13551_p2         |   icmp   |      0|  0|    9|           3|           1|
    |icmp_fu_2999_p2            |   icmp   |      0|  0|    9|           3|           1|
    |tmp_9_10_fu_4197_p2        |   icmp   |      0|  0|   13|          10|           1|
    |tmp_9_11_fu_4317_p2        |   icmp   |      0|  0|   13|          10|           1|
    |tmp_9_12_fu_4429_p2        |   icmp   |      0|  0|   13|          10|           1|
    |tmp_9_13_fu_4549_p2        |   icmp   |      0|  0|   13|          10|           1|
    |tmp_9_14_fu_4661_p2        |   icmp   |      0|  0|   13|          10|           1|
    |tmp_9_15_fu_4781_p2        |   icmp   |      0|  0|   13|          10|           1|
    |tmp_9_16_fu_4893_p2        |   icmp   |      0|  0|   13|          10|           1|
    |tmp_9_17_fu_5013_p2        |   icmp   |      0|  0|   13|          10|           1|
    |tmp_9_18_fu_5125_p2        |   icmp   |      0|  0|   13|          10|           1|
    |tmp_9_19_fu_5245_p2        |   icmp   |      0|  0|   13|          10|           1|
    |tmp_9_1_fu_3037_p2         |   icmp   |      0|  0|   13|          10|           1|
    |tmp_9_20_fu_5357_p2        |   icmp   |      0|  0|   13|          10|           1|
    |tmp_9_21_fu_5477_p2        |   icmp   |      0|  0|   13|          10|           1|
    |tmp_9_22_fu_5589_p2        |   icmp   |      0|  0|   13|          10|           1|
    |tmp_9_23_fu_5709_p2        |   icmp   |      0|  0|   13|          10|           1|
    |tmp_9_24_fu_5821_p2        |   icmp   |      0|  0|   13|          10|           1|
    |tmp_9_25_fu_5941_p2        |   icmp   |      0|  0|   13|          10|           1|
    |tmp_9_26_fu_6053_p2        |   icmp   |      0|  0|   13|          10|           1|
    |tmp_9_27_fu_6173_p2        |   icmp   |      0|  0|   13|          10|           1|
    |tmp_9_28_fu_6285_p2        |   icmp   |      0|  0|   13|          10|           1|
    |tmp_9_29_fu_6405_p2        |   icmp   |      0|  0|   13|          10|           1|
    |tmp_9_2_fu_3157_p2         |   icmp   |      0|  0|   13|          10|           1|
    |tmp_9_30_fu_6517_p2        |   icmp   |      0|  0|   13|          10|           1|
    |tmp_9_31_fu_6637_p2        |   icmp   |      0|  0|   13|          10|           1|
    |tmp_9_32_fu_6749_p2        |   icmp   |      0|  0|   13|          10|           1|
    |tmp_9_33_fu_6869_p2        |   icmp   |      0|  0|   13|          10|           1|
    |tmp_9_34_fu_6981_p2        |   icmp   |      0|  0|   13|          10|           1|
    |tmp_9_35_fu_7101_p2        |   icmp   |      0|  0|   13|          10|           1|
    |tmp_9_36_fu_7213_p2        |   icmp   |      0|  0|   13|          10|           1|
    |tmp_9_37_fu_7333_p2        |   icmp   |      0|  0|   13|          10|           1|
    |tmp_9_38_fu_7445_p2        |   icmp   |      0|  0|   13|          10|           1|
    |tmp_9_39_fu_7565_p2        |   icmp   |      0|  0|   13|          10|           1|
    |tmp_9_3_fu_3269_p2         |   icmp   |      0|  0|   13|          10|           1|
    |tmp_9_40_fu_7677_p2        |   icmp   |      0|  0|   13|          10|           1|
    |tmp_9_41_fu_7797_p2        |   icmp   |      0|  0|   13|          10|           1|
    |tmp_9_42_fu_7909_p2        |   icmp   |      0|  0|   13|          10|           1|
    |tmp_9_43_fu_8029_p2        |   icmp   |      0|  0|   13|          10|           1|
    |tmp_9_44_fu_8141_p2        |   icmp   |      0|  0|   13|          10|           1|
    |tmp_9_45_fu_8261_p2        |   icmp   |      0|  0|   13|          10|           1|
    |tmp_9_46_fu_8373_p2        |   icmp   |      0|  0|   13|          10|           1|
    |tmp_9_47_fu_8493_p2        |   icmp   |      0|  0|   13|          10|           1|
    |tmp_9_48_fu_8605_p2        |   icmp   |      0|  0|   13|          10|           1|
    |tmp_9_49_fu_8725_p2        |   icmp   |      0|  0|   13|          10|           1|
    |tmp_9_4_fu_3389_p2         |   icmp   |      0|  0|   13|          10|           1|
    |tmp_9_50_fu_8837_p2        |   icmp   |      0|  0|   13|          10|           1|
    |tmp_9_51_fu_8957_p2        |   icmp   |      0|  0|   13|          10|           1|
    |tmp_9_52_fu_9069_p2        |   icmp   |      0|  0|   13|          10|           1|
    |tmp_9_53_fu_9189_p2        |   icmp   |      0|  0|   13|          10|           1|
    |tmp_9_54_fu_9301_p2        |   icmp   |      0|  0|   13|          10|           1|
    |tmp_9_55_fu_9421_p2        |   icmp   |      0|  0|   13|          10|           1|
    |tmp_9_56_fu_9533_p2        |   icmp   |      0|  0|   13|          10|           1|
    |tmp_9_57_fu_9653_p2        |   icmp   |      0|  0|   13|          10|           1|
    |tmp_9_58_fu_9765_p2        |   icmp   |      0|  0|   13|          10|           1|
    |tmp_9_59_fu_9885_p2        |   icmp   |      0|  0|   13|          10|           1|
    |tmp_9_5_fu_3501_p2         |   icmp   |      0|  0|   13|          10|           1|
    |tmp_9_60_fu_9997_p2        |   icmp   |      0|  0|   13|          10|           1|
    |tmp_9_61_fu_10117_p2       |   icmp   |      0|  0|   13|          10|           1|
    |tmp_9_62_fu_10229_p2       |   icmp   |      0|  0|   13|          10|           1|
    |tmp_9_63_fu_10349_p2       |   icmp   |      0|  0|   13|          10|           1|
    |tmp_9_64_fu_10461_p2       |   icmp   |      0|  0|   13|          10|           1|
    |tmp_9_65_fu_10581_p2       |   icmp   |      0|  0|   13|          10|           1|
    |tmp_9_66_fu_10693_p2       |   icmp   |      0|  0|   13|          10|           1|
    |tmp_9_67_fu_10813_p2       |   icmp   |      0|  0|   13|          10|           1|
    |tmp_9_68_fu_10925_p2       |   icmp   |      0|  0|   13|          10|           1|
    |tmp_9_69_fu_11045_p2       |   icmp   |      0|  0|   13|          10|           1|
    |tmp_9_6_fu_3621_p2         |   icmp   |      0|  0|   13|          10|           1|
    |tmp_9_70_fu_11157_p2       |   icmp   |      0|  0|   13|          10|           1|
    |tmp_9_71_fu_11277_p2       |   icmp   |      0|  0|   13|          10|           1|
    |tmp_9_72_fu_11389_p2       |   icmp   |      0|  0|   13|          10|           1|
    |tmp_9_73_fu_11509_p2       |   icmp   |      0|  0|   13|          10|           1|
    |tmp_9_74_fu_11621_p2       |   icmp   |      0|  0|   13|          10|           1|
    |tmp_9_75_fu_11741_p2       |   icmp   |      0|  0|   13|          10|           1|
    |tmp_9_76_fu_11853_p2       |   icmp   |      0|  0|   13|          10|           1|
    |tmp_9_77_fu_11973_p2       |   icmp   |      0|  0|   13|          10|           1|
    |tmp_9_78_fu_12085_p2       |   icmp   |      0|  0|   13|          10|           1|
    |tmp_9_79_fu_12205_p2       |   icmp   |      0|  0|   13|          10|           1|
    |tmp_9_7_fu_3733_p2         |   icmp   |      0|  0|   13|          10|           1|
    |tmp_9_80_fu_12317_p2       |   icmp   |      0|  0|   13|          10|           1|
    |tmp_9_81_fu_12437_p2       |   icmp   |      0|  0|   13|          10|           1|
    |tmp_9_82_fu_12549_p2       |   icmp   |      0|  0|   13|          10|           1|
    |tmp_9_83_fu_12669_p2       |   icmp   |      0|  0|   13|          10|           1|
    |tmp_9_84_fu_12781_p2       |   icmp   |      0|  0|   13|          10|           1|
    |tmp_9_85_fu_12901_p2       |   icmp   |      0|  0|   13|          10|           1|
    |tmp_9_86_fu_13013_p2       |   icmp   |      0|  0|   13|          10|           1|
    |tmp_9_87_fu_13133_p2       |   icmp   |      0|  0|   13|          10|           1|
    |tmp_9_88_fu_13245_p2       |   icmp   |      0|  0|   13|          10|           1|
    |tmp_9_89_fu_13365_p2       |   icmp   |      0|  0|   13|          10|           1|
    |tmp_9_8_fu_3853_p2         |   icmp   |      0|  0|   13|          10|           1|
    |tmp_9_90_fu_13477_p2       |   icmp   |      0|  0|   13|          10|           1|
    |tmp_9_91_fu_13597_p2       |   icmp   |      0|  0|   13|          10|           1|
    |tmp_9_92_fu_13709_p2       |   icmp   |      0|  0|   13|          10|           1|
    |tmp_9_93_fu_13829_p2       |   icmp   |      0|  0|   13|          10|           1|
    |tmp_9_94_fu_13941_p2       |   icmp   |      0|  0|   13|          10|           1|
    |tmp_9_95_fu_14061_p2       |   icmp   |      0|  0|   13|          10|           1|
    |tmp_9_96_fu_14173_p2       |   icmp   |      0|  0|   13|          10|           1|
    |tmp_9_97_fu_14293_p2       |   icmp   |      0|  0|   13|          10|           1|
    |tmp_9_98_fu_14405_p2       |   icmp   |      0|  0|   13|          10|           1|
    |tmp_9_9_fu_3965_p2         |   icmp   |      0|  0|   13|          10|           1|
    |tmp_9_fu_2925_p2           |   icmp   |      0|  0|   13|          10|           1|
    |tmp_9_s_fu_4085_p2         |   icmp   |      0|  0|   13|          10|           1|
    |index_1_10_fu_4277_p3      |  select  |      0|  0|   10|           1|           2|
    |index_1_11_fu_4397_p3      |  select  |      0|  0|   10|           1|           2|
    |index_1_12_fu_4509_p3      |  select  |      0|  0|   10|           1|           2|
    |index_1_13_fu_4629_p3      |  select  |      0|  0|   10|           1|           2|
    |index_1_14_fu_4741_p3      |  select  |      0|  0|   10|           1|           2|
    |index_1_15_fu_4861_p3      |  select  |      0|  0|   10|           1|           2|
    |index_1_16_fu_4973_p3      |  select  |      0|  0|   10|           1|           2|
    |index_1_17_fu_5093_p3      |  select  |      0|  0|   10|           1|           2|
    |index_1_18_fu_5205_p3      |  select  |      0|  0|   10|           1|           2|
    |index_1_19_fu_5325_p3      |  select  |      0|  0|   10|           1|           2|
    |index_1_1_fu_3117_p3       |  select  |      0|  0|   10|           1|           2|
    |index_1_20_fu_5437_p3      |  select  |      0|  0|   10|           1|           2|
    |index_1_21_fu_5557_p3      |  select  |      0|  0|   10|           1|           2|
    |index_1_22_fu_5669_p3      |  select  |      0|  0|   10|           1|           2|
    |index_1_23_fu_5789_p3      |  select  |      0|  0|   10|           1|           2|
    |index_1_24_fu_5901_p3      |  select  |      0|  0|   10|           1|           2|
    |index_1_25_fu_6021_p3      |  select  |      0|  0|   10|           1|           2|
    |index_1_26_fu_6133_p3      |  select  |      0|  0|   10|           1|           2|
    |index_1_27_fu_6253_p3      |  select  |      0|  0|   10|           1|           2|
    |index_1_28_fu_6365_p3      |  select  |      0|  0|   10|           1|           2|
    |index_1_29_fu_6485_p3      |  select  |      0|  0|   10|           1|           2|
    |index_1_2_fu_3237_p3       |  select  |      0|  0|   10|           1|           2|
    |index_1_30_fu_6597_p3      |  select  |      0|  0|   10|           1|           2|
    |index_1_31_fu_6717_p3      |  select  |      0|  0|   10|           1|           2|
    |index_1_32_fu_6829_p3      |  select  |      0|  0|   10|           1|           2|
    |index_1_33_fu_6949_p3      |  select  |      0|  0|   10|           1|           2|
    |index_1_34_fu_7061_p3      |  select  |      0|  0|   10|           1|           2|
    |index_1_35_fu_7181_p3      |  select  |      0|  0|   10|           1|           2|
    |index_1_36_fu_7293_p3      |  select  |      0|  0|   10|           1|           2|
    |index_1_37_fu_7413_p3      |  select  |      0|  0|   10|           1|           2|
    |index_1_38_fu_7525_p3      |  select  |      0|  0|   10|           1|           2|
    |index_1_39_fu_7645_p3      |  select  |      0|  0|   10|           1|           2|
    |index_1_3_fu_3349_p3       |  select  |      0|  0|   10|           1|           2|
    |index_1_40_fu_7757_p3      |  select  |      0|  0|   10|           1|           2|
    |index_1_41_fu_7877_p3      |  select  |      0|  0|   10|           1|           2|
    |index_1_42_fu_7989_p3      |  select  |      0|  0|   10|           1|           2|
    |index_1_43_fu_8109_p3      |  select  |      0|  0|   10|           1|           2|
    |index_1_44_fu_8221_p3      |  select  |      0|  0|   10|           1|           2|
    |index_1_45_fu_8341_p3      |  select  |      0|  0|   10|           1|           2|
    |index_1_46_fu_8453_p3      |  select  |      0|  0|   10|           1|           2|
    |index_1_47_fu_8573_p3      |  select  |      0|  0|   10|           1|           2|
    |index_1_48_fu_8685_p3      |  select  |      0|  0|   10|           1|           2|
    |index_1_49_fu_8805_p3      |  select  |      0|  0|   10|           1|           2|
    |index_1_4_fu_3469_p3       |  select  |      0|  0|   10|           1|           2|
    |index_1_50_fu_8917_p3      |  select  |      0|  0|   10|           1|           2|
    |index_1_51_fu_9037_p3      |  select  |      0|  0|   10|           1|           2|
    |index_1_52_fu_9149_p3      |  select  |      0|  0|   10|           1|           2|
    |index_1_53_fu_9269_p3      |  select  |      0|  0|   10|           1|           2|
    |index_1_54_fu_9381_p3      |  select  |      0|  0|   10|           1|           2|
    |index_1_55_fu_9501_p3      |  select  |      0|  0|   10|           1|           2|
    |index_1_56_fu_9613_p3      |  select  |      0|  0|   10|           1|           2|
    |index_1_57_fu_9733_p3      |  select  |      0|  0|   10|           1|           2|
    |index_1_58_fu_9845_p3      |  select  |      0|  0|   10|           1|           2|
    |index_1_59_fu_9965_p3      |  select  |      0|  0|   10|           1|           2|
    |index_1_5_fu_3581_p3       |  select  |      0|  0|   10|           1|           2|
    |index_1_60_fu_10077_p3     |  select  |      0|  0|   10|           1|           2|
    |index_1_61_fu_10197_p3     |  select  |      0|  0|   10|           1|           2|
    |index_1_62_fu_10309_p3     |  select  |      0|  0|   10|           1|           2|
    |index_1_63_fu_10429_p3     |  select  |      0|  0|   10|           1|           2|
    |index_1_64_fu_10541_p3     |  select  |      0|  0|   10|           1|           2|
    |index_1_65_fu_10661_p3     |  select  |      0|  0|   10|           1|           2|
    |index_1_66_fu_10773_p3     |  select  |      0|  0|   10|           1|           2|
    |index_1_67_fu_10893_p3     |  select  |      0|  0|   10|           1|           2|
    |index_1_68_fu_11005_p3     |  select  |      0|  0|   10|           1|           2|
    |index_1_69_fu_11125_p3     |  select  |      0|  0|   10|           1|           2|
    |index_1_6_fu_3701_p3       |  select  |      0|  0|   10|           1|           2|
    |index_1_70_fu_11237_p3     |  select  |      0|  0|   10|           1|           2|
    |index_1_71_fu_11357_p3     |  select  |      0|  0|   10|           1|           2|
    |index_1_72_fu_11469_p3     |  select  |      0|  0|   10|           1|           2|
    |index_1_73_fu_11589_p3     |  select  |      0|  0|   10|           1|           2|
    |index_1_74_fu_11701_p3     |  select  |      0|  0|   10|           1|           2|
    |index_1_75_fu_11821_p3     |  select  |      0|  0|   10|           1|           2|
    |index_1_76_fu_11933_p3     |  select  |      0|  0|   10|           1|           2|
    |index_1_77_fu_12053_p3     |  select  |      0|  0|   10|           1|           2|
    |index_1_78_fu_12165_p3     |  select  |      0|  0|   10|           1|           2|
    |index_1_79_fu_12285_p3     |  select  |      0|  0|   10|           1|           2|
    |index_1_7_fu_3813_p3       |  select  |      0|  0|   10|           1|           2|
    |index_1_80_fu_12397_p3     |  select  |      0|  0|   10|           1|           2|
    |index_1_81_fu_12517_p3     |  select  |      0|  0|   10|           1|           2|
    |index_1_82_fu_12629_p3     |  select  |      0|  0|   10|           1|           2|
    |index_1_83_fu_12749_p3     |  select  |      0|  0|   10|           1|           2|
    |index_1_84_fu_12861_p3     |  select  |      0|  0|   10|           1|           2|
    |index_1_85_fu_12981_p3     |  select  |      0|  0|   10|           1|           2|
    |index_1_86_fu_13093_p3     |  select  |      0|  0|   10|           1|           2|
    |index_1_87_fu_13213_p3     |  select  |      0|  0|   10|           1|           2|
    |index_1_88_fu_13325_p3     |  select  |      0|  0|   10|           1|           2|
    |index_1_89_fu_13445_p3     |  select  |      0|  0|   10|           1|           2|
    |index_1_8_fu_3933_p3       |  select  |      0|  0|   10|           1|           2|
    |index_1_90_fu_13557_p3     |  select  |      0|  0|   10|           1|           2|
    |index_1_91_fu_13677_p3     |  select  |      0|  0|   10|           1|           2|
    |index_1_92_fu_13789_p3     |  select  |      0|  0|   10|           1|           2|
    |index_1_93_fu_13909_p3     |  select  |      0|  0|   10|           1|           2|
    |index_1_94_fu_14021_p3     |  select  |      0|  0|   10|           1|           2|
    |index_1_95_fu_14141_p3     |  select  |      0|  0|   10|           1|           2|
    |index_1_96_fu_14253_p3     |  select  |      0|  0|   10|           1|           2|
    |index_1_97_fu_14373_p3     |  select  |      0|  0|   10|           1|           2|
    |index_1_98_fu_14485_p3     |  select  |      0|  0|   10|           1|           2|
    |index_1_9_fu_4045_p3       |  select  |      0|  0|   10|           1|           2|
    |index_1_fu_3005_p3         |  select  |      0|  0|   10|           1|           2|
    |index_1_s_fu_4165_p3       |  select  |      0|  0|   10|           1|           2|
    |p_10_fu_4209_p3            |  select  |      0|  0|   14|           1|          14|
    |p_11_fu_4329_p3            |  select  |      0|  0|   14|           1|          14|
    |p_12_fu_4441_p3            |  select  |      0|  0|   14|           1|          14|
    |p_13_fu_4561_p3            |  select  |      0|  0|   14|           1|          14|
    |p_14_fu_4673_p3            |  select  |      0|  0|   14|           1|          14|
    |p_15_fu_4793_p3            |  select  |      0|  0|   14|           1|          14|
    |p_16_fu_4905_p3            |  select  |      0|  0|   14|           1|          14|
    |p_17_fu_5025_p3            |  select  |      0|  0|   14|           1|          14|
    |p_18_fu_5137_p3            |  select  |      0|  0|   14|           1|          14|
    |p_19_fu_5257_p3            |  select  |      0|  0|   14|           1|          14|
    |p_1_fu_3049_p3             |  select  |      0|  0|   14|           1|          14|
    |p_20_fu_5369_p3            |  select  |      0|  0|   14|           1|          14|
    |p_21_fu_5489_p3            |  select  |      0|  0|   14|           1|          14|
    |p_22_fu_5601_p3            |  select  |      0|  0|   14|           1|          14|
    |p_23_fu_5721_p3            |  select  |      0|  0|   14|           1|          14|
    |p_24_fu_5833_p3            |  select  |      0|  0|   14|           1|          14|
    |p_25_fu_5953_p3            |  select  |      0|  0|   14|           1|          14|
    |p_26_fu_6065_p3            |  select  |      0|  0|   14|           1|          14|
    |p_27_fu_6185_p3            |  select  |      0|  0|   14|           1|          14|
    |p_28_fu_6297_p3            |  select  |      0|  0|   14|           1|          14|
    |p_29_fu_6417_p3            |  select  |      0|  0|   14|           1|          14|
    |p_2_10_fu_4249_p3          |  select  |      0|  0|   13|           1|           1|
    |p_2_11_fu_4369_p3          |  select  |      0|  0|   13|           1|           1|
    |p_2_12_fu_4481_p3          |  select  |      0|  0|   13|           1|           1|
    |p_2_13_fu_4601_p3          |  select  |      0|  0|   13|           1|           1|
    |p_2_14_fu_4713_p3          |  select  |      0|  0|   13|           1|           1|
    |p_2_15_fu_4833_p3          |  select  |      0|  0|   13|           1|           1|
    |p_2_16_fu_4945_p3          |  select  |      0|  0|   13|           1|           1|
    |p_2_17_fu_5065_p3          |  select  |      0|  0|   13|           1|           1|
    |p_2_18_fu_5177_p3          |  select  |      0|  0|   13|           1|           1|
    |p_2_19_fu_5297_p3          |  select  |      0|  0|   13|           1|           1|
    |p_2_1_fu_3089_p3           |  select  |      0|  0|   13|           1|           1|
    |p_2_20_fu_5409_p3          |  select  |      0|  0|   13|           1|           1|
    |p_2_21_fu_5529_p3          |  select  |      0|  0|   13|           1|           1|
    |p_2_22_26_fu_5641_p3       |  select  |      0|  0|   13|           1|           1|
    |p_2_22_fu_3169_p3          |  select  |      0|  0|   14|           1|          14|
    |p_2_23_fu_5761_p3          |  select  |      0|  0|   13|           1|           1|
    |p_2_24_fu_5873_p3          |  select  |      0|  0|   13|           1|           1|
    |p_2_25_fu_5993_p3          |  select  |      0|  0|   13|           1|           1|
    |p_2_26_fu_6105_p3          |  select  |      0|  0|   13|           1|           1|
    |p_2_27_fu_6225_p3          |  select  |      0|  0|   13|           1|           1|
    |p_2_28_fu_6337_p3          |  select  |      0|  0|   13|           1|           1|
    |p_2_29_fu_6457_p3          |  select  |      0|  0|   13|           1|           1|
    |p_2_2_fu_3209_p3           |  select  |      0|  0|   13|           1|           1|
    |p_2_30_fu_6569_p3          |  select  |      0|  0|   13|           1|           1|
    |p_2_31_fu_6689_p3          |  select  |      0|  0|   13|           1|           1|
    |p_2_32_fu_6801_p3          |  select  |      0|  0|   13|           1|           1|
    |p_2_33_fu_6921_p3          |  select  |      0|  0|   13|           1|           1|
    |p_2_34_fu_7033_p3          |  select  |      0|  0|   13|           1|           1|
    |p_2_35_fu_7153_p3          |  select  |      0|  0|   13|           1|           1|
    |p_2_36_fu_7265_p3          |  select  |      0|  0|   13|           1|           1|
    |p_2_37_fu_7385_p3          |  select  |      0|  0|   13|           1|           1|
    |p_2_38_fu_7497_p3          |  select  |      0|  0|   13|           1|           1|
    |p_2_39_fu_7617_p3          |  select  |      0|  0|   13|           1|           1|
    |p_2_3_fu_3321_p3           |  select  |      0|  0|   13|           1|           1|
    |p_2_40_fu_7729_p3          |  select  |      0|  0|   13|           1|           1|
    |p_2_41_fu_7849_p3          |  select  |      0|  0|   13|           1|           1|
    |p_2_42_fu_7961_p3          |  select  |      0|  0|   13|           1|           1|
    |p_2_43_fu_8081_p3          |  select  |      0|  0|   13|           1|           1|
    |p_2_44_fu_8193_p3          |  select  |      0|  0|   13|           1|           1|
    |p_2_45_fu_8313_p3          |  select  |      0|  0|   13|           1|           1|
    |p_2_46_fu_8425_p3          |  select  |      0|  0|   13|           1|           1|
    |p_2_47_fu_8545_p3          |  select  |      0|  0|   13|           1|           1|
    |p_2_48_fu_8657_p3          |  select  |      0|  0|   13|           1|           1|
    |p_2_49_fu_8777_p3          |  select  |      0|  0|   13|           1|           1|
    |p_2_4_fu_3441_p3           |  select  |      0|  0|   13|           1|           1|
    |p_2_50_fu_8889_p3          |  select  |      0|  0|   13|           1|           1|
    |p_2_51_fu_9009_p3          |  select  |      0|  0|   13|           1|           1|
    |p_2_52_fu_9121_p3          |  select  |      0|  0|   13|           1|           1|
    |p_2_53_fu_9241_p3          |  select  |      0|  0|   13|           1|           1|
    |p_2_54_fu_9353_p3          |  select  |      0|  0|   13|           1|           1|
    |p_2_55_fu_9473_p3          |  select  |      0|  0|   13|           1|           1|
    |p_2_56_fu_9585_p3          |  select  |      0|  0|   13|           1|           1|
    |p_2_57_fu_9705_p3          |  select  |      0|  0|   13|           1|           1|
    |p_2_58_fu_9817_p3          |  select  |      0|  0|   13|           1|           1|
    |p_2_59_fu_9937_p3          |  select  |      0|  0|   13|           1|           1|
    |p_2_5_fu_3553_p3           |  select  |      0|  0|   13|           1|           1|
    |p_2_60_fu_10049_p3         |  select  |      0|  0|   13|           1|           1|
    |p_2_61_fu_10169_p3         |  select  |      0|  0|   13|           1|           1|
    |p_2_62_fu_10281_p3         |  select  |      0|  0|   13|           1|           1|
    |p_2_63_fu_10401_p3         |  select  |      0|  0|   13|           1|           1|
    |p_2_64_fu_10513_p3         |  select  |      0|  0|   13|           1|           1|
    |p_2_65_fu_10633_p3         |  select  |      0|  0|   13|           1|           1|
    |p_2_66_fu_10745_p3         |  select  |      0|  0|   13|           1|           1|
    |p_2_67_fu_10865_p3         |  select  |      0|  0|   13|           1|           1|
    |p_2_68_fu_10977_p3         |  select  |      0|  0|   13|           1|           1|
    |p_2_69_fu_11097_p3         |  select  |      0|  0|   13|           1|           1|
    |p_2_6_fu_3673_p3           |  select  |      0|  0|   13|           1|           1|
    |p_2_70_fu_11209_p3         |  select  |      0|  0|   13|           1|           1|
    |p_2_71_fu_11329_p3         |  select  |      0|  0|   13|           1|           1|
    |p_2_72_fu_11441_p3         |  select  |      0|  0|   13|           1|           1|
    |p_2_73_fu_11561_p3         |  select  |      0|  0|   13|           1|           1|
    |p_2_74_fu_11673_p3         |  select  |      0|  0|   13|           1|           1|
    |p_2_75_fu_11793_p3         |  select  |      0|  0|   13|           1|           1|
    |p_2_76_fu_11905_p3         |  select  |      0|  0|   13|           1|           1|
    |p_2_77_fu_12025_p3         |  select  |      0|  0|   13|           1|           1|
    |p_2_78_fu_12137_p3         |  select  |      0|  0|   13|           1|           1|
    |p_2_79_fu_12257_p3         |  select  |      0|  0|   13|           1|           1|
    |p_2_7_fu_3785_p3           |  select  |      0|  0|   13|           1|           1|
    |p_2_80_fu_12369_p3         |  select  |      0|  0|   13|           1|           1|
    |p_2_81_fu_12489_p3         |  select  |      0|  0|   13|           1|           1|
    |p_2_82_fu_12601_p3         |  select  |      0|  0|   13|           1|           1|
    |p_2_83_fu_12721_p3         |  select  |      0|  0|   13|           1|           1|
    |p_2_84_fu_12833_p3         |  select  |      0|  0|   13|           1|           1|
    |p_2_85_fu_12953_p3         |  select  |      0|  0|   13|           1|           1|
    |p_2_86_fu_13065_p3         |  select  |      0|  0|   13|           1|           1|
    |p_2_87_fu_13185_p3         |  select  |      0|  0|   13|           1|           1|
    |p_2_88_fu_13297_p3         |  select  |      0|  0|   13|           1|           1|
    |p_2_89_fu_13417_p3         |  select  |      0|  0|   13|           1|           1|
    |p_2_8_fu_3905_p3           |  select  |      0|  0|   13|           1|           1|
    |p_2_90_fu_13529_p3         |  select  |      0|  0|   13|           1|           1|
    |p_2_91_fu_13649_p3         |  select  |      0|  0|   13|           1|           1|
    |p_2_92_fu_13761_p3         |  select  |      0|  0|   13|           1|           1|
    |p_2_93_fu_13881_p3         |  select  |      0|  0|   13|           1|           1|
    |p_2_94_fu_13993_p3         |  select  |      0|  0|   13|           1|           1|
    |p_2_95_fu_14113_p3         |  select  |      0|  0|   13|           1|           1|
    |p_2_96_fu_14225_p3         |  select  |      0|  0|   13|           1|           1|
    |p_2_97_fu_14345_p3         |  select  |      0|  0|   13|           1|           1|
    |p_2_98_fu_14457_p3         |  select  |      0|  0|   13|           1|           1|
    |p_2_9_fu_4017_p3           |  select  |      0|  0|   13|           1|           1|
    |p_2_fu_2977_p3             |  select  |      0|  0|   13|           1|           1|
    |p_2_s_fu_4137_p3           |  select  |      0|  0|   13|           1|           1|
    |p_30_fu_6529_p3            |  select  |      0|  0|   14|           1|          14|
    |p_31_fu_6649_p3            |  select  |      0|  0|   14|           1|          14|
    |p_32_fu_6761_p3            |  select  |      0|  0|   14|           1|          14|
    |p_33_fu_6881_p3            |  select  |      0|  0|   14|           1|          14|
    |p_34_fu_6993_p3            |  select  |      0|  0|   14|           1|          14|
    |p_35_fu_7113_p3            |  select  |      0|  0|   14|           1|          14|
    |p_36_fu_7225_p3            |  select  |      0|  0|   14|           1|          14|
    |p_37_fu_7345_p3            |  select  |      0|  0|   14|           1|          14|
    |p_38_fu_7457_p3            |  select  |      0|  0|   14|           1|          14|
    |p_39_fu_7577_p3            |  select  |      0|  0|   14|           1|          14|
    |p_3_10_fu_4217_p3          |  select  |      0|  0|   14|           1|          14|
    |p_3_11_fu_4337_p3          |  select  |      0|  0|   14|           1|          14|
    |p_3_12_fu_4449_p3          |  select  |      0|  0|   14|           1|          14|
    |p_3_13_fu_4569_p3          |  select  |      0|  0|   14|           1|          14|
    |p_3_14_fu_4681_p3          |  select  |      0|  0|   14|           1|          14|
    |p_3_15_fu_4801_p3          |  select  |      0|  0|   14|           1|          14|
    |p_3_16_fu_4913_p3          |  select  |      0|  0|   14|           1|          14|
    |p_3_17_fu_5033_p3          |  select  |      0|  0|   14|           1|          14|
    |p_3_18_fu_5145_p3          |  select  |      0|  0|   14|           1|          14|
    |p_3_19_fu_5265_p3          |  select  |      0|  0|   14|           1|          14|
    |p_3_1_fu_3057_p3           |  select  |      0|  0|   14|           1|          14|
    |p_3_20_fu_5377_p3          |  select  |      0|  0|   14|           1|          14|
    |p_3_21_fu_5497_p3          |  select  |      0|  0|   14|           1|          14|
    |p_3_22_fu_5609_p3          |  select  |      0|  0|   14|           1|          14|
    |p_3_23_fu_5729_p3          |  select  |      0|  0|   14|           1|          14|
    |p_3_24_27_fu_5841_p3       |  select  |      0|  0|   14|           1|          14|
    |p_3_24_fu_3281_p3          |  select  |      0|  0|   14|           1|          14|
    |p_3_25_fu_5961_p3          |  select  |      0|  0|   14|           1|          14|
    |p_3_26_fu_6073_p3          |  select  |      0|  0|   14|           1|          14|
    |p_3_27_fu_6193_p3          |  select  |      0|  0|   14|           1|          14|
    |p_3_28_fu_6305_p3          |  select  |      0|  0|   14|           1|          14|
    |p_3_29_fu_6425_p3          |  select  |      0|  0|   14|           1|          14|
    |p_3_2_fu_3177_p3           |  select  |      0|  0|   14|           1|          14|
    |p_3_30_fu_6537_p3          |  select  |      0|  0|   14|           1|          14|
    |p_3_31_fu_6657_p3          |  select  |      0|  0|   14|           1|          14|
    |p_3_32_fu_6769_p3          |  select  |      0|  0|   14|           1|          14|
    |p_3_33_fu_6889_p3          |  select  |      0|  0|   14|           1|          14|
    |p_3_34_fu_7001_p3          |  select  |      0|  0|   14|           1|          14|
    |p_3_35_fu_7121_p3          |  select  |      0|  0|   14|           1|          14|
    |p_3_36_fu_7233_p3          |  select  |      0|  0|   14|           1|          14|
    |p_3_37_fu_7353_p3          |  select  |      0|  0|   14|           1|          14|
    |p_3_38_fu_7465_p3          |  select  |      0|  0|   14|           1|          14|
    |p_3_39_fu_7585_p3          |  select  |      0|  0|   14|           1|          14|
    |p_3_3_fu_3289_p3           |  select  |      0|  0|   14|           1|          14|
    |p_3_40_fu_7697_p3          |  select  |      0|  0|   14|           1|          14|
    |p_3_41_fu_7817_p3          |  select  |      0|  0|   14|           1|          14|
    |p_3_42_fu_7929_p3          |  select  |      0|  0|   14|           1|          14|
    |p_3_43_fu_8049_p3          |  select  |      0|  0|   14|           1|          14|
    |p_3_44_fu_8161_p3          |  select  |      0|  0|   14|           1|          14|
    |p_3_45_fu_8281_p3          |  select  |      0|  0|   14|           1|          14|
    |p_3_46_fu_8393_p3          |  select  |      0|  0|   14|           1|          14|
    |p_3_47_fu_8513_p3          |  select  |      0|  0|   14|           1|          14|
    |p_3_48_fu_8625_p3          |  select  |      0|  0|   14|           1|          14|
    |p_3_49_fu_8745_p3          |  select  |      0|  0|   14|           1|          14|
    |p_3_4_fu_3409_p3           |  select  |      0|  0|   14|           1|          14|
    |p_3_50_fu_8857_p3          |  select  |      0|  0|   14|           1|          14|
    |p_3_51_fu_8977_p3          |  select  |      0|  0|   14|           1|          14|
    |p_3_52_fu_9089_p3          |  select  |      0|  0|   14|           1|          14|
    |p_3_53_fu_9209_p3          |  select  |      0|  0|   14|           1|          14|
    |p_3_54_fu_9321_p3          |  select  |      0|  0|   14|           1|          14|
    |p_3_55_fu_9441_p3          |  select  |      0|  0|   14|           1|          14|
    |p_3_56_fu_9553_p3          |  select  |      0|  0|   14|           1|          14|
    |p_3_57_fu_9673_p3          |  select  |      0|  0|   14|           1|          14|
    |p_3_58_fu_9785_p3          |  select  |      0|  0|   14|           1|          14|
    |p_3_59_fu_9905_p3          |  select  |      0|  0|   14|           1|          14|
    |p_3_5_fu_3521_p3           |  select  |      0|  0|   14|           1|          14|
    |p_3_60_fu_10017_p3         |  select  |      0|  0|   14|           1|          14|
    |p_3_61_fu_10137_p3         |  select  |      0|  0|   14|           1|          14|
    |p_3_62_fu_10249_p3         |  select  |      0|  0|   14|           1|          14|
    |p_3_63_fu_10369_p3         |  select  |      0|  0|   14|           1|          14|
    |p_3_64_fu_10481_p3         |  select  |      0|  0|   14|           1|          14|
    |p_3_65_fu_10601_p3         |  select  |      0|  0|   14|           1|          14|
    |p_3_66_fu_10713_p3         |  select  |      0|  0|   14|           1|          14|
    |p_3_67_fu_10833_p3         |  select  |      0|  0|   14|           1|          14|
    |p_3_68_fu_10945_p3         |  select  |      0|  0|   14|           1|          14|
    |p_3_69_fu_11065_p3         |  select  |      0|  0|   14|           1|          14|
    |p_3_6_fu_3641_p3           |  select  |      0|  0|   14|           1|          14|
    |p_3_70_fu_11177_p3         |  select  |      0|  0|   14|           1|          14|
    |p_3_71_fu_11297_p3         |  select  |      0|  0|   14|           1|          14|
    |p_3_72_fu_11409_p3         |  select  |      0|  0|   14|           1|          14|
    |p_3_73_fu_11529_p3         |  select  |      0|  0|   14|           1|          14|
    |p_3_74_fu_11641_p3         |  select  |      0|  0|   14|           1|          14|
    |p_3_75_fu_11761_p3         |  select  |      0|  0|   14|           1|          14|
    |p_3_76_fu_11873_p3         |  select  |      0|  0|   14|           1|          14|
    |p_3_77_fu_11993_p3         |  select  |      0|  0|   14|           1|          14|
    |p_3_78_fu_12105_p3         |  select  |      0|  0|   14|           1|          14|
    |p_3_79_fu_12225_p3         |  select  |      0|  0|   14|           1|          14|
    |p_3_7_fu_3753_p3           |  select  |      0|  0|   14|           1|          14|
    |p_3_80_fu_12337_p3         |  select  |      0|  0|   14|           1|          14|
    |p_3_81_fu_12457_p3         |  select  |      0|  0|   14|           1|          14|
    |p_3_82_fu_12569_p3         |  select  |      0|  0|   14|           1|          14|
    |p_3_83_fu_12689_p3         |  select  |      0|  0|   14|           1|          14|
    |p_3_84_fu_12801_p3         |  select  |      0|  0|   14|           1|          14|
    |p_3_85_fu_12921_p3         |  select  |      0|  0|   14|           1|          14|
    |p_3_86_fu_13033_p3         |  select  |      0|  0|   14|           1|          14|
    |p_3_87_fu_13153_p3         |  select  |      0|  0|   14|           1|          14|
    |p_3_88_fu_13265_p3         |  select  |      0|  0|   14|           1|          14|
    |p_3_89_fu_13385_p3         |  select  |      0|  0|   14|           1|          14|
    |p_3_8_fu_3873_p3           |  select  |      0|  0|   14|           1|          14|
    |p_3_90_fu_13497_p3         |  select  |      0|  0|   14|           1|          14|
    |p_3_91_fu_13617_p3         |  select  |      0|  0|   14|           1|          14|
    |p_3_92_fu_13729_p3         |  select  |      0|  0|   14|           1|          14|
    |p_3_93_fu_13849_p3         |  select  |      0|  0|   14|           1|          14|
    |p_3_94_fu_13961_p3         |  select  |      0|  0|   14|           1|          14|
    |p_3_95_fu_14081_p3         |  select  |      0|  0|   14|           1|          14|
    |p_3_96_fu_14193_p3         |  select  |      0|  0|   14|           1|          14|
    |p_3_97_fu_14313_p3         |  select  |      0|  0|   14|           1|          14|
    |p_3_98_fu_14425_p3         |  select  |      0|  0|   14|           1|          14|
    |p_3_9_fu_3985_p3           |  select  |      0|  0|   14|           1|          14|
    |p_3_fu_2945_p3             |  select  |      0|  0|   14|           1|          14|
    |p_3_s_fu_4105_p3           |  select  |      0|  0|   14|           1|          14|
    |p_40_fu_7689_p3            |  select  |      0|  0|   14|           1|          14|
    |p_41_fu_7809_p3            |  select  |      0|  0|   14|           1|          14|
    |p_42_fu_7921_p3            |  select  |      0|  0|   14|           1|          14|
    |p_43_fu_8041_p3            |  select  |      0|  0|   14|           1|          14|
    |p_44_fu_8153_p3            |  select  |      0|  0|   14|           1|          14|
    |p_45_fu_8273_p3            |  select  |      0|  0|   14|           1|          14|
    |p_46_fu_8385_p3            |  select  |      0|  0|   14|           1|          14|
    |p_47_fu_8505_p3            |  select  |      0|  0|   14|           1|          14|
    |p_48_fu_8617_p3            |  select  |      0|  0|   14|           1|          14|
    |p_49_fu_8737_p3            |  select  |      0|  0|   14|           1|          14|
    |p_4_fu_3401_p3             |  select  |      0|  0|   14|           1|          14|
    |p_50_fu_8849_p3            |  select  |      0|  0|   14|           1|          14|
    |p_51_fu_8969_p3            |  select  |      0|  0|   14|           1|          14|
    |p_52_fu_9081_p3            |  select  |      0|  0|   14|           1|          14|
    |p_53_fu_9201_p3            |  select  |      0|  0|   14|           1|          14|
    |p_54_fu_9313_p3            |  select  |      0|  0|   14|           1|          14|
    |p_55_fu_9433_p3            |  select  |      0|  0|   14|           1|          14|
    |p_56_fu_9545_p3            |  select  |      0|  0|   14|           1|          14|
    |p_57_fu_9665_p3            |  select  |      0|  0|   14|           1|          14|
    |p_58_fu_9777_p3            |  select  |      0|  0|   14|           1|          14|
    |p_59_fu_9897_p3            |  select  |      0|  0|   14|           1|          14|
    |p_5_fu_3513_p3             |  select  |      0|  0|   14|           1|          14|
    |p_60_fu_10009_p3           |  select  |      0|  0|   14|           1|          14|
    |p_61_fu_10129_p3           |  select  |      0|  0|   14|           1|          14|
    |p_62_fu_10241_p3           |  select  |      0|  0|   14|           1|          14|
    |p_63_fu_10361_p3           |  select  |      0|  0|   14|           1|          14|
    |p_64_fu_10473_p3           |  select  |      0|  0|   14|           1|          14|
    |p_65_fu_10593_p3           |  select  |      0|  0|   14|           1|          14|
    |p_66_fu_10705_p3           |  select  |      0|  0|   14|           1|          14|
    |p_67_fu_10825_p3           |  select  |      0|  0|   14|           1|          14|
    |p_68_fu_10937_p3           |  select  |      0|  0|   14|           1|          14|
    |p_69_fu_11057_p3           |  select  |      0|  0|   14|           1|          14|
    |p_6_fu_3633_p3             |  select  |      0|  0|   14|           1|          14|
    |p_70_fu_11169_p3           |  select  |      0|  0|   14|           1|          14|
    |p_71_fu_11289_p3           |  select  |      0|  0|   14|           1|          14|
    |p_72_fu_11401_p3           |  select  |      0|  0|   14|           1|          14|
    |p_73_fu_11521_p3           |  select  |      0|  0|   14|           1|          14|
    |p_74_fu_11633_p3           |  select  |      0|  0|   14|           1|          14|
    |p_75_fu_11753_p3           |  select  |      0|  0|   14|           1|          14|
    |p_76_fu_11865_p3           |  select  |      0|  0|   14|           1|          14|
    |p_77_fu_11985_p3           |  select  |      0|  0|   14|           1|          14|
    |p_78_fu_12097_p3           |  select  |      0|  0|   14|           1|          14|
    |p_79_fu_12217_p3           |  select  |      0|  0|   14|           1|          14|
    |p_7_fu_3745_p3             |  select  |      0|  0|   14|           1|          14|
    |p_80_fu_12329_p3           |  select  |      0|  0|   14|           1|          14|
    |p_81_fu_12449_p3           |  select  |      0|  0|   14|           1|          14|
    |p_82_fu_12561_p3           |  select  |      0|  0|   14|           1|          14|
    |p_83_fu_12681_p3           |  select  |      0|  0|   14|           1|          14|
    |p_84_fu_12793_p3           |  select  |      0|  0|   14|           1|          14|
    |p_85_fu_12913_p3           |  select  |      0|  0|   14|           1|          14|
    |p_86_fu_13025_p3           |  select  |      0|  0|   14|           1|          14|
    |p_87_fu_13145_p3           |  select  |      0|  0|   14|           1|          14|
    |p_88_fu_13257_p3           |  select  |      0|  0|   14|           1|          14|
    |p_89_fu_13377_p3           |  select  |      0|  0|   14|           1|          14|
    |p_8_fu_3865_p3             |  select  |      0|  0|   14|           1|          14|
    |p_90_fu_13489_p3           |  select  |      0|  0|   14|           1|          14|
    |p_91_fu_13609_p3           |  select  |      0|  0|   14|           1|          14|
    |p_92_fu_13721_p3           |  select  |      0|  0|   14|           1|          14|
    |p_93_fu_13841_p3           |  select  |      0|  0|   14|           1|          14|
    |p_94_fu_13953_p3           |  select  |      0|  0|   14|           1|          14|
    |p_95_fu_14073_p3           |  select  |      0|  0|   14|           1|          14|
    |p_96_fu_14185_p3           |  select  |      0|  0|   14|           1|          14|
    |p_97_fu_14305_p3           |  select  |      0|  0|   14|           1|          14|
    |p_98_fu_14417_p3           |  select  |      0|  0|   14|           1|          14|
    |p_9_fu_3977_p3             |  select  |      0|  0|   14|           1|          14|
    |p_s_25_fu_4097_p3          |  select  |      0|  0|   14|           1|          14|
    |p_s_fu_2937_p3             |  select  |      0|  0|   14|           1|          14|
    |ap_enable_pp0              |    xor   |      0|  0|    2|           1|           2|
    +---------------------------+----------+-------+---+-----+------------+------------+
    |Total                      |          |      0|  0|13504|        3802|        7403|
    +---------------------------+----------+-------+---+-----+------------+------------+

    * Multiplexer: 
    +-------------------------+-----+-----------+-----+-----------+
    |           Name          | LUT | Input Size| Bits| Total Bits|
    +-------------------------+-----+-----------+-----+-----------+
    |ap_NS_fsm                |  221|         51|    1|         51|
    |ap_enable_reg_pp0_iter0  |    9|          2|    1|          2|
    |ap_enable_reg_pp0_iter1  |    9|          2|    1|          2|
    |data_V_address0          |  221|         51|    7|        357|
    |data_V_address1          |  221|         51|    7|        357|
    |res_V_address0           |  221|         51|    7|        357|
    |res_V_address1           |  221|         51|    7|        357|
    |tanh_table1_address0     |  221|         51|   10|        510|
    |tanh_table1_address1     |  221|         51|   10|        510|
    +-------------------------+-----+-----------+-----+-----------+
    |Total                    | 1565|        361|   51|       2503|
    +-------------------------+-----+-----------+-----+-----------+

    * Register: 
    +-----------------------------+----+----+-----+-----------+
    |             Name            | FF | LUT| Bits| Const Bits|
    +-----------------------------+----+----+-----+-----------+
    |ap_CS_fsm                    |  50|   0|   50|          0|
    |ap_enable_reg_pp0_iter0_reg  |   1|   0|    1|          0|
    |ap_enable_reg_pp0_iter1      |   1|   0|    1|          0|
    |index_1_10_reg_14666         |  10|   0|   10|          0|
    |index_1_11_reg_14691         |  10|   0|   10|          0|
    |index_1_12_reg_14696         |  10|   0|   10|          0|
    |index_1_13_reg_14721         |  10|   0|   10|          0|
    |index_1_14_reg_14726         |  10|   0|   10|          0|
    |index_1_15_reg_14751         |  10|   0|   10|          0|
    |index_1_16_reg_14756         |  10|   0|   10|          0|
    |index_1_17_reg_14781         |  10|   0|   10|          0|
    |index_1_18_reg_14786         |  10|   0|   10|          0|
    |index_1_19_reg_14811         |  10|   0|   10|          0|
    |index_1_1_reg_14516          |  10|   0|   10|          0|
    |index_1_20_reg_14816         |  10|   0|   10|          0|
    |index_1_21_reg_14841         |  10|   0|   10|          0|
    |index_1_22_reg_14846         |  10|   0|   10|          0|
    |index_1_23_reg_14871         |  10|   0|   10|          0|
    |index_1_24_reg_14876         |  10|   0|   10|          0|
    |index_1_25_reg_14901         |  10|   0|   10|          0|
    |index_1_26_reg_14906         |  10|   0|   10|          0|
    |index_1_27_reg_14931         |  10|   0|   10|          0|
    |index_1_28_reg_14936         |  10|   0|   10|          0|
    |index_1_29_reg_14961         |  10|   0|   10|          0|
    |index_1_2_reg_14541          |  10|   0|   10|          0|
    |index_1_30_reg_14966         |  10|   0|   10|          0|
    |index_1_31_reg_14991         |  10|   0|   10|          0|
    |index_1_32_reg_14996         |  10|   0|   10|          0|
    |index_1_33_reg_15021         |  10|   0|   10|          0|
    |index_1_34_reg_15026         |  10|   0|   10|          0|
    |index_1_35_reg_15051         |  10|   0|   10|          0|
    |index_1_36_reg_15056         |  10|   0|   10|          0|
    |index_1_37_reg_15081         |  10|   0|   10|          0|
    |index_1_38_reg_15086         |  10|   0|   10|          0|
    |index_1_39_reg_15111         |  10|   0|   10|          0|
    |index_1_3_reg_14546          |  10|   0|   10|          0|
    |index_1_40_reg_15116         |  10|   0|   10|          0|
    |index_1_41_reg_15141         |  10|   0|   10|          0|
    |index_1_42_reg_15146         |  10|   0|   10|          0|
    |index_1_43_reg_15171         |  10|   0|   10|          0|
    |index_1_44_reg_15176         |  10|   0|   10|          0|
    |index_1_45_reg_15201         |  10|   0|   10|          0|
    |index_1_46_reg_15206         |  10|   0|   10|          0|
    |index_1_47_reg_15231         |  10|   0|   10|          0|
    |index_1_48_reg_15236         |  10|   0|   10|          0|
    |index_1_49_reg_15261         |  10|   0|   10|          0|
    |index_1_4_reg_14571          |  10|   0|   10|          0|
    |index_1_50_reg_15266         |  10|   0|   10|          0|
    |index_1_51_reg_15291         |  10|   0|   10|          0|
    |index_1_52_reg_15296         |  10|   0|   10|          0|
    |index_1_53_reg_15321         |  10|   0|   10|          0|
    |index_1_54_reg_15326         |  10|   0|   10|          0|
    |index_1_55_reg_15351         |  10|   0|   10|          0|
    |index_1_56_reg_15356         |  10|   0|   10|          0|
    |index_1_57_reg_15381         |  10|   0|   10|          0|
    |index_1_58_reg_15386         |  10|   0|   10|          0|
    |index_1_59_reg_15411         |  10|   0|   10|          0|
    |index_1_5_reg_14576          |  10|   0|   10|          0|
    |index_1_60_reg_15416         |  10|   0|   10|          0|
    |index_1_61_reg_15441         |  10|   0|   10|          0|
    |index_1_62_reg_15446         |  10|   0|   10|          0|
    |index_1_63_reg_15471         |  10|   0|   10|          0|
    |index_1_64_reg_15476         |  10|   0|   10|          0|
    |index_1_65_reg_15501         |  10|   0|   10|          0|
    |index_1_66_reg_15506         |  10|   0|   10|          0|
    |index_1_67_reg_15531         |  10|   0|   10|          0|
    |index_1_68_reg_15536         |  10|   0|   10|          0|
    |index_1_69_reg_15561         |  10|   0|   10|          0|
    |index_1_6_reg_14601          |  10|   0|   10|          0|
    |index_1_70_reg_15566         |  10|   0|   10|          0|
    |index_1_71_reg_15591         |  10|   0|   10|          0|
    |index_1_72_reg_15596         |  10|   0|   10|          0|
    |index_1_73_reg_15621         |  10|   0|   10|          0|
    |index_1_74_reg_15626         |  10|   0|   10|          0|
    |index_1_75_reg_15651         |  10|   0|   10|          0|
    |index_1_76_reg_15656         |  10|   0|   10|          0|
    |index_1_77_reg_15681         |  10|   0|   10|          0|
    |index_1_78_reg_15686         |  10|   0|   10|          0|
    |index_1_79_reg_15711         |  10|   0|   10|          0|
    |index_1_7_reg_14606          |  10|   0|   10|          0|
    |index_1_80_reg_15716         |  10|   0|   10|          0|
    |index_1_81_reg_15741         |  10|   0|   10|          0|
    |index_1_82_reg_15746         |  10|   0|   10|          0|
    |index_1_83_reg_15771         |  10|   0|   10|          0|
    |index_1_84_reg_15776         |  10|   0|   10|          0|
    |index_1_85_reg_15801         |  10|   0|   10|          0|
    |index_1_86_reg_15806         |  10|   0|   10|          0|
    |index_1_87_reg_15831         |  10|   0|   10|          0|
    |index_1_88_reg_15836         |  10|   0|   10|          0|
    |index_1_89_reg_15861         |  10|   0|   10|          0|
    |index_1_8_reg_14631          |  10|   0|   10|          0|
    |index_1_90_reg_15866         |  10|   0|   10|          0|
    |index_1_91_reg_15891         |  10|   0|   10|          0|
    |index_1_92_reg_15896         |  10|   0|   10|          0|
    |index_1_93_reg_15921         |  10|   0|   10|          0|
    |index_1_94_reg_15926         |  10|   0|   10|          0|
    |index_1_95_reg_15951         |  10|   0|   10|          0|
    |index_1_96_reg_15956         |  10|   0|   10|          0|
    |index_1_97_reg_15981         |  10|   0|   10|          0|
    |index_1_98_reg_15986         |  10|   0|   10|          0|
    |index_1_9_reg_14636          |  10|   0|   10|          0|
    |index_1_reg_14511            |  10|   0|   10|          0|
    |index_1_s_reg_14661          |  10|   0|   10|          0|
    +-----------------------------+----+----+-----+-----------+
    |Total                        |1052|   0| 1052|          0|
    +-----------------------------+----+----+-----+-----------+



================================================================
== Interface
================================================================
* Summary: 
+-----------------+-----+-----+------------+------------------------------------------------------------------------+--------------+
|    RTL Ports    | Dir | Bits|  Protocol  |                              Source Object                             |    C Type    |
+-----------------+-----+-----+------------+------------------------------------------------------------------------+--------------+
|ap_clk           |  in |    1| ap_ctrl_hs | tanh<ap_fixed<16, 6, 5, 3, 0>, ap_fixed<16, 6, 5, 3, 0>, tanh_config5> | return value |
|ap_rst           |  in |    1| ap_ctrl_hs | tanh<ap_fixed<16, 6, 5, 3, 0>, ap_fixed<16, 6, 5, 3, 0>, tanh_config5> | return value |
|ap_start         |  in |    1| ap_ctrl_hs | tanh<ap_fixed<16, 6, 5, 3, 0>, ap_fixed<16, 6, 5, 3, 0>, tanh_config5> | return value |
|ap_done          | out |    1| ap_ctrl_hs | tanh<ap_fixed<16, 6, 5, 3, 0>, ap_fixed<16, 6, 5, 3, 0>, tanh_config5> | return value |
|ap_idle          | out |    1| ap_ctrl_hs | tanh<ap_fixed<16, 6, 5, 3, 0>, ap_fixed<16, 6, 5, 3, 0>, tanh_config5> | return value |
|ap_ready         | out |    1| ap_ctrl_hs | tanh<ap_fixed<16, 6, 5, 3, 0>, ap_fixed<16, 6, 5, 3, 0>, tanh_config5> | return value |
|data_V_address0  | out |    7|  ap_memory |                                 data_V                                 |     array    |
|data_V_ce0       | out |    1|  ap_memory |                                 data_V                                 |     array    |
|data_V_q0        |  in |   16|  ap_memory |                                 data_V                                 |     array    |
|data_V_address1  | out |    7|  ap_memory |                                 data_V                                 |     array    |
|data_V_ce1       | out |    1|  ap_memory |                                 data_V                                 |     array    |
|data_V_q1        |  in |   16|  ap_memory |                                 data_V                                 |     array    |
|res_V_address0   | out |    7|  ap_memory |                                  res_V                                 |     array    |
|res_V_ce0        | out |    1|  ap_memory |                                  res_V                                 |     array    |
|res_V_we0        | out |    1|  ap_memory |                                  res_V                                 |     array    |
|res_V_d0         | out |   11|  ap_memory |                                  res_V                                 |     array    |
|res_V_address1   | out |    7|  ap_memory |                                  res_V                                 |     array    |
|res_V_ce1        | out |    1|  ap_memory |                                  res_V                                 |     array    |
|res_V_we1        | out |    1|  ap_memory |                                  res_V                                 |     array    |
|res_V_d1         | out |   11|  ap_memory |                                  res_V                                 |     array    |
+-----------------+-----+-----+------------+------------------------------------------------------------------------+--------------+

