

================================================================
== Vivado HLS Report for 'k2c_dense'
================================================================
* Date:           Sun Apr 21 02:42:41 2024

* Version:        2018.2 (Build 2258646 on Thu Jun 14 20:25:20 MDT 2018)
* Project:        FaceClassifier
* Solution:       solution1
* Product family: virtexu
* Target device:  xcvu160-flgc2104-2-e


================================================================
== Performance Estimates
================================================================
+ Timing (ns): 
    * Summary: 
    +--------+-------+----------+------------+
    |  Clock | Target| Estimated| Uncertainty|
    +--------+-------+----------+------------+
    |ap_clk  |  10.00|     8.539|        1.25|
    +--------+-------+----------+------------+

+ Latency (clock cycles): 
    * Summary: 
    +-----+-------------+-----+-------------+---------+
    |      Latency      |      Interval     | Pipeline|
    | min |     max     | min |     max     |   Type  |
    +-----+-------------+-----+-------------+---------+
    |    3|  72309261774|    3|  72309261774|   none  |
    +-----+-------------+-----+-------------+---------+

    + Detail: 
        * Instance: 
        +-------------------------+--------------+----------+-------------+----------+-------------+---------+
        |                         |              |         Latency        |        Interval        | Pipeline|
        |         Instance        |    Module    |    min   |     max     |    min   |     max     |   Type  |
        +-------------------------+--------------+----------+-------------+----------+-------------+---------+
        |grp_k2c_dot_1_fu_225     |k2c_dot_1     |  21238387|  72274882106|  21238387|  72274882106|   none  |
        |grp_k2c_bias_add_fu_246  |k2c_bias_add  |         8|     34379665|         8|     34379665|   none  |
        +-------------------------+--------------+----------+-------------+----------+-------------+---------+

        * Loop: 
        +---------------------+-----+-----+----------+-----------+-----------+------+----------+
        |                     |  Latency  | Iteration|  Initiation Interval  | Trip |          |
        |      Loop Name      | min | max |  Latency |  achieved |   target  | Count| Pipelined|
        +---------------------+-----+-----+----------+-----------+-----------+------+----------+
        |- Loop 1             |    0|    0|         4|          -|          -|     0|    no    |
        | + k2c_dense_label0  |    0|    0|         8|          4|          1|     0|    yes   |
        +---------------------+-----+-----+----------+-----------+-----------+------+----------+



================================================================
== Utilization Estimates
================================================================
* Summary: 
+---------------------+---------+-------+---------+--------+
|         Name        | BRAM_18K| DSP48E|    FF   |   LUT  |
+---------------------+---------+-------+---------+--------+
|DSP                  |        -|      2|        -|       -|
|Expression           |        -|     11|        0|     885|
|FIFO                 |        -|      -|        -|       -|
|Instance             |        0|     35|    23214|   18884|
|Memory               |        -|      -|        -|       -|
|Multiplexer          |        -|      -|        -|     365|
|Register             |        -|      -|     1199|       -|
+---------------------+---------+-------+---------+--------+
|Total                |        0|     48|    24413|   20134|
+---------------------+---------+-------+---------+--------+
|Available SLR        |     2184|    520|   617600|  308800|
+---------------------+---------+-------+---------+--------+
|Utilization SLR (%)  |        0|      9|        3|       6|
+---------------------+---------+-------+---------+--------+
|Available            |     6552|   1560|  1852800|  926400|
+---------------------+---------+-------+---------+--------+
|Utilization (%)      |        0|      3|        1|       2|
+---------------------+---------+-------+---------+--------+

+ Detail: 
    * Instance: 
    +--------------------------+----------------------+---------+-------+-------+-------+
    |         Instance         |        Module        | BRAM_18K| DSP48E|   FF  |  LUT  |
    +--------------------------+----------------------+---------+-------+-------+-------+
    |face_classifier_cdEe_U38  |face_classifier_cdEe  |        0|      2|    227|    214|
    |face_classifier_ceOg_U39  |face_classifier_ceOg  |        0|      3|    128|    135|
    |grp_k2c_bias_add_fu_246   |k2c_bias_add          |        0|      2|    451|    508|
    |grp_k2c_dot_1_fu_225      |k2c_dot_1             |        0|     28|  22408|  18027|
    +--------------------------+----------------------+---------+-------+-------+-------+
    |Total                     |                      |        0|     35|  23214|  18884|
    +--------------------------+----------------------+---------+-------+-------+-------+

    * DSP48: 
    +--------------------------+----------------------+--------------+
    |         Instance         |        Module        |  Expression  |
    +--------------------------+----------------------+--------------+
    |face_classifier_chbi_U40  |face_classifier_chbi  | i0 + i1 * i2 |
    |face_classifier_cibs_U41  |face_classifier_cibs  |    i0 * i1   |
    +--------------------------+----------------------+--------------+

    * Memory: 
    N/A

    * FIFO: 
    N/A

    * Expression: 
    +---------------------------------+----------+-------+---+-----+------------+------------+
    |          Variable Name          | Operation| DSP48E| FF| LUT | Bitwidth P0| Bitwidth P1|
    +---------------------------------+----------+-------+---+-----+------------+------------+
    |bound_fu_324_p2                  |     *    |     10|  0|   45|          64|          64|
    |tmp_47_fu_414_p2                 |     *    |      1|  0|   10|          20|          20|
    |i_s_fu_355_p2                    |     +    |      0|  0|   71|           1|          64|
    |indvar_flatten_next_fu_335_p2    |     +    |      0|  0|  135|         128|           1|
    |j_12_fu_429_p2                   |     +    |      0|  0|   71|          64|           1|
    |k_4_fu_390_p2                    |     +    |      0|  0|   71|          64|           1|
    |tmp_43_fu_274_p2                 |     +    |      0|  0|   71|          64|           2|
    |tmp_46_fu_404_p2                 |     +    |      0|  0|   20|          13|          13|
    |tmp_48_fu_419_p2                 |     +    |      0|  0|   27|          20|          20|
    |ap_block_state4_on_subcall_done  |    and   |      0|  0|    2|           1|           1|
    |exitcond14_fu_341_p2             |   icmp   |      0|  0|   29|          64|          64|
    |exitcond_flatten_fu_330_p2       |   icmp   |      0|  0|   50|         128|         128|
    |exitcond_fu_385_p2               |   icmp   |      0|  0|   29|          64|          64|
    |icmp_fu_291_p2                   |   icmp   |      0|  0|   29|          63|           1|
    |tmp_fu_268_p2                    |   icmp   |      0|  0|   29|          64|           2|
    |j_mid2_fu_346_p3                 |  select  |      0|  0|   64|           1|           1|
    |outrowidx_mid2_v_v_fu_361_p3     |  select  |      0|  0|   64|           1|          64|
    |outrows2_fu_297_p3               |  select  |      0|  0|   64|           1|          64|
    |ap_enable_pp0                    |    xor   |      0|  0|    2|           1|           2|
    |ap_enable_reg_pp0_iter1          |    xor   |      0|  0|    2|           2|           1|
    +---------------------------------+----------+-------+---+-----+------------+------------+
    |Total                            |          |     11|  0|  885|         828|         578|
    +---------------------------------+----------+-------+---+-----+------------+------------+

    * Multiplexer: 
    +----------------------------+----+-----------+-----+-----------+
    |            Name            | LUT| Input Size| Bits| Total Bits|
    +----------------------------+----+-----------+-----+-----------+
    |ap_NS_fsm                   |  56|         13|    1|         13|
    |ap_enable_reg_pp0_iter1     |  15|          3|    1|          3|
    |ap_phi_mux_k_phi_fu_218_p4  |   9|          2|   64|        128|
    |bias_array_address0         |  15|          3|   12|         36|
    |bias_array_ce0              |  15|          3|    1|          3|
    |i_reg_182                   |   9|          2|   64|        128|
    |indvar_flatten_reg_171      |   9|          2|  128|        256|
    |input_array_address0        |  15|          3|   12|         36|
    |input_array_ce0             |  15|          3|    1|          3|
    |input_shape_address0        |  15|          3|    3|          9|
    |input_shape_ce0             |  15|          3|    1|          3|
    |j_reg_193                   |   9|          2|   64|        128|
    |k_reg_214                   |   9|          2|   64|        128|
    |kernel_array_address0       |  15|          3|   19|         57|
    |kernel_array_ce0            |  15|          3|    1|          3|
    |kernel_shape_address0       |  15|          3|    3|          9|
    |kernel_shape_ce0            |  15|          3|    1|          3|
    |output_array_address0       |  21|          4|   12|         48|
    |output_array_ce0            |  21|          4|    1|          4|
    |output_array_d0             |  27|          5|   32|        160|
    |output_array_we0            |  21|          4|    1|          4|
    |tmp_45_reg_204              |   9|          2|   32|         64|
    +----------------------------+----+-----------+-----+-----------+
    |Total                       | 365|         75|  518|       1226|
    +----------------------------+----+-----------+-----+-----------+

    * Register: 
    +--------------------------------------+-----+----+-----+-----------+
    |                 Name                 |  FF | LUT| Bits| Const Bits|
    +--------------------------------------+-----+----+-----+-----------+
    |ap_CS_fsm                             |   12|   0|   12|          0|
    |ap_enable_reg_pp0_iter0               |    1|   0|    1|          0|
    |ap_enable_reg_pp0_iter1               |    1|   0|    1|          0|
    |bound_reg_511                         |  128|   0|  128|          0|
    |exitcond_reg_559                      |    1|   0|    1|          0|
    |exitcond_reg_559_pp0_iter1_reg        |    1|   0|    1|          0|
    |grp_k2c_bias_add_fu_246_ap_start_reg  |    1|   0|    1|          0|
    |grp_k2c_dot_1_fu_225_ap_start_reg     |    1|   0|    1|          0|
    |i_reg_182                             |   64|   0|   64|          0|
    |icmp_reg_466                          |    1|   0|    1|          0|
    |indvar_flatten_next_reg_519           |  128|   0|  128|          0|
    |indvar_flatten_reg_171                |  128|   0|  128|          0|
    |innerdim_reg_501                      |   64|   0|   64|          0|
    |inneridx_mid2_reg_534                 |   13|   0|   13|          0|
    |input_array_load_reg_578              |   32|   0|   32|          0|
    |j_mid2_reg_524                        |   64|   0|   64|          0|
    |j_reg_193                             |   64|   0|   64|          0|
    |k_4_reg_563                           |   64|   0|   64|          0|
    |k_reg_214                             |   64|   0|   64|          0|
    |kernel_array_load_reg_583             |   32|   0|   32|          0|
    |outcols_reg_486                       |   64|   0|   64|          0|
    |output_array_addr_reg_549             |   12|   0|   12|          0|
    |outrowidx_mid2_v_v_reg_529            |   64|   0|   64|          0|
    |tmp_43_reg_461                        |   64|   0|   64|          0|
    |tmp_45_reg_204                        |   32|   0|   32|          0|
    |tmp_49_reg_588                        |   32|   0|   32|          0|
    |tmp_80_reg_491                        |   20|   0|   20|          0|
    |tmp_81_reg_496                        |   13|   0|   13|          0|
    |tmp_82_reg_506                        |   13|   0|   13|          0|
    |tmp_84_reg_539                        |   20|   0|   20|          0|
    |tmp_reg_457                           |    1|   0|    1|          0|
    +--------------------------------------+-----+----+-----+-----------+
    |Total                                 | 1199|   0| 1199|          0|
    +--------------------------------------+-----+----+-----+-----------+



================================================================
== Interface
================================================================
* Summary: 
+-----------------------+-----+-----+------------+------------------+--------------+
|       RTL Ports       | Dir | Bits|  Protocol  |   Source Object  |    C Type    |
+-----------------------+-----+-----+------------+------------------+--------------+
|ap_clk                 |  in |    1| ap_ctrl_hs |     k2c_dense    | return value |
|ap_rst                 |  in |    1| ap_ctrl_hs |     k2c_dense    | return value |
|ap_start               |  in |    1| ap_ctrl_hs |     k2c_dense    | return value |
|ap_done                | out |    1| ap_ctrl_hs |     k2c_dense    | return value |
|ap_idle                | out |    1| ap_ctrl_hs |     k2c_dense    | return value |
|ap_ready               | out |    1| ap_ctrl_hs |     k2c_dense    | return value |
|output_array_address0  | out |   12|  ap_memory |   output_array   |     array    |
|output_array_ce0       | out |    1|  ap_memory |   output_array   |     array    |
|output_array_we0       | out |    1|  ap_memory |   output_array   |     array    |
|output_array_d0        | out |   32|  ap_memory |   output_array   |     array    |
|output_array_q0        |  in |   32|  ap_memory |   output_array   |     array    |
|input_array_address0   | out |   12|  ap_memory |    input_array   |     array    |
|input_array_ce0        | out |    1|  ap_memory |    input_array   |     array    |
|input_array_q0         |  in |   32|  ap_memory |    input_array   |     array    |
|input_ndim_read        |  in |   64|   ap_none  |  input_ndim_read |    scalar    |
|input_numel_read       |  in |   64|   ap_none  | input_numel_read |    scalar    |
|input_shape_address0   | out |    3|  ap_memory |    input_shape   |     array    |
|input_shape_ce0        | out |    1|  ap_memory |    input_shape   |     array    |
|input_shape_q0         |  in |   64|  ap_memory |    input_shape   |     array    |
|kernel_array_address0  | out |   19|  ap_memory |   kernel_array   |     array    |
|kernel_array_ce0       | out |    1|  ap_memory |   kernel_array   |     array    |
|kernel_array_q0        |  in |   32|  ap_memory |   kernel_array   |     array    |
|kernel_shape_address0  | out |    3|  ap_memory |   kernel_shape   |     array    |
|kernel_shape_ce0       | out |    1|  ap_memory |   kernel_shape   |     array    |
|kernel_shape_q0        |  in |   64|  ap_memory |   kernel_shape   |     array    |
|kernel_shape_address1  | out |    3|  ap_memory |   kernel_shape   |     array    |
|kernel_shape_ce1       | out |    1|  ap_memory |   kernel_shape   |     array    |
|kernel_shape_q1        |  in |   64|  ap_memory |   kernel_shape   |     array    |
|bias_array_address0    | out |   12|  ap_memory |    bias_array    |     array    |
|bias_array_ce0         | out |    1|  ap_memory |    bias_array    |     array    |
|bias_array_q0          |  in |   32|  ap_memory |    bias_array    |     array    |
|fwork_address0         | out |   19|  ap_memory |       fwork      |     array    |
|fwork_ce0              | out |    1|  ap_memory |       fwork      |     array    |
|fwork_we0              | out |    1|  ap_memory |       fwork      |     array    |
|fwork_d0               | out |   32|  ap_memory |       fwork      |     array    |
|fwork_q0               |  in |   32|  ap_memory |       fwork      |     array    |
|fwork_address1         | out |   19|  ap_memory |       fwork      |     array    |
|fwork_ce1              | out |    1|  ap_memory |       fwork      |     array    |
|fwork_q1               |  in |   32|  ap_memory |       fwork      |     array    |
+-----------------------+-----+-----+------------+------------------+--------------+

