

================================================================
== Vivado HLS Report for 'k2c_sub2idx'
================================================================
* Date:           Sun Apr 21 15:05:18 2024

* Version:        2018.2 (Build 2258646 on Thu Jun 14 20:25:20 MDT 2018)
* Project:        FaceClassifier
* Solution:       solution1
* Product family: virtexu
* Target device:  xcvu190-flgb2104-1-i


================================================================
== Performance Estimates
================================================================
+ Timing (ns): 
    * Summary: 
    +--------+-------+----------+------------+
    |  Clock | Target| Estimated| Uncertainty|
    +--------+-------+----------+------------+
    |ap_clk  |  10.00|     7.930|        1.25|
    +--------+-------+----------+------------+

+ Latency (clock cycles): 
    * Summary: 
    +-----+-----+-----+-----+---------+
    |  Latency  |  Interval | Pipeline|
    | min | max | min | max |   Type  |
    +-----+-----+-----+-----+---------+
    |    7|   91|    7|   91|   none  |
    +-----+-----+-----+-----+---------+

    + Detail: 
        * Instance: 
        N/A

        * Loop: 
        +-------------+-----+-----+----------+-----------+-----------+-------+----------+
        |             |  Latency  | Iteration|  Initiation Interval  |  Trip |          |
        |  Loop Name  | min | max |  Latency |  achieved |   target  | Count | Pipelined|
        +-------------+-----+-----+----------+-----------+-----------+-------+----------+
        |- Loop 1     |    6|   90|  6 ~ 18  |          -|          -| 1 ~ 5 |    no    |
        | + Loop 1.1  |    3|   15|         3|          -|          -| 1 ~ 5 |    no    |
        +-------------+-----+-----+----------+-----------+-----------+-------+----------+



================================================================
== Utilization Estimates
================================================================
* Summary: 
+---------------------+---------+-------+---------+---------+
|         Name        | BRAM_18K| DSP48E|    FF   |   LUT   |
+---------------------+---------+-------+---------+---------+
|DSP                  |        -|      -|        -|        -|
|Expression           |        -|     10|        0|      236|
|FIFO                 |        -|      -|        -|        -|
|Instance             |        -|      -|        -|        -|
|Memory               |        -|      -|        -|        -|
|Multiplexer          |        -|      -|        -|       83|
|Register             |        -|      -|      403|        -|
+---------------------+---------+-------+---------+---------+
|Total                |        0|     10|      403|      319|
+---------------------+---------+-------+---------+---------+
|Available SLR        |     2520|    600|   716160|   358080|
+---------------------+---------+-------+---------+---------+
|Utilization SLR (%)  |        0|      1|    ~0   |    ~0   |
+---------------------+---------+-------+---------+---------+
|Available            |     7560|   1800|  2148480|  1074240|
+---------------------+---------+-------+---------+---------+
|Utilization (%)      |        0|   ~0  |    ~0   |    ~0   |
+---------------------+---------+-------+---------+---------+

+ Detail: 
    * Instance: 
    N/A

    * DSP48: 
    N/A

    * Memory: 
    N/A

    * FIFO: 
    N/A

    * Expression: 
    +--------------------+----------+-------+---+----+------------+------------+
    |    Variable Name   | Operation| DSP48E| FF| LUT| Bitwidth P0| Bitwidth P1|
    +--------------------+----------+-------+---+----+------------+------------+
    |temp_1_fu_154_p2    |     *    |     10|  0|  46|          64|          64|
    |i_1_fu_125_p2       |     +    |      0|  0|  11|           3|           1|
    |idx_1_fu_148_p2     |     +    |      0|  0|  71|          64|          64|
    |j_fu_136_p2         |     +    |      0|  0|  71|          64|           2|
    |exitcond_fu_120_p2  |   icmp   |      0|  0|   9|           4|           4|
    |tmp_fu_143_p2       |   icmp   |      0|  0|  28|          64|          64|
    +--------------------+----------+-------+---+----+------------+------------+
    |Total               |          |     10|  0| 236|         263|         199|
    +--------------------+----------+-------+---+----+------------+------------+

    * Multiplexer: 
    +----------------+----+-----------+-----+-----------+
    |      Name      | LUT| Input Size| Bits| Total Bits|
    +----------------+----+-----------+-----+-----------+
    |ap_NS_fsm       |  38|          7|    1|          7|
    |ap_return       |   9|          2|   64|        128|
    |i_reg_82        |   9|          2|    3|          6|
    |idx_reg_70      |   9|          2|   64|        128|
    |j_0_in_reg_103  |   9|          2|   64|        128|
    |temp1_reg_93    |   9|          2|   64|        128|
    +----------------+----+-----------+-----+-----------+
    |Total           |  83|         17|  260|        525|
    +----------------+----+-----------+-----+-----------+

    * Register: 
    +--------------------+----+----+-----+-----------+
    |        Name        | FF | LUT| Bits| Const Bits|
    +--------------------+----+----+-----+-----------+
    |ap_CS_fsm           |   6|   0|    6|          0|
    |ap_return_preg      |  64|   0|   64|          0|
    |i_1_reg_172         |   3|   0|    3|          0|
    |i_cast1_reg_177     |   3|   0|   64|         61|
    |i_reg_82            |   3|   0|    3|          0|
    |idx_reg_70          |  64|   0|   64|          0|
    |j_0_in_reg_103      |  64|   0|   64|          0|
    |j_reg_192           |  64|   0|   64|          0|
    |shape_load_reg_210  |  64|   0|   64|          0|
    |temp1_reg_93        |  64|   0|   64|          0|
    |tmp_3_reg_164       |   4|   0|    4|          0|
    +--------------------+----+----+-----+-----------+
    |Total               | 403|   0|  464|         61|
    +--------------------+----+----+-----+-----------+



================================================================
== Interface
================================================================
* Summary: 
+----------------+-----+-----+------------+--------------+--------------+
|    RTL Ports   | Dir | Bits|  Protocol  | Source Object|    C Type    |
+----------------+-----+-----+------------+--------------+--------------+
|ap_clk          |  in |    1| ap_ctrl_hs |  k2c_sub2idx | return value |
|ap_rst          |  in |    1| ap_ctrl_hs |  k2c_sub2idx | return value |
|ap_start        |  in |    1| ap_ctrl_hs |  k2c_sub2idx | return value |
|ap_done         | out |    1| ap_ctrl_hs |  k2c_sub2idx | return value |
|ap_idle         | out |    1| ap_ctrl_hs |  k2c_sub2idx | return value |
|ap_ready        | out |    1| ap_ctrl_hs |  k2c_sub2idx | return value |
|ap_return       | out |   64| ap_ctrl_hs |  k2c_sub2idx | return value |
|sub_address0    | out |    3|  ap_memory |      sub     |     array    |
|sub_ce0         | out |    1|  ap_memory |      sub     |     array    |
|sub_q0          |  in |   64|  ap_memory |      sub     |     array    |
|shape_address0  | out |    3|  ap_memory |     shape    |     array    |
|shape_ce0       | out |    1|  ap_memory |     shape    |     array    |
|shape_q0        |  in |   64|  ap_memory |     shape    |     array    |
|ndim            |  in |   64|   ap_none  |     ndim     |    scalar    |
+----------------+-----+-----+------------+--------------+--------------+

