

================================================================
== Vivado HLS Report for 'k2c_dense2_1'
================================================================
* Date:           Sun Apr 21 15:05:25 2024

* Version:        2018.2 (Build 2258646 on Thu Jun 14 20:25:20 MDT 2018)
* Project:        FaceClassifier
* Solution:       solution1
* Product family: virtexu
* Target device:  xcvu190-flgb2104-1-i


================================================================
== Performance Estimates
================================================================
+ Timing (ns): 
    * Summary: 
    +--------+-------+----------+------------+
    |  Clock | Target| Estimated| Uncertainty|
    +--------+-------+----------+------------+
    |ap_clk  |  10.00|     8.440|        1.25|
    +--------+-------+----------+------------+

+ Latency (clock cycles): 
    * Summary: 
    +-----+-----------+-----+-----------+---------+
    |     Latency     |     Interval    | Pipeline|
    | min |    max    | min |    max    |   Type  |
    +-----+-----------+-----+-----------+---------+
    |    3|  325050264|    3|  325050264|   none  |
    +-----+-----------+-----+-----------+---------+

    + Detail: 
        * Instance: 
        +-------------------------+--------------+-------+-----------+-------+-----------+---------+
        |                         |              |      Latency      |      Interval     | Pipeline|
        |         Instance        |    Module    |  min  |    max    |  min  |    max    |   Type  |
        +-------------------------+--------------+-------+-----------+-------+-----------+---------+
        |grp_k2c_dot2_fu_221      |k2c_dot2      |  81246|  276920828|  81246|  276920828|   none  |
        |grp_k2c_bias_add_fu_241  |k2c_bias_add  |     10|   48129433|     10|   48129433|   none  |
        +-------------------------+--------------+-------+-----------+-------+-----------+---------+

        * Loop: 
        +-----------------+------+------+----------+-----------+-----------+------+----------+
        |                 |   Latency   | Iteration|  Initiation Interval  | Trip |          |
        |    Loop Name    |  min |  max |  Latency |  achieved |   target  | Count| Pipelined|
        +-----------------+------+------+----------+-----------+-----------+------+----------+
        |- Loop 1         |     0|     0|      9032|          -|          -|     0|    no    |
        | + Loop 1.1      |  9030|  9030|       903|          -|          -|    10|    no    |
        |  ++ Loop 1.1.1  |   900|   900|         9|          -|          -|   100|    no    |
        +-----------------+------+------+----------+-----------+-----------+------+----------+



================================================================
== Utilization Estimates
================================================================
* Summary: 
+---------------------+---------+-------+---------+---------+
|         Name        | BRAM_18K| DSP48E|    FF   |   LUT   |
+---------------------+---------+-------+---------+---------+
|DSP                  |        -|      1|        -|        -|
|Expression           |        -|      -|        0|      429|
|FIFO                 |        -|      -|        -|        -|
|Instance             |        0|     33|    22204|    18005|
|Memory               |        7|      -|        0|        0|
|Multiplexer          |        -|      -|        -|      329|
|Register             |        -|      -|      490|        -|
+---------------------+---------+-------+---------+---------+
|Total                |        7|     34|    22694|    18763|
+---------------------+---------+-------+---------+---------+
|Available SLR        |     2520|    600|   716160|   358080|
+---------------------+---------+-------+---------+---------+
|Utilization SLR (%)  |    ~0   |      5|        3|        5|
+---------------------+---------+-------+---------+---------+
|Available            |     7560|   1800|  2148480|  1074240|
+---------------------+---------+-------+---------+---------+
|Utilization (%)      |    ~0   |      1|        1|        1|
+---------------------+---------+-------+---------+---------+

+ Detail: 
    * Instance: 
    +---------------------------+----------------------+---------+-------+-------+-------+
    |          Instance         |        Module        | BRAM_18K| DSP48E|   FF  |  LUT  |
    +---------------------------+----------------------+---------+-------+-------+-------+
    |face_classifier_ceOg_U99   |face_classifier_ceOg  |        0|      2|    227|    214|
    |face_classifier_cfYi_U100  |face_classifier_cfYi  |        0|      3|    128|    138|
    |grp_k2c_bias_add_fu_241    |k2c_bias_add          |        0|      2|    549|    512|
    |grp_k2c_dot2_fu_221        |k2c_dot2              |        0|     26|  21300|  17141|
    +---------------------------+----------------------+---------+-------+-------+-------+
    |Total                      |                      |        0|     33|  22204|  18005|
    +---------------------------+----------------------+---------+-------+-------+-------+

    * DSP48: 
    +---------------------------+----------------------+-----------+
    |          Instance         |        Module        | Expression|
    +---------------------------+----------------------+-----------+
    |face_classifier_cAem_U101  |face_classifier_cAem  |  i0 * i1  |
    +---------------------------+----------------------+-----------+

    * Memory: 
    +------------------------+----------------------+---------+---+----+------+-----+------+-------------+
    |         Memory         |        Module        | BRAM_18K| FF| LUT| Words| Bits| Banks| W*Bits*Banks|
    +------------------------+----------------------+---------+---+----+------+-----+------+-------------+
    |dense_1_kernel_array_U  |k2c_dense2_1_denszec  |        7|  0|   0|  2622|   32|     1|        83904|
    +------------------------+----------------------+---------+---+----+------+-----+------+-------------+
    |Total                   |                      |        7|  0|   0|  2622|   32|     1|        83904|
    +------------------------+----------------------+---------+---+----+------+-----+------+-------------+

    * FIFO: 
    N/A

    * Expression: 
    +---------------------------------+----------+-------+---+----+------------+------------+
    |          Variable Name          | Operation| DSP48E| FF| LUT| Bitwidth P0| Bitwidth P1|
    +---------------------------------+----------+-------+---+----+------------+------------+
    |i_34_fu_310_p2                   |     +    |      0|  0|  71|           1|          64|
    |j_7_fu_359_p2                    |     +    |      0|  0|  12|           4|           1|
    |k_3_fu_390_p2                    |     +    |      0|  0|  15|           7|           1|
    |tmp1_fu_365_p2                   |     +    |      0|  0|  19|          13|          13|
    |tmp2_fu_422_p2                   |     +    |      0|  0|  15|           8|           8|
    |tmp_29_fu_266_p2                 |     +    |      0|  0|  71|           2|          64|
    |tmp_30_fu_370_p2                 |     +    |      0|  0|  19|          13|          13|
    |tmp_32_fu_396_p2                 |     +    |      0|  0|  20|          13|          13|
    |tmp_34_fu_431_p2                 |     +    |      0|  0|  17|          10|          10|
    |ap_block_state4_on_subcall_done  |    and   |      0|  0|   2|           1|           1|
    |exitcond1_fu_353_p2              |   icmp   |      0|  0|   9|           4|           4|
    |exitcond2_fu_305_p2              |   icmp   |      0|  0|  28|          64|          64|
    |exitcond_fu_384_p2               |   icmp   |      0|  0|  11|           7|           6|
    |icmp_fu_288_p2                   |   icmp   |      0|  0|  28|          63|           1|
    |tmp_fu_260_p2                    |   icmp   |      0|  0|  28|          64|           2|
    |outrows1_fu_294_p3               |  select  |      0|  0|  64|           1|          64|
    +---------------------------------+----------+-------+---+----+------------+------------+
    |Total                            |          |      0|  0| 429|         275|         329|
    +---------------------------------+----------+-------+---+----+------------+------------+

    * Multiplexer: 
    +-------------------------------+----+-----------+-----+-----------+
    |              Name             | LUT| Input Size| Bits| Total Bits|
    +-------------------------------+----+-----------+-----+-----------+
    |ap_NS_fsm                      |  89|         18|    1|         18|
    |bias_array_address0            |  15|          3|   12|         36|
    |bias_array_ce0                 |  15|          3|    1|          3|
    |dense_1_kernel_array_address0  |  15|          3|   12|         36|
    |dense_1_kernel_array_ce0       |  15|          3|    1|          3|
    |i_reg_177                      |   9|          2|   64|        128|
    |input_array_address0           |  15|          3|   12|         36|
    |input_array_ce0                |  15|          3|    1|          3|
    |input_shape_address0           |  15|          3|    3|          9|
    |input_shape_ce0                |  15|          3|    1|          3|
    |j_reg_188                      |   9|          2|    4|          8|
    |k_reg_210                      |   9|          2|    7|         14|
    |output_array_address0          |  21|          4|   12|         48|
    |output_array_ce0               |  21|          4|    1|          4|
    |output_array_d0                |  21|          4|   32|        128|
    |output_array_we0               |  21|          4|    1|          4|
    |storemerge_reg_199             |   9|          2|   32|         64|
    +-------------------------------+----+-----------+-----+-----------+
    |Total                          | 329|         66|  197|        545|
    +-------------------------------+----+-----------+-----+-----------+

    * Register: 
    +--------------------------------------+----+----+-----+-----------+
    |                 Name                 | FF | LUT| Bits| Const Bits|
    +--------------------------------------+----+----+-----+-----------+
    |ap_CS_fsm                             |  17|   0|   17|          0|
    |dense_1_kernel_array_2_reg_566        |  32|   0|   32|          0|
    |grp_k2c_bias_add_fu_241_ap_start_reg  |   1|   0|    1|          0|
    |grp_k2c_dot2_fu_221_ap_start_reg      |   1|   0|    1|          0|
    |i_34_reg_495                          |  64|   0|   64|          0|
    |i_reg_177                             |  64|   0|   64|          0|
    |icmp_reg_477                          |   1|   0|    1|          0|
    |inneridx_reg_510                      |  13|   0|   13|          0|
    |input_array_load_reg_561              |  32|   0|   32|          0|
    |j_7_reg_523                           |   4|   0|    4|          0|
    |j_cast7_reg_515                       |   4|   0|    8|          4|
    |j_reg_188                             |   4|   0|    4|          0|
    |k_3_reg_546                           |   7|   0|    7|          0|
    |k_reg_210                             |   7|   0|    7|          0|
    |output_array_addr_reg_533             |  12|   0|   12|          0|
    |outrows1_reg_487                      |  64|   0|   64|          0|
    |p_shl1_reg_505                        |  12|   0|   13|          1|
    |p_shl_reg_500                         |  10|   0|   13|          3|
    |storemerge_reg_199                    |  32|   0|   32|          0|
    |tmp_29_reg_467                        |  64|   0|   64|          0|
    |tmp_35_reg_571                        |  32|   0|   32|          0|
    |tmp_55_reg_472                        |  12|   0|   12|          0|
    |tmp_reg_463                           |   1|   0|    1|          0|
    +--------------------------------------+----+----+-----+-----------+
    |Total                                 | 490|   0|  498|          8|
    +--------------------------------------+----+----+-----+-----------+



================================================================
== Interface
================================================================
* Summary: 
+-----------------------+-----+-----+------------+-------------------+--------------+
|       RTL Ports       | Dir | Bits|  Protocol  |   Source Object   |    C Type    |
+-----------------------+-----+-----+------------+-------------------+--------------+
|ap_clk                 |  in |    1| ap_ctrl_hs |    k2c_dense2.1   | return value |
|ap_rst                 |  in |    1| ap_ctrl_hs |    k2c_dense2.1   | return value |
|ap_start               |  in |    1| ap_ctrl_hs |    k2c_dense2.1   | return value |
|ap_done                | out |    1| ap_ctrl_hs |    k2c_dense2.1   | return value |
|ap_idle                | out |    1| ap_ctrl_hs |    k2c_dense2.1   | return value |
|ap_ready               | out |    1| ap_ctrl_hs |    k2c_dense2.1   | return value |
|output_array_address0  | out |   12|  ap_memory |    output_array   |     array    |
|output_array_ce0       | out |    1|  ap_memory |    output_array   |     array    |
|output_array_we0       | out |    1|  ap_memory |    output_array   |     array    |
|output_array_d0        | out |   32|  ap_memory |    output_array   |     array    |
|output_array_q0        |  in |   32|  ap_memory |    output_array   |     array    |
|output_numel_read      |  in |   64|   ap_none  | output_numel_read |    scalar    |
|input_array_address0   | out |   12|  ap_memory |    input_array    |     array    |
|input_array_ce0        | out |    1|  ap_memory |    input_array    |     array    |
|input_array_q0         |  in |   32|  ap_memory |    input_array    |     array    |
|input_ndim_read        |  in |   64|   ap_none  |  input_ndim_read  |    scalar    |
|input_numel_read       |  in |   64|   ap_none  |  input_numel_read |    scalar    |
|input_shape_address0   | out |    3|  ap_memory |    input_shape    |     array    |
|input_shape_ce0        | out |    1|  ap_memory |    input_shape    |     array    |
|input_shape_q0         |  in |   64|  ap_memory |    input_shape    |     array    |
|bias_array_address0    | out |   12|  ap_memory |     bias_array    |     array    |
|bias_array_ce0         | out |    1|  ap_memory |     bias_array    |     array    |
|bias_array_q0          |  in |   32|  ap_memory |     bias_array    |     array    |
|bias_numel_read        |  in |   64|   ap_none  |  bias_numel_read  |    scalar    |
|fwork_address0         | out |   11|  ap_memory |       fwork       |     array    |
|fwork_ce0              | out |    1|  ap_memory |       fwork       |     array    |
|fwork_we0              | out |    1|  ap_memory |       fwork       |     array    |
|fwork_d0               | out |   32|  ap_memory |       fwork       |     array    |
|fwork_q0               |  in |   32|  ap_memory |       fwork       |     array    |
|fwork_address1         | out |   11|  ap_memory |       fwork       |     array    |
|fwork_ce1              | out |    1|  ap_memory |       fwork       |     array    |
|fwork_q1               |  in |   32|  ap_memory |       fwork       |     array    |
+-----------------------+-----+-----+------------+-------------------+--------------+

